#
# A fatal error has been detected by the Java Runtime Environment:
#
#  SIGSEGV (0xb) at pc=0x000077f0d692725f, pid=151176, tid=151198
#
# JRE version: OpenJDK Runtime Environment Corretto-17.0.5.8.1 (17.0.5+8) (build 17.0.5+8-LTS)
# Java VM: OpenJDK 64-Bit Server VM Corretto-17.0.5.8.1 (17.0.5+8-LTS, mixed mode, sharing, tiered, compressed oops, compressed class ptrs, g1 gc, linux-amd64)
# Problematic frame:
# C  [libc.so.6+0x8225f]  _IO_file_fopen+0x2f
#
# Core dump will be written. Default location: Core dumps may be processed with "/usr/lib/systemd/systemd-coredump %P %u %g %s %t %c %h" (or dumping to /home/rowan/IdeaProjects/LexerLearning/core.151176)
#
# If you would like to submit a bug report, please visit:
#   https://github.com/corretto/corretto-17/issues/
#

---------------  S U M M A R Y ------------

Command Line: -Dfile.encoding=UTF-8 -Duser.country=US -Duser.language=en -Duser.variant jni.TestRunner

Host: AMD Ryzen 7 5800X 8-Core Processor, 32 cores, 62G, Arch Linux
Time: Thu Apr  4 18:20:06 2024 CEST elapsed time: 0.055486 seconds (0d 0h 0m 0s)

---------------  T H R E A D  ---------------

Current thread is native thread

Stack: [0x000077f088802000,0x000077f089001000],  sp=0x000077f088fffe10,  free space=8183k
Native frames: (J=compiled Java code, j=interpreted, Vv=VM code, C=native code)
C  [libc.so.6+0x8225f]  _IO_file_fopen+0x2f


siginfo: si_signo: 11 (SIGSEGV), si_code: 1 (SEGV_MAPERR), si_addr: 0x0000000000000000

Registers:
RAX=0x0000000000000000, RBX=0x000077f020000b70, RCX=0x0000000000000001, RDX=0x0000000000000000
RSP=0x000077f088fffe10, RBP=0x000077f020000b70, RSI=0x000077f0d6a9e025, RDI=0x000077f020000b70
R8 =0x000077f0d6a7c248, R9 =0x0000000000000001, R10=0x0000000000000004, R11=0x0000000000000246
R12=0x000077f0d6a9e025, R13=0x0000000000000000, R14=0x0000000000000001, R15=0x000077f088800000
RIP=0x000077f0d692725f, EFLAGS=0x0000000000010246, CSGSFS=0x002b000000000033, ERR=0x0000000000000004
  TRAPNO=0x000000000000000e

Top of Stack: (sp=0x000077f088fffe10)
0x000077f088fffe10:   0000000000000000 000077f0d692932a
0x000077f088fffe20:   000077f0d6928d60 0000000000000000
0x000077f088fffe30:   0000000000000000 031fe7f69d9b6f00
0x000077f088fffe40:   000077f088800000 000077f020000b70 

Instructions: (pc=0x000077f0d692725f)
0x000077f0d692715f:   00 f3 0f 1e fa 41 54 31 c0 55 44 89 c5 53 48 89
0x000077f0d692716f:   fb 48 89 f7 89 d6 89 ca f6 43 74 02 0f 85 97 00
0x000077f0d692717f:   00 00 e8 6a 8b 07 00 41 89 c4 45 85 e4 0f 88 7e
0x000077f0d692718f:   00 00 00 8b 03 89 ea f7 d5 44 89 63 70 81 e2 0c
0x000077f0d692719f:   10 00 00 25 f3 ef ff ff 09 d0 81 e5 04 10 00 00
0x000077f0d69271af:   89 03 75 32 48 8b ab d8 00 00 00 48 8d 15 3f 4d
0x000077f0d69271bf:   15 00 48 89 e8 48 29 d0 48 3d 2f 09 00 00 77 59
0x000077f0d69271cf:   31 f6 ba 02 00 00 00 48 89 df ff 95 80 00 00 00
0x000077f0d69271df:   48 83 f8 ff 74 13 48 89 df e8 23 20 00 00 48 89
0x000077f0d69271ef:   d8 5b 5d 41 5c c3 0f 1f 00 48 8b 05 11 5b 15 00
0x000077f0d69271ff:   64 83 38 1d 74 e0 44 89 e7 e8 03 a0 07 00 0f 1f
0x000077f0d692720f:   00 31 c0 eb dc 0f 1f 40 00 e8 93 a2 07 00 41 89
0x000077f0d692721f:   c4 e9 64 ff ff ff 0f 1f 00 e8 33 f2 ff ff eb a0
0x000077f0d692722f:   90 f3 0f 1e fa 41 57 48 89 d0 41 56 41 55 41 54
0x000077f0d692723f:   55 53 48 83 ec 38 64 48 8b 14 25 28 00 00 00 48
0x000077f0d692724f:   89 54 24 28 31 d2 83 7f 70 ff 0f 85 9f 01 00 00
0x000077f0d692725f:   0f b6 10 48 89 fb 41 89 c9 80 fa 72 0f 84 8f 03
0x000077f0d692726f:   00 00 80 fa 77 0f 84 b6 01 00 00 80 fa 61 0f 85
0x000077f0d692727f:   6d 01 00 00 ba 40 04 00 00 41 bb 01 00 00 00 41
0x000077f0d692728f:   b8 04 10 00 00 48 8d 78 06 49 89 c4 4c 8d 15 de
0x000077f0d692729f:   23 11 00 0f b6 48 01 48 83 c0 01 80 f9 78 7f 31
0x000077f0d69272af:   80 f9 61 0f 8e e8 01 00 00 83 e9 62 80 f9 16 77
0x000077f0d69272bf:   20 0f b6 c9 49 63 0c 8a 4c 01 d1 3e ff e1 0f 1f
0x000077f0d69272cf:   00 41 81 e0 00 10 00 00 49 89 c4 41 bb 02 00 00
0x000077f0d69272df:   00 48 39 f8 75 bd 44 09 da b9 b6 01 00 00 48 89
0x000077f0d69272ef:   df e8 6b fe ff ff 48 89 c5 48 85 c0 0f 84 fd 00
0x000077f0d69272ff:   00 00 49 8d 7c 24 01 48 8d 35 f3 89 11 00 e8 5e
0x000077f0d692730f:   10 02 00 49 89 c5 48 85 c0 0f 84 e2 00 00 00 4c
0x000077f0d692731f:   8d 78 05 be 2c 00 00 00 4c 89 ff e8 61 1f fa ff
0x000077f0d692732f:   4c 29 f8 49 89 c6 48 8d 78 03 ff 15 a1 5c 15 00
0x000077f0d692733f:   49 89 c4 48 85 c0 0f 84 00 03 00 00 4c 89 f2 4c
0x000077f0d692734f:   89 fe 48 89 c7 ff 15 be 59 15 00 c6 00 00 41 0f 



---------------  P R O C E S S  ---------------

VM state: not at safepoint (normal execution)

VM Mutex/Monitor currently owned by a thread: None

Heap address: 0x0000000414000000, size: 16064 MB, Compressed Oops mode: Zero based, Oop shift amount: 3

CDS archive(s) mapped at: [0x0000000800000000-0x0000000800be1000-0x0000000800be1000), size 12455936, SharedBaseAddress: 0x0000000800000000, ArchiveRelocationMode: 0.
Compressed class space mapped at: 0x0000000800c00000-0x0000000840c00000, reserved size: 1073741824
Narrow klass base: 0x0000000800000000, Narrow klass shift: 0, Narrow klass range: 0x100000000

GC Precious Log:
<Skipped>

Heap:
 garbage-first heap   total 1048576K, used 11109K [0x0000000414000000, 0x0000000800000000)
  region size 8192K, 1 young (8192K), 0 survivors (0K)
 Metaspace       used 989K, committed 1152K, reserved 1056768K
  class space    used 88K, committed 192K, reserved 1048576K

Heap Regions: E=young(eden), S=young(survivor), O=old, HS=humongous(starts), HC=humongous(continues), CS=collection set, F=free, OA=open archive, CA=closed archive, TAMS=top-at-mark-start (previous, next)
|   0|0x0000000414000000, 0x0000000414000000, 0x0000000414800000|  0%| F|  |TAMS 0x0000000414000000, 0x0000000414000000| Untracked 
|   1|0x0000000414800000, 0x0000000414800000, 0x0000000415000000|  0%| F|  |TAMS 0x0000000414800000, 0x0000000414800000| Untracked 
|   2|0x0000000415000000, 0x0000000415000000, 0x0000000415800000|  0%| F|  |TAMS 0x0000000415000000, 0x0000000415000000| Untracked 
|   3|0x0000000415800000, 0x0000000415800000, 0x0000000416000000|  0%| F|  |TAMS 0x0000000415800000, 0x0000000415800000| Untracked 
|   4|0x0000000416000000, 0x0000000416000000, 0x0000000416800000|  0%| F|  |TAMS 0x0000000416000000, 0x0000000416000000| Untracked 
|   5|0x0000000416800000, 0x0000000416800000, 0x0000000417000000|  0%| F|  |TAMS 0x0000000416800000, 0x0000000416800000| Untracked 
|   6|0x0000000417000000, 0x0000000417000000, 0x0000000417800000|  0%| F|  |TAMS 0x0000000417000000, 0x0000000417000000| Untracked 
|   7|0x0000000417800000, 0x0000000417800000, 0x0000000418000000|  0%| F|  |TAMS 0x0000000417800000, 0x0000000417800000| Untracked 
|   8|0x0000000418000000, 0x0000000418000000, 0x0000000418800000|  0%| F|  |TAMS 0x0000000418000000, 0x0000000418000000| Untracked 
|   9|0x0000000418800000, 0x0000000418800000, 0x0000000419000000|  0%| F|  |TAMS 0x0000000418800000, 0x0000000418800000| Untracked 
|  10|0x0000000419000000, 0x0000000419000000, 0x0000000419800000|  0%| F|  |TAMS 0x0000000419000000, 0x0000000419000000| Untracked 
|  11|0x0000000419800000, 0x0000000419800000, 0x000000041a000000|  0%| F|  |TAMS 0x0000000419800000, 0x0000000419800000| Untracked 
|  12|0x000000041a000000, 0x000000041a000000, 0x000000041a800000|  0%| F|  |TAMS 0x000000041a000000, 0x000000041a000000| Untracked 
|  13|0x000000041a800000, 0x000000041a800000, 0x000000041b000000|  0%| F|  |TAMS 0x000000041a800000, 0x000000041a800000| Untracked 
|  14|0x000000041b000000, 0x000000041b000000, 0x000000041b800000|  0%| F|  |TAMS 0x000000041b000000, 0x000000041b000000| Untracked 
|  15|0x000000041b800000, 0x000000041b800000, 0x000000041c000000|  0%| F|  |TAMS 0x000000041b800000, 0x000000041b800000| Untracked 
|  16|0x000000041c000000, 0x000000041c000000, 0x000000041c800000|  0%| F|  |TAMS 0x000000041c000000, 0x000000041c000000| Untracked 
|  17|0x000000041c800000, 0x000000041c800000, 0x000000041d000000|  0%| F|  |TAMS 0x000000041c800000, 0x000000041c800000| Untracked 
|  18|0x000000041d000000, 0x000000041d000000, 0x000000041d800000|  0%| F|  |TAMS 0x000000041d000000, 0x000000041d000000| Untracked 
|  19|0x000000041d800000, 0x000000041d800000, 0x000000041e000000|  0%| F|  |TAMS 0x000000041d800000, 0x000000041d800000| Untracked 
|  20|0x000000041e000000, 0x000000041e000000, 0x000000041e800000|  0%| F|  |TAMS 0x000000041e000000, 0x000000041e000000| Untracked 
|  21|0x000000041e800000, 0x000000041e800000, 0x000000041f000000|  0%| F|  |TAMS 0x000000041e800000, 0x000000041e800000| Untracked 
|  22|0x000000041f000000, 0x000000041f000000, 0x000000041f800000|  0%| F|  |TAMS 0x000000041f000000, 0x000000041f000000| Untracked 
|  23|0x000000041f800000, 0x000000041f800000, 0x0000000420000000|  0%| F|  |TAMS 0x000000041f800000, 0x000000041f800000| Untracked 
|  24|0x0000000420000000, 0x0000000420000000, 0x0000000420800000|  0%| F|  |TAMS 0x0000000420000000, 0x0000000420000000| Untracked 
|  25|0x0000000420800000, 0x0000000420800000, 0x0000000421000000|  0%| F|  |TAMS 0x0000000420800000, 0x0000000420800000| Untracked 
|  26|0x0000000421000000, 0x0000000421000000, 0x0000000421800000|  0%| F|  |TAMS 0x0000000421000000, 0x0000000421000000| Untracked 
|  27|0x0000000421800000, 0x0000000421800000, 0x0000000422000000|  0%| F|  |TAMS 0x0000000421800000, 0x0000000421800000| Untracked 
|  28|0x0000000422000000, 0x0000000422000000, 0x0000000422800000|  0%| F|  |TAMS 0x0000000422000000, 0x0000000422000000| Untracked 
|  29|0x0000000422800000, 0x0000000422800000, 0x0000000423000000|  0%| F|  |TAMS 0x0000000422800000, 0x0000000422800000| Untracked 
|  30|0x0000000423000000, 0x0000000423000000, 0x0000000423800000|  0%| F|  |TAMS 0x0000000423000000, 0x0000000423000000| Untracked 
|  31|0x0000000423800000, 0x0000000423800000, 0x0000000424000000|  0%| F|  |TAMS 0x0000000423800000, 0x0000000423800000| Untracked 
|  32|0x0000000424000000, 0x0000000424000000, 0x0000000424800000|  0%| F|  |TAMS 0x0000000424000000, 0x0000000424000000| Untracked 
|  33|0x0000000424800000, 0x0000000424800000, 0x0000000425000000|  0%| F|  |TAMS 0x0000000424800000, 0x0000000424800000| Untracked 
|  34|0x0000000425000000, 0x0000000425000000, 0x0000000425800000|  0%| F|  |TAMS 0x0000000425000000, 0x0000000425000000| Untracked 
|  35|0x0000000425800000, 0x0000000425800000, 0x0000000426000000|  0%| F|  |TAMS 0x0000000425800000, 0x0000000425800000| Untracked 
|  36|0x0000000426000000, 0x0000000426000000, 0x0000000426800000|  0%| F|  |TAMS 0x0000000426000000, 0x0000000426000000| Untracked 
|  37|0x0000000426800000, 0x0000000426800000, 0x0000000427000000|  0%| F|  |TAMS 0x0000000426800000, 0x0000000426800000| Untracked 
|  38|0x0000000427000000, 0x0000000427000000, 0x0000000427800000|  0%| F|  |TAMS 0x0000000427000000, 0x0000000427000000| Untracked 
|  39|0x0000000427800000, 0x0000000427800000, 0x0000000428000000|  0%| F|  |TAMS 0x0000000427800000, 0x0000000427800000| Untracked 
|  40|0x0000000428000000, 0x0000000428000000, 0x0000000428800000|  0%| F|  |TAMS 0x0000000428000000, 0x0000000428000000| Untracked 
|  41|0x0000000428800000, 0x0000000428800000, 0x0000000429000000|  0%| F|  |TAMS 0x0000000428800000, 0x0000000428800000| Untracked 
|  42|0x0000000429000000, 0x0000000429000000, 0x0000000429800000|  0%| F|  |TAMS 0x0000000429000000, 0x0000000429000000| Untracked 
|  43|0x0000000429800000, 0x0000000429800000, 0x000000042a000000|  0%| F|  |TAMS 0x0000000429800000, 0x0000000429800000| Untracked 
|  44|0x000000042a000000, 0x000000042a000000, 0x000000042a800000|  0%| F|  |TAMS 0x000000042a000000, 0x000000042a000000| Untracked 
|  45|0x000000042a800000, 0x000000042a800000, 0x000000042b000000|  0%| F|  |TAMS 0x000000042a800000, 0x000000042a800000| Untracked 
|  46|0x000000042b000000, 0x000000042b000000, 0x000000042b800000|  0%| F|  |TAMS 0x000000042b000000, 0x000000042b000000| Untracked 
|  47|0x000000042b800000, 0x000000042b800000, 0x000000042c000000|  0%| F|  |TAMS 0x000000042b800000, 0x000000042b800000| Untracked 
|  48|0x000000042c000000, 0x000000042c000000, 0x000000042c800000|  0%| F|  |TAMS 0x000000042c000000, 0x000000042c000000| Untracked 
|  49|0x000000042c800000, 0x000000042c800000, 0x000000042d000000|  0%| F|  |TAMS 0x000000042c800000, 0x000000042c800000| Untracked 
|  50|0x000000042d000000, 0x000000042d000000, 0x000000042d800000|  0%| F|  |TAMS 0x000000042d000000, 0x000000042d000000| Untracked 
|  51|0x000000042d800000, 0x000000042d800000, 0x000000042e000000|  0%| F|  |TAMS 0x000000042d800000, 0x000000042d800000| Untracked 
|  52|0x000000042e000000, 0x000000042e000000, 0x000000042e800000|  0%| F|  |TAMS 0x000000042e000000, 0x000000042e000000| Untracked 
|  53|0x000000042e800000, 0x000000042e800000, 0x000000042f000000|  0%| F|  |TAMS 0x000000042e800000, 0x000000042e800000| Untracked 
|  54|0x000000042f000000, 0x000000042f000000, 0x000000042f800000|  0%| F|  |TAMS 0x000000042f000000, 0x000000042f000000| Untracked 
|  55|0x000000042f800000, 0x000000042f800000, 0x0000000430000000|  0%| F|  |TAMS 0x000000042f800000, 0x000000042f800000| Untracked 
|  56|0x0000000430000000, 0x0000000430000000, 0x0000000430800000|  0%| F|  |TAMS 0x0000000430000000, 0x0000000430000000| Untracked 
|  57|0x0000000430800000, 0x0000000430800000, 0x0000000431000000|  0%| F|  |TAMS 0x0000000430800000, 0x0000000430800000| Untracked 
|  58|0x0000000431000000, 0x0000000431000000, 0x0000000431800000|  0%| F|  |TAMS 0x0000000431000000, 0x0000000431000000| Untracked 
|  59|0x0000000431800000, 0x0000000431800000, 0x0000000432000000|  0%| F|  |TAMS 0x0000000431800000, 0x0000000431800000| Untracked 
|  60|0x0000000432000000, 0x0000000432000000, 0x0000000432800000|  0%| F|  |TAMS 0x0000000432000000, 0x0000000432000000| Untracked 
|  61|0x0000000432800000, 0x0000000432800000, 0x0000000433000000|  0%| F|  |TAMS 0x0000000432800000, 0x0000000432800000| Untracked 
|  62|0x0000000433000000, 0x0000000433000000, 0x0000000433800000|  0%| F|  |TAMS 0x0000000433000000, 0x0000000433000000| Untracked 
|  63|0x0000000433800000, 0x0000000433800000, 0x0000000434000000|  0%| F|  |TAMS 0x0000000433800000, 0x0000000433800000| Untracked 
|  64|0x0000000434000000, 0x0000000434000000, 0x0000000434800000|  0%| F|  |TAMS 0x0000000434000000, 0x0000000434000000| Untracked 
|  65|0x0000000434800000, 0x0000000434800000, 0x0000000435000000|  0%| F|  |TAMS 0x0000000434800000, 0x0000000434800000| Untracked 
|  66|0x0000000435000000, 0x0000000435000000, 0x0000000435800000|  0%| F|  |TAMS 0x0000000435000000, 0x0000000435000000| Untracked 
|  67|0x0000000435800000, 0x0000000435800000, 0x0000000436000000|  0%| F|  |TAMS 0x0000000435800000, 0x0000000435800000| Untracked 
|  68|0x0000000436000000, 0x0000000436000000, 0x0000000436800000|  0%| F|  |TAMS 0x0000000436000000, 0x0000000436000000| Untracked 
|  69|0x0000000436800000, 0x0000000436800000, 0x0000000437000000|  0%| F|  |TAMS 0x0000000436800000, 0x0000000436800000| Untracked 
|  70|0x0000000437000000, 0x0000000437000000, 0x0000000437800000|  0%| F|  |TAMS 0x0000000437000000, 0x0000000437000000| Untracked 
|  71|0x0000000437800000, 0x0000000437800000, 0x0000000438000000|  0%| F|  |TAMS 0x0000000437800000, 0x0000000437800000| Untracked 
|  72|0x0000000438000000, 0x0000000438000000, 0x0000000438800000|  0%| F|  |TAMS 0x0000000438000000, 0x0000000438000000| Untracked 
|  73|0x0000000438800000, 0x0000000438800000, 0x0000000439000000|  0%| F|  |TAMS 0x0000000438800000, 0x0000000438800000| Untracked 
|  74|0x0000000439000000, 0x0000000439000000, 0x0000000439800000|  0%| F|  |TAMS 0x0000000439000000, 0x0000000439000000| Untracked 
|  75|0x0000000439800000, 0x0000000439800000, 0x000000043a000000|  0%| F|  |TAMS 0x0000000439800000, 0x0000000439800000| Untracked 
|  76|0x000000043a000000, 0x000000043a000000, 0x000000043a800000|  0%| F|  |TAMS 0x000000043a000000, 0x000000043a000000| Untracked 
|  77|0x000000043a800000, 0x000000043a800000, 0x000000043b000000|  0%| F|  |TAMS 0x000000043a800000, 0x000000043a800000| Untracked 
|  78|0x000000043b000000, 0x000000043b000000, 0x000000043b800000|  0%| F|  |TAMS 0x000000043b000000, 0x000000043b000000| Untracked 
|  79|0x000000043b800000, 0x000000043b800000, 0x000000043c000000|  0%| F|  |TAMS 0x000000043b800000, 0x000000043b800000| Untracked 
|  80|0x000000043c000000, 0x000000043c000000, 0x000000043c800000|  0%| F|  |TAMS 0x000000043c000000, 0x000000043c000000| Untracked 
|  81|0x000000043c800000, 0x000000043c800000, 0x000000043d000000|  0%| F|  |TAMS 0x000000043c800000, 0x000000043c800000| Untracked 
|  82|0x000000043d000000, 0x000000043d000000, 0x000000043d800000|  0%| F|  |TAMS 0x000000043d000000, 0x000000043d000000| Untracked 
|  83|0x000000043d800000, 0x000000043d800000, 0x000000043e000000|  0%| F|  |TAMS 0x000000043d800000, 0x000000043d800000| Untracked 
|  84|0x000000043e000000, 0x000000043e000000, 0x000000043e800000|  0%| F|  |TAMS 0x000000043e000000, 0x000000043e000000| Untracked 
|  85|0x000000043e800000, 0x000000043e800000, 0x000000043f000000|  0%| F|  |TAMS 0x000000043e800000, 0x000000043e800000| Untracked 
|  86|0x000000043f000000, 0x000000043f000000, 0x000000043f800000|  0%| F|  |TAMS 0x000000043f000000, 0x000000043f000000| Untracked 
|  87|0x000000043f800000, 0x000000043f800000, 0x0000000440000000|  0%| F|  |TAMS 0x000000043f800000, 0x000000043f800000| Untracked 
|  88|0x0000000440000000, 0x0000000440000000, 0x0000000440800000|  0%| F|  |TAMS 0x0000000440000000, 0x0000000440000000| Untracked 
|  89|0x0000000440800000, 0x0000000440800000, 0x0000000441000000|  0%| F|  |TAMS 0x0000000440800000, 0x0000000440800000| Untracked 
|  90|0x0000000441000000, 0x0000000441000000, 0x0000000441800000|  0%| F|  |TAMS 0x0000000441000000, 0x0000000441000000| Untracked 
|  91|0x0000000441800000, 0x0000000441800000, 0x0000000442000000|  0%| F|  |TAMS 0x0000000441800000, 0x0000000441800000| Untracked 
|  92|0x0000000442000000, 0x0000000442000000, 0x0000000442800000|  0%| F|  |TAMS 0x0000000442000000, 0x0000000442000000| Untracked 
|  93|0x0000000442800000, 0x0000000442800000, 0x0000000443000000|  0%| F|  |TAMS 0x0000000442800000, 0x0000000442800000| Untracked 
|  94|0x0000000443000000, 0x0000000443000000, 0x0000000443800000|  0%| F|  |TAMS 0x0000000443000000, 0x0000000443000000| Untracked 
|  95|0x0000000443800000, 0x0000000443800000, 0x0000000444000000|  0%| F|  |TAMS 0x0000000443800000, 0x0000000443800000| Untracked 
|  96|0x0000000444000000, 0x0000000444000000, 0x0000000444800000|  0%| F|  |TAMS 0x0000000444000000, 0x0000000444000000| Untracked 
|  97|0x0000000444800000, 0x0000000444800000, 0x0000000445000000|  0%| F|  |TAMS 0x0000000444800000, 0x0000000444800000| Untracked 
|  98|0x0000000445000000, 0x0000000445000000, 0x0000000445800000|  0%| F|  |TAMS 0x0000000445000000, 0x0000000445000000| Untracked 
|  99|0x0000000445800000, 0x0000000445800000, 0x0000000446000000|  0%| F|  |TAMS 0x0000000445800000, 0x0000000445800000| Untracked 
| 100|0x0000000446000000, 0x0000000446000000, 0x0000000446800000|  0%| F|  |TAMS 0x0000000446000000, 0x0000000446000000| Untracked 
| 101|0x0000000446800000, 0x0000000446800000, 0x0000000447000000|  0%| F|  |TAMS 0x0000000446800000, 0x0000000446800000| Untracked 
| 102|0x0000000447000000, 0x0000000447000000, 0x0000000447800000|  0%| F|  |TAMS 0x0000000447000000, 0x0000000447000000| Untracked 
| 103|0x0000000447800000, 0x0000000447800000, 0x0000000448000000|  0%| F|  |TAMS 0x0000000447800000, 0x0000000447800000| Untracked 
| 104|0x0000000448000000, 0x0000000448000000, 0x0000000448800000|  0%| F|  |TAMS 0x0000000448000000, 0x0000000448000000| Untracked 
| 105|0x0000000448800000, 0x0000000448800000, 0x0000000449000000|  0%| F|  |TAMS 0x0000000448800000, 0x0000000448800000| Untracked 
| 106|0x0000000449000000, 0x0000000449000000, 0x0000000449800000|  0%| F|  |TAMS 0x0000000449000000, 0x0000000449000000| Untracked 
| 107|0x0000000449800000, 0x0000000449800000, 0x000000044a000000|  0%| F|  |TAMS 0x0000000449800000, 0x0000000449800000| Untracked 
| 108|0x000000044a000000, 0x000000044a000000, 0x000000044a800000|  0%| F|  |TAMS 0x000000044a000000, 0x000000044a000000| Untracked 
| 109|0x000000044a800000, 0x000000044a800000, 0x000000044b000000|  0%| F|  |TAMS 0x000000044a800000, 0x000000044a800000| Untracked 
| 110|0x000000044b000000, 0x000000044b000000, 0x000000044b800000|  0%| F|  |TAMS 0x000000044b000000, 0x000000044b000000| Untracked 
| 111|0x000000044b800000, 0x000000044b800000, 0x000000044c000000|  0%| F|  |TAMS 0x000000044b800000, 0x000000044b800000| Untracked 
| 112|0x000000044c000000, 0x000000044c000000, 0x000000044c800000|  0%| F|  |TAMS 0x000000044c000000, 0x000000044c000000| Untracked 
| 113|0x000000044c800000, 0x000000044c800000, 0x000000044d000000|  0%| F|  |TAMS 0x000000044c800000, 0x000000044c800000| Untracked 
| 114|0x000000044d000000, 0x000000044d000000, 0x000000044d800000|  0%| F|  |TAMS 0x000000044d000000, 0x000000044d000000| Untracked 
| 115|0x000000044d800000, 0x000000044d800000, 0x000000044e000000|  0%| F|  |TAMS 0x000000044d800000, 0x000000044d800000| Untracked 
| 116|0x000000044e000000, 0x000000044e000000, 0x000000044e800000|  0%| F|  |TAMS 0x000000044e000000, 0x000000044e000000| Untracked 
| 117|0x000000044e800000, 0x000000044e800000, 0x000000044f000000|  0%| F|  |TAMS 0x000000044e800000, 0x000000044e800000| Untracked 
| 118|0x000000044f000000, 0x000000044f000000, 0x000000044f800000|  0%| F|  |TAMS 0x000000044f000000, 0x000000044f000000| Untracked 
| 119|0x000000044f800000, 0x000000044f800000, 0x0000000450000000|  0%| F|  |TAMS 0x000000044f800000, 0x000000044f800000| Untracked 
| 120|0x0000000450000000, 0x0000000450000000, 0x0000000450800000|  0%| F|  |TAMS 0x0000000450000000, 0x0000000450000000| Untracked 
| 121|0x0000000450800000, 0x0000000450800000, 0x0000000451000000|  0%| F|  |TAMS 0x0000000450800000, 0x0000000450800000| Untracked 
| 122|0x0000000451000000, 0x0000000451000000, 0x0000000451800000|  0%| F|  |TAMS 0x0000000451000000, 0x0000000451000000| Untracked 
| 123|0x0000000451800000, 0x0000000451800000, 0x0000000452000000|  0%| F|  |TAMS 0x0000000451800000, 0x0000000451800000| Untracked 
| 124|0x0000000452000000, 0x0000000452000000, 0x0000000452800000|  0%| F|  |TAMS 0x0000000452000000, 0x0000000452000000| Untracked 
| 125|0x0000000452800000, 0x0000000452ae1508, 0x0000000453000000| 36%| E|  |TAMS 0x0000000452800000, 0x0000000452800000| Complete 
|2006|0x00000007ff000000, 0x00000007ff776000, 0x00000007ff800000| 93%|OA|  |TAMS 0x00000007ff000000, 0x00000007ff000000| Untracked 
|2007|0x00000007ff800000, 0x00000007ff882000, 0x0000000800000000|  6%|CA|  |TAMS 0x00000007ff800000, 0x00000007ff800000| Untracked 

Card table byte_map: [0x000077f0b4c00000,0x000077f0b6b60000] _byte_map_base: 0x000077f0b2b60000

Marking Bits (Prev, Next): (CMBitMap*) 0x000077f0d005b170, (CMBitMap*) 0x000077f0d005b1b0
 Prev Bits: [0x000077f0a3000000, 0x000077f0b2b00000)
 Next Bits: [0x000077f093400000, 0x000077f0a2f00000)

Polling page: 0x000077f0d6aba000

Metaspace:

Usage:
  Non-class:    900.84 KB used.
      Class:     88.88 KB used.
       Both:    989.71 KB used.

Virtual space:
  Non-class space:        8.00 MB reserved,     960.00 KB ( 12%) committed,  1 nodes.
      Class space:        1.00 GB reserved,     192.00 KB ( <1%) committed,  1 nodes.
             Both:        1.01 GB reserved,       1.12 MB ( <1%) committed. 

Chunk freelists:
   Non-Class:  3.97 MB
       Class:  3.74 MB
        Both:  7.71 MB

MaxMetaspaceSize: unlimited
CompressedClassSpaceSize: 1.00 GB
Initial GC threshold: 21.00 MB
Current GC threshold: 21.00 MB
CDS: on
MetaspaceReclaimPolicy: balanced
 - commit_granule_bytes: 65536.
 - commit_granule_words: 8192.
 - virtual_space_node_default_size: 1048576.
 - enlarge_chunks_in_place: 1.
 - new_chunks_are_fully_committed: 0.
 - uncommit_free_chunks: 1.
 - use_allocation_guard: 0.
 - handle_deallocations: 1.


Internal statistics:

num_allocs_failed_limit: 0.
num_arena_births: 24.
num_arena_deaths: 0.
num_vsnodes_births: 2.
num_vsnodes_deaths: 0.
num_space_committed: 18.
num_space_uncommitted: 0.
num_chunks_returned_to_freelist: 0.
num_chunks_taken_from_freelist: 27.
num_chunk_merges: 0.
num_chunk_splits: 18.
num_chunks_enlarged: 10.
num_purges: 0.
num_inconsistent_stats: 0.

CodeHeap 'non-profiled nmethods': size=119168Kb used=71Kb max_used=71Kb free=119097Kb
 bounds [0x000077f0c09a0000, 0x000077f0c0c10000, 0x000077f0c7e00000]
CodeHeap 'profiled nmethods': size=119164Kb used=284Kb max_used=284Kb free=118879Kb
 bounds [0x000077f0b9541000, 0x000077f0b97b1000, 0x000077f0c09a0000]
CodeHeap 'non-nmethods': size=7428Kb used=1678Kb max_used=1691Kb free=5750Kb
 bounds [0x000077f0b8e00000, 0x000077f0b9070000, 0x000077f0b9541000]
 total_blobs=611 nmethods=213 adapters=311
 compilation: enabled
              stopped_count=0, restarted_count=0
 full_count=0

Compilation events (20 events):
Event: 0.049 Thread 0x000077f0d01f8410  201       4       java.lang.StringLatin1::canEncode (13 bytes)
Event: 0.049 Thread 0x000077f0d01f9940  202       3       java.lang.invoke.MethodType::parameterCount (6 bytes)
Event: 0.049 Thread 0x000077f0d01f9940 nmethod 202 0x000077f0b9581f10 code [0x000077f0b95820a0, 0x000077f0b95821b0]
Event: 0.049 Thread 0x000077f0d01f8410 nmethod 201 0x000077f0c09b0a10 code [0x000077f0c09b0b80, 0x000077f0c09b0bf8]
Event: 0.049 Thread 0x000077f0440358a0  203       3       java.lang.Class::getClassLoader (28 bytes)
Event: 0.049 Thread 0x000077f0440358a0 nmethod 203 0x000077f0b9582290 code [0x000077f0b95824c0, 0x000077f0b9582e50]
Event: 0.050 Thread 0x000077f0440358a0  205   !   3       java.lang.invoke.MemberName::getMethodType (211 bytes)
Event: 0.050 Thread 0x000077f0d01f9940  206       3       java.lang.invoke.MethodType::checkPtypes (76 bytes)
Event: 0.050 Thread 0x000077f0440358a0 nmethod 205 0x000077f0b9583110 code [0x000077f0b9583400, 0x000077f0b9584a10]
Event: 0.050 Thread 0x000077f0d01f9940 nmethod 206 0x000077f0b9585010 code [0x000077f0b9585280, 0x000077f0b9585be0]
Event: 0.050 Thread 0x000077f0440358a0  207       3       java.util.Arrays::copyOf (40 bytes)
Event: 0.050 Thread 0x000077f0d01f9940  208       1       sun.invoke.util.Wrapper::basicTypeChar (5 bytes)
Event: 0.050 Thread 0x000077f0d01f9940 nmethod 208 0x000077f0c09b1010 code [0x000077f0c09b11a0, 0x000077f0c09b1270]
Event: 0.050 Thread 0x000077f0440358a0 nmethod 207 0x000077f0b9585f90 code [0x000077f0b95861a0, 0x000077f0b9586860]
Event: 0.051 Thread 0x000077f0d01f8410  209       4       java.lang.String::length (11 bytes)
Event: 0.051 Thread 0x000077f0d01f9940  210       3       java.lang.String::substring (58 bytes)
Event: 0.051 Thread 0x000077f0440358a0  211       3       java.lang.String::checkBoundsBeginEnd (63 bytes)
Event: 0.051 Thread 0x000077f0d01f8410 nmethod 209 0x000077f0c09b1310 code [0x000077f0c09b14a0, 0x000077f0c09b1538]
Event: 0.051 Thread 0x000077f0440358a0 nmethod 211 0x000077f0b9586a90 code [0x000077f0b9586d20, 0x000077f0b95875f0]
Event: 0.051 Thread 0x000077f0d01f9940 nmethod 210 0x000077f0b9587990 code [0x000077f0b9587b80, 0x000077f0b9588020]

GC Heap History (0 events):
No events

Dll operation events (6 events):
Event: 0.001 Loaded shared library /home/rowan/.jdks/corretto-17.0.5/lib/libjava.so
Event: 0.009 Loaded shared library /home/rowan/.jdks/corretto-17.0.5/lib/libjsvml.so
Event: 0.021 Loaded shared library /home/rowan/.jdks/corretto-17.0.5/lib/libnio.so
Event: 0.022 Loaded shared library /home/rowan/.jdks/corretto-17.0.5/lib/libzip.so
Event: 0.035 Loaded shared library /home/rowan/.jdks/corretto-17.0.5/lib/libjimage.so
Event: 0.054 Loaded shared library /tmp/lexer17922937947534791776.lib

Deoptimization events (0 events):
No events

Classes unloaded (0 events):
No events

Classes redefined (0 events):
No events

Internal exceptions (0 events):
No events

VM Operations (0 events):
No events

Events (20 events):
Event: 0.052 loading class sun/net/www/protocol/jar/JarFileFactory
Event: 0.052 loading class sun/net/www/protocol/jar/URLJarFile$URLJarFileCloseController
Event: 0.052 loading class sun/net/www/protocol/jar/URLJarFile$URLJarFileCloseController done
Event: 0.052 loading class sun/net/www/protocol/jar/JarFileFactory done
Event: 0.052 loading class sun/net/www/protocol/file/FileURLConnection
Event: 0.052 loading class sun/net/www/URLConnection
Event: 0.052 loading class sun/net/www/URLConnection done
Event: 0.052 loading class sun/net/www/protocol/file/FileURLConnection done
Event: 0.052 loading class sun/net/www/MessageHeader
Event: 0.053 loading class sun/net/www/MessageHeader done
Event: 0.053 loading class sun/net/www/protocol/jar/URLJarFile
Event: 0.053 loading class sun/net/www/protocol/jar/URLJarFile done
Event: 0.053 loading class sun/nio/fs/UnixFileKey
Event: 0.053 loading class sun/nio/fs/UnixFileKey done
Event: 0.053 loading class sun/net/www/protocol/jar/URLJarFile$URLJarFileEntry
Event: 0.053 loading class sun/net/www/protocol/jar/URLJarFile$URLJarFileEntry done
Event: 0.053 loading class sun/net/www/protocol/jar/JarURLConnection$JarURLInputStream
Event: 0.053 loading class sun/net/www/protocol/jar/JarURLConnection$JarURLInputStream done
Event: 0.053 loading class java/io/FileOutputStream$1
Event: 0.053 loading class java/io/FileOutputStream$1 done


Dynamic libraries:
414000000-453000000 rw-p 00000000 00:00 0 
453000000-7ff000000 ---p 00000000 00:00 0 
7ff000000-7ff700000 rw-p 00000000 00:00 0 
7ff700000-7ff776000 rw-p 00c9c000 08:03 18363978                         /home/rowan/.jdks/corretto-17.0.5/lib/server/classes.jsa
7ff776000-7ff800000 rw-p 00000000 00:00 0 
7ff800000-7ff882000 rw-p 00c1a000 08:03 18363978                         /home/rowan/.jdks/corretto-17.0.5/lib/server/classes.jsa
7ff882000-800000000 rw-p 00000000 00:00 0 
800000000-800458000 rw-p 00001000 08:03 18363978                         /home/rowan/.jdks/corretto-17.0.5/lib/server/classes.jsa
800458000-800be1000 r--p 00459000 08:03 18363978                         /home/rowan/.jdks/corretto-17.0.5/lib/server/classes.jsa
800be1000-800c00000 ---p 00000000 00:00 0 
800c00000-800c10000 rw-p 00000000 00:00 0 
800c10000-800c40000 ---p 00000000 00:00 0 
800c40000-800c60000 rw-p 00000000 00:00 0 
800c60000-840c00000 ---p 00000000 00:00 0 
5f69b7a00000-5f69b7a01000 r-xp 00000000 08:03 18364079                   /home/rowan/.jdks/corretto-17.0.5/bin/java
5f69b7c01000-5f69b7c02000 r--p 00001000 08:03 18364079                   /home/rowan/.jdks/corretto-17.0.5/bin/java
5f69b7c02000-5f69b7c03000 rw-p 00002000 08:03 18364079                   /home/rowan/.jdks/corretto-17.0.5/bin/java
5f69b8b93000-5f69b8bde000 rw-p 00000000 00:00 0                          [heap]
77f020000000-77f02002c000 rw-p 00000000 00:00 0 
77f02002c000-77f024000000 ---p 00000000 00:00 0 
77f024000000-77f02414d000 rw-p 00000000 00:00 0 
77f02414d000-77f028000000 ---p 00000000 00:00 0 
77f02c000000-77f02c021000 rw-p 00000000 00:00 0 
77f02c021000-77f030000000 ---p 00000000 00:00 0 
77f030000000-77f030021000 rw-p 00000000 00:00 0 
77f030021000-77f034000000 ---p 00000000 00:00 0 
77f038000000-77f038021000 rw-p 00000000 00:00 0 
77f038021000-77f03c000000 ---p 00000000 00:00 0 
77f03c000000-77f03c021000 rw-p 00000000 00:00 0 
77f03c021000-77f040000000 ---p 00000000 00:00 0 
77f044000000-77f044109000 rw-p 00000000 00:00 0 
77f044109000-77f048000000 ---p 00000000 00:00 0 
77f048000000-77f048088000 rw-p 00000000 00:00 0 
77f048088000-77f04c000000 ---p 00000000 00:00 0 
77f050000000-77f050021000 rw-p 00000000 00:00 0 
77f050021000-77f054000000 ---p 00000000 00:00 0 
77f054000000-77f054021000 rw-p 00000000 00:00 0 
77f054021000-77f058000000 ---p 00000000 00:00 0 
77f05c000000-77f05c021000 rw-p 00000000 00:00 0 
77f05c021000-77f060000000 ---p 00000000 00:00 0 
77f060000000-77f060021000 rw-p 00000000 00:00 0 
77f060021000-77f064000000 ---p 00000000 00:00 0 
77f068000000-77f068021000 rw-p 00000000 00:00 0 
77f068021000-77f06c000000 ---p 00000000 00:00 0 
77f06c000000-77f06c021000 rw-p 00000000 00:00 0 
77f06c021000-77f070000000 ---p 00000000 00:00 0 
77f074000000-77f074021000 rw-p 00000000 00:00 0 
77f074021000-77f078000000 ---p 00000000 00:00 0 
77f078000000-77f078021000 rw-p 00000000 00:00 0 
77f078021000-77f07c000000 ---p 00000000 00:00 0 
77f080000000-77f080021000 rw-p 00000000 00:00 0 
77f080021000-77f084000000 ---p 00000000 00:00 0 
77f084000000-77f084021000 rw-p 00000000 00:00 0 
77f084021000-77f088000000 ---p 00000000 00:00 0 
77f088800000-77f088801000 ---p 00000000 00:00 0 
77f088801000-77f089001000 rw-p 00000000 00:00 0 
77f089200000-77f08929c000 r--p 00000000 08:03 13261895                   /usr/lib/libstdc++.so.6.0.32
77f08929c000-77f0893d3000 r-xp 0009c000 08:03 13261895                   /usr/lib/libstdc++.so.6.0.32
77f0893d3000-77f089469000 r--p 001d3000 08:03 13261895                   /usr/lib/libstdc++.so.6.0.32
77f089469000-77f089476000 r--p 00269000 08:03 13261895                   /usr/lib/libstdc++.so.6.0.32
77f089476000-77f089477000 rw-p 00276000 08:03 13261895                   /usr/lib/libstdc++.so.6.0.32
77f089477000-77f08947b000 rw-p 00000000 00:00 0 
77f089600000-77f08961a000 r-xp 00000000 08:03 18363968                   /home/rowan/.jdks/corretto-17.0.5/lib/libzip.so
77f08961a000-77f08981a000 ---p 0001a000 08:03 18363968                   /home/rowan/.jdks/corretto-17.0.5/lib/libzip.so
77f08981a000-77f08981b000 r--p 0001a000 08:03 18363968                   /home/rowan/.jdks/corretto-17.0.5/lib/libzip.so
77f08981b000-77f08981c000 rw-p 00000000 00:00 0 
77f089c00000-77f089c14000 r-xp 00000000 08:03 18363965                   /home/rowan/.jdks/corretto-17.0.5/lib/libnet.so
77f089c14000-77f089e14000 ---p 00014000 08:03 18363965                   /home/rowan/.jdks/corretto-17.0.5/lib/libnet.so
77f089e14000-77f089e15000 r--p 00014000 08:03 18363965                   /home/rowan/.jdks/corretto-17.0.5/lib/libnet.so
77f089e15000-77f089e16000 rw-p 00015000 08:03 18363965                   /home/rowan/.jdks/corretto-17.0.5/lib/libnet.so
77f08a200000-77f08a212000 r-xp 00000000 08:03 18363966                   /home/rowan/.jdks/corretto-17.0.5/lib/libnio.so
77f08a212000-77f08a411000 ---p 00012000 08:03 18363966                   /home/rowan/.jdks/corretto-17.0.5/lib/libnio.so
77f08a411000-77f08a412000 r--p 00011000 08:03 18363966                   /home/rowan/.jdks/corretto-17.0.5/lib/libnio.so
77f08a412000-77f08a413000 rw-p 00012000 08:03 18363966                   /home/rowan/.jdks/corretto-17.0.5/lib/libnio.so
77f08a6fe000-77f08a702000 ---p 00000000 00:00 0 
77f08a702000-77f08a7fe000 rw-p 00000000 00:00 0 
77f08a7fe000-77f08a802000 ---p 00000000 00:00 0 
77f08a802000-77f08a8fe000 rw-p 00000000 00:00 0 
77f08a8fe000-77f08a8ff000 ---p 00000000 00:00 0 
77f08a8ff000-77f08aa00000 rw-p 00000000 00:00 0 
77f08aa00000-77f08aa04000 ---p 00000000 00:00 0 
77f08aa04000-77f08ab00000 rw-p 00000000 00:00 0 
77f08ab00000-77f08ab04000 ---p 00000000 00:00 0 
77f08ab04000-77f08ac00000 rw-p 00000000 00:00 0 
77f08ac00000-77f08ac04000 ---p 00000000 00:00 0 
77f08ac04000-77f08ad00000 rw-p 00000000 00:00 0 
77f08ad00000-77f08ad04000 ---p 00000000 00:00 0 
77f08ad04000-77f08ae00000 rw-p 00000000 00:00 0 
77f08ae00000-77f08b0eb000 r--p 00000000 08:03 13299363                   /usr/lib/locale/locale-archive
77f08b100000-77f08b104000 ---p 00000000 00:00 0 
77f08b104000-77f08b200000 rw-p 00000000 00:00 0 
77f08b200000-77f08b2ce000 r-xp 00000000 08:03 18364004                   /home/rowan/.jdks/corretto-17.0.5/lib/libjsvml.so
77f08b2ce000-77f08b4cd000 ---p 000ce000 08:03 18364004                   /home/rowan/.jdks/corretto-17.0.5/lib/libjsvml.so
77f08b4cd000-77f08b4ce000 r--p 000cd000 08:03 18364004                   /home/rowan/.jdks/corretto-17.0.5/lib/libjsvml.so
77f08b4ce000-77f08b4cf000 rw-p 000ce000 08:03 18364004                   /home/rowan/.jdks/corretto-17.0.5/lib/libjsvml.so
77f08b4fe000-77f08b502000 ---p 00000000 00:00 0 
77f08b502000-77f08b5fe000 rw-p 00000000 00:00 0 
77f08b5fe000-77f08b602000 ---p 00000000 00:00 0 
77f08b602000-77f08b6fe000 rw-p 00000000 00:00 0 
77f08b6fe000-77f08b6ff000 ---p 00000000 00:00 0 
77f08b6ff000-77f08b800000 rw-p 00000000 00:00 0 
77f08b800000-77f08b8e0000 rw-p 00000000 00:00 0 
77f08b8e0000-77f08bc00000 ---p 00000000 00:00 0 
77f08bc00000-77f08bc10000 rw-p 00000000 00:00 0 
77f08bc10000-77f08c000000 ---p 00000000 00:00 0 
77f08c000000-77f08c021000 rw-p 00000000 00:00 0 
77f08c021000-77f090000000 ---p 00000000 00:00 0 
77f0900ef000-77f0900f0000 ---p 00000000 00:00 0 
77f0900f0000-77f0901f1000 rw-p 00000000 00:00 0 
77f0901f1000-77f0901f2000 ---p 00000000 00:00 0 
77f0901f2000-77f0902f3000 rw-p 00000000 00:00 0 
77f0902f3000-77f093000000 rw-p 00000000 00:00 0 
77f0930fa000-77f0930fb000 ---p 00000000 00:00 0 
77f0930fb000-77f0931fc000 rw-p 00000000 00:00 0 
77f0931fc000-77f0931fd000 ---p 00000000 00:00 0 
77f0931fd000-77f0932fe000 rw-p 00000000 00:00 0 
77f0932fe000-77f0932ff000 ---p 00000000 00:00 0 
77f0932ff000-77f093400000 rw-p 00000000 00:00 0 
77f093400000-77f0943c0000 rw-p 00000000 00:00 0 
77f0943c0000-77f0a2ec0000 ---p 00000000 00:00 0 
77f0a2ec0000-77f0a2f00000 rw-p 00000000 00:00 0 
77f0a2f00000-77f0a2f04000 ---p 00000000 00:00 0 
77f0a2f04000-77f0a3000000 rw-p 00000000 00:00 0 
77f0a3000000-77f0a3fc0000 rw-p 00000000 00:00 0 
77f0a3fc0000-77f0b2ac0000 ---p 00000000 00:00 0 
77f0b2ac0000-77f0b2b00000 rw-p 00000000 00:00 0 
77f0b2b00000-77f0b2b04000 ---p 00000000 00:00 0 
77f0b2b04000-77f0b2c00000 rw-p 00000000 00:00 0 
77f0b2c00000-77f0b2df8000 rw-p 00000000 00:00 0 
77f0b2df8000-77f0b4b58000 ---p 00000000 00:00 0 
77f0b4b58000-77f0b4b60000 rw-p 00000000 00:00 0 
77f0b4c00000-77f0b4df8000 rw-p 00000000 00:00 0 
77f0b4df8000-77f0b6b58000 ---p 00000000 00:00 0 
77f0b6b58000-77f0b6b60000 rw-p 00000000 00:00 0 
77f0b6c00000-77f0b6df8000 rw-p 00000000 00:00 0 
77f0b6df8000-77f0b8b58000 ---p 00000000 00:00 0 
77f0b8b58000-77f0b8b60000 rw-p 00000000 00:00 0 
77f0b8bfe000-77f0b8e00000 rw-p 00000000 00:00 0 
77f0b8e00000-77f0b9070000 rwxp 00000000 00:00 0 
77f0b9070000-77f0b9541000 ---p 00000000 00:00 0 
77f0b9541000-77f0b97b1000 rwxp 00000000 00:00 0 
77f0b97b1000-77f0c09a0000 ---p 00000000 00:00 0 
77f0c09a0000-77f0c0c10000 rwxp 00000000 00:00 0 
77f0c0c10000-77f0c7e00000 ---p 00000000 00:00 0 
77f0c7e00000-77f0c7e24000 r-xp 00000000 08:03 18363961                   /home/rowan/.jdks/corretto-17.0.5/lib/libjava.so
77f0c7e24000-77f0c8023000 ---p 00024000 08:03 18363961                   /home/rowan/.jdks/corretto-17.0.5/lib/libjava.so
77f0c8023000-77f0c8024000 r--p 00023000 08:03 18363961                   /home/rowan/.jdks/corretto-17.0.5/lib/libjava.so
77f0c8024000-77f0c8025000 rw-p 00024000 08:03 18363961                   /home/rowan/.jdks/corretto-17.0.5/lib/libjava.so
77f0c8025000-77f0c8026000 rw-p 00000000 00:00 0 
77f0c807b000-77f0c807f000 r--p 00000000 08:03 13242445                   /usr/lib/libgcc_s.so.1
77f0c807f000-77f0c809a000 r-xp 00004000 08:03 13242445                   /usr/lib/libgcc_s.so.1
77f0c809a000-77f0c809e000 r--p 0001f000 08:03 13242445                   /usr/lib/libgcc_s.so.1
77f0c809e000-77f0c809f000 r--p 00022000 08:03 13242445                   /usr/lib/libgcc_s.so.1
77f0c809f000-77f0c80a0000 rw-p 00023000 08:03 13242445                   /usr/lib/libgcc_s.so.1
77f0c80cc000-77f0c8400000 rw-p 00000000 00:00 0 
77f0c8400000-77f0cff75000 r--s 00000000 08:03 18363955                   /home/rowan/.jdks/corretto-17.0.5/lib/modules
77f0cff7f000-77f0d0276000 rw-p 00000000 00:00 0 
77f0d0276000-77f0d4000000 ---p 00000000 00:00 0 
77f0d4020000-77f0d4600000 rw-p 00000000 00:00 0 
77f0d4600000-77f0d461b000 r-xp 00000000 08:03 18363962                   /home/rowan/.jdks/corretto-17.0.5/lib/libjimage.so
77f0d461b000-77f0d481a000 ---p 0001b000 08:03 18363962                   /home/rowan/.jdks/corretto-17.0.5/lib/libjimage.so
77f0d481a000-77f0d481c000 r--p 0001a000 08:03 18363962                   /home/rowan/.jdks/corretto-17.0.5/lib/libjimage.so
77f0d481c000-77f0d481d000 rw-p 0001c000 08:03 18363962                   /home/rowan/.jdks/corretto-17.0.5/lib/libjimage.so
77f0d483c000-77f0d4c00000 rw-p 00000000 00:00 0 
77f0d4c00000-77f0d5eea000 r-xp 00000000 08:03 18363976                   /home/rowan/.jdks/corretto-17.0.5/lib/server/libjvm.so
77f0d5eea000-77f0d60e9000 ---p 012ea000 08:03 18363976                   /home/rowan/.jdks/corretto-17.0.5/lib/server/libjvm.so
77f0d60e9000-77f0d61a2000 r--p 012e9000 08:03 18363976                   /home/rowan/.jdks/corretto-17.0.5/lib/server/libjvm.so
77f0d61a2000-77f0d61d7000 rw-p 013a2000 08:03 18363976                   /home/rowan/.jdks/corretto-17.0.5/lib/server/libjvm.so
77f0d61d7000-77f0d6231000 rw-p 00000000 00:00 0 
77f0d6242000-77f0d6247000 rw-p 00000000 00:00 0 
77f0d6247000-77f0d632b000 ---p 00000000 00:00 0 
77f0d632b000-77f0d6330000 rw-p 00000000 00:00 0 
77f0d6330000-77f0d6414000 ---p 00000000 00:00 0 
77f0d6414000-77f0d6418000 ---p 00000000 00:00 0 
77f0d6418000-77f0d6514000 rw-p 00000000 00:00 0 
77f0d6514000-77f0d6522000 r--p 00000000 08:03 13241698                   /usr/lib/libm.so.6
77f0d6522000-77f0d65a2000 r-xp 0000e000 08:03 13241698                   /usr/lib/libm.so.6
77f0d65a2000-77f0d65fe000 r--p 0008e000 08:03 13241698                   /usr/lib/libm.so.6
77f0d65fe000-77f0d65ff000 r--p 000e9000 08:03 13241698                   /usr/lib/libm.so.6
77f0d65ff000-77f0d6600000 rw-p 000ea000 08:03 13241698                   /usr/lib/libm.so.6
77f0d6600000-77f0d6619000 r-xp 00000000 08:03 18363963                   /home/rowan/.jdks/corretto-17.0.5/lib/libjli.so
77f0d6619000-77f0d6818000 ---p 00019000 08:03 18363963                   /home/rowan/.jdks/corretto-17.0.5/lib/libjli.so
77f0d6818000-77f0d6819000 r--p 00018000 08:03 18363963                   /home/rowan/.jdks/corretto-17.0.5/lib/libjli.so
77f0d6819000-77f0d681a000 rw-p 00019000 08:03 18363963                   /home/rowan/.jdks/corretto-17.0.5/lib/libjli.so
77f0d6820000-77f0d689e000 rw-p 00000000 00:00 0 
77f0d689e000-77f0d689f000 r--p 00000000 08:03 13241728                   /usr/lib/librt.so.1
77f0d689f000-77f0d68a0000 r-xp 00001000 08:03 13241728                   /usr/lib/librt.so.1
77f0d68a0000-77f0d68a1000 r--p 00002000 08:03 13241728                   /usr/lib/librt.so.1
77f0d68a1000-77f0d68a2000 r--p 00002000 08:03 13241728                   /usr/lib/librt.so.1
77f0d68a2000-77f0d68a3000 rw-p 00003000 08:03 13241728                   /usr/lib/librt.so.1
77f0d68a3000-77f0d68a5000 rw-p 00000000 00:00 0 
77f0d68a5000-77f0d68c9000 r--p 00000000 08:03 13241673                   /usr/lib/libc.so.6
77f0d68c9000-77f0d6a24000 r-xp 00024000 08:03 13241673                   /usr/lib/libc.so.6
77f0d6a24000-77f0d6a79000 r--p 0017f000 08:03 13241673                   /usr/lib/libc.so.6
77f0d6a79000-77f0d6a7d000 r--p 001d3000 08:03 13241673                   /usr/lib/libc.so.6
77f0d6a7d000-77f0d6a7f000 rw-p 001d7000 08:03 13241673                   /usr/lib/libc.so.6
77f0d6a7f000-77f0d6a87000 rw-p 00000000 00:00 0 
77f0d6a87000-77f0d6a88000 r--p 00000000 08:03 13241684                   /usr/lib/libdl.so.2
77f0d6a88000-77f0d6a89000 r-xp 00001000 08:03 13241684                   /usr/lib/libdl.so.2
77f0d6a89000-77f0d6a8a000 r--p 00002000 08:03 13241684                   /usr/lib/libdl.so.2
77f0d6a8a000-77f0d6a8b000 r--p 00002000 08:03 13241684                   /usr/lib/libdl.so.2
77f0d6a8b000-77f0d6a8c000 rw-p 00003000 08:03 13241684                   /usr/lib/libdl.so.2
77f0d6a8c000-77f0d6a8d000 r--p 00000000 08:03 13241723                   /usr/lib/libpthread.so.0
77f0d6a8d000-77f0d6a8e000 r-xp 00001000 08:03 13241723                   /usr/lib/libpthread.so.0
77f0d6a8e000-77f0d6a8f000 r--p 00002000 08:03 13241723                   /usr/lib/libpthread.so.0
77f0d6a8f000-77f0d6a90000 r--p 00002000 08:03 13241723                   /usr/lib/libpthread.so.0
77f0d6a90000-77f0d6a91000 rw-p 00003000 08:03 13241723                   /usr/lib/libpthread.so.0
77f0d6a99000-77f0d6a9b000 r--p 00000000 00:21 18839                      /tmp/lexer17922937947534791776.lib
77f0d6a9b000-77f0d6a9e000 r-xp 00002000 00:21 18839                      /tmp/lexer17922937947534791776.lib
77f0d6a9e000-77f0d6a9f000 r--p 00005000 00:21 18839                      /tmp/lexer17922937947534791776.lib
77f0d6a9f000-77f0d6aa0000 r--p 00005000 00:21 18839                      /tmp/lexer17922937947534791776.lib
77f0d6aa0000-77f0d6aa1000 rw-p 00006000 00:21 18839                      /tmp/lexer17922937947534791776.lib
77f0d6aa1000-77f0d6aa8000 rw-p 00000000 00:00 0 
77f0d6aa8000-77f0d6ab2000 ---p 00000000 00:00 0 
77f0d6ab2000-77f0d6aba000 rw-s 00000000 00:21 18838                      /tmp/hsperfdata_rowan/151176
77f0d6aba000-77f0d6abb000 ---p 00000000 00:00 0 
77f0d6abb000-77f0d6abc000 r--p 00000000 00:00 0 
77f0d6abc000-77f0d6abd000 ---p 00000000 00:00 0 
77f0d6abd000-77f0d6abf000 rw-p 00000000 00:00 0 
77f0d6abf000-77f0d6ac0000 r--p 00000000 08:03 13241644                   /usr/lib/ld-linux-x86-64.so.2
77f0d6ac0000-77f0d6ae7000 r-xp 00001000 08:03 13241644                   /usr/lib/ld-linux-x86-64.so.2
77f0d6ae7000-77f0d6af2000 r--p 00028000 08:03 13241644                   /usr/lib/ld-linux-x86-64.so.2
77f0d6af2000-77f0d6af4000 r--p 00032000 08:03 13241644                   /usr/lib/ld-linux-x86-64.so.2
77f0d6af4000-77f0d6af6000 rw-p 00034000 08:03 13241644                   /usr/lib/ld-linux-x86-64.so.2
7ffd726c3000-7ffd726e7000 rw-p 00000000 00:00 0                          [stack]
7ffd7275e000-7ffd72762000 r--p 00000000 00:00 0                          [vvar]
7ffd72762000-7ffd72764000 r-xp 00000000 00:00 0                          [vdso]
ffffffffff600000-ffffffffff601000 --xp 00000000 00:00 0                  [vsyscall]


VM Arguments:
jvm_args: -Dfile.encoding=UTF-8 -Duser.country=US -Duser.language=en -Duser.variant 
java_command: jni.TestRunner
java_class_path (initial): /home/rowan/IdeaProjects/LexerLearning/jni-runner/build/classes/java/main:/home/rowan/IdeaProjects/LexerLearning/jni-runner/build/resources/main:/home/rowan/IdeaProjects/LexerLearning/jni-lib/build/libs/jni-lib.jar:/home/rowan/.gradle/caches/modules-2/files-2.1/de.learnlib/learnlib-aaar/0.17.0/e0189d85b19795a262def7e140b319414d6ac804/learnlib-aaar-0.17.0.jar:/home/rowan/.gradle/caches/modules-2/files-2.1/de.learnlib/learnlib-adt/0.17.0/abb1cc7bbe827dc4eb466961132dbf4edf1ba574/learnlib-adt-0.17.0.jar:/home/rowan/.gradle/caches/modules-2/files-2.1/de.learnlib/learnlib-dhc/0.17.0/cccd00238a88cc8f41c2d40a362cdb09b6233cd6/learnlib-dhc-0.17.0.jar:/home/rowan/.gradle/caches/modules-2/files-2.1/de.learnlib/learnlib-procedural/0.17.0/f9513c284259cc197445d2aa2cf5f95bc14f9c64/learnlib-procedural-0.17.0.jar:/home/rowan/.gradle/caches/modules-2/files-2.1/de.learnlib/learnlib-kearns-vazirani/0.17.0/c09e83b1643d7558135368a13b4a6a6a223d8b2a/learnlib-kearns-vazirani-0.17.0.jar:/home/rowan/.gradle/caches/modules-2/files-2.1/de.learnlib/learnlib-lstar/0.17.0/d7ece5a39d307845d327c3b8b406954cdb47337f/learnlib-lstar-0.17.0.jar:/home/rowan/.gradle/caches/modules-2/files-2.1/de.learnlib/learnlib-nlstar/0.17.0/1392b226b110e635a8b38bf4c6a5035030d530e3/learnlib-nlstar-0.17.0.jar:/home/rowan/.gradle/caches/modules-2/files-2.1/de.learnlib/learnlib-observation-pack/0.17.0/1f017b96488e1879b9a89353f4792e1979a4b7ad/learnlib-observation-pack-0.17.0.jar:/home/rowan/.gradle/caches/modules-2/files-2.1/de.learnlib/learnlib-ttt-vpa/0.17.0/ed06fd22e5143dd3d678b123551e199cb06355fb/learnlib-ttt-vpa-0.17.0.jar:/home/rowan/.gradle/caches/modules-2/files-2.1/de.learnlib/learnlib-observation-pack-vpa/0.17.0/76e7355aeb6d5ff2a4f746dd9d11bdf909c584e7/learnlib-observation-pack-vpa-0.17.0.jar:/home/rowan/.gradle/caches/modules-2/files-2.1/de.learnlib/learnlib-oml/0.17.0/178a668140a006fd8b1c0e96092546de3fae4036/learnlib-oml-0.17.0.jar:/home/rowan/.gradle/caches/modules-2/files-2.1/de.lear
Launcher Type: SUN_STANDARD

[Global flags]
     intx CICompilerCount                          = 12                                        {product} {ergonomic}
     uint ConcGCThreads                            = 3                                         {product} {ergonomic}
     uint G1ConcRefinementThreads                  = 13                                        {product} {ergonomic}
   size_t G1HeapRegionSize                         = 8388608                                   {product} {ergonomic}
    uintx GCDrainStackTargetSize                   = 64                                        {product} {ergonomic}
   size_t InitialHeapSize                          = 1056964608                                {product} {ergonomic}
   size_t MarkStackSize                            = 4194304                                   {product} {ergonomic}
   size_t MaxHeapSize                              = 16844324864                               {product} {ergonomic}
   size_t MaxNewSize                               = 10099884032                               {product} {ergonomic}
   size_t MinHeapDeltaBytes                        = 8388608                                   {product} {ergonomic}
   size_t MinHeapSize                              = 8388608                                   {product} {ergonomic}
    uintx NonNMethodCodeHeapSize                   = 7602480                                {pd product} {ergonomic}
    uintx NonProfiledCodeHeapSize                  = 122027880                              {pd product} {ergonomic}
    uintx ProfiledCodeHeapSize                     = 122027880                              {pd product} {ergonomic}
    uintx ReservedCodeCacheSize                    = 251658240                              {pd product} {ergonomic}
     bool SegmentedCodeCache                       = true                                      {product} {ergonomic}
   size_t SoftMaxHeapSize                          = 16844324864                            {manageable} {ergonomic}
     bool UseCompressedClassPointers               = true                           {product lp64_product} {ergonomic}
     bool UseCompressedOops                        = true                           {product lp64_product} {ergonomic}
     bool UseG1GC                                  = true                                      {product} {ergonomic}

Logging:
Log output configuration:
 #0: stdout all=warning uptime,level,tags
 #1: stderr all=off uptime,level,tags

Environment Variables:
PATH=/home/rowan/.config/bspwm/scripts:/usr/local/sbin:/usr/local/bin:/usr/bin:/opt/android-sdk/tools:/opt/android-sdk/tools/bin:/opt/cuda/bin:/opt/cuda/nsight_compute:/opt/cuda/nsight_systems/bin:/usr/lib/jvm/default/bin:/usr/bin/site_perl:/usr/bin/vendor_perl:/usr/bin/core_perl:/usr/lib/rustup/bin:/home/rowan/.local/share/JetBrains/Toolbox/scripts
SHELL=/bin/bash
DISPLAY=:0
LANG=en_US.UTF-8

Signal Handlers:
   SIGSEGV: crash_handler in libjvm.so, mask=11100100010111111101111111111110, flags=SA_RESTART|SA_SIGINFO
    SIGBUS: crash_handler in libjvm.so, mask=11100100010111111101111111111110, flags=SA_RESTART|SA_SIGINFO
    SIGFPE: crash_handler in libjvm.so, mask=11100100010111111101111111111110, flags=SA_RESTART|SA_SIGINFO
   SIGPIPE: javaSignalHandler in libjvm.so, mask=11100100010111111101111111111110, flags=SA_RESTART|SA_SIGINFO
   SIGXFSZ: javaSignalHandler in libjvm.so, mask=11100100010111111101111111111110, flags=SA_RESTART|SA_SIGINFO
    SIGILL: crash_handler in libjvm.so, mask=11100100010111111101111111111110, flags=SA_RESTART|SA_SIGINFO
   SIGUSR2: SR_handler in libjvm.so, mask=00100000000000000000000000000000, flags=SA_RESTART|SA_SIGINFO
    SIGHUP: UserHandler in libjvm.so, mask=11100100010111111101111111111110, flags=SA_RESTART|SA_SIGINFO
    SIGINT: UserHandler in libjvm.so, mask=11100100010111111101111111111110, flags=SA_RESTART|SA_SIGINFO
   SIGTERM: UserHandler in libjvm.so, mask=11100100010111111101111111111110, flags=SA_RESTART|SA_SIGINFO
   SIGQUIT: UserHandler in libjvm.so, mask=11100100010111111101111111111110, flags=SA_RESTART|SA_SIGINFO
  *** Handler was modified!
  *** Expected: javaSignalHandler in libjvm.so, mask=11100100110111111111111111111110, flags=SA_RESTART|SA_SIGINFO
   SIGTRAP: crash_handler in libjvm.so, mask=11100100010111111101111111111110, flags=SA_RESTART|SA_SIGINFO


---------------  S Y S T E M  ---------------

OS:
DISTRIB_ID="Arch"
DISTRIB_RELEASE="rolling"
DISTRIB_DESCRIPTION="Arch Linux"
uname: Linux 6.8.2-arch2-1 #1 SMP PREEMPT_DYNAMIC Thu, 28 Mar 2024 17:06:35 +0000 x86_64
OS uptime: 0 days 2:06 hours
libc: glibc 2.39 NPTL 2.39 
rlimit (soft/hard): STACK 8192k/infinity , CORE infinity/infinity , NPROC 256672/256672 , NOFILE 524288/524288 , AS infinity/infinity , CPU infinity/infinity , DATA infinity/infinity , FSIZE infinity/infinity , MEMLOCK 8192k/8192k
load average: 5.95 6.07 5.77

/proc/meminfo:
MemTotal:       65766156 kB
MemFree:        29771428 kB
MemAvailable:   40340596 kB
Buffers:          924044 kB
Cached:         10085224 kB
SwapCached:            0 kB
Active:         28332448 kB
Inactive:        6068592 kB
Active(anon):   23796572 kB
Inactive(anon):        0 kB
Active(file):    4535876 kB
Inactive(file):  6068592 kB
Unevictable:         588 kB
Mlocked:             588 kB
SwapTotal:      16777212 kB
SwapFree:       16777212 kB
Zswap:                 0 kB
Zswapped:              0 kB
Dirty:              5324 kB
Writeback:             0 kB
AnonPages:      22487220 kB
Mapped:          3321676 kB
Shmem:            405548 kB
KReclaimable:     690912 kB
Slab:             911984 kB
SReclaimable:     690912 kB
SUnreclaim:       221072 kB
KernelStack:       40240 kB
PageTables:       134860 kB
SecPageTables:         0 kB
NFS_Unstable:          0 kB
Bounce:                0 kB
WritebackTmp:          0 kB
CommitLimit:    49660288 kB
Committed_AS:   41887900 kB
VmallocTotal:   34359738367 kB
VmallocUsed:      176516 kB
VmallocChunk:          0 kB
Percpu:            41600 kB
HardwareCorrupted:     0 kB
AnonHugePages:  12003328 kB
ShmemHugePages:        0 kB
ShmemPmdMapped:        0 kB
FileHugePages:    546816 kB
FilePmdMapped:     67584 kB
CmaTotal:              0 kB
CmaFree:               0 kB
Unaccepted:            0 kB
HugePages_Total:       0
HugePages_Free:        0
HugePages_Rsvd:        0
HugePages_Surp:        0
Hugepagesize:       2048 kB
Hugetlb:               0 kB
DirectMap4k:     1529776 kB
DirectMap2M:    35092480 kB
DirectMap1G:    30408704 kB

/sys/kernel/mm/transparent_hugepage/enabled: [always] madvise never
/sys/kernel/mm/transparent_hugepage/defrag (defrag/compaction efforts parameter): always defer defer+madvise [madvise] never

Process Memory:
Virtual Size: 19955876K (peak: 19955876K)
Resident Set Size: 59704K (peak: 59704K) (anon: 29360K, file: 30344K, shmem: 0K)
Swapped out: 0K
C-Heap outstanding allocations: 38656K, retained: 2091K
glibc malloc tunables: (default)

/proc/sys/kernel/threads-max (system-wide limit on the number of threads): 513344
/proc/sys/vm/max_map_count (maximum number of memory map areas a process may have): 65530
/proc/sys/kernel/pid_max (system-wide limit on number of process identifiers): 4194304

container (cgroup) information:
container_type: cgroupv2
cpu_cpuset_cpus: not supported
cpu_memory_nodes: not supported
active_processor_count: 16
cpu_quota: no quota
cpu_period: 100000
cpu_shares: no shares
memory_limit_in_bytes: unlimited
memory_and_swap_limit_in_bytes: unlimited
memory_soft_limit_in_bytes: unlimited
memory_usage_in_bytes: 31336380 k
memory_max_usage_in_bytes: not supported
maximum number of tasks: unlimited
current number of tasks: 1641

Steal ticks since vm start: 0
Steal ticks percentage since vm start:  0.000

CPU: total 32 (initial active 16) (16 cores per cpu, 2 threads per core) family 25 model 33 stepping 0 microcode 0xa201016, cx8, cmov, fxsr, ht, mmx, 3dnowpref, sse, sse2, sse3, ssse3, sse4a, sse4.1, sse4.2, popcnt, lzcnt, tsc, tscinvbit, avx, avx2, aes, erms, clmul, bmi1, bmi2, adx, sha, fma, vzeroupper, clflush, clflushopt
CPU Model and flags from /proc/cpuinfo:
model name	: AMD Ryzen 7 5800X 8-Core Processor
flags		: fpu vme de pse tsc msr pae mce cx8 apic sep mtrr pge mca cmov pat pse36 clflush mmx fxsr sse sse2 ht syscall nx mmxext fxsr_opt pdpe1gb rdtscp lm constant_tsc rep_good nopl nonstop_tsc cpuid extd_apicid aperfmperf rapl pni pclmulqdq monitor ssse3 fma cx16 sse4_1 sse4_2 x2apic movbe popcnt aes xsave avx f16c rdrand lahf_lm cmp_legacy svm extapic cr8_legacy abm sse4a misalignsse 3dnowprefetch osvw ibs skinit wdt tce topoext perfctr_core perfctr_nb bpext perfctr_llc mwaitx cpb cat_l3 cdp_l3 hw_pstate ssbd mba ibrs ibpb stibp vmmcall fsgsbase bmi1 avx2 smep bmi2 erms invpcid cqm rdt_a rdseed adx smap clflushopt clwb sha_ni xsaveopt xsavec xgetbv1 xsaves cqm_llc cqm_occup_llc cqm_mbm_total cqm_mbm_local user_shstk clzero irperf xsaveerptr rdpru wbnoinvd arat npt lbrv svm_lock nrip_save tsc_scale vmcb_clean flushbyasid decodeassists pausefilter pfthreshold avic v_vmsave_vmload vgif v_spec_ctrl umip pku ospke vaes vpclmulqdq rdpid overflow_recov succor smca fsrm debug_swap

Online cpus: 0-15
Offline cpus: 16-31
BIOS frequency limitation: 3800000
Frequency switch latency (ns): 0
Available cpu frequencies: 3800000 2800000 2200000 
Current governor: schedutil
Core performance/turbo boost: 1

Memory: 4k page, physical 65766156k(29771428k free), swap 16777212k(16777212k free)
Page Sizes: 4k

vm_info: OpenJDK 64-Bit Server VM (17.0.5+8-LTS) for linux-amd64 JRE (17.0.5+8-LTS), built on Oct 13 2022 05:01:28 by "jenkins" with gcc 7.3.1 20180303 (Red Hat 7.3.1-5)

END.
