#
# A fatal error has been detected by the Java Runtime Environment:
#
#  SIGSEGV (0xb) at pc=0x00007f297914fff8, pid=168489, tid=168496
#
# JRE version: OpenJDK Runtime Environment Corretto-17.0.5.8.1 (17.0.5+8) (build 17.0.5+8-LTS)
# Java VM: OpenJDK 64-Bit Server VM Corretto-17.0.5.8.1 (17.0.5+8-LTS, mixed mode, sharing, tiered, compressed oops, compressed class ptrs, g1 gc, linux-amd64)
# Problematic frame:
# C  [libc.so.6+0x75ff8]  _IO_fclose+0x8
#
# Core dump will be written. Default location: Core dumps may be processed with "/usr/lib/systemd/systemd-coredump %P %u %g %s %t %c %h" (or dumping to /home/rowan/IdeaProjects/LexerLearning/core.168489)
#
# If you would like to submit a bug report, please visit:
#   https://github.com/corretto/corretto-17/issues/
# The crash happened outside the Java Virtual Machine in native code.
# See problematic frame for where to report the bug.
#

---------------  S U M M A R Y ------------

Command Line: -Dfile.encoding=UTF-8 -Duser.country=US -Duser.language=en -Duser.variant jni.TestRunner

Host: AMD Ryzen 7 5800X 8-Core Processor, 32 cores, 62G, Arch Linux
Time: Thu Apr  4 18:53:40 2024 CEST elapsed time: 0.056194 seconds (0d 0h 0m 0s)

---------------  T H R E A D  ---------------

Current thread (0x00007f2970028e00):  JavaThread "main" [_thread_in_native, id=168496, stack(0x00007f2978c14000,0x00007f2978d14000)]

Stack: [0x00007f2978c14000,0x00007f2978d14000],  sp=0x00007f2978d128b0,  free space=1018k
Native frames: (J=compiled Java code, j=interpreted, Vv=VM code, C=native code)
C  [libc.so.6+0x75ff8]  _IO_fclose+0x8

Java frames: (J=compiled Java code, j=interpreted, Vv=VM code)
j  jni.Lexer.lex(Ljava/lang/String;)Ljni/Token;+0
j  jni.TestRunner.main([Ljava/lang/String;)V+22
v  ~StubRoutines::call_stub

siginfo: si_signo: 11 (SIGSEGV), si_code: 1 (SEGV_MAPERR), si_addr: 0x0000000000000000

Register to memory mapping:

RAX=0x00007f29792d71d0: yyin+0x0000000000000000 in /tmp/lexer18390250489417320565.lib at 0x00007f29792ce000
RBX=0x00007f29700290a8 points into unknown readable memory: 0x00007f29789a84a0 | a0 84 9a 78 29 7f 00 00
RCX=0x0000000000000009 is an unknown value
RDX=0x00007f29792d0b71: _Z5yylexv+0x0000000000000231 in /tmp/lexer18390250489417320565.lib at 0x00007f29792ce000
RSP=0x00007f2978d128b0 is pointing into the stack for thread: 0x00007f2970028e00
RBP=0x0000000000000001 is an unknown value
RSI=0x0000000000000001 is an unknown value
RDI=0x0 is NULL
R8 =0x0 is NULL
R9 =0x00007f29792d51c1: yytext+0x0000000000000001 in /tmp/lexer18390250489417320565.lib at 0x00007f29792ce000
R10=0x00007f29790edf60: <offset 0x0000000000013f60> in /usr/lib/libc.so.6 at 0x00007f29790da000
R11=0x00007f297914fff0: _IO_fclose+0x0000000000000000 in /usr/lib/libc.so.6 at 0x00007f29790da000
R12=0x00007f2978d12998 is pointing into the stack for thread: 0x00007f2970028e00
R13={method} {0x00007f2974800b58} 'lex' '(Ljava/lang/String;)Ljni/Token;' in 'jni/Lexer'
R14=0x00007f2978d12998 is pointing into the stack for thread: 0x00007f2970028e00
R15=0x00007f2970028e00 is a thread


Registers:
RAX=0x00007f29792d71d0, RBX=0x00007f29700290a8, RCX=0x0000000000000009, RDX=0x00007f29792d0b71
RSP=0x00007f2978d128b0, RBP=0x0000000000000001, RSI=0x0000000000000001, RDI=0x0000000000000000
R8 =0x0000000000000000, R9 =0x00007f29792d51c1, R10=0x00007f29790edf60, R11=0x00007f297914fff0
R12=0x00007f2978d12998, R13=0x00007f2974800b58, R14=0x00007f2978d12998, R15=0x00007f2970028e00
RIP=0x00007f297914fff8, EFLAGS=0x0000000000010202, CSGSFS=0x002b000000000033, ERR=0x0000000000000004
  TRAPNO=0x000000000000000e

Top of Stack: (sp=0x00007f2978d128b0)
0x00007f2978d128b0:   00007f29700290a8 0000000000000001
0x00007f2978d128c0:   00007f2978d12998 00007f29792d1dd0
0x00007f2978d128d0:   00007f2978d12998 00007f2974800b58
0x00007f2978d128e0:   00007f2978d12970 0000000000000000 

Instructions: (pc=0x00007f297914fff8)
0x00007f297914fef8:   00 3d 00 20 00 00 74 70 48 8b 6c 24 38 48 8d 45
0x00007f297914ff08:   ff 48 3d fe 1f 00 00 77 4f 48 89 ef ff 15 c6 20
0x00007f297914ff18:   16 00 48 89 c6 48 85 c0 0f 84 82 00 00 00 48 8d
0x00007f297914ff28:   14 28 b9 01 00 00 00 48 89 df e8 a9 ec 00 00 b8
0x00007f297914ff38:   01 00 00 00 48 8b 94 24 98 00 00 00 64 48 2b 14
0x00007f297914ff48:   25 28 00 00 00 0f 85 8f 00 00 00 48 81 c4 a0 00
0x00007f297914ff58:   00 00 5b 5d 41 5c c3 90 bd 00 20 00 00 eb aa 66
0x00007f297914ff68:   0f 1f 84 00 00 00 00 00 48 8b 44 24 28 48 89 c2
0x00007f297914ff78:   48 c1 e8 20 48 c1 ea 08 25 00 f0 ff ff 81 e2 ff
0x00007f297914ff88:   0f 00 00 09 d0 2d 88 00 00 00 83 f8 07 77 19 81
0x00007f297914ff98:   0b 00 02 00 00 e9 5e ff ff ff 66 0f 1f 44 00 00
0x00007f297914ffa8:   b8 ff ff ff ff eb 8d 90 48 8b 2d 59 1d 16 00 8b
0x00007f297914ffb8:   7b 70 64 44 8b 65 00 e8 bc 49 08 00 64 44 89 65
0x00007f297914ffc8:   00 85 c0 75 ca e9 2e ff ff ff 66 0f 1f 44 00 00
0x00007f297914ffd8:   e8 83 b4 00 00 e9 fe fe ff ff 67 e8 58 fa 09 00
0x00007f297914ffe8:   0f 1f 84 00 00 00 00 00 f3 0f 1e fa 41 54 55 53
0x00007f297914fff8:   8b 07 48 89 fb f6 c4 20 0f 85 8a 00 00 00 f6 c4
0x00007f2979150008:   80 0f 84 8f 00 00 00 c1 e0 1a c1 f8 1f 89 c5 4c
0x00007f2979150018:   8b a3 d8 00 00 00 48 8d 15 db 0e 16 00 4c 89 e0
0x00007f2979150028:   48 29 d0 48 3d 2f 09 00 00 0f 87 c9 01 00 00 48
0x00007f2979150038:   89 df 31 f6 41 ff 54 24 10 8b bb c0 00 00 00 85
0x00007f2979150048:   ff 0f 8f 11 01 00 00 48 83 7b 48 00 74 08 48 89
0x00007f2979150058:   df e8 42 e8 00 00 48 3b 1d a3 1e 16 00 0f 94 c0
0x00007f2979150068:   48 3b 1d e9 1d 16 00 0f 94 c2 08 d0 75 12 48 3b
0x00007f2979150078:   1d 4b 1d 16 00 74 09 48 89 df ff 15 b0 1c 16 00
0x00007f2979150088:   89 e8 5b 5d 41 5c c3 90 e8 5b e1 00 00 8b 03 89
0x00007f2979150098:   c2 f6 c4 80 75 44 48 8b bb 88 00 00 00 80 3d 94
0x00007f29791500a8:   9f 16 00 00 64 48 8b 2c 25 10 00 00 00 48 8b 57
0x00007f29791500b8:   08 75 75 48 39 d5 0f 84 2c 01 00 00 31 c0 ba 01
0x00007f29791500c8:   00 00 00 f0 0f b1 17 0f 85 53 01 00 00 48 8b 83
0x00007f29791500d8:   88 00 00 00 8b 13 48 89 68 08 f6 c6 20 0f 84 cd
0x00007f29791500e8:   00 00 00 48 89 df e8 6d be 00 00 89 c5 8b 03 25 


Stack slot to memory mapping:
stack at sp + 0 slots: 0x00007f29700290a8 points into unknown readable memory: 0x00007f29789a84a0 | a0 84 9a 78 29 7f 00 00
stack at sp + 1 slots: 0x0000000000000001 is an unknown value
stack at sp + 2 slots: 0x00007f2978d12998 is pointing into the stack for thread: 0x00007f2970028e00
stack at sp + 3 slots: 0x00007f29792d1dd0: Java_jni_Lexer_lex+0x0000000000000040 in /tmp/lexer18390250489417320565.lib at 0x00007f29792ce000
stack at sp + 4 slots: 0x00007f2978d12998 is pointing into the stack for thread: 0x00007f2970028e00
stack at sp + 5 slots: {method} {0x00007f2974800b58} 'lex' '(Ljava/lang/String;)Ljni/Token;' in 'jni/Lexer'
stack at sp + 6 slots: 0x00007f2978d12970 is pointing into the stack for thread: 0x00007f2970028e00
stack at sp + 7 slots: 0x0 is NULL


---------------  P R O C E S S  ---------------

Threads class SMR info:
_java_thread_list=0x00007f28e403e760, length=12, elements={
0x00007f2970028e00, 0x00007f29701edcd0, 0x00007f29701ef0b0, 0x00007f29701f4220,
0x00007f29701f55d0, 0x00007f29701f69e0, 0x00007f29701f8410, 0x00007f29701f9940,
0x00007f29701fadb0, 0x00007f2970202d50, 0x00007f2970206420, 0x00007f28e403d790
}

Java Threads: ( => current thread )
=>0x00007f2970028e00 JavaThread "main" [_thread_in_native, id=168496, stack(0x00007f2978c14000,0x00007f2978d14000)]
  0x00007f29701edcd0 JavaThread "Reference Handler" daemon [_thread_blocked, id=168507, stack(0x00007f2974c04000,0x00007f2974d04000)]
  0x00007f29701ef0b0 JavaThread "Finalizer" daemon [_thread_blocked, id=168508, stack(0x00007f2974300000,0x00007f2974400000)]
  0x00007f29701f4220 JavaThread "Signal Dispatcher" daemon [_thread_blocked, id=168509, stack(0x00007f2974200000,0x00007f2974300000)]
  0x00007f29701f55d0 JavaThread "Service Thread" daemon [_thread_blocked, id=168510, stack(0x00007f2974100000,0x00007f2974200000)]
  0x00007f29701f69e0 JavaThread "Monitor Deflation Thread" daemon [_thread_blocked, id=168511, stack(0x00007f2974000000,0x00007f2974100000)]
  0x00007f29701f8410 JavaThread "C2 CompilerThread0" daemon [_thread_blocked, id=168512, stack(0x00007f2953300000,0x00007f2953400000)]
  0x00007f29701f9940 JavaThread "C1 CompilerThread0" daemon [_thread_blocked, id=168513, stack(0x00007f2943700000,0x00007f2943800000)]
  0x00007f29701fadb0 JavaThread "Sweeper thread" daemon [_thread_blocked, id=168514, stack(0x00007f2931b00000,0x00007f2931c00000)]
  0x00007f2970202d50 JavaThread "Notification Thread" daemon [_thread_blocked, id=168516, stack(0x00007f2931a00000,0x00007f2931b00000)]
  0x00007f2970206420 JavaThread "Common-Cleaner" daemon [_thread_blocked, id=168519, stack(0x00007f2931500000,0x00007f2931600000)]
  0x00007f28e403d790 JavaThread "C1 CompilerThread1" daemon [_thread_blocked, id=168521, stack(0x00007f2931100000,0x00007f2931200000)]

Other Threads:
  0x00007f29701e9d50 VMThread "VM Thread" [stack: 0x00007f2974d06000,0x00007f2974e06000] [id=168504]
  0x00007f29702045a0 WatcherThread [stack: 0x00007f2931900000,0x00007f2931a00000] [id=168517]
  0x00007f297005a6f0 GCTaskThread "GC Thread#0" [stack: 0x00007f2975ff9000,0x00007f29760f9000] [id=168497]
  0x00007f297006b810 ConcurrentGCThread "G1 Main Marker" [stack: 0x00007f2975ef7000,0x00007f2975ff7000] [id=168498]
  0x00007f297006c770 ConcurrentGCThread "G1 Conc#0" [stack: 0x00007f2975df5000,0x00007f2975ef5000] [id=168499]
  0x00007f29701b5d70 ConcurrentGCThread "G1 Refine#0" [stack: 0x00007f2974fe6000,0x00007f29750e6000] [id=168502]
  0x00007f29701b6c60 ConcurrentGCThread "G1 Service" [stack: 0x00007f2974ee4000,0x00007f2974fe4000] [id=168503]

Threads with active compile tasks:

VM state: not at safepoint (normal execution)

VM Mutex/Monitor currently owned by a thread: None

Heap address: 0x0000000414000000, size: 16064 MB, Compressed Oops mode: Zero based, Oop shift amount: 3

CDS archive(s) mapped at: [0x0000000800000000-0x0000000800be1000-0x0000000800be1000), size 12455936, SharedBaseAddress: 0x0000000800000000, ArchiveRelocationMode: 0.
Compressed class space mapped at: 0x0000000800c00000-0x0000000840c00000, reserved size: 1073741824
Narrow klass base: 0x0000000800000000, Narrow klass shift: 0, Narrow klass range: 0x100000000

GC Precious Log:
 CPUs: 32 total, 16 available
 Memory: 64224M
 Large Page Support: Disabled
 NUMA Support: Disabled
 Compressed Oops: Enabled (Zero based)
 Heap Region Size: 8M
 Heap Min Capacity: 8M
 Heap Initial Capacity: 1008M
 Heap Max Capacity: 16064M
 Pre-touch: Disabled
 Parallel Workers: 13
 Concurrent Workers: 3
 Concurrent Refinement Workers: 13
 Periodic GC: Disabled

Heap:
 garbage-first heap   total 1048576K, used 8160K [0x0000000414000000, 0x0000000800000000)
  region size 8192K, 1 young (8192K), 0 survivors (0K)
 Metaspace       used 995K, committed 1152K, reserved 1056768K
  class space    used 88K, committed 192K, reserved 1048576K

Heap Regions: E=young(eden), S=young(survivor), O=old, HS=humongous(starts), HC=humongous(continues), CS=collection set, F=free, OA=open archive, CA=closed archive, TAMS=top-at-mark-start (previous, next)
|   0|0x0000000414000000, 0x0000000414000000, 0x0000000414800000|  0%| F|  |TAMS 0x0000000414000000, 0x0000000414000000| Untracked 
|   1|0x0000000414800000, 0x0000000414800000, 0x0000000415000000|  0%| F|  |TAMS 0x0000000414800000, 0x0000000414800000| Untracked 
|   2|0x0000000415000000, 0x0000000415000000, 0x0000000415800000|  0%| F|  |TAMS 0x0000000415000000, 0x0000000415000000| Untracked 
|   3|0x0000000415800000, 0x0000000415800000, 0x0000000416000000|  0%| F|  |TAMS 0x0000000415800000, 0x0000000415800000| Untracked 
|   4|0x0000000416000000, 0x0000000416000000, 0x0000000416800000|  0%| F|  |TAMS 0x0000000416000000, 0x0000000416000000| Untracked 
|   5|0x0000000416800000, 0x0000000416800000, 0x0000000417000000|  0%| F|  |TAMS 0x0000000416800000, 0x0000000416800000| Untracked 
|   6|0x0000000417000000, 0x0000000417000000, 0x0000000417800000|  0%| F|  |TAMS 0x0000000417000000, 0x0000000417000000| Untracked 
|   7|0x0000000417800000, 0x0000000417800000, 0x0000000418000000|  0%| F|  |TAMS 0x0000000417800000, 0x0000000417800000| Untracked 
|   8|0x0000000418000000, 0x0000000418000000, 0x0000000418800000|  0%| F|  |TAMS 0x0000000418000000, 0x0000000418000000| Untracked 
|   9|0x0000000418800000, 0x0000000418800000, 0x0000000419000000|  0%| F|  |TAMS 0x0000000418800000, 0x0000000418800000| Untracked 
|  10|0x0000000419000000, 0x0000000419000000, 0x0000000419800000|  0%| F|  |TAMS 0x0000000419000000, 0x0000000419000000| Untracked 
|  11|0x0000000419800000, 0x0000000419800000, 0x000000041a000000|  0%| F|  |TAMS 0x0000000419800000, 0x0000000419800000| Untracked 
|  12|0x000000041a000000, 0x000000041a000000, 0x000000041a800000|  0%| F|  |TAMS 0x000000041a000000, 0x000000041a000000| Untracked 
|  13|0x000000041a800000, 0x000000041a800000, 0x000000041b000000|  0%| F|  |TAMS 0x000000041a800000, 0x000000041a800000| Untracked 
|  14|0x000000041b000000, 0x000000041b000000, 0x000000041b800000|  0%| F|  |TAMS 0x000000041b000000, 0x000000041b000000| Untracked 
|  15|0x000000041b800000, 0x000000041b800000, 0x000000041c000000|  0%| F|  |TAMS 0x000000041b800000, 0x000000041b800000| Untracked 
|  16|0x000000041c000000, 0x000000041c000000, 0x000000041c800000|  0%| F|  |TAMS 0x000000041c000000, 0x000000041c000000| Untracked 
|  17|0x000000041c800000, 0x000000041c800000, 0x000000041d000000|  0%| F|  |TAMS 0x000000041c800000, 0x000000041c800000| Untracked 
|  18|0x000000041d000000, 0x000000041d000000, 0x000000041d800000|  0%| F|  |TAMS 0x000000041d000000, 0x000000041d000000| Untracked 
|  19|0x000000041d800000, 0x000000041d800000, 0x000000041e000000|  0%| F|  |TAMS 0x000000041d800000, 0x000000041d800000| Untracked 
|  20|0x000000041e000000, 0x000000041e000000, 0x000000041e800000|  0%| F|  |TAMS 0x000000041e000000, 0x000000041e000000| Untracked 
|  21|0x000000041e800000, 0x000000041e800000, 0x000000041f000000|  0%| F|  |TAMS 0x000000041e800000, 0x000000041e800000| Untracked 
|  22|0x000000041f000000, 0x000000041f000000, 0x000000041f800000|  0%| F|  |TAMS 0x000000041f000000, 0x000000041f000000| Untracked 
|  23|0x000000041f800000, 0x000000041f800000, 0x0000000420000000|  0%| F|  |TAMS 0x000000041f800000, 0x000000041f800000| Untracked 
|  24|0x0000000420000000, 0x0000000420000000, 0x0000000420800000|  0%| F|  |TAMS 0x0000000420000000, 0x0000000420000000| Untracked 
|  25|0x0000000420800000, 0x0000000420800000, 0x0000000421000000|  0%| F|  |TAMS 0x0000000420800000, 0x0000000420800000| Untracked 
|  26|0x0000000421000000, 0x0000000421000000, 0x0000000421800000|  0%| F|  |TAMS 0x0000000421000000, 0x0000000421000000| Untracked 
|  27|0x0000000421800000, 0x0000000421800000, 0x0000000422000000|  0%| F|  |TAMS 0x0000000421800000, 0x0000000421800000| Untracked 
|  28|0x0000000422000000, 0x0000000422000000, 0x0000000422800000|  0%| F|  |TAMS 0x0000000422000000, 0x0000000422000000| Untracked 
|  29|0x0000000422800000, 0x0000000422800000, 0x0000000423000000|  0%| F|  |TAMS 0x0000000422800000, 0x0000000422800000| Untracked 
|  30|0x0000000423000000, 0x0000000423000000, 0x0000000423800000|  0%| F|  |TAMS 0x0000000423000000, 0x0000000423000000| Untracked 
|  31|0x0000000423800000, 0x0000000423800000, 0x0000000424000000|  0%| F|  |TAMS 0x0000000423800000, 0x0000000423800000| Untracked 
|  32|0x0000000424000000, 0x0000000424000000, 0x0000000424800000|  0%| F|  |TAMS 0x0000000424000000, 0x0000000424000000| Untracked 
|  33|0x0000000424800000, 0x0000000424800000, 0x0000000425000000|  0%| F|  |TAMS 0x0000000424800000, 0x0000000424800000| Untracked 
|  34|0x0000000425000000, 0x0000000425000000, 0x0000000425800000|  0%| F|  |TAMS 0x0000000425000000, 0x0000000425000000| Untracked 
|  35|0x0000000425800000, 0x0000000425800000, 0x0000000426000000|  0%| F|  |TAMS 0x0000000425800000, 0x0000000425800000| Untracked 
|  36|0x0000000426000000, 0x0000000426000000, 0x0000000426800000|  0%| F|  |TAMS 0x0000000426000000, 0x0000000426000000| Untracked 
|  37|0x0000000426800000, 0x0000000426800000, 0x0000000427000000|  0%| F|  |TAMS 0x0000000426800000, 0x0000000426800000| Untracked 
|  38|0x0000000427000000, 0x0000000427000000, 0x0000000427800000|  0%| F|  |TAMS 0x0000000427000000, 0x0000000427000000| Untracked 
|  39|0x0000000427800000, 0x0000000427800000, 0x0000000428000000|  0%| F|  |TAMS 0x0000000427800000, 0x0000000427800000| Untracked 
|  40|0x0000000428000000, 0x0000000428000000, 0x0000000428800000|  0%| F|  |TAMS 0x0000000428000000, 0x0000000428000000| Untracked 
|  41|0x0000000428800000, 0x0000000428800000, 0x0000000429000000|  0%| F|  |TAMS 0x0000000428800000, 0x0000000428800000| Untracked 
|  42|0x0000000429000000, 0x0000000429000000, 0x0000000429800000|  0%| F|  |TAMS 0x0000000429000000, 0x0000000429000000| Untracked 
|  43|0x0000000429800000, 0x0000000429800000, 0x000000042a000000|  0%| F|  |TAMS 0x0000000429800000, 0x0000000429800000| Untracked 
|  44|0x000000042a000000, 0x000000042a000000, 0x000000042a800000|  0%| F|  |TAMS 0x000000042a000000, 0x000000042a000000| Untracked 
|  45|0x000000042a800000, 0x000000042a800000, 0x000000042b000000|  0%| F|  |TAMS 0x000000042a800000, 0x000000042a800000| Untracked 
|  46|0x000000042b000000, 0x000000042b000000, 0x000000042b800000|  0%| F|  |TAMS 0x000000042b000000, 0x000000042b000000| Untracked 
|  47|0x000000042b800000, 0x000000042b800000, 0x000000042c000000|  0%| F|  |TAMS 0x000000042b800000, 0x000000042b800000| Untracked 
|  48|0x000000042c000000, 0x000000042c000000, 0x000000042c800000|  0%| F|  |TAMS 0x000000042c000000, 0x000000042c000000| Untracked 
|  49|0x000000042c800000, 0x000000042c800000, 0x000000042d000000|  0%| F|  |TAMS 0x000000042c800000, 0x000000042c800000| Untracked 
|  50|0x000000042d000000, 0x000000042d000000, 0x000000042d800000|  0%| F|  |TAMS 0x000000042d000000, 0x000000042d000000| Untracked 
|  51|0x000000042d800000, 0x000000042d800000, 0x000000042e000000|  0%| F|  |TAMS 0x000000042d800000, 0x000000042d800000| Untracked 
|  52|0x000000042e000000, 0x000000042e000000, 0x000000042e800000|  0%| F|  |TAMS 0x000000042e000000, 0x000000042e000000| Untracked 
|  53|0x000000042e800000, 0x000000042e800000, 0x000000042f000000|  0%| F|  |TAMS 0x000000042e800000, 0x000000042e800000| Untracked 
|  54|0x000000042f000000, 0x000000042f000000, 0x000000042f800000|  0%| F|  |TAMS 0x000000042f000000, 0x000000042f000000| Untracked 
|  55|0x000000042f800000, 0x000000042f800000, 0x0000000430000000|  0%| F|  |TAMS 0x000000042f800000, 0x000000042f800000| Untracked 
|  56|0x0000000430000000, 0x0000000430000000, 0x0000000430800000|  0%| F|  |TAMS 0x0000000430000000, 0x0000000430000000| Untracked 
|  57|0x0000000430800000, 0x0000000430800000, 0x0000000431000000|  0%| F|  |TAMS 0x0000000430800000, 0x0000000430800000| Untracked 
|  58|0x0000000431000000, 0x0000000431000000, 0x0000000431800000|  0%| F|  |TAMS 0x0000000431000000, 0x0000000431000000| Untracked 
|  59|0x0000000431800000, 0x0000000431800000, 0x0000000432000000|  0%| F|  |TAMS 0x0000000431800000, 0x0000000431800000| Untracked 
|  60|0x0000000432000000, 0x0000000432000000, 0x0000000432800000|  0%| F|  |TAMS 0x0000000432000000, 0x0000000432000000| Untracked 
|  61|0x0000000432800000, 0x0000000432800000, 0x0000000433000000|  0%| F|  |TAMS 0x0000000432800000, 0x0000000432800000| Untracked 
|  62|0x0000000433000000, 0x0000000433000000, 0x0000000433800000|  0%| F|  |TAMS 0x0000000433000000, 0x0000000433000000| Untracked 
|  63|0x0000000433800000, 0x0000000433800000, 0x0000000434000000|  0%| F|  |TAMS 0x0000000433800000, 0x0000000433800000| Untracked 
|  64|0x0000000434000000, 0x0000000434000000, 0x0000000434800000|  0%| F|  |TAMS 0x0000000434000000, 0x0000000434000000| Untracked 
|  65|0x0000000434800000, 0x0000000434800000, 0x0000000435000000|  0%| F|  |TAMS 0x0000000434800000, 0x0000000434800000| Untracked 
|  66|0x0000000435000000, 0x0000000435000000, 0x0000000435800000|  0%| F|  |TAMS 0x0000000435000000, 0x0000000435000000| Untracked 
|  67|0x0000000435800000, 0x0000000435800000, 0x0000000436000000|  0%| F|  |TAMS 0x0000000435800000, 0x0000000435800000| Untracked 
|  68|0x0000000436000000, 0x0000000436000000, 0x0000000436800000|  0%| F|  |TAMS 0x0000000436000000, 0x0000000436000000| Untracked 
|  69|0x0000000436800000, 0x0000000436800000, 0x0000000437000000|  0%| F|  |TAMS 0x0000000436800000, 0x0000000436800000| Untracked 
|  70|0x0000000437000000, 0x0000000437000000, 0x0000000437800000|  0%| F|  |TAMS 0x0000000437000000, 0x0000000437000000| Untracked 
|  71|0x0000000437800000, 0x0000000437800000, 0x0000000438000000|  0%| F|  |TAMS 0x0000000437800000, 0x0000000437800000| Untracked 
|  72|0x0000000438000000, 0x0000000438000000, 0x0000000438800000|  0%| F|  |TAMS 0x0000000438000000, 0x0000000438000000| Untracked 
|  73|0x0000000438800000, 0x0000000438800000, 0x0000000439000000|  0%| F|  |TAMS 0x0000000438800000, 0x0000000438800000| Untracked 
|  74|0x0000000439000000, 0x0000000439000000, 0x0000000439800000|  0%| F|  |TAMS 0x0000000439000000, 0x0000000439000000| Untracked 
|  75|0x0000000439800000, 0x0000000439800000, 0x000000043a000000|  0%| F|  |TAMS 0x0000000439800000, 0x0000000439800000| Untracked 
|  76|0x000000043a000000, 0x000000043a000000, 0x000000043a800000|  0%| F|  |TAMS 0x000000043a000000, 0x000000043a000000| Untracked 
|  77|0x000000043a800000, 0x000000043a800000, 0x000000043b000000|  0%| F|  |TAMS 0x000000043a800000, 0x000000043a800000| Untracked 
|  78|0x000000043b000000, 0x000000043b000000, 0x000000043b800000|  0%| F|  |TAMS 0x000000043b000000, 0x000000043b000000| Untracked 
|  79|0x000000043b800000, 0x000000043b800000, 0x000000043c000000|  0%| F|  |TAMS 0x000000043b800000, 0x000000043b800000| Untracked 
|  80|0x000000043c000000, 0x000000043c000000, 0x000000043c800000|  0%| F|  |TAMS 0x000000043c000000, 0x000000043c000000| Untracked 
|  81|0x000000043c800000, 0x000000043c800000, 0x000000043d000000|  0%| F|  |TAMS 0x000000043c800000, 0x000000043c800000| Untracked 
|  82|0x000000043d000000, 0x000000043d000000, 0x000000043d800000|  0%| F|  |TAMS 0x000000043d000000, 0x000000043d000000| Untracked 
|  83|0x000000043d800000, 0x000000043d800000, 0x000000043e000000|  0%| F|  |TAMS 0x000000043d800000, 0x000000043d800000| Untracked 
|  84|0x000000043e000000, 0x000000043e000000, 0x000000043e800000|  0%| F|  |TAMS 0x000000043e000000, 0x000000043e000000| Untracked 
|  85|0x000000043e800000, 0x000000043e800000, 0x000000043f000000|  0%| F|  |TAMS 0x000000043e800000, 0x000000043e800000| Untracked 
|  86|0x000000043f000000, 0x000000043f000000, 0x000000043f800000|  0%| F|  |TAMS 0x000000043f000000, 0x000000043f000000| Untracked 
|  87|0x000000043f800000, 0x000000043f800000, 0x0000000440000000|  0%| F|  |TAMS 0x000000043f800000, 0x000000043f800000| Untracked 
|  88|0x0000000440000000, 0x0000000440000000, 0x0000000440800000|  0%| F|  |TAMS 0x0000000440000000, 0x0000000440000000| Untracked 
|  89|0x0000000440800000, 0x0000000440800000, 0x0000000441000000|  0%| F|  |TAMS 0x0000000440800000, 0x0000000440800000| Untracked 
|  90|0x0000000441000000, 0x0000000441000000, 0x0000000441800000|  0%| F|  |TAMS 0x0000000441000000, 0x0000000441000000| Untracked 
|  91|0x0000000441800000, 0x0000000441800000, 0x0000000442000000|  0%| F|  |TAMS 0x0000000441800000, 0x0000000441800000| Untracked 
|  92|0x0000000442000000, 0x0000000442000000, 0x0000000442800000|  0%| F|  |TAMS 0x0000000442000000, 0x0000000442000000| Untracked 
|  93|0x0000000442800000, 0x0000000442800000, 0x0000000443000000|  0%| F|  |TAMS 0x0000000442800000, 0x0000000442800000| Untracked 
|  94|0x0000000443000000, 0x0000000443000000, 0x0000000443800000|  0%| F|  |TAMS 0x0000000443000000, 0x0000000443000000| Untracked 
|  95|0x0000000443800000, 0x0000000443800000, 0x0000000444000000|  0%| F|  |TAMS 0x0000000443800000, 0x0000000443800000| Untracked 
|  96|0x0000000444000000, 0x0000000444000000, 0x0000000444800000|  0%| F|  |TAMS 0x0000000444000000, 0x0000000444000000| Untracked 
|  97|0x0000000444800000, 0x0000000444800000, 0x0000000445000000|  0%| F|  |TAMS 0x0000000444800000, 0x0000000444800000| Untracked 
|  98|0x0000000445000000, 0x0000000445000000, 0x0000000445800000|  0%| F|  |TAMS 0x0000000445000000, 0x0000000445000000| Untracked 
|  99|0x0000000445800000, 0x0000000445800000, 0x0000000446000000|  0%| F|  |TAMS 0x0000000445800000, 0x0000000445800000| Untracked 
| 100|0x0000000446000000, 0x0000000446000000, 0x0000000446800000|  0%| F|  |TAMS 0x0000000446000000, 0x0000000446000000| Untracked 
| 101|0x0000000446800000, 0x0000000446800000, 0x0000000447000000|  0%| F|  |TAMS 0x0000000446800000, 0x0000000446800000| Untracked 
| 102|0x0000000447000000, 0x0000000447000000, 0x0000000447800000|  0%| F|  |TAMS 0x0000000447000000, 0x0000000447000000| Untracked 
| 103|0x0000000447800000, 0x0000000447800000, 0x0000000448000000|  0%| F|  |TAMS 0x0000000447800000, 0x0000000447800000| Untracked 
| 104|0x0000000448000000, 0x0000000448000000, 0x0000000448800000|  0%| F|  |TAMS 0x0000000448000000, 0x0000000448000000| Untracked 
| 105|0x0000000448800000, 0x0000000448800000, 0x0000000449000000|  0%| F|  |TAMS 0x0000000448800000, 0x0000000448800000| Untracked 
| 106|0x0000000449000000, 0x0000000449000000, 0x0000000449800000|  0%| F|  |TAMS 0x0000000449000000, 0x0000000449000000| Untracked 
| 107|0x0000000449800000, 0x0000000449800000, 0x000000044a000000|  0%| F|  |TAMS 0x0000000449800000, 0x0000000449800000| Untracked 
| 108|0x000000044a000000, 0x000000044a000000, 0x000000044a800000|  0%| F|  |TAMS 0x000000044a000000, 0x000000044a000000| Untracked 
| 109|0x000000044a800000, 0x000000044a800000, 0x000000044b000000|  0%| F|  |TAMS 0x000000044a800000, 0x000000044a800000| Untracked 
| 110|0x000000044b000000, 0x000000044b000000, 0x000000044b800000|  0%| F|  |TAMS 0x000000044b000000, 0x000000044b000000| Untracked 
| 111|0x000000044b800000, 0x000000044b800000, 0x000000044c000000|  0%| F|  |TAMS 0x000000044b800000, 0x000000044b800000| Untracked 
| 112|0x000000044c000000, 0x000000044c000000, 0x000000044c800000|  0%| F|  |TAMS 0x000000044c000000, 0x000000044c000000| Untracked 
| 113|0x000000044c800000, 0x000000044c800000, 0x000000044d000000|  0%| F|  |TAMS 0x000000044c800000, 0x000000044c800000| Untracked 
| 114|0x000000044d000000, 0x000000044d000000, 0x000000044d800000|  0%| F|  |TAMS 0x000000044d000000, 0x000000044d000000| Untracked 
| 115|0x000000044d800000, 0x000000044d800000, 0x000000044e000000|  0%| F|  |TAMS 0x000000044d800000, 0x000000044d800000| Untracked 
| 116|0x000000044e000000, 0x000000044e000000, 0x000000044e800000|  0%| F|  |TAMS 0x000000044e000000, 0x000000044e000000| Untracked 
| 117|0x000000044e800000, 0x000000044e800000, 0x000000044f000000|  0%| F|  |TAMS 0x000000044e800000, 0x000000044e800000| Untracked 
| 118|0x000000044f000000, 0x000000044f000000, 0x000000044f800000|  0%| F|  |TAMS 0x000000044f000000, 0x000000044f000000| Untracked 
| 119|0x000000044f800000, 0x000000044f800000, 0x0000000450000000|  0%| F|  |TAMS 0x000000044f800000, 0x000000044f800000| Untracked 
| 120|0x0000000450000000, 0x0000000450000000, 0x0000000450800000|  0%| F|  |TAMS 0x0000000450000000, 0x0000000450000000| Untracked 
| 121|0x0000000450800000, 0x0000000450800000, 0x0000000451000000|  0%| F|  |TAMS 0x0000000450800000, 0x0000000450800000| Untracked 
| 122|0x0000000451000000, 0x0000000451000000, 0x0000000451800000|  0%| F|  |TAMS 0x0000000451000000, 0x0000000451000000| Untracked 
| 123|0x0000000451800000, 0x0000000451800000, 0x0000000452000000|  0%| F|  |TAMS 0x0000000451800000, 0x0000000451800000| Untracked 
| 124|0x0000000452000000, 0x0000000452000000, 0x0000000452800000|  0%| F|  |TAMS 0x0000000452000000, 0x0000000452000000| Untracked 
| 125|0x0000000452800000, 0x0000000452ae1508, 0x0000000453000000| 36%| E|  |TAMS 0x0000000452800000, 0x0000000452800000| Complete 
|2006|0x00000007ff000000, 0x00000007ff776000, 0x00000007ff800000| 93%|OA|  |TAMS 0x00000007ff000000, 0x00000007ff000000| Untracked 
|2007|0x00000007ff800000, 0x00000007ff882000, 0x0000000800000000|  6%|CA|  |TAMS 0x00000007ff800000, 0x00000007ff800000| Untracked 

Card table byte_map: [0x00007f2955400000,0x00007f2957360000] _byte_map_base: 0x00007f2953360000

Marking Bits (Prev, Next): (CMBitMap*) 0x00007f297005b170, (CMBitMap*) 0x00007f297005b1b0
 Prev Bits: [0x00007f2943800000, 0x00007f2953300000)
 Next Bits: [0x00007f2933c00000, 0x00007f2943700000)

Polling page: 0x00007f29792ef000

Metaspace:

Usage:
  Non-class:    906.55 KB used.
      Class:     88.79 KB used.
       Both:    995.34 KB used.

Virtual space:
  Non-class space:        8.00 MB reserved,     960.00 KB ( 12%) committed,  1 nodes.
      Class space:        1.00 GB reserved,     192.00 KB ( <1%) committed,  1 nodes.
             Both:        1.01 GB reserved,       1.12 MB ( <1%) committed. 

Chunk freelists:
   Non-Class:  3.97 MB
       Class:  3.74 MB
        Both:  7.71 MB

MaxMetaspaceSize: unlimited
CompressedClassSpaceSize: 1.00 GB
Initial GC threshold: 21.00 MB
Current GC threshold: 21.00 MB
CDS: on
MetaspaceReclaimPolicy: balanced
 - commit_granule_bytes: 65536.
 - commit_granule_words: 8192.
 - virtual_space_node_default_size: 1048576.
 - enlarge_chunks_in_place: 1.
 - new_chunks_are_fully_committed: 0.
 - uncommit_free_chunks: 1.
 - use_allocation_guard: 0.
 - handle_deallocations: 1.


Internal statistics:

num_allocs_failed_limit: 0.
num_arena_births: 26.
num_arena_deaths: 0.
num_vsnodes_births: 2.
num_vsnodes_deaths: 0.
num_space_committed: 18.
num_space_uncommitted: 0.
num_chunks_returned_to_freelist: 0.
num_chunks_taken_from_freelist: 30.
num_chunk_merges: 0.
num_chunk_splits: 19.
num_chunks_enlarged: 10.
num_purges: 0.
num_inconsistent_stats: 0.

CodeHeap 'non-profiled nmethods': size=119168Kb used=71Kb max_used=71Kb free=119097Kb
 bounds [0x00007f2960fa0000, 0x00007f2961210000, 0x00007f2968400000]
CodeHeap 'profiled nmethods': size=119164Kb used=288Kb max_used=288Kb free=118876Kb
 bounds [0x00007f2959b41000, 0x00007f2959db1000, 0x00007f2960fa0000]
CodeHeap 'non-nmethods': size=7428Kb used=1677Kb max_used=1690Kb free=5751Kb
 bounds [0x00007f2959400000, 0x00007f2959670000, 0x00007f2959b41000]
 total_blobs=613 nmethods=215 adapters=311
 compilation: enabled
              stopped_count=0, restarted_count=0
 full_count=0

Compilation events (20 events):
Event: 0.049 Thread 0x00007f28e403d790  203       3       java.lang.Class::getClassLoader (28 bytes)
Event: 0.050 Thread 0x00007f28e403d790 nmethod 203 0x00007f2959b83590 code [0x00007f2959b837c0, 0x00007f2959b84150]
Event: 0.050 Thread 0x00007f29701f9940  205   !   3       java.lang.invoke.MemberName::getMethodType (211 bytes)
Event: 0.050 Thread 0x00007f28e403d790  206       3       java.util.Arrays::equals (57 bytes)
Event: 0.051 Thread 0x00007f29701f9940 nmethod 205 0x00007f2959b84410 code [0x00007f2959b84700, 0x00007f2959b85d10]
Event: 0.051 Thread 0x00007f28e403d790 nmethod 206 0x00007f2959b86310 code [0x00007f2959b86500, 0x00007f2959b86ae0]
Event: 0.051 Thread 0x00007f29701f8410  207       4       java.lang.String::length (11 bytes)
Event: 0.052 Thread 0x00007f29701f8410 nmethod 207 0x00007f2960fb1010 code [0x00007f2960fb11a0, 0x00007f2960fb1238]
Event: 0.052 Thread 0x00007f28e403d790  209       3       java.lang.Class::getName (18 bytes)
Event: 0.052 Thread 0x00007f29701f9940  210       1       sun.invoke.util.Wrapper::basicTypeChar (5 bytes)
Event: 0.052 Thread 0x00007f29701f9940 nmethod 210 0x00007f2960fb1910 code [0x00007f2960fb1aa0, 0x00007f2960fb1b70]
Event: 0.052 Thread 0x00007f28e403d790 nmethod 209 0x00007f2959b86c90 code [0x00007f2959b86e40, 0x00007f2959b86fc0]
Event: 0.054 Thread 0x00007f28e403d790  212       3       java.lang.invoke.LambdaForm$Name::<init> (54 bytes)
Event: 0.055 Thread 0x00007f28e403d790 nmethod 212 0x00007f2959b87090 code [0x00007f2959b87240, 0x00007f2959b87510]
Event: 0.055 Thread 0x00007f28e403d790  213       3       java.lang.invoke.MethodType::equals (56 bytes)
Event: 0.055 Thread 0x00007f29701f9940  214       3       java.lang.invoke.LambdaForm$NamedFunction::methodType (23 bytes)
Event: 0.055 Thread 0x00007f29701f9940 nmethod 214 0x00007f2959b87610 code [0x00007f2959b877c0, 0x00007f2959b87a20]
Event: 0.055 Thread 0x00007f29701f9940  215       3       jdk.internal.org.objectweb.asm.ByteVector::put12 (64 bytes)
Event: 0.055 Thread 0x00007f28e403d790 nmethod 213 0x00007f2959b87b10 code [0x00007f2959b87d40, 0x00007f2959b888d0]
Event: 0.055 Thread 0x00007f29701f9940 nmethod 215 0x00007f2959b88a90 code [0x00007f2959b88c40, 0x00007f2959b88e80]

GC Heap History (0 events):
No events

Dll operation events (6 events):
Event: 0.001 Loaded shared library /home/rowan/.jdks/corretto-17.0.5/lib/libjava.so
Event: 0.007 Loaded shared library /home/rowan/.jdks/corretto-17.0.5/lib/libjsvml.so
Event: 0.019 Loaded shared library /home/rowan/.jdks/corretto-17.0.5/lib/libnio.so
Event: 0.020 Loaded shared library /home/rowan/.jdks/corretto-17.0.5/lib/libzip.so
Event: 0.033 Loaded shared library /home/rowan/.jdks/corretto-17.0.5/lib/libjimage.so
Event: 0.054 Loaded shared library /tmp/lexer18390250489417320565.lib

Deoptimization events (0 events):
No events

Classes unloaded (0 events):
No events

Classes redefined (0 events):
No events

Internal exceptions (0 events):
No events

VM Operations (0 events):
No events

Events (20 events):
Event: 0.053 loading class sun/net/www/protocol/jar/JarFileFactory
Event: 0.053 loading class sun/net/www/protocol/jar/URLJarFile$URLJarFileCloseController
Event: 0.053 loading class sun/net/www/protocol/jar/URLJarFile$URLJarFileCloseController done
Event: 0.053 loading class sun/net/www/protocol/jar/JarFileFactory done
Event: 0.053 loading class sun/net/www/protocol/file/FileURLConnection
Event: 0.053 loading class sun/net/www/URLConnection
Event: 0.053 loading class sun/net/www/URLConnection done
Event: 0.053 loading class sun/net/www/protocol/file/FileURLConnection done
Event: 0.053 loading class sun/net/www/MessageHeader
Event: 0.053 loading class sun/net/www/MessageHeader done
Event: 0.053 loading class sun/net/www/protocol/jar/URLJarFile
Event: 0.053 loading class sun/net/www/protocol/jar/URLJarFile done
Event: 0.053 loading class sun/nio/fs/UnixFileKey
Event: 0.053 loading class sun/nio/fs/UnixFileKey done
Event: 0.053 loading class sun/net/www/protocol/jar/URLJarFile$URLJarFileEntry
Event: 0.053 loading class sun/net/www/protocol/jar/URLJarFile$URLJarFileEntry done
Event: 0.053 loading class sun/net/www/protocol/jar/JarURLConnection$JarURLInputStream
Event: 0.053 loading class sun/net/www/protocol/jar/JarURLConnection$JarURLInputStream done
Event: 0.053 loading class java/io/FileOutputStream$1
Event: 0.053 loading class java/io/FileOutputStream$1 done


Dynamic libraries:
414000000-453000000 rw-p 00000000 00:00 0 
453000000-7ff000000 ---p 00000000 00:00 0 
7ff000000-7ff700000 rw-p 00000000 00:00 0 
7ff700000-7ff776000 rw-p 00c9c000 08:03 18363978                         /home/rowan/.jdks/corretto-17.0.5/lib/server/classes.jsa
7ff776000-7ff800000 rw-p 00000000 00:00 0 
7ff800000-7ff882000 rw-p 00c1a000 08:03 18363978                         /home/rowan/.jdks/corretto-17.0.5/lib/server/classes.jsa
7ff882000-800000000 rw-p 00000000 00:00 0 
800000000-800458000 rw-p 00001000 08:03 18363978                         /home/rowan/.jdks/corretto-17.0.5/lib/server/classes.jsa
800458000-800be1000 r--p 00459000 08:03 18363978                         /home/rowan/.jdks/corretto-17.0.5/lib/server/classes.jsa
800be1000-800c00000 ---p 00000000 00:00 0 
800c00000-800c10000 rw-p 00000000 00:00 0 
800c10000-800c40000 ---p 00000000 00:00 0 
800c40000-800c60000 rw-p 00000000 00:00 0 
800c60000-840c00000 ---p 00000000 00:00 0 
61bc74c00000-61bc74c01000 r-xp 00000000 08:03 18364079                   /home/rowan/.jdks/corretto-17.0.5/bin/java
61bc74e01000-61bc74e02000 r--p 00001000 08:03 18364079                   /home/rowan/.jdks/corretto-17.0.5/bin/java
61bc74e02000-61bc74e03000 rw-p 00002000 08:03 18364079                   /home/rowan/.jdks/corretto-17.0.5/bin/java
61bc76049000-61bc76094000 rw-p 00000000 00:00 0                          [heap]
7f28c4000000-7f28c40e5000 rw-p 00000000 00:00 0 
7f28c40e5000-7f28c8000000 ---p 00000000 00:00 0 
7f28cc000000-7f28cc021000 rw-p 00000000 00:00 0 
7f28cc021000-7f28d0000000 ---p 00000000 00:00 0 
7f28d0000000-7f28d0021000 rw-p 00000000 00:00 0 
7f28d0021000-7f28d4000000 ---p 00000000 00:00 0 
7f28d8000000-7f28d8021000 rw-p 00000000 00:00 0 
7f28d8021000-7f28dc000000 ---p 00000000 00:00 0 
7f28dc000000-7f28dc021000 rw-p 00000000 00:00 0 
7f28dc021000-7f28e0000000 ---p 00000000 00:00 0 
7f28e4000000-7f28e40e2000 rw-p 00000000 00:00 0 
7f28e40e2000-7f28e8000000 ---p 00000000 00:00 0 
7f28e8000000-7f28e8070000 rw-p 00000000 00:00 0 
7f28e8070000-7f28ec000000 ---p 00000000 00:00 0 
7f28f0000000-7f28f0021000 rw-p 00000000 00:00 0 
7f28f0021000-7f28f4000000 ---p 00000000 00:00 0 
7f28f4000000-7f28f4021000 rw-p 00000000 00:00 0 
7f28f4021000-7f28f8000000 ---p 00000000 00:00 0 
7f28fc000000-7f28fc021000 rw-p 00000000 00:00 0 
7f28fc021000-7f2900000000 ---p 00000000 00:00 0 
7f2900000000-7f2900021000 rw-p 00000000 00:00 0 
7f2900021000-7f2904000000 ---p 00000000 00:00 0 
7f2908000000-7f2908021000 rw-p 00000000 00:00 0 
7f2908021000-7f290c000000 ---p 00000000 00:00 0 
7f290c000000-7f290c021000 rw-p 00000000 00:00 0 
7f290c021000-7f2910000000 ---p 00000000 00:00 0 
7f2914000000-7f2914021000 rw-p 00000000 00:00 0 
7f2914021000-7f2918000000 ---p 00000000 00:00 0 
7f2918000000-7f2918021000 rw-p 00000000 00:00 0 
7f2918021000-7f291c000000 ---p 00000000 00:00 0 
7f2920000000-7f2920021000 rw-p 00000000 00:00 0 
7f2920021000-7f2924000000 ---p 00000000 00:00 0 
7f2924000000-7f2924021000 rw-p 00000000 00:00 0 
7f2924021000-7f2928000000 ---p 00000000 00:00 0 
7f292ba00000-7f292ba1a000 r-xp 00000000 08:03 18363968                   /home/rowan/.jdks/corretto-17.0.5/lib/libzip.so
7f292ba1a000-7f292bc1a000 ---p 0001a000 08:03 18363968                   /home/rowan/.jdks/corretto-17.0.5/lib/libzip.so
7f292bc1a000-7f292bc1b000 r--p 0001a000 08:03 18363968                   /home/rowan/.jdks/corretto-17.0.5/lib/libzip.so
7f292bc1b000-7f292bc1c000 rw-p 00000000 00:00 0 
7f292c000000-7f292c021000 rw-p 00000000 00:00 0 
7f292c021000-7f2930000000 ---p 00000000 00:00 0 
7f2930200000-7f293029c000 r--p 00000000 08:03 13261895                   /usr/lib/libstdc++.so.6.0.32
7f293029c000-7f29303d3000 r-xp 0009c000 08:03 13261895                   /usr/lib/libstdc++.so.6.0.32
7f29303d3000-7f2930469000 r--p 001d3000 08:03 13261895                   /usr/lib/libstdc++.so.6.0.32
7f2930469000-7f2930476000 r--p 00269000 08:03 13261895                   /usr/lib/libstdc++.so.6.0.32
7f2930476000-7f2930477000 rw-p 00276000 08:03 13261895                   /usr/lib/libstdc++.so.6.0.32
7f2930477000-7f293047b000 rw-p 00000000 00:00 0 
7f2930600000-7f2930614000 r-xp 00000000 08:03 18363965                   /home/rowan/.jdks/corretto-17.0.5/lib/libnet.so
7f2930614000-7f2930814000 ---p 00014000 08:03 18363965                   /home/rowan/.jdks/corretto-17.0.5/lib/libnet.so
7f2930814000-7f2930815000 r--p 00014000 08:03 18363965                   /home/rowan/.jdks/corretto-17.0.5/lib/libnet.so
7f2930815000-7f2930816000 rw-p 00015000 08:03 18363965                   /home/rowan/.jdks/corretto-17.0.5/lib/libnet.so
7f2930c00000-7f2930c12000 r-xp 00000000 08:03 18363966                   /home/rowan/.jdks/corretto-17.0.5/lib/libnio.so
7f2930c12000-7f2930e11000 ---p 00012000 08:03 18363966                   /home/rowan/.jdks/corretto-17.0.5/lib/libnio.so
7f2930e11000-7f2930e12000 r--p 00011000 08:03 18363966                   /home/rowan/.jdks/corretto-17.0.5/lib/libnio.so
7f2930e12000-7f2930e13000 rw-p 00012000 08:03 18363966                   /home/rowan/.jdks/corretto-17.0.5/lib/libnio.so
7f2931100000-7f2931104000 ---p 00000000 00:00 0 
7f2931104000-7f2931200000 rw-p 00000000 00:00 0 
7f2931200000-7f29314eb000 r--p 00000000 08:03 13299363                   /usr/lib/locale/locale-archive
7f2931500000-7f2931504000 ---p 00000000 00:00 0 
7f2931504000-7f2931600000 rw-p 00000000 00:00 0 
7f2931600000-7f29316ce000 r-xp 00000000 08:03 18364004                   /home/rowan/.jdks/corretto-17.0.5/lib/libjsvml.so
7f29316ce000-7f29318cd000 ---p 000ce000 08:03 18364004                   /home/rowan/.jdks/corretto-17.0.5/lib/libjsvml.so
7f29318cd000-7f29318ce000 r--p 000cd000 08:03 18364004                   /home/rowan/.jdks/corretto-17.0.5/lib/libjsvml.so
7f29318ce000-7f29318cf000 rw-p 000ce000 08:03 18364004                   /home/rowan/.jdks/corretto-17.0.5/lib/libjsvml.so
7f29318fe000-7f29318ff000 ---p 00000000 00:00 0 
7f29318ff000-7f2931a00000 rw-p 00000000 00:00 0 
7f2931a00000-7f2931a04000 ---p 00000000 00:00 0 
7f2931a04000-7f2931b00000 rw-p 00000000 00:00 0 
7f2931b00000-7f2931b04000 ---p 00000000 00:00 0 
7f2931b04000-7f2931c00000 rw-p 00000000 00:00 0 
7f2931c00000-7f2934bc0000 rw-p 00000000 00:00 0 
7f2934bc0000-7f29436c0000 ---p 00000000 00:00 0 
7f29436c0000-7f2943700000 rw-p 00000000 00:00 0 
7f2943700000-7f2943704000 ---p 00000000 00:00 0 
7f2943704000-7f2943800000 rw-p 00000000 00:00 0 
7f2943800000-7f29447c0000 rw-p 00000000 00:00 0 
7f29447c0000-7f29532c0000 ---p 00000000 00:00 0 
7f29532c0000-7f2953300000 rw-p 00000000 00:00 0 
7f2953300000-7f2953304000 ---p 00000000 00:00 0 
7f2953304000-7f2953400000 rw-p 00000000 00:00 0 
7f2953400000-7f29535f8000 rw-p 00000000 00:00 0 
7f29535f8000-7f2955358000 ---p 00000000 00:00 0 
7f2955358000-7f2955360000 rw-p 00000000 00:00 0 
7f2955400000-7f29555f8000 rw-p 00000000 00:00 0 
7f29555f8000-7f2957358000 ---p 00000000 00:00 0 
7f2957358000-7f2957360000 rw-p 00000000 00:00 0 
7f2957400000-7f29575f8000 rw-p 00000000 00:00 0 
7f29575f8000-7f2959358000 ---p 00000000 00:00 0 
7f2959358000-7f2959360000 rw-p 00000000 00:00 0 
7f2959400000-7f2959670000 rwxp 00000000 00:00 0 
7f2959670000-7f2959b41000 ---p 00000000 00:00 0 
7f2959b41000-7f2959db1000 rwxp 00000000 00:00 0 
7f2959db1000-7f2960fa0000 ---p 00000000 00:00 0 
7f2960fa0000-7f2961210000 rwxp 00000000 00:00 0 
7f2961210000-7f2968400000 ---p 00000000 00:00 0 
7f2968400000-7f296ff75000 r--s 00000000 08:03 18363955                   /home/rowan/.jdks/corretto-17.0.5/lib/modules
7f2970000000-7f29702a1000 rw-p 00000000 00:00 0 
7f29702a1000-7f2974004000 ---p 00000000 00:00 0 
7f2974004000-7f2974100000 rw-p 00000000 00:00 0 
7f2974100000-7f2974104000 ---p 00000000 00:00 0 
7f2974104000-7f2974200000 rw-p 00000000 00:00 0 
7f2974200000-7f2974204000 ---p 00000000 00:00 0 
7f2974204000-7f2974300000 rw-p 00000000 00:00 0 
7f2974300000-7f2974304000 ---p 00000000 00:00 0 
7f2974304000-7f2974400000 rw-p 00000000 00:00 0 
7f2974400000-7f29744e0000 rw-p 00000000 00:00 0 
7f29744e0000-7f2974800000 ---p 00000000 00:00 0 
7f2974800000-7f2974810000 rw-p 00000000 00:00 0 
7f2974810000-7f2974c00000 ---p 00000000 00:00 0 
7f2974c04000-7f2974c08000 ---p 00000000 00:00 0 
7f2974c08000-7f2974d04000 rw-p 00000000 00:00 0 
7f2974d04000-7f2974d05000 ---p 00000000 00:00 0 
7f2974d05000-7f2974e06000 rw-p 00000000 00:00 0 
7f2974e06000-7f2974ee2000 rw-p 00000000 00:00 0 
7f2974ee2000-7f2974ee3000 ---p 00000000 00:00 0 
7f2974ee3000-7f2974fe4000 rw-p 00000000 00:00 0 
7f2974fe4000-7f2974fe5000 ---p 00000000 00:00 0 
7f2974fe5000-7f29750e6000 rw-p 00000000 00:00 0 
7f29750e6000-7f2975df3000 rw-p 00000000 00:00 0 
7f2975df3000-7f2975df4000 ---p 00000000 00:00 0 
7f2975df4000-7f2975ef5000 rw-p 00000000 00:00 0 
7f2975ef5000-7f2975ef6000 ---p 00000000 00:00 0 
7f2975ef6000-7f2975ff7000 rw-p 00000000 00:00 0 
7f2975ff7000-7f2975ff8000 ---p 00000000 00:00 0 
7f2975ff8000-7f29760f9000 rw-p 00000000 00:00 0 
7f29760f9000-7f2976800000 rw-p 00000000 00:00 0 
7f2976800000-7f2976824000 r-xp 00000000 08:03 18363961                   /home/rowan/.jdks/corretto-17.0.5/lib/libjava.so
7f2976824000-7f2976a23000 ---p 00024000 08:03 18363961                   /home/rowan/.jdks/corretto-17.0.5/lib/libjava.so
7f2976a23000-7f2976a24000 r--p 00023000 08:03 18363961                   /home/rowan/.jdks/corretto-17.0.5/lib/libjava.so
7f2976a24000-7f2976a25000 rw-p 00024000 08:03 18363961                   /home/rowan/.jdks/corretto-17.0.5/lib/libjava.so
7f2976a25000-7f2976a26000 rw-p 00000000 00:00 0 
7f2976a2c000-7f2976a30000 r--p 00000000 08:03 13242445                   /usr/lib/libgcc_s.so.1
7f2976a30000-7f2976a4b000 r-xp 00004000 08:03 13242445                   /usr/lib/libgcc_s.so.1
7f2976a4b000-7f2976a4f000 r--p 0001f000 08:03 13242445                   /usr/lib/libgcc_s.so.1
7f2976a4f000-7f2976a50000 r--p 00022000 08:03 13242445                   /usr/lib/libgcc_s.so.1
7f2976a50000-7f2976a51000 rw-p 00023000 08:03 13242445                   /usr/lib/libgcc_s.so.1
7f2976a7d000-7f2976e00000 rw-p 00000000 00:00 0 
7f2976e00000-7f2976e1b000 r-xp 00000000 08:03 18363962                   /home/rowan/.jdks/corretto-17.0.5/lib/libjimage.so
7f2976e1b000-7f297701a000 ---p 0001b000 08:03 18363962                   /home/rowan/.jdks/corretto-17.0.5/lib/libjimage.so
7f297701a000-7f297701c000 r--p 0001a000 08:03 18363962                   /home/rowan/.jdks/corretto-17.0.5/lib/libjimage.so
7f297701c000-7f297701d000 rw-p 0001c000 08:03 18363962                   /home/rowan/.jdks/corretto-17.0.5/lib/libjimage.so
7f297703c000-7f2977400000 rw-p 00000000 00:00 0 
7f2977400000-7f29786ea000 r-xp 00000000 08:03 18363976                   /home/rowan/.jdks/corretto-17.0.5/lib/server/libjvm.so
7f29786ea000-7f29788e9000 ---p 012ea000 08:03 18363976                   /home/rowan/.jdks/corretto-17.0.5/lib/server/libjvm.so
7f29788e9000-7f29789a2000 r--p 012e9000 08:03 18363976                   /home/rowan/.jdks/corretto-17.0.5/lib/server/libjvm.so
7f29789a2000-7f29789d7000 rw-p 013a2000 08:03 18363976                   /home/rowan/.jdks/corretto-17.0.5/lib/server/libjvm.so
7f29789d7000-7f2978a31000 rw-p 00000000 00:00 0 
7f2978a42000-7f2978a47000 rw-p 00000000 00:00 0 
7f2978a47000-7f2978b2b000 ---p 00000000 00:00 0 
7f2978b2b000-7f2978b30000 rw-p 00000000 00:00 0 
7f2978b30000-7f2978c14000 ---p 00000000 00:00 0 
7f2978c14000-7f2978c18000 ---p 00000000 00:00 0 
7f2978c18000-7f2978d14000 rw-p 00000000 00:00 0 
7f2978d14000-7f2978d22000 r--p 00000000 08:03 13241698                   /usr/lib/libm.so.6
7f2978d22000-7f2978da2000 r-xp 0000e000 08:03 13241698                   /usr/lib/libm.so.6
7f2978da2000-7f2978dfe000 r--p 0008e000 08:03 13241698                   /usr/lib/libm.so.6
7f2978dfe000-7f2978dff000 r--p 000e9000 08:03 13241698                   /usr/lib/libm.so.6
7f2978dff000-7f2978e00000 rw-p 000ea000 08:03 13241698                   /usr/lib/libm.so.6
7f2978e00000-7f2978e19000 r-xp 00000000 08:03 18363963                   /home/rowan/.jdks/corretto-17.0.5/lib/libjli.so
7f2978e19000-7f2979018000 ---p 00019000 08:03 18363963                   /home/rowan/.jdks/corretto-17.0.5/lib/libjli.so
7f2979018000-7f2979019000 r--p 00018000 08:03 18363963                   /home/rowan/.jdks/corretto-17.0.5/lib/libjli.so
7f2979019000-7f297901a000 rw-p 00019000 08:03 18363963                   /home/rowan/.jdks/corretto-17.0.5/lib/libjli.so
7f2979024000-7f29790d3000 rw-p 00000000 00:00 0 
7f29790d3000-7f29790d4000 r--p 00000000 08:03 13241728                   /usr/lib/librt.so.1
7f29790d4000-7f29790d5000 r-xp 00001000 08:03 13241728                   /usr/lib/librt.so.1
7f29790d5000-7f29790d6000 r--p 00002000 08:03 13241728                   /usr/lib/librt.so.1
7f29790d6000-7f29790d7000 r--p 00002000 08:03 13241728                   /usr/lib/librt.so.1
7f29790d7000-7f29790d8000 rw-p 00003000 08:03 13241728                   /usr/lib/librt.so.1
7f29790d8000-7f29790da000 rw-p 00000000 00:00 0 
7f29790da000-7f29790fe000 r--p 00000000 08:03 13241673                   /usr/lib/libc.so.6
7f29790fe000-7f2979259000 r-xp 00024000 08:03 13241673                   /usr/lib/libc.so.6
7f2979259000-7f29792ae000 r--p 0017f000 08:03 13241673                   /usr/lib/libc.so.6
7f29792ae000-7f29792b2000 r--p 001d3000 08:03 13241673                   /usr/lib/libc.so.6
7f29792b2000-7f29792b4000 rw-p 001d7000 08:03 13241673                   /usr/lib/libc.so.6
7f29792b4000-7f29792bc000 rw-p 00000000 00:00 0 
7f29792bc000-7f29792bd000 r--p 00000000 08:03 13241684                   /usr/lib/libdl.so.2
7f29792bd000-7f29792be000 r-xp 00001000 08:03 13241684                   /usr/lib/libdl.so.2
7f29792be000-7f29792bf000 r--p 00002000 08:03 13241684                   /usr/lib/libdl.so.2
7f29792bf000-7f29792c0000 r--p 00002000 08:03 13241684                   /usr/lib/libdl.so.2
7f29792c0000-7f29792c1000 rw-p 00003000 08:03 13241684                   /usr/lib/libdl.so.2
7f29792c1000-7f29792c2000 r--p 00000000 08:03 13241723                   /usr/lib/libpthread.so.0
7f29792c2000-7f29792c3000 r-xp 00001000 08:03 13241723                   /usr/lib/libpthread.so.0
7f29792c3000-7f29792c4000 r--p 00002000 08:03 13241723                   /usr/lib/libpthread.so.0
7f29792c4000-7f29792c5000 r--p 00002000 08:03 13241723                   /usr/lib/libpthread.so.0
7f29792c5000-7f29792c6000 rw-p 00003000 08:03 13241723                   /usr/lib/libpthread.so.0
7f29792ce000-7f29792d0000 r--p 00000000 00:21 19466                      /tmp/lexer18390250489417320565.lib
7f29792d0000-7f29792d3000 r-xp 00002000 00:21 19466                      /tmp/lexer18390250489417320565.lib
7f29792d3000-7f29792d4000 r--p 00005000 00:21 19466                      /tmp/lexer18390250489417320565.lib
7f29792d4000-7f29792d5000 r--p 00005000 00:21 19466                      /tmp/lexer18390250489417320565.lib
7f29792d5000-7f29792d6000 rw-p 00006000 00:21 19466                      /tmp/lexer18390250489417320565.lib
7f29792d6000-7f29792dd000 rw-p 00000000 00:00 0 
7f29792dd000-7f29792e7000 ---p 00000000 00:00 0 
7f29792e7000-7f29792ef000 rw-s 00000000 00:21 19465                      /tmp/hsperfdata_rowan/168489
7f29792ef000-7f29792f0000 ---p 00000000 00:00 0 
7f29792f0000-7f29792f1000 r--p 00000000 00:00 0 
7f29792f1000-7f29792f2000 ---p 00000000 00:00 0 
7f29792f2000-7f29792f4000 rw-p 00000000 00:00 0 
7f29792f4000-7f29792f5000 r--p 00000000 08:03 13241644                   /usr/lib/ld-linux-x86-64.so.2
7f29792f5000-7f297931c000 r-xp 00001000 08:03 13241644                   /usr/lib/ld-linux-x86-64.so.2
7f297931c000-7f2979327000 r--p 00028000 08:03 13241644                   /usr/lib/ld-linux-x86-64.so.2
7f2979327000-7f2979329000 r--p 00032000 08:03 13241644                   /usr/lib/ld-linux-x86-64.so.2
7f2979329000-7f297932b000 rw-p 00034000 08:03 13241644                   /usr/lib/ld-linux-x86-64.so.2
7fff4093e000-7fff40962000 rw-p 00000000 00:00 0                          [stack]
7fff409bf000-7fff409c3000 r--p 00000000 00:00 0                          [vvar]
7fff409c3000-7fff409c5000 r-xp 00000000 00:00 0                          [vdso]
ffffffffff600000-ffffffffff601000 --xp 00000000 00:00 0                  [vsyscall]


VM Arguments:
jvm_args: -Dfile.encoding=UTF-8 -Duser.country=US -Duser.language=en -Duser.variant 
java_command: jni.TestRunner
java_class_path (initial): /home/rowan/IdeaProjects/LexerLearning/jni-runner/build/classes/java/main:/home/rowan/IdeaProjects/LexerLearning/jni-runner/build/resources/main:/home/rowan/IdeaProjects/LexerLearning/jni-lib/build/libs/jni-lib.jar:/home/rowan/.gradle/caches/modules-2/files-2.1/de.learnlib/learnlib-aaar/0.17.0/e0189d85b19795a262def7e140b319414d6ac804/learnlib-aaar-0.17.0.jar:/home/rowan/.gradle/caches/modules-2/files-2.1/de.learnlib/learnlib-adt/0.17.0/abb1cc7bbe827dc4eb466961132dbf4edf1ba574/learnlib-adt-0.17.0.jar:/home/rowan/.gradle/caches/modules-2/files-2.1/de.learnlib/learnlib-dhc/0.17.0/cccd00238a88cc8f41c2d40a362cdb09b6233cd6/learnlib-dhc-0.17.0.jar:/home/rowan/.gradle/caches/modules-2/files-2.1/de.learnlib/learnlib-procedural/0.17.0/f9513c284259cc197445d2aa2cf5f95bc14f9c64/learnlib-procedural-0.17.0.jar:/home/rowan/.gradle/caches/modules-2/files-2.1/de.learnlib/learnlib-kearns-vazirani/0.17.0/c09e83b1643d7558135368a13b4a6a6a223d8b2a/learnlib-kearns-vazirani-0.17.0.jar:/home/rowan/.gradle/caches/modules-2/files-2.1/de.learnlib/learnlib-lstar/0.17.0/d7ece5a39d307845d327c3b8b406954cdb47337f/learnlib-lstar-0.17.0.jar:/home/rowan/.gradle/caches/modules-2/files-2.1/de.learnlib/learnlib-nlstar/0.17.0/1392b226b110e635a8b38bf4c6a5035030d530e3/learnlib-nlstar-0.17.0.jar:/home/rowan/.gradle/caches/modules-2/files-2.1/de.learnlib/learnlib-observation-pack/0.17.0/1f017b96488e1879b9a89353f4792e1979a4b7ad/learnlib-observation-pack-0.17.0.jar:/home/rowan/.gradle/caches/modules-2/files-2.1/de.learnlib/learnlib-ttt-vpa/0.17.0/ed06fd22e5143dd3d678b123551e199cb06355fb/learnlib-ttt-vpa-0.17.0.jar:/home/rowan/.gradle/caches/modules-2/files-2.1/de.learnlib/learnlib-observation-pack-vpa/0.17.0/76e7355aeb6d5ff2a4f746dd9d11bdf909c584e7/learnlib-observation-pack-vpa-0.17.0.jar:/home/rowan/.gradle/caches/modules-2/files-2.1/de.learnlib/learnlib-oml/0.17.0/178a668140a006fd8b1c0e96092546de3fae4036/learnlib-oml-0.17.0.jar:/home/rowan/.gradle/caches/modules-2/files-2.1/de.lear
Launcher Type: SUN_STANDARD

[Global flags]
     intx CICompilerCount                          = 12                                        {product} {ergonomic}
     uint ConcGCThreads                            = 3                                         {product} {ergonomic}
     uint G1ConcRefinementThreads                  = 13                                        {product} {ergonomic}
   size_t G1HeapRegionSize                         = 8388608                                   {product} {ergonomic}
    uintx GCDrainStackTargetSize                   = 64                                        {product} {ergonomic}
   size_t InitialHeapSize                          = 1056964608                                {product} {ergonomic}
   size_t MarkStackSize                            = 4194304                                   {product} {ergonomic}
   size_t MaxHeapSize                              = 16844324864                               {product} {ergonomic}
   size_t MaxNewSize                               = 10099884032                               {product} {ergonomic}
   size_t MinHeapDeltaBytes                        = 8388608                                   {product} {ergonomic}
   size_t MinHeapSize                              = 8388608                                   {product} {ergonomic}
    uintx NonNMethodCodeHeapSize                   = 7602480                                {pd product} {ergonomic}
    uintx NonProfiledCodeHeapSize                  = 122027880                              {pd product} {ergonomic}
    uintx ProfiledCodeHeapSize                     = 122027880                              {pd product} {ergonomic}
    uintx ReservedCodeCacheSize                    = 251658240                              {pd product} {ergonomic}
     bool SegmentedCodeCache                       = true                                      {product} {ergonomic}
   size_t SoftMaxHeapSize                          = 16844324864                            {manageable} {ergonomic}
     bool UseCompressedClassPointers               = true                           {product lp64_product} {ergonomic}
     bool UseCompressedOops                        = true                           {product lp64_product} {ergonomic}
     bool UseG1GC                                  = true                                      {product} {ergonomic}

Logging:
Log output configuration:
 #0: stdout all=warning uptime,level,tags
 #1: stderr all=off uptime,level,tags

Environment Variables:
PATH=/home/rowan/.config/bspwm/scripts:/usr/local/sbin:/usr/local/bin:/usr/bin:/opt/android-sdk/tools:/opt/android-sdk/tools/bin:/opt/cuda/bin:/opt/cuda/nsight_compute:/opt/cuda/nsight_systems/bin:/usr/lib/jvm/default/bin:/usr/bin/site_perl:/usr/bin/vendor_perl:/usr/bin/core_perl:/usr/lib/rustup/bin:/home/rowan/.local/share/JetBrains/Toolbox/scripts
SHELL=/bin/bash
DISPLAY=:0
LANG=en_US.UTF-8

Signal Handlers:
   SIGSEGV: crash_handler in libjvm.so, mask=11100100010111111101111111111110, flags=SA_RESTART|SA_SIGINFO
    SIGBUS: crash_handler in libjvm.so, mask=11100100010111111101111111111110, flags=SA_RESTART|SA_SIGINFO
    SIGFPE: crash_handler in libjvm.so, mask=11100100010111111101111111111110, flags=SA_RESTART|SA_SIGINFO
   SIGPIPE: javaSignalHandler in libjvm.so, mask=11100100010111111101111111111110, flags=SA_RESTART|SA_SIGINFO
   SIGXFSZ: javaSignalHandler in libjvm.so, mask=11100100010111111101111111111110, flags=SA_RESTART|SA_SIGINFO
    SIGILL: crash_handler in libjvm.so, mask=11100100010111111101111111111110, flags=SA_RESTART|SA_SIGINFO
   SIGUSR2: SR_handler in libjvm.so, mask=00100000000000000000000000000000, flags=SA_RESTART|SA_SIGINFO
    SIGHUP: UserHandler in libjvm.so, mask=11100100010111111101111111111110, flags=SA_RESTART|SA_SIGINFO
    SIGINT: UserHandler in libjvm.so, mask=11100100010111111101111111111110, flags=SA_RESTART|SA_SIGINFO
   SIGTERM: UserHandler in libjvm.so, mask=11100100010111111101111111111110, flags=SA_RESTART|SA_SIGINFO
   SIGQUIT: UserHandler in libjvm.so, mask=11100100010111111101111111111110, flags=SA_RESTART|SA_SIGINFO
  *** Handler was modified!
  *** Expected: javaSignalHandler in libjvm.so, mask=11100100110111111111111111111110, flags=SA_RESTART|SA_SIGINFO
   SIGTRAP: crash_handler in libjvm.so, mask=11100100010111111101111111111110, flags=SA_RESTART|SA_SIGINFO


---------------  S Y S T E M  ---------------

OS:
DISTRIB_ID="Arch"
DISTRIB_RELEASE="rolling"
DISTRIB_DESCRIPTION="Arch Linux"
uname: Linux 6.8.2-arch2-1 #1 SMP PREEMPT_DYNAMIC Thu, 28 Mar 2024 17:06:35 +0000 x86_64
OS uptime: 0 days 2:39 hours
libc: glibc 2.39 NPTL 2.39 
rlimit (soft/hard): STACK 8192k/infinity , CORE infinity/infinity , NPROC 256672/256672 , NOFILE 524288/524288 , AS infinity/infinity , CPU infinity/infinity , DATA infinity/infinity , FSIZE infinity/infinity , MEMLOCK 8192k/8192k
load average: 4.11 4.16 4.81

/proc/meminfo:
MemTotal:       65766156 kB
MemFree:        28716400 kB
MemAvailable:   39776464 kB
Buffers:          936628 kB
Cached:         10565164 kB
SwapCached:            0 kB
Active:         28892552 kB
Inactive:        6541316 kB
Active(anon):   24352868 kB
Inactive(anon):        0 kB
Active(file):    4539684 kB
Inactive(file):  6541316 kB
Unevictable:         588 kB
Mlocked:             588 kB
SwapTotal:      16777212 kB
SwapFree:       16777212 kB
Zswap:                 0 kB
Zswapped:              0 kB
Dirty:             33872 kB
Writeback:             0 kB
AnonPages:      22997852 kB
Mapped:          3356404 kB
Shmem:            421548 kB
KReclaimable:     705276 kB
Slab:             933708 kB
SReclaimable:     705276 kB
SUnreclaim:       228432 kB
KernelStack:       40680 kB
PageTables:       139296 kB
SecPageTables:         0 kB
NFS_Unstable:          0 kB
Bounce:                0 kB
WritebackTmp:          0 kB
CommitLimit:    49660288 kB
Committed_AS:   43068940 kB
VmallocTotal:   34359738367 kB
VmallocUsed:      177068 kB
VmallocChunk:          0 kB
Percpu:            42368 kB
HardwareCorrupted:     0 kB
AnonHugePages:  12003328 kB
ShmemHugePages:        0 kB
ShmemPmdMapped:        0 kB
FileHugePages:    546816 kB
FilePmdMapped:     67584 kB
CmaTotal:              0 kB
CmaFree:               0 kB
Unaccepted:            0 kB
HugePages_Total:       0
HugePages_Free:        0
HugePages_Rsvd:        0
HugePages_Surp:        0
Hugepagesize:       2048 kB
Hugetlb:               0 kB
DirectMap4k:     1589168 kB
DirectMap2M:    36081664 kB
DirectMap1G:    29360128 kB

/sys/kernel/mm/transparent_hugepage/enabled: [always] madvise never
/sys/kernel/mm/transparent_hugepage/defrag (defrag/compaction efforts parameter): always defer defer+madvise [madvise] never

Process Memory:
Virtual Size: 19882144K (peak: 19940936K)
Resident Set Size: 58740K (peak: 58740K) (anon: 28440K, file: 30300K, shmem: 0K)
Swapped out: 0K
C-Heap outstanding allocations: 37985K, retained: 2090K
glibc malloc tunables: (default)

/proc/sys/kernel/threads-max (system-wide limit on the number of threads): 513344
/proc/sys/vm/max_map_count (maximum number of memory map areas a process may have): 65530
/proc/sys/kernel/pid_max (system-wide limit on number of process identifiers): 4194304

container (cgroup) information:
container_type: cgroupv2
cpu_cpuset_cpus: not supported
cpu_memory_nodes: not supported
active_processor_count: 16
cpu_quota: no quota
cpu_period: 100000
cpu_shares: no shares
memory_limit_in_bytes: unlimited
memory_and_swap_limit_in_bytes: unlimited
memory_soft_limit_in_bytes: unlimited
memory_usage_in_bytes: 31977292 k
memory_max_usage_in_bytes: not supported
maximum number of tasks: unlimited
current number of tasks: 1671

Steal ticks since vm start: 0
Steal ticks percentage since vm start:  0.000

CPU: total 32 (initial active 16) (16 cores per cpu, 2 threads per core) family 25 model 33 stepping 0 microcode 0xa201016, cx8, cmov, fxsr, ht, mmx, 3dnowpref, sse, sse2, sse3, ssse3, sse4a, sse4.1, sse4.2, popcnt, lzcnt, tsc, tscinvbit, avx, avx2, aes, erms, clmul, bmi1, bmi2, adx, sha, fma, vzeroupper, clflush, clflushopt
CPU Model and flags from /proc/cpuinfo:
model name	: AMD Ryzen 7 5800X 8-Core Processor
flags		: fpu vme de pse tsc msr pae mce cx8 apic sep mtrr pge mca cmov pat pse36 clflush mmx fxsr sse sse2 ht syscall nx mmxext fxsr_opt pdpe1gb rdtscp lm constant_tsc rep_good nopl nonstop_tsc cpuid extd_apicid aperfmperf rapl pni pclmulqdq monitor ssse3 fma cx16 sse4_1 sse4_2 x2apic movbe popcnt aes xsave avx f16c rdrand lahf_lm cmp_legacy svm extapic cr8_legacy abm sse4a misalignsse 3dnowprefetch osvw ibs skinit wdt tce topoext perfctr_core perfctr_nb bpext perfctr_llc mwaitx cpb cat_l3 cdp_l3 hw_pstate ssbd mba ibrs ibpb stibp vmmcall fsgsbase bmi1 avx2 smep bmi2 erms invpcid cqm rdt_a rdseed adx smap clflushopt clwb sha_ni xsaveopt xsavec xgetbv1 xsaves cqm_llc cqm_occup_llc cqm_mbm_total cqm_mbm_local user_shstk clzero irperf xsaveerptr rdpru wbnoinvd arat npt lbrv svm_lock nrip_save tsc_scale vmcb_clean flushbyasid decodeassists pausefilter pfthreshold avic v_vmsave_vmload vgif v_spec_ctrl umip pku ospke vaes vpclmulqdq rdpid overflow_recov succor smca fsrm debug_swap

Online cpus: 0-15
Offline cpus: 16-31
BIOS frequency limitation: 3800000
Frequency switch latency (ns): 0
Available cpu frequencies: 3800000 2800000 2200000 
Current governor: schedutil
Core performance/turbo boost: 1

Memory: 4k page, physical 65766156k(28716400k free), swap 16777212k(16777212k free)
Page Sizes: 4k

vm_info: OpenJDK 64-Bit Server VM (17.0.5+8-LTS) for linux-amd64 JRE (17.0.5+8-LTS), built on Oct 13 2022 05:01:28 by "jenkins" with gcc 7.3.1 20180303 (Red Hat 7.3.1-5)

END.
