#
# A fatal error has been detected by the Java Runtime Environment:
#
#  SIGSEGV (0xb) at pc=0x0000779052af425f, pid=151735, tid=151757
#
# JRE version: OpenJDK Runtime Environment Corretto-17.0.5.8.1 (17.0.5+8) (build 17.0.5+8-LTS)
# Java VM: OpenJDK 64-Bit Server VM Corretto-17.0.5.8.1 (17.0.5+8-LTS, mixed mode, sharing, tiered, compressed oops, compressed class ptrs, g1 gc, linux-amd64)
# Problematic frame:
# C  [libc.so.6+0x8225f]  _IO_file_fopen+0x2f
#
# Core dump will be written. Default location: Core dumps may be processed with "/usr/lib/systemd/systemd-coredump %P %u %g %s %t %c %h" (or dumping to /home/rowan/IdeaProjects/LexerLearning/core.151735)
#
# If you would like to submit a bug report, please visit:
#   https://github.com/corretto/corretto-17/issues/
#

---------------  S U M M A R Y ------------

Command Line: -Dfile.encoding=UTF-8 -Duser.country=US -Duser.language=en -Duser.variant jni.TestRunner

Host: AMD Ryzen 7 5800X 8-Core Processor, 32 cores, 62G, Arch Linux
Time: Thu Apr  4 18:21:26 2024 CEST elapsed time: 0.047380 seconds (0d 0h 0m 0s)

---------------  T H R E A D  ---------------

Current thread is native thread

Stack: [0x0000779004a02000,0x0000779005201000],  sp=0x00007790051ffe10,  free space=8183k
Native frames: (J=compiled Java code, j=interpreted, Vv=VM code, C=native code)
C  [libc.so.6+0x8225f]  _IO_file_fopen+0x2f


siginfo: si_signo: 11 (SIGSEGV), si_code: 1 (SEGV_MAPERR), si_addr: 0x0000000000000000

Registers:
RAX=0x0000000000000000, RBX=0x0000778f9c000b70, RCX=0x0000000000000001, RDX=0x0000000000000000
RSP=0x00007790051ffe10, RBP=0x0000778f9c000b70, RSI=0x0000779052c6b025, RDI=0x0000778f9c000b70
R8 =0x0000779052c49248, R9 =0x0000000000000001, R10=0x0000000000000004, R11=0x0000000000000246
R12=0x0000779052c6b025, R13=0x0000000000000000, R14=0x0000000000000001, R15=0x0000779004a00000
RIP=0x0000779052af425f, EFLAGS=0x0000000000010246, CSGSFS=0x002b000000000033, ERR=0x0000000000000004
  TRAPNO=0x000000000000000e

Top of Stack: (sp=0x00007790051ffe10)
0x00007790051ffe10:   0000000000000000 0000779052af632a
0x00007790051ffe20:   0000779052af5d60 0000000000000000
0x00007790051ffe30:   0000000000000000 732678c78740e400
0x00007790051ffe40:   0000779004a00000 0000778f9c000b70 

Instructions: (pc=0x0000779052af425f)
0x0000779052af415f:   00 f3 0f 1e fa 41 54 31 c0 55 44 89 c5 53 48 89
0x0000779052af416f:   fb 48 89 f7 89 d6 89 ca f6 43 74 02 0f 85 97 00
0x0000779052af417f:   00 00 e8 6a 8b 07 00 41 89 c4 45 85 e4 0f 88 7e
0x0000779052af418f:   00 00 00 8b 03 89 ea f7 d5 44 89 63 70 81 e2 0c
0x0000779052af419f:   10 00 00 25 f3 ef ff ff 09 d0 81 e5 04 10 00 00
0x0000779052af41af:   89 03 75 32 48 8b ab d8 00 00 00 48 8d 15 3f 4d
0x0000779052af41bf:   15 00 48 89 e8 48 29 d0 48 3d 2f 09 00 00 77 59
0x0000779052af41cf:   31 f6 ba 02 00 00 00 48 89 df ff 95 80 00 00 00
0x0000779052af41df:   48 83 f8 ff 74 13 48 89 df e8 23 20 00 00 48 89
0x0000779052af41ef:   d8 5b 5d 41 5c c3 0f 1f 00 48 8b 05 11 5b 15 00
0x0000779052af41ff:   64 83 38 1d 74 e0 44 89 e7 e8 03 a0 07 00 0f 1f
0x0000779052af420f:   00 31 c0 eb dc 0f 1f 40 00 e8 93 a2 07 00 41 89
0x0000779052af421f:   c4 e9 64 ff ff ff 0f 1f 00 e8 33 f2 ff ff eb a0
0x0000779052af422f:   90 f3 0f 1e fa 41 57 48 89 d0 41 56 41 55 41 54
0x0000779052af423f:   55 53 48 83 ec 38 64 48 8b 14 25 28 00 00 00 48
0x0000779052af424f:   89 54 24 28 31 d2 83 7f 70 ff 0f 85 9f 01 00 00
0x0000779052af425f:   0f b6 10 48 89 fb 41 89 c9 80 fa 72 0f 84 8f 03
0x0000779052af426f:   00 00 80 fa 77 0f 84 b6 01 00 00 80 fa 61 0f 85
0x0000779052af427f:   6d 01 00 00 ba 40 04 00 00 41 bb 01 00 00 00 41
0x0000779052af428f:   b8 04 10 00 00 48 8d 78 06 49 89 c4 4c 8d 15 de
0x0000779052af429f:   23 11 00 0f b6 48 01 48 83 c0 01 80 f9 78 7f 31
0x0000779052af42af:   80 f9 61 0f 8e e8 01 00 00 83 e9 62 80 f9 16 77
0x0000779052af42bf:   20 0f b6 c9 49 63 0c 8a 4c 01 d1 3e ff e1 0f 1f
0x0000779052af42cf:   00 41 81 e0 00 10 00 00 49 89 c4 41 bb 02 00 00
0x0000779052af42df:   00 48 39 f8 75 bd 44 09 da b9 b6 01 00 00 48 89
0x0000779052af42ef:   df e8 6b fe ff ff 48 89 c5 48 85 c0 0f 84 fd 00
0x0000779052af42ff:   00 00 49 8d 7c 24 01 48 8d 35 f3 89 11 00 e8 5e
0x0000779052af430f:   10 02 00 49 89 c5 48 85 c0 0f 84 e2 00 00 00 4c
0x0000779052af431f:   8d 78 05 be 2c 00 00 00 4c 89 ff e8 61 1f fa ff
0x0000779052af432f:   4c 29 f8 49 89 c6 48 8d 78 03 ff 15 a1 5c 15 00
0x0000779052af433f:   49 89 c4 48 85 c0 0f 84 00 03 00 00 4c 89 f2 4c
0x0000779052af434f:   89 fe 48 89 c7 ff 15 be 59 15 00 c6 00 00 41 0f 



---------------  P R O C E S S  ---------------

VM state: not at safepoint (normal execution)

VM Mutex/Monitor currently owned by a thread: None

Heap address: 0x0000000414000000, size: 16064 MB, Compressed Oops mode: Zero based, Oop shift amount: 3

CDS archive(s) mapped at: [0x0000000800000000-0x0000000800be1000-0x0000000800be1000), size 12455936, SharedBaseAddress: 0x0000000800000000, ArchiveRelocationMode: 0.
Compressed class space mapped at: 0x0000000800c00000-0x0000000840c00000, reserved size: 1073741824
Narrow klass base: 0x0000000800000000, Narrow klass shift: 0, Narrow klass range: 0x100000000

GC Precious Log:
<Skipped>

Heap:
 garbage-first heap   total 1048576K, used 12092K [0x0000000414000000, 0x0000000800000000)
  region size 8192K, 1 young (8192K), 0 survivors (0K)
 Metaspace       used 988K, committed 1152K, reserved 1056768K
  class space    used 88K, committed 192K, reserved 1048576K

Heap Regions: E=young(eden), S=young(survivor), O=old, HS=humongous(starts), HC=humongous(continues), CS=collection set, F=free, OA=open archive, CA=closed archive, TAMS=top-at-mark-start (previous, next)
|   0|0x0000000414000000, 0x0000000414000000, 0x0000000414800000|  0%| F|  |TAMS 0x0000000414000000, 0x0000000414000000| Untracked 
|   1|0x0000000414800000, 0x0000000414800000, 0x0000000415000000|  0%| F|  |TAMS 0x0000000414800000, 0x0000000414800000| Untracked 
|   2|0x0000000415000000, 0x0000000415000000, 0x0000000415800000|  0%| F|  |TAMS 0x0000000415000000, 0x0000000415000000| Untracked 
|   3|0x0000000415800000, 0x0000000415800000, 0x0000000416000000|  0%| F|  |TAMS 0x0000000415800000, 0x0000000415800000| Untracked 
|   4|0x0000000416000000, 0x0000000416000000, 0x0000000416800000|  0%| F|  |TAMS 0x0000000416000000, 0x0000000416000000| Untracked 
|   5|0x0000000416800000, 0x0000000416800000, 0x0000000417000000|  0%| F|  |TAMS 0x0000000416800000, 0x0000000416800000| Untracked 
|   6|0x0000000417000000, 0x0000000417000000, 0x0000000417800000|  0%| F|  |TAMS 0x0000000417000000, 0x0000000417000000| Untracked 
|   7|0x0000000417800000, 0x0000000417800000, 0x0000000418000000|  0%| F|  |TAMS 0x0000000417800000, 0x0000000417800000| Untracked 
|   8|0x0000000418000000, 0x0000000418000000, 0x0000000418800000|  0%| F|  |TAMS 0x0000000418000000, 0x0000000418000000| Untracked 
|   9|0x0000000418800000, 0x0000000418800000, 0x0000000419000000|  0%| F|  |TAMS 0x0000000418800000, 0x0000000418800000| Untracked 
|  10|0x0000000419000000, 0x0000000419000000, 0x0000000419800000|  0%| F|  |TAMS 0x0000000419000000, 0x0000000419000000| Untracked 
|  11|0x0000000419800000, 0x0000000419800000, 0x000000041a000000|  0%| F|  |TAMS 0x0000000419800000, 0x0000000419800000| Untracked 
|  12|0x000000041a000000, 0x000000041a000000, 0x000000041a800000|  0%| F|  |TAMS 0x000000041a000000, 0x000000041a000000| Untracked 
|  13|0x000000041a800000, 0x000000041a800000, 0x000000041b000000|  0%| F|  |TAMS 0x000000041a800000, 0x000000041a800000| Untracked 
|  14|0x000000041b000000, 0x000000041b000000, 0x000000041b800000|  0%| F|  |TAMS 0x000000041b000000, 0x000000041b000000| Untracked 
|  15|0x000000041b800000, 0x000000041b800000, 0x000000041c000000|  0%| F|  |TAMS 0x000000041b800000, 0x000000041b800000| Untracked 
|  16|0x000000041c000000, 0x000000041c000000, 0x000000041c800000|  0%| F|  |TAMS 0x000000041c000000, 0x000000041c000000| Untracked 
|  17|0x000000041c800000, 0x000000041c800000, 0x000000041d000000|  0%| F|  |TAMS 0x000000041c800000, 0x000000041c800000| Untracked 
|  18|0x000000041d000000, 0x000000041d000000, 0x000000041d800000|  0%| F|  |TAMS 0x000000041d000000, 0x000000041d000000| Untracked 
|  19|0x000000041d800000, 0x000000041d800000, 0x000000041e000000|  0%| F|  |TAMS 0x000000041d800000, 0x000000041d800000| Untracked 
|  20|0x000000041e000000, 0x000000041e000000, 0x000000041e800000|  0%| F|  |TAMS 0x000000041e000000, 0x000000041e000000| Untracked 
|  21|0x000000041e800000, 0x000000041e800000, 0x000000041f000000|  0%| F|  |TAMS 0x000000041e800000, 0x000000041e800000| Untracked 
|  22|0x000000041f000000, 0x000000041f000000, 0x000000041f800000|  0%| F|  |TAMS 0x000000041f000000, 0x000000041f000000| Untracked 
|  23|0x000000041f800000, 0x000000041f800000, 0x0000000420000000|  0%| F|  |TAMS 0x000000041f800000, 0x000000041f800000| Untracked 
|  24|0x0000000420000000, 0x0000000420000000, 0x0000000420800000|  0%| F|  |TAMS 0x0000000420000000, 0x0000000420000000| Untracked 
|  25|0x0000000420800000, 0x0000000420800000, 0x0000000421000000|  0%| F|  |TAMS 0x0000000420800000, 0x0000000420800000| Untracked 
|  26|0x0000000421000000, 0x0000000421000000, 0x0000000421800000|  0%| F|  |TAMS 0x0000000421000000, 0x0000000421000000| Untracked 
|  27|0x0000000421800000, 0x0000000421800000, 0x0000000422000000|  0%| F|  |TAMS 0x0000000421800000, 0x0000000421800000| Untracked 
|  28|0x0000000422000000, 0x0000000422000000, 0x0000000422800000|  0%| F|  |TAMS 0x0000000422000000, 0x0000000422000000| Untracked 
|  29|0x0000000422800000, 0x0000000422800000, 0x0000000423000000|  0%| F|  |TAMS 0x0000000422800000, 0x0000000422800000| Untracked 
|  30|0x0000000423000000, 0x0000000423000000, 0x0000000423800000|  0%| F|  |TAMS 0x0000000423000000, 0x0000000423000000| Untracked 
|  31|0x0000000423800000, 0x0000000423800000, 0x0000000424000000|  0%| F|  |TAMS 0x0000000423800000, 0x0000000423800000| Untracked 
|  32|0x0000000424000000, 0x0000000424000000, 0x0000000424800000|  0%| F|  |TAMS 0x0000000424000000, 0x0000000424000000| Untracked 
|  33|0x0000000424800000, 0x0000000424800000, 0x0000000425000000|  0%| F|  |TAMS 0x0000000424800000, 0x0000000424800000| Untracked 
|  34|0x0000000425000000, 0x0000000425000000, 0x0000000425800000|  0%| F|  |TAMS 0x0000000425000000, 0x0000000425000000| Untracked 
|  35|0x0000000425800000, 0x0000000425800000, 0x0000000426000000|  0%| F|  |TAMS 0x0000000425800000, 0x0000000425800000| Untracked 
|  36|0x0000000426000000, 0x0000000426000000, 0x0000000426800000|  0%| F|  |TAMS 0x0000000426000000, 0x0000000426000000| Untracked 
|  37|0x0000000426800000, 0x0000000426800000, 0x0000000427000000|  0%| F|  |TAMS 0x0000000426800000, 0x0000000426800000| Untracked 
|  38|0x0000000427000000, 0x0000000427000000, 0x0000000427800000|  0%| F|  |TAMS 0x0000000427000000, 0x0000000427000000| Untracked 
|  39|0x0000000427800000, 0x0000000427800000, 0x0000000428000000|  0%| F|  |TAMS 0x0000000427800000, 0x0000000427800000| Untracked 
|  40|0x0000000428000000, 0x0000000428000000, 0x0000000428800000|  0%| F|  |TAMS 0x0000000428000000, 0x0000000428000000| Untracked 
|  41|0x0000000428800000, 0x0000000428800000, 0x0000000429000000|  0%| F|  |TAMS 0x0000000428800000, 0x0000000428800000| Untracked 
|  42|0x0000000429000000, 0x0000000429000000, 0x0000000429800000|  0%| F|  |TAMS 0x0000000429000000, 0x0000000429000000| Untracked 
|  43|0x0000000429800000, 0x0000000429800000, 0x000000042a000000|  0%| F|  |TAMS 0x0000000429800000, 0x0000000429800000| Untracked 
|  44|0x000000042a000000, 0x000000042a000000, 0x000000042a800000|  0%| F|  |TAMS 0x000000042a000000, 0x000000042a000000| Untracked 
|  45|0x000000042a800000, 0x000000042a800000, 0x000000042b000000|  0%| F|  |TAMS 0x000000042a800000, 0x000000042a800000| Untracked 
|  46|0x000000042b000000, 0x000000042b000000, 0x000000042b800000|  0%| F|  |TAMS 0x000000042b000000, 0x000000042b000000| Untracked 
|  47|0x000000042b800000, 0x000000042b800000, 0x000000042c000000|  0%| F|  |TAMS 0x000000042b800000, 0x000000042b800000| Untracked 
|  48|0x000000042c000000, 0x000000042c000000, 0x000000042c800000|  0%| F|  |TAMS 0x000000042c000000, 0x000000042c000000| Untracked 
|  49|0x000000042c800000, 0x000000042c800000, 0x000000042d000000|  0%| F|  |TAMS 0x000000042c800000, 0x000000042c800000| Untracked 
|  50|0x000000042d000000, 0x000000042d000000, 0x000000042d800000|  0%| F|  |TAMS 0x000000042d000000, 0x000000042d000000| Untracked 
|  51|0x000000042d800000, 0x000000042d800000, 0x000000042e000000|  0%| F|  |TAMS 0x000000042d800000, 0x000000042d800000| Untracked 
|  52|0x000000042e000000, 0x000000042e000000, 0x000000042e800000|  0%| F|  |TAMS 0x000000042e000000, 0x000000042e000000| Untracked 
|  53|0x000000042e800000, 0x000000042e800000, 0x000000042f000000|  0%| F|  |TAMS 0x000000042e800000, 0x000000042e800000| Untracked 
|  54|0x000000042f000000, 0x000000042f000000, 0x000000042f800000|  0%| F|  |TAMS 0x000000042f000000, 0x000000042f000000| Untracked 
|  55|0x000000042f800000, 0x000000042f800000, 0x0000000430000000|  0%| F|  |TAMS 0x000000042f800000, 0x000000042f800000| Untracked 
|  56|0x0000000430000000, 0x0000000430000000, 0x0000000430800000|  0%| F|  |TAMS 0x0000000430000000, 0x0000000430000000| Untracked 
|  57|0x0000000430800000, 0x0000000430800000, 0x0000000431000000|  0%| F|  |TAMS 0x0000000430800000, 0x0000000430800000| Untracked 
|  58|0x0000000431000000, 0x0000000431000000, 0x0000000431800000|  0%| F|  |TAMS 0x0000000431000000, 0x0000000431000000| Untracked 
|  59|0x0000000431800000, 0x0000000431800000, 0x0000000432000000|  0%| F|  |TAMS 0x0000000431800000, 0x0000000431800000| Untracked 
|  60|0x0000000432000000, 0x0000000432000000, 0x0000000432800000|  0%| F|  |TAMS 0x0000000432000000, 0x0000000432000000| Untracked 
|  61|0x0000000432800000, 0x0000000432800000, 0x0000000433000000|  0%| F|  |TAMS 0x0000000432800000, 0x0000000432800000| Untracked 
|  62|0x0000000433000000, 0x0000000433000000, 0x0000000433800000|  0%| F|  |TAMS 0x0000000433000000, 0x0000000433000000| Untracked 
|  63|0x0000000433800000, 0x0000000433800000, 0x0000000434000000|  0%| F|  |TAMS 0x0000000433800000, 0x0000000433800000| Untracked 
|  64|0x0000000434000000, 0x0000000434000000, 0x0000000434800000|  0%| F|  |TAMS 0x0000000434000000, 0x0000000434000000| Untracked 
|  65|0x0000000434800000, 0x0000000434800000, 0x0000000435000000|  0%| F|  |TAMS 0x0000000434800000, 0x0000000434800000| Untracked 
|  66|0x0000000435000000, 0x0000000435000000, 0x0000000435800000|  0%| F|  |TAMS 0x0000000435000000, 0x0000000435000000| Untracked 
|  67|0x0000000435800000, 0x0000000435800000, 0x0000000436000000|  0%| F|  |TAMS 0x0000000435800000, 0x0000000435800000| Untracked 
|  68|0x0000000436000000, 0x0000000436000000, 0x0000000436800000|  0%| F|  |TAMS 0x0000000436000000, 0x0000000436000000| Untracked 
|  69|0x0000000436800000, 0x0000000436800000, 0x0000000437000000|  0%| F|  |TAMS 0x0000000436800000, 0x0000000436800000| Untracked 
|  70|0x0000000437000000, 0x0000000437000000, 0x0000000437800000|  0%| F|  |TAMS 0x0000000437000000, 0x0000000437000000| Untracked 
|  71|0x0000000437800000, 0x0000000437800000, 0x0000000438000000|  0%| F|  |TAMS 0x0000000437800000, 0x0000000437800000| Untracked 
|  72|0x0000000438000000, 0x0000000438000000, 0x0000000438800000|  0%| F|  |TAMS 0x0000000438000000, 0x0000000438000000| Untracked 
|  73|0x0000000438800000, 0x0000000438800000, 0x0000000439000000|  0%| F|  |TAMS 0x0000000438800000, 0x0000000438800000| Untracked 
|  74|0x0000000439000000, 0x0000000439000000, 0x0000000439800000|  0%| F|  |TAMS 0x0000000439000000, 0x0000000439000000| Untracked 
|  75|0x0000000439800000, 0x0000000439800000, 0x000000043a000000|  0%| F|  |TAMS 0x0000000439800000, 0x0000000439800000| Untracked 
|  76|0x000000043a000000, 0x000000043a000000, 0x000000043a800000|  0%| F|  |TAMS 0x000000043a000000, 0x000000043a000000| Untracked 
|  77|0x000000043a800000, 0x000000043a800000, 0x000000043b000000|  0%| F|  |TAMS 0x000000043a800000, 0x000000043a800000| Untracked 
|  78|0x000000043b000000, 0x000000043b000000, 0x000000043b800000|  0%| F|  |TAMS 0x000000043b000000, 0x000000043b000000| Untracked 
|  79|0x000000043b800000, 0x000000043b800000, 0x000000043c000000|  0%| F|  |TAMS 0x000000043b800000, 0x000000043b800000| Untracked 
|  80|0x000000043c000000, 0x000000043c000000, 0x000000043c800000|  0%| F|  |TAMS 0x000000043c000000, 0x000000043c000000| Untracked 
|  81|0x000000043c800000, 0x000000043c800000, 0x000000043d000000|  0%| F|  |TAMS 0x000000043c800000, 0x000000043c800000| Untracked 
|  82|0x000000043d000000, 0x000000043d000000, 0x000000043d800000|  0%| F|  |TAMS 0x000000043d000000, 0x000000043d000000| Untracked 
|  83|0x000000043d800000, 0x000000043d800000, 0x000000043e000000|  0%| F|  |TAMS 0x000000043d800000, 0x000000043d800000| Untracked 
|  84|0x000000043e000000, 0x000000043e000000, 0x000000043e800000|  0%| F|  |TAMS 0x000000043e000000, 0x000000043e000000| Untracked 
|  85|0x000000043e800000, 0x000000043e800000, 0x000000043f000000|  0%| F|  |TAMS 0x000000043e800000, 0x000000043e800000| Untracked 
|  86|0x000000043f000000, 0x000000043f000000, 0x000000043f800000|  0%| F|  |TAMS 0x000000043f000000, 0x000000043f000000| Untracked 
|  87|0x000000043f800000, 0x000000043f800000, 0x0000000440000000|  0%| F|  |TAMS 0x000000043f800000, 0x000000043f800000| Untracked 
|  88|0x0000000440000000, 0x0000000440000000, 0x0000000440800000|  0%| F|  |TAMS 0x0000000440000000, 0x0000000440000000| Untracked 
|  89|0x0000000440800000, 0x0000000440800000, 0x0000000441000000|  0%| F|  |TAMS 0x0000000440800000, 0x0000000440800000| Untracked 
|  90|0x0000000441000000, 0x0000000441000000, 0x0000000441800000|  0%| F|  |TAMS 0x0000000441000000, 0x0000000441000000| Untracked 
|  91|0x0000000441800000, 0x0000000441800000, 0x0000000442000000|  0%| F|  |TAMS 0x0000000441800000, 0x0000000441800000| Untracked 
|  92|0x0000000442000000, 0x0000000442000000, 0x0000000442800000|  0%| F|  |TAMS 0x0000000442000000, 0x0000000442000000| Untracked 
|  93|0x0000000442800000, 0x0000000442800000, 0x0000000443000000|  0%| F|  |TAMS 0x0000000442800000, 0x0000000442800000| Untracked 
|  94|0x0000000443000000, 0x0000000443000000, 0x0000000443800000|  0%| F|  |TAMS 0x0000000443000000, 0x0000000443000000| Untracked 
|  95|0x0000000443800000, 0x0000000443800000, 0x0000000444000000|  0%| F|  |TAMS 0x0000000443800000, 0x0000000443800000| Untracked 
|  96|0x0000000444000000, 0x0000000444000000, 0x0000000444800000|  0%| F|  |TAMS 0x0000000444000000, 0x0000000444000000| Untracked 
|  97|0x0000000444800000, 0x0000000444800000, 0x0000000445000000|  0%| F|  |TAMS 0x0000000444800000, 0x0000000444800000| Untracked 
|  98|0x0000000445000000, 0x0000000445000000, 0x0000000445800000|  0%| F|  |TAMS 0x0000000445000000, 0x0000000445000000| Untracked 
|  99|0x0000000445800000, 0x0000000445800000, 0x0000000446000000|  0%| F|  |TAMS 0x0000000445800000, 0x0000000445800000| Untracked 
| 100|0x0000000446000000, 0x0000000446000000, 0x0000000446800000|  0%| F|  |TAMS 0x0000000446000000, 0x0000000446000000| Untracked 
| 101|0x0000000446800000, 0x0000000446800000, 0x0000000447000000|  0%| F|  |TAMS 0x0000000446800000, 0x0000000446800000| Untracked 
| 102|0x0000000447000000, 0x0000000447000000, 0x0000000447800000|  0%| F|  |TAMS 0x0000000447000000, 0x0000000447000000| Untracked 
| 103|0x0000000447800000, 0x0000000447800000, 0x0000000448000000|  0%| F|  |TAMS 0x0000000447800000, 0x0000000447800000| Untracked 
| 104|0x0000000448000000, 0x0000000448000000, 0x0000000448800000|  0%| F|  |TAMS 0x0000000448000000, 0x0000000448000000| Untracked 
| 105|0x0000000448800000, 0x0000000448800000, 0x0000000449000000|  0%| F|  |TAMS 0x0000000448800000, 0x0000000448800000| Untracked 
| 106|0x0000000449000000, 0x0000000449000000, 0x0000000449800000|  0%| F|  |TAMS 0x0000000449000000, 0x0000000449000000| Untracked 
| 107|0x0000000449800000, 0x0000000449800000, 0x000000044a000000|  0%| F|  |TAMS 0x0000000449800000, 0x0000000449800000| Untracked 
| 108|0x000000044a000000, 0x000000044a000000, 0x000000044a800000|  0%| F|  |TAMS 0x000000044a000000, 0x000000044a000000| Untracked 
| 109|0x000000044a800000, 0x000000044a800000, 0x000000044b000000|  0%| F|  |TAMS 0x000000044a800000, 0x000000044a800000| Untracked 
| 110|0x000000044b000000, 0x000000044b000000, 0x000000044b800000|  0%| F|  |TAMS 0x000000044b000000, 0x000000044b000000| Untracked 
| 111|0x000000044b800000, 0x000000044b800000, 0x000000044c000000|  0%| F|  |TAMS 0x000000044b800000, 0x000000044b800000| Untracked 
| 112|0x000000044c000000, 0x000000044c000000, 0x000000044c800000|  0%| F|  |TAMS 0x000000044c000000, 0x000000044c000000| Untracked 
| 113|0x000000044c800000, 0x000000044c800000, 0x000000044d000000|  0%| F|  |TAMS 0x000000044c800000, 0x000000044c800000| Untracked 
| 114|0x000000044d000000, 0x000000044d000000, 0x000000044d800000|  0%| F|  |TAMS 0x000000044d000000, 0x000000044d000000| Untracked 
| 115|0x000000044d800000, 0x000000044d800000, 0x000000044e000000|  0%| F|  |TAMS 0x000000044d800000, 0x000000044d800000| Untracked 
| 116|0x000000044e000000, 0x000000044e000000, 0x000000044e800000|  0%| F|  |TAMS 0x000000044e000000, 0x000000044e000000| Untracked 
| 117|0x000000044e800000, 0x000000044e800000, 0x000000044f000000|  0%| F|  |TAMS 0x000000044e800000, 0x000000044e800000| Untracked 
| 118|0x000000044f000000, 0x000000044f000000, 0x000000044f800000|  0%| F|  |TAMS 0x000000044f000000, 0x000000044f000000| Untracked 
| 119|0x000000044f800000, 0x000000044f800000, 0x0000000450000000|  0%| F|  |TAMS 0x000000044f800000, 0x000000044f800000| Untracked 
| 120|0x0000000450000000, 0x0000000450000000, 0x0000000450800000|  0%| F|  |TAMS 0x0000000450000000, 0x0000000450000000| Untracked 
| 121|0x0000000450800000, 0x0000000450800000, 0x0000000451000000|  0%| F|  |TAMS 0x0000000450800000, 0x0000000450800000| Untracked 
| 122|0x0000000451000000, 0x0000000451000000, 0x0000000451800000|  0%| F|  |TAMS 0x0000000451000000, 0x0000000451000000| Untracked 
| 123|0x0000000451800000, 0x0000000451800000, 0x0000000452000000|  0%| F|  |TAMS 0x0000000451800000, 0x0000000451800000| Untracked 
| 124|0x0000000452000000, 0x0000000452000000, 0x0000000452800000|  0%| F|  |TAMS 0x0000000452000000, 0x0000000452000000| Untracked 
| 125|0x0000000452800000, 0x0000000452bd7148, 0x0000000453000000| 48%| E|  |TAMS 0x0000000452800000, 0x0000000452800000| Complete 
|2006|0x00000007ff000000, 0x00000007ff776000, 0x00000007ff800000| 93%|OA|  |TAMS 0x00000007ff000000, 0x00000007ff000000| Untracked 
|2007|0x00000007ff800000, 0x00000007ff882000, 0x0000000800000000|  6%|CA|  |TAMS 0x00000007ff800000, 0x00000007ff800000| Untracked 

Card table byte_map: [0x0000779030e00000,0x0000779032d60000] _byte_map_base: 0x000077902ed60000

Marking Bits (Prev, Next): (CMBitMap*) 0x000077904c05b170, (CMBitMap*) 0x000077904c05b1b0
 Prev Bits: [0x000077901f200000, 0x000077902ed00000)
 Next Bits: [0x000077900f600000, 0x000077901f100000)

Polling page: 0x0000779052c87000

Metaspace:

Usage:
  Non-class:    899.58 KB used.
      Class:     88.88 KB used.
       Both:    988.45 KB used.

Virtual space:
  Non-class space:        8.00 MB reserved,     960.00 KB ( 12%) committed,  1 nodes.
      Class space:        1.00 GB reserved,     192.00 KB ( <1%) committed,  1 nodes.
             Both:        1.01 GB reserved,       1.12 MB ( <1%) committed. 

Chunk freelists:
   Non-Class:  3.97 MB
       Class:  3.74 MB
        Both:  7.71 MB

MaxMetaspaceSize: unlimited
CompressedClassSpaceSize: 1.00 GB
Initial GC threshold: 21.00 MB
Current GC threshold: 21.00 MB
CDS: on
MetaspaceReclaimPolicy: balanced
 - commit_granule_bytes: 65536.
 - commit_granule_words: 8192.
 - virtual_space_node_default_size: 1048576.
 - enlarge_chunks_in_place: 1.
 - new_chunks_are_fully_committed: 0.
 - uncommit_free_chunks: 1.
 - use_allocation_guard: 0.
 - handle_deallocations: 1.


Internal statistics:

num_allocs_failed_limit: 0.
num_arena_births: 24.
num_arena_deaths: 0.
num_vsnodes_births: 2.
num_vsnodes_deaths: 0.
num_space_committed: 18.
num_space_uncommitted: 0.
num_chunks_returned_to_freelist: 0.
num_chunks_taken_from_freelist: 27.
num_chunk_merges: 0.
num_chunk_splits: 18.
num_chunks_enlarged: 10.
num_purges: 0.
num_inconsistent_stats: 0.

CodeHeap 'non-profiled nmethods': size=119168Kb used=70Kb max_used=70Kb free=119097Kb
 bounds [0x000077903cfa0000, 0x000077903d210000, 0x0000779044400000]
CodeHeap 'profiled nmethods': size=119164Kb used=283Kb max_used=283Kb free=118880Kb
 bounds [0x0000779035b41000, 0x0000779035db1000, 0x000077903cfa0000]
CodeHeap 'non-nmethods': size=7428Kb used=1677Kb max_used=1690Kb free=5751Kb
 bounds [0x0000779035400000, 0x0000779035670000, 0x0000779035b41000]
 total_blobs=608 nmethods=210 adapters=311
 compilation: enabled
              stopped_count=0, restarted_count=0
 full_count=0

Compilation events (20 events):
Event: 0.041 Thread 0x000077904c1f9940  199       3       java.lang.invoke.MethodType::parameterCount (6 bytes)
Event: 0.041 Thread 0x000077904c1f9940 nmethod 199 0x0000779035b81b10 code [0x0000779035b81ca0, 0x0000779035b81db0]
Event: 0.041 Thread 0x000077904c1f8410 nmethod 198 0x000077903cfb0710 code [0x000077903cfb0880, 0x000077903cfb08f8]
Event: 0.041 Thread 0x0000778fc0045970 nmethod 197 0x0000779035b81e90 code [0x0000779035b82100, 0x0000779035b82a60]
Event: 0.042 Thread 0x000077904c1f9940  200       3       java.lang.Class::getClassLoader (28 bytes)
Event: 0.042 Thread 0x000077904c1f9940 nmethod 200 0x0000779035b82e10 code [0x0000779035b83040, 0x0000779035b839d0]
Event: 0.042 Thread 0x000077904c1f9940  202   !   3       java.lang.invoke.MemberName::getMethodType (211 bytes)
Event: 0.042 Thread 0x0000778fc0045970  203       3       java.util.Arrays::equals (57 bytes)
Event: 0.043 Thread 0x000077904c1f9940 nmethod 202 0x0000779035b83c90 code [0x0000779035b83f80, 0x0000779035b85590]
Event: 0.043 Thread 0x0000778fc0045970 nmethod 203 0x0000779035b85b90 code [0x0000779035b85d80, 0x0000779035b86360]
Event: 0.043 Thread 0x000077904c1f9940  205       3       java.lang.AbstractStringBuilder::isLatin1 (19 bytes)
Event: 0.043 Thread 0x0000778fc0045970  204       1       sun.invoke.util.Wrapper::basicTypeChar (5 bytes)
Event: 0.043 Thread 0x0000778fc0045970 nmethod 204 0x000077903cfb0d10 code [0x000077903cfb0ea0, 0x000077903cfb0f70]
Event: 0.043 Thread 0x000077904c1f9940 nmethod 205 0x0000779035b86510 code [0x0000779035b866a0, 0x0000779035b86810]
Event: 0.043 Thread 0x000077904c1f8410  206       4       java.lang.String::length (11 bytes)
Event: 0.043 Thread 0x000077904c1f9940  207       3       java.lang.String::substring (58 bytes)
Event: 0.043 Thread 0x0000778fc0045970  208       3       java.lang.String::checkBoundsBeginEnd (63 bytes)
Event: 0.043 Thread 0x000077904c1f9940 nmethod 207 0x0000779035b86890 code [0x0000779035b86a80, 0x0000779035b86f20]
Event: 0.043 Thread 0x000077904c1f8410 nmethod 206 0x000077903cfb1010 code [0x000077903cfb11a0, 0x000077903cfb1238]
Event: 0.043 Thread 0x0000778fc0045970 nmethod 208 0x0000779035b87090 code [0x0000779035b87320, 0x0000779035b87bf0]

GC Heap History (0 events):
No events

Dll operation events (6 events):
Event: 0.001 Loaded shared library /home/rowan/.jdks/corretto-17.0.5/lib/libjava.so
Event: 0.007 Loaded shared library /home/rowan/.jdks/corretto-17.0.5/lib/libjsvml.so
Event: 0.018 Loaded shared library /home/rowan/.jdks/corretto-17.0.5/lib/libnio.so
Event: 0.019 Loaded shared library /home/rowan/.jdks/corretto-17.0.5/lib/libzip.so
Event: 0.030 Loaded shared library /home/rowan/.jdks/corretto-17.0.5/lib/libjimage.so
Event: 0.046 Loaded shared library /tmp/lexer14159743756168336919.lib

Deoptimization events (0 events):
No events

Classes unloaded (0 events):
No events

Classes redefined (0 events):
No events

Internal exceptions (0 events):
No events

VM Operations (0 events):
No events

Events (20 events):
Event: 0.044 loading class sun/net/www/protocol/jar/JarFileFactory
Event: 0.044 loading class sun/net/www/protocol/jar/URLJarFile$URLJarFileCloseController
Event: 0.044 loading class sun/net/www/protocol/jar/URLJarFile$URLJarFileCloseController done
Event: 0.044 loading class sun/net/www/protocol/jar/JarFileFactory done
Event: 0.044 loading class sun/net/www/protocol/file/FileURLConnection
Event: 0.045 loading class sun/net/www/URLConnection
Event: 0.045 loading class sun/net/www/URLConnection done
Event: 0.045 loading class sun/net/www/protocol/file/FileURLConnection done
Event: 0.045 loading class sun/net/www/MessageHeader
Event: 0.045 loading class sun/net/www/MessageHeader done
Event: 0.045 loading class sun/net/www/protocol/jar/URLJarFile
Event: 0.045 loading class sun/net/www/protocol/jar/URLJarFile done
Event: 0.045 loading class sun/nio/fs/UnixFileKey
Event: 0.045 loading class sun/nio/fs/UnixFileKey done
Event: 0.045 loading class sun/net/www/protocol/jar/URLJarFile$URLJarFileEntry
Event: 0.045 loading class sun/net/www/protocol/jar/URLJarFile$URLJarFileEntry done
Event: 0.045 loading class sun/net/www/protocol/jar/JarURLConnection$JarURLInputStream
Event: 0.045 loading class sun/net/www/protocol/jar/JarURLConnection$JarURLInputStream done
Event: 0.045 loading class java/io/FileOutputStream$1
Event: 0.045 loading class java/io/FileOutputStream$1 done


Dynamic libraries:
414000000-453000000 rw-p 00000000 00:00 0 
453000000-7ff000000 ---p 00000000 00:00 0 
7ff000000-7ff700000 rw-p 00000000 00:00 0 
7ff700000-7ff776000 rw-p 00c9c000 08:03 18363978                         /home/rowan/.jdks/corretto-17.0.5/lib/server/classes.jsa
7ff776000-7ff800000 rw-p 00000000 00:00 0 
7ff800000-7ff882000 rw-p 00c1a000 08:03 18363978                         /home/rowan/.jdks/corretto-17.0.5/lib/server/classes.jsa
7ff882000-800000000 rw-p 00000000 00:00 0 
800000000-800458000 rw-p 00001000 08:03 18363978                         /home/rowan/.jdks/corretto-17.0.5/lib/server/classes.jsa
800458000-800be1000 r--p 00459000 08:03 18363978                         /home/rowan/.jdks/corretto-17.0.5/lib/server/classes.jsa
800be1000-800c00000 ---p 00000000 00:00 0 
800c00000-800c10000 rw-p 00000000 00:00 0 
800c10000-800c40000 ---p 00000000 00:00 0 
800c40000-800c60000 rw-p 00000000 00:00 0 
800c60000-840c00000 ---p 00000000 00:00 0 
5cb8e6a00000-5cb8e6a01000 r-xp 00000000 08:03 18364079                   /home/rowan/.jdks/corretto-17.0.5/bin/java
5cb8e6c01000-5cb8e6c02000 r--p 00001000 08:03 18364079                   /home/rowan/.jdks/corretto-17.0.5/bin/java
5cb8e6c02000-5cb8e6c03000 rw-p 00002000 08:03 18364079                   /home/rowan/.jdks/corretto-17.0.5/bin/java
5cb8e7b61000-5cb8e7bac000 rw-p 00000000 00:00 0                          [heap]
778f9c000000-778f9c02c000 rw-p 00000000 00:00 0 
778f9c02c000-778fa0000000 ---p 00000000 00:00 0 
778fa0000000-778fa00b5000 rw-p 00000000 00:00 0 
778fa00b5000-778fa4000000 ---p 00000000 00:00 0 
778fa8000000-778fa8021000 rw-p 00000000 00:00 0 
778fa8021000-778fac000000 ---p 00000000 00:00 0 
778fac000000-778fac021000 rw-p 00000000 00:00 0 
778fac021000-778fb0000000 ---p 00000000 00:00 0 
778fb4000000-778fb4021000 rw-p 00000000 00:00 0 
778fb4021000-778fb8000000 ---p 00000000 00:00 0 
778fb8000000-778fb8021000 rw-p 00000000 00:00 0 
778fb8021000-778fbc000000 ---p 00000000 00:00 0 
778fc0000000-778fc0163000 rw-p 00000000 00:00 0 
778fc0163000-778fc4000000 ---p 00000000 00:00 0 
778fc4000000-778fc4080000 rw-p 00000000 00:00 0 
778fc4080000-778fc8000000 ---p 00000000 00:00 0 
778fcc000000-778fcc021000 rw-p 00000000 00:00 0 
778fcc021000-778fd0000000 ---p 00000000 00:00 0 
778fd0000000-778fd0021000 rw-p 00000000 00:00 0 
778fd0021000-778fd4000000 ---p 00000000 00:00 0 
778fd8000000-778fd8021000 rw-p 00000000 00:00 0 
778fd8021000-778fdc000000 ---p 00000000 00:00 0 
778fdc000000-778fdc021000 rw-p 00000000 00:00 0 
778fdc021000-778fe0000000 ---p 00000000 00:00 0 
778fe4000000-778fe4021000 rw-p 00000000 00:00 0 
778fe4021000-778fe8000000 ---p 00000000 00:00 0 
778fe8000000-778fe8021000 rw-p 00000000 00:00 0 
778fe8021000-778fec000000 ---p 00000000 00:00 0 
778ff0000000-778ff0021000 rw-p 00000000 00:00 0 
778ff0021000-778ff4000000 ---p 00000000 00:00 0 
778ff4000000-778ff4021000 rw-p 00000000 00:00 0 
778ff4021000-778ff8000000 ---p 00000000 00:00 0 
778ffc000000-778ffc021000 rw-p 00000000 00:00 0 
778ffc021000-779000000000 ---p 00000000 00:00 0 
779000000000-779000021000 rw-p 00000000 00:00 0 
779000021000-779004000000 ---p 00000000 00:00 0 
779004a00000-779004a01000 ---p 00000000 00:00 0 
779004a01000-779005201000 rw-p 00000000 00:00 0 
779005400000-77900549c000 r--p 00000000 08:03 13261895                   /usr/lib/libstdc++.so.6.0.32
77900549c000-7790055d3000 r-xp 0009c000 08:03 13261895                   /usr/lib/libstdc++.so.6.0.32
7790055d3000-779005669000 r--p 001d3000 08:03 13261895                   /usr/lib/libstdc++.so.6.0.32
779005669000-779005676000 r--p 00269000 08:03 13261895                   /usr/lib/libstdc++.so.6.0.32
779005676000-779005677000 rw-p 00276000 08:03 13261895                   /usr/lib/libstdc++.so.6.0.32
779005677000-77900567b000 rw-p 00000000 00:00 0 
779005800000-77900581a000 r-xp 00000000 08:03 18363968                   /home/rowan/.jdks/corretto-17.0.5/lib/libzip.so
77900581a000-779005a1a000 ---p 0001a000 08:03 18363968                   /home/rowan/.jdks/corretto-17.0.5/lib/libzip.so
779005a1a000-779005a1b000 r--p 0001a000 08:03 18363968                   /home/rowan/.jdks/corretto-17.0.5/lib/libzip.so
779005a1b000-779005a1c000 rw-p 00000000 00:00 0 
779005e00000-779005e14000 r-xp 00000000 08:03 18363965                   /home/rowan/.jdks/corretto-17.0.5/lib/libnet.so
779005e14000-779006014000 ---p 00014000 08:03 18363965                   /home/rowan/.jdks/corretto-17.0.5/lib/libnet.so
779006014000-779006015000 r--p 00014000 08:03 18363965                   /home/rowan/.jdks/corretto-17.0.5/lib/libnet.so
779006015000-779006016000 rw-p 00015000 08:03 18363965                   /home/rowan/.jdks/corretto-17.0.5/lib/libnet.so
779006400000-779006412000 r-xp 00000000 08:03 18363966                   /home/rowan/.jdks/corretto-17.0.5/lib/libnio.so
779006412000-779006611000 ---p 00012000 08:03 18363966                   /home/rowan/.jdks/corretto-17.0.5/lib/libnio.so
779006611000-779006612000 r--p 00011000 08:03 18363966                   /home/rowan/.jdks/corretto-17.0.5/lib/libnio.so
779006612000-779006613000 rw-p 00012000 08:03 18363966                   /home/rowan/.jdks/corretto-17.0.5/lib/libnio.so
7790068fe000-779006902000 ---p 00000000 00:00 0 
779006902000-7790069fe000 rw-p 00000000 00:00 0 
7790069fe000-779006a02000 ---p 00000000 00:00 0 
779006a02000-779006afe000 rw-p 00000000 00:00 0 
779006afe000-779006aff000 ---p 00000000 00:00 0 
779006aff000-779006c00000 rw-p 00000000 00:00 0 
779006c00000-779006c04000 ---p 00000000 00:00 0 
779006c04000-779006d00000 rw-p 00000000 00:00 0 
779006d00000-779006d04000 ---p 00000000 00:00 0 
779006d04000-779006e00000 rw-p 00000000 00:00 0 
779006e00000-7790070eb000 r--p 00000000 08:03 13299363                   /usr/lib/locale/locale-archive
779007100000-779007104000 ---p 00000000 00:00 0 
779007104000-779007200000 rw-p 00000000 00:00 0 
779007200000-7790072ce000 r-xp 00000000 08:03 18364004                   /home/rowan/.jdks/corretto-17.0.5/lib/libjsvml.so
7790072ce000-7790074cd000 ---p 000ce000 08:03 18364004                   /home/rowan/.jdks/corretto-17.0.5/lib/libjsvml.so
7790074cd000-7790074ce000 r--p 000cd000 08:03 18364004                   /home/rowan/.jdks/corretto-17.0.5/lib/libjsvml.so
7790074ce000-7790074cf000 rw-p 000ce000 08:03 18364004                   /home/rowan/.jdks/corretto-17.0.5/lib/libjsvml.so
779007500000-779007504000 ---p 00000000 00:00 0 
779007504000-779007600000 rw-p 00000000 00:00 0 
779007600000-779007604000 ---p 00000000 00:00 0 
779007604000-779007700000 rw-p 00000000 00:00 0 
779007700000-779007704000 ---p 00000000 00:00 0 
779007704000-779007800000 rw-p 00000000 00:00 0 
779007800000-7790078e0000 rw-p 00000000 00:00 0 
7790078e0000-779007c00000 ---p 00000000 00:00 0 
779007c00000-779007c10000 rw-p 00000000 00:00 0 
779007c10000-779008000000 ---p 00000000 00:00 0 
779008000000-779008021000 rw-p 00000000 00:00 0 
779008021000-77900c000000 ---p 00000000 00:00 0 
77900c0ed000-77900c0f1000 ---p 00000000 00:00 0 
77900c0f1000-77900c1ed000 rw-p 00000000 00:00 0 
77900c1ed000-77900c1ee000 ---p 00000000 00:00 0 
77900c1ee000-77900c2ef000 rw-p 00000000 00:00 0 
77900c2ef000-77900c2f0000 ---p 00000000 00:00 0 
77900c2f0000-77900c3f1000 rw-p 00000000 00:00 0 
77900c3f1000-77900c3f2000 ---p 00000000 00:00 0 
77900c3f2000-77900c4f3000 rw-p 00000000 00:00 0 
77900c4f3000-77900f200000 rw-p 00000000 00:00 0 
77900f2fa000-77900f2fb000 ---p 00000000 00:00 0 
77900f2fb000-77900f3fc000 rw-p 00000000 00:00 0 
77900f3fc000-77900f3fd000 ---p 00000000 00:00 0 
77900f3fd000-77900f4fe000 rw-p 00000000 00:00 0 
77900f4fe000-77900f4ff000 ---p 00000000 00:00 0 
77900f4ff000-77900f600000 rw-p 00000000 00:00 0 
77900f600000-7790105c0000 rw-p 00000000 00:00 0 
7790105c0000-77901f0c0000 ---p 00000000 00:00 0 
77901f0c0000-77901f100000 rw-p 00000000 00:00 0 
77901f100000-77901f104000 ---p 00000000 00:00 0 
77901f104000-77901f200000 rw-p 00000000 00:00 0 
77901f200000-7790201c0000 rw-p 00000000 00:00 0 
7790201c0000-77902ecc0000 ---p 00000000 00:00 0 
77902ecc0000-77902ed00000 rw-p 00000000 00:00 0 
77902ed00000-77902ed04000 ---p 00000000 00:00 0 
77902ed04000-77902ee00000 rw-p 00000000 00:00 0 
77902ee00000-77902eff8000 rw-p 00000000 00:00 0 
77902eff8000-779030d58000 ---p 00000000 00:00 0 
779030d58000-779030d60000 rw-p 00000000 00:00 0 
779030e00000-779030ff8000 rw-p 00000000 00:00 0 
779030ff8000-779032d58000 ---p 00000000 00:00 0 
779032d58000-779032d60000 rw-p 00000000 00:00 0 
779032e00000-779032ff8000 rw-p 00000000 00:00 0 
779032ff8000-779034d58000 ---p 00000000 00:00 0 
779034d58000-779034d60000 rw-p 00000000 00:00 0 
779034dfa000-779035400000 rw-p 00000000 00:00 0 
779035400000-779035670000 rwxp 00000000 00:00 0 
779035670000-779035b41000 ---p 00000000 00:00 0 
779035b41000-779035db1000 rwxp 00000000 00:00 0 
779035db1000-77903cfa0000 ---p 00000000 00:00 0 
77903cfa0000-77903d210000 rwxp 00000000 00:00 0 
77903d210000-779044400000 ---p 00000000 00:00 0 
779044400000-77904bf75000 r--s 00000000 08:03 18363955                   /home/rowan/.jdks/corretto-17.0.5/lib/modules
77904bf7e000-77904bf82000 r--p 00000000 08:03 13242445                   /usr/lib/libgcc_s.so.1
77904bf82000-77904bf9d000 r-xp 00004000 08:03 13242445                   /usr/lib/libgcc_s.so.1
77904bf9d000-77904bfa1000 r--p 0001f000 08:03 13242445                   /usr/lib/libgcc_s.so.1
77904bfa1000-77904bfa2000 r--p 00022000 08:03 13242445                   /usr/lib/libgcc_s.so.1
77904bfa2000-77904bfa3000 rw-p 00023000 08:03 13242445                   /usr/lib/libgcc_s.so.1
77904bfcf000-77904c26e000 rw-p 00000000 00:00 0 
77904c26e000-779050000000 ---p 00000000 00:00 0 
779050023000-779050200000 rw-p 00000000 00:00 0 
779050200000-779050224000 r-xp 00000000 08:03 18363961                   /home/rowan/.jdks/corretto-17.0.5/lib/libjava.so
779050224000-779050423000 ---p 00024000 08:03 18363961                   /home/rowan/.jdks/corretto-17.0.5/lib/libjava.so
779050423000-779050424000 r--p 00023000 08:03 18363961                   /home/rowan/.jdks/corretto-17.0.5/lib/libjava.so
779050424000-779050425000 rw-p 00024000 08:03 18363961                   /home/rowan/.jdks/corretto-17.0.5/lib/libjava.so
779050425000-779050426000 rw-p 00000000 00:00 0 
77905043c000-779050800000 rw-p 00000000 00:00 0 
779050800000-77905081b000 r-xp 00000000 08:03 18363962                   /home/rowan/.jdks/corretto-17.0.5/lib/libjimage.so
77905081b000-779050a1a000 ---p 0001b000 08:03 18363962                   /home/rowan/.jdks/corretto-17.0.5/lib/libjimage.so
779050a1a000-779050a1c000 r--p 0001a000 08:03 18363962                   /home/rowan/.jdks/corretto-17.0.5/lib/libjimage.so
779050a1c000-779050a1d000 rw-p 0001c000 08:03 18363962                   /home/rowan/.jdks/corretto-17.0.5/lib/libjimage.so
779050a3e000-779050e00000 rw-p 00000000 00:00 0 
779050e00000-7790520ea000 r-xp 00000000 08:03 18363976                   /home/rowan/.jdks/corretto-17.0.5/lib/server/libjvm.so
7790520ea000-7790522e9000 ---p 012ea000 08:03 18363976                   /home/rowan/.jdks/corretto-17.0.5/lib/server/libjvm.so
7790522e9000-7790523a2000 r--p 012e9000 08:03 18363976                   /home/rowan/.jdks/corretto-17.0.5/lib/server/libjvm.so
7790523a2000-7790523d7000 rw-p 013a2000 08:03 18363976                   /home/rowan/.jdks/corretto-17.0.5/lib/server/libjvm.so
7790523d7000-779052431000 rw-p 00000000 00:00 0 
779052442000-779052447000 rw-p 00000000 00:00 0 
779052447000-77905252b000 ---p 00000000 00:00 0 
77905252b000-779052530000 rw-p 00000000 00:00 0 
779052530000-779052614000 ---p 00000000 00:00 0 
779052614000-779052618000 ---p 00000000 00:00 0 
779052618000-779052714000 rw-p 00000000 00:00 0 
779052714000-779052722000 r--p 00000000 08:03 13241698                   /usr/lib/libm.so.6
779052722000-7790527a2000 r-xp 0000e000 08:03 13241698                   /usr/lib/libm.so.6
7790527a2000-7790527fe000 r--p 0008e000 08:03 13241698                   /usr/lib/libm.so.6
7790527fe000-7790527ff000 r--p 000e9000 08:03 13241698                   /usr/lib/libm.so.6
7790527ff000-779052800000 rw-p 000ea000 08:03 13241698                   /usr/lib/libm.so.6
779052800000-779052819000 r-xp 00000000 08:03 18363963                   /home/rowan/.jdks/corretto-17.0.5/lib/libjli.so
779052819000-779052a18000 ---p 00019000 08:03 18363963                   /home/rowan/.jdks/corretto-17.0.5/lib/libjli.so
779052a18000-779052a19000 r--p 00018000 08:03 18363963                   /home/rowan/.jdks/corretto-17.0.5/lib/libjli.so
779052a19000-779052a1a000 rw-p 00019000 08:03 18363963                   /home/rowan/.jdks/corretto-17.0.5/lib/libjli.so
779052a2c000-779052a6b000 rw-p 00000000 00:00 0 
779052a6b000-779052a6c000 r--p 00000000 08:03 13241728                   /usr/lib/librt.so.1
779052a6c000-779052a6d000 r-xp 00001000 08:03 13241728                   /usr/lib/librt.so.1
779052a6d000-779052a6e000 r--p 00002000 08:03 13241728                   /usr/lib/librt.so.1
779052a6e000-779052a6f000 r--p 00002000 08:03 13241728                   /usr/lib/librt.so.1
779052a6f000-779052a70000 rw-p 00003000 08:03 13241728                   /usr/lib/librt.so.1
779052a70000-779052a72000 rw-p 00000000 00:00 0 
779052a72000-779052a96000 r--p 00000000 08:03 13241673                   /usr/lib/libc.so.6
779052a96000-779052bf1000 r-xp 00024000 08:03 13241673                   /usr/lib/libc.so.6
779052bf1000-779052c46000 r--p 0017f000 08:03 13241673                   /usr/lib/libc.so.6
779052c46000-779052c4a000 r--p 001d3000 08:03 13241673                   /usr/lib/libc.so.6
779052c4a000-779052c4c000 rw-p 001d7000 08:03 13241673                   /usr/lib/libc.so.6
779052c4c000-779052c54000 rw-p 00000000 00:00 0 
779052c54000-779052c55000 r--p 00000000 08:03 13241684                   /usr/lib/libdl.so.2
779052c55000-779052c56000 r-xp 00001000 08:03 13241684                   /usr/lib/libdl.so.2
779052c56000-779052c57000 r--p 00002000 08:03 13241684                   /usr/lib/libdl.so.2
779052c57000-779052c58000 r--p 00002000 08:03 13241684                   /usr/lib/libdl.so.2
779052c58000-779052c59000 rw-p 00003000 08:03 13241684                   /usr/lib/libdl.so.2
779052c59000-779052c5a000 r--p 00000000 08:03 13241723                   /usr/lib/libpthread.so.0
779052c5a000-779052c5b000 r-xp 00001000 08:03 13241723                   /usr/lib/libpthread.so.0
779052c5b000-779052c5c000 r--p 00002000 08:03 13241723                   /usr/lib/libpthread.so.0
779052c5c000-779052c5d000 r--p 00002000 08:03 13241723                   /usr/lib/libpthread.so.0
779052c5d000-779052c5e000 rw-p 00003000 08:03 13241723                   /usr/lib/libpthread.so.0
779052c66000-779052c68000 r--p 00000000 00:21 18852                      /tmp/lexer14159743756168336919.lib
779052c68000-779052c6b000 r-xp 00002000 00:21 18852                      /tmp/lexer14159743756168336919.lib
779052c6b000-779052c6c000 r--p 00005000 00:21 18852                      /tmp/lexer14159743756168336919.lib
779052c6c000-779052c6d000 r--p 00005000 00:21 18852                      /tmp/lexer14159743756168336919.lib
779052c6d000-779052c6e000 rw-p 00006000 00:21 18852                      /tmp/lexer14159743756168336919.lib
779052c6e000-779052c75000 rw-p 00000000 00:00 0 
779052c75000-779052c7f000 ---p 00000000 00:00 0 
779052c7f000-779052c87000 rw-s 00000000 00:21 18851                      /tmp/hsperfdata_rowan/151735
779052c87000-779052c88000 ---p 00000000 00:00 0 
779052c88000-779052c89000 r--p 00000000 00:00 0 
779052c89000-779052c8a000 ---p 00000000 00:00 0 
779052c8a000-779052c8c000 rw-p 00000000 00:00 0 
779052c8c000-779052c8d000 r--p 00000000 08:03 13241644                   /usr/lib/ld-linux-x86-64.so.2
779052c8d000-779052cb4000 r-xp 00001000 08:03 13241644                   /usr/lib/ld-linux-x86-64.so.2
779052cb4000-779052cbf000 r--p 00028000 08:03 13241644                   /usr/lib/ld-linux-x86-64.so.2
779052cbf000-779052cc1000 r--p 00032000 08:03 13241644                   /usr/lib/ld-linux-x86-64.so.2
779052cc1000-779052cc3000 rw-p 00034000 08:03 13241644                   /usr/lib/ld-linux-x86-64.so.2
7ffd7f0c2000-7ffd7f0e6000 rw-p 00000000 00:00 0                          [stack]
7ffd7f100000-7ffd7f104000 r--p 00000000 00:00 0                          [vvar]
7ffd7f104000-7ffd7f106000 r-xp 00000000 00:00 0                          [vdso]
ffffffffff600000-ffffffffff601000 --xp 00000000 00:00 0                  [vsyscall]


VM Arguments:
jvm_args: -Dfile.encoding=UTF-8 -Duser.country=US -Duser.language=en -Duser.variant 
java_command: jni.TestRunner
java_class_path (initial): /home/rowan/IdeaProjects/LexerLearning/jni-runner/build/classes/java/main:/home/rowan/IdeaProjects/LexerLearning/jni-runner/build/resources/main:/home/rowan/IdeaProjects/LexerLearning/jni-lib/build/libs/jni-lib.jar:/home/rowan/.gradle/caches/modules-2/files-2.1/de.learnlib/learnlib-aaar/0.17.0/e0189d85b19795a262def7e140b319414d6ac804/learnlib-aaar-0.17.0.jar:/home/rowan/.gradle/caches/modules-2/files-2.1/de.learnlib/learnlib-adt/0.17.0/abb1cc7bbe827dc4eb466961132dbf4edf1ba574/learnlib-adt-0.17.0.jar:/home/rowan/.gradle/caches/modules-2/files-2.1/de.learnlib/learnlib-dhc/0.17.0/cccd00238a88cc8f41c2d40a362cdb09b6233cd6/learnlib-dhc-0.17.0.jar:/home/rowan/.gradle/caches/modules-2/files-2.1/de.learnlib/learnlib-procedural/0.17.0/f9513c284259cc197445d2aa2cf5f95bc14f9c64/learnlib-procedural-0.17.0.jar:/home/rowan/.gradle/caches/modules-2/files-2.1/de.learnlib/learnlib-kearns-vazirani/0.17.0/c09e83b1643d7558135368a13b4a6a6a223d8b2a/learnlib-kearns-vazirani-0.17.0.jar:/home/rowan/.gradle/caches/modules-2/files-2.1/de.learnlib/learnlib-lstar/0.17.0/d7ece5a39d307845d327c3b8b406954cdb47337f/learnlib-lstar-0.17.0.jar:/home/rowan/.gradle/caches/modules-2/files-2.1/de.learnlib/learnlib-nlstar/0.17.0/1392b226b110e635a8b38bf4c6a5035030d530e3/learnlib-nlstar-0.17.0.jar:/home/rowan/.gradle/caches/modules-2/files-2.1/de.learnlib/learnlib-observation-pack/0.17.0/1f017b96488e1879b9a89353f4792e1979a4b7ad/learnlib-observation-pack-0.17.0.jar:/home/rowan/.gradle/caches/modules-2/files-2.1/de.learnlib/learnlib-ttt-vpa/0.17.0/ed06fd22e5143dd3d678b123551e199cb06355fb/learnlib-ttt-vpa-0.17.0.jar:/home/rowan/.gradle/caches/modules-2/files-2.1/de.learnlib/learnlib-observation-pack-vpa/0.17.0/76e7355aeb6d5ff2a4f746dd9d11bdf909c584e7/learnlib-observation-pack-vpa-0.17.0.jar:/home/rowan/.gradle/caches/modules-2/files-2.1/de.learnlib/learnlib-oml/0.17.0/178a668140a006fd8b1c0e96092546de3fae4036/learnlib-oml-0.17.0.jar:/home/rowan/.gradle/caches/modules-2/files-2.1/de.lear
Launcher Type: SUN_STANDARD

[Global flags]
     intx CICompilerCount                          = 12                                        {product} {ergonomic}
     uint ConcGCThreads                            = 3                                         {product} {ergonomic}
     uint G1ConcRefinementThreads                  = 13                                        {product} {ergonomic}
   size_t G1HeapRegionSize                         = 8388608                                   {product} {ergonomic}
    uintx GCDrainStackTargetSize                   = 64                                        {product} {ergonomic}
   size_t InitialHeapSize                          = 1056964608                                {product} {ergonomic}
   size_t MarkStackSize                            = 4194304                                   {product} {ergonomic}
   size_t MaxHeapSize                              = 16844324864                               {product} {ergonomic}
   size_t MaxNewSize                               = 10099884032                               {product} {ergonomic}
   size_t MinHeapDeltaBytes                        = 8388608                                   {product} {ergonomic}
   size_t MinHeapSize                              = 8388608                                   {product} {ergonomic}
    uintx NonNMethodCodeHeapSize                   = 7602480                                {pd product} {ergonomic}
    uintx NonProfiledCodeHeapSize                  = 122027880                              {pd product} {ergonomic}
    uintx ProfiledCodeHeapSize                     = 122027880                              {pd product} {ergonomic}
    uintx ReservedCodeCacheSize                    = 251658240                              {pd product} {ergonomic}
     bool SegmentedCodeCache                       = true                                      {product} {ergonomic}
   size_t SoftMaxHeapSize                          = 16844324864                            {manageable} {ergonomic}
     bool UseCompressedClassPointers               = true                           {product lp64_product} {ergonomic}
     bool UseCompressedOops                        = true                           {product lp64_product} {ergonomic}
     bool UseG1GC                                  = true                                      {product} {ergonomic}

Logging:
Log output configuration:
 #0: stdout all=warning uptime,level,tags
 #1: stderr all=off uptime,level,tags

Environment Variables:
PATH=/home/rowan/.config/bspwm/scripts:/usr/local/sbin:/usr/local/bin:/usr/bin:/opt/android-sdk/tools:/opt/android-sdk/tools/bin:/opt/cuda/bin:/opt/cuda/nsight_compute:/opt/cuda/nsight_systems/bin:/usr/lib/jvm/default/bin:/usr/bin/site_perl:/usr/bin/vendor_perl:/usr/bin/core_perl:/usr/lib/rustup/bin:/home/rowan/.local/share/JetBrains/Toolbox/scripts
SHELL=/bin/bash
DISPLAY=:0
LANG=en_US.UTF-8

Signal Handlers:
   SIGSEGV: crash_handler in libjvm.so, mask=11100100010111111101111111111110, flags=SA_RESTART|SA_SIGINFO
    SIGBUS: crash_handler in libjvm.so, mask=11100100010111111101111111111110, flags=SA_RESTART|SA_SIGINFO
    SIGFPE: crash_handler in libjvm.so, mask=11100100010111111101111111111110, flags=SA_RESTART|SA_SIGINFO
   SIGPIPE: javaSignalHandler in libjvm.so, mask=11100100010111111101111111111110, flags=SA_RESTART|SA_SIGINFO
   SIGXFSZ: javaSignalHandler in libjvm.so, mask=11100100010111111101111111111110, flags=SA_RESTART|SA_SIGINFO
    SIGILL: crash_handler in libjvm.so, mask=11100100010111111101111111111110, flags=SA_RESTART|SA_SIGINFO
   SIGUSR2: SR_handler in libjvm.so, mask=00100000000000000000000000000000, flags=SA_RESTART|SA_SIGINFO
    SIGHUP: UserHandler in libjvm.so, mask=11100100010111111101111111111110, flags=SA_RESTART|SA_SIGINFO
    SIGINT: UserHandler in libjvm.so, mask=11100100010111111101111111111110, flags=SA_RESTART|SA_SIGINFO
   SIGTERM: UserHandler in libjvm.so, mask=11100100010111111101111111111110, flags=SA_RESTART|SA_SIGINFO
   SIGQUIT: UserHandler in libjvm.so, mask=11100100010111111101111111111110, flags=SA_RESTART|SA_SIGINFO
  *** Handler was modified!
  *** Expected: javaSignalHandler in libjvm.so, mask=11100100110111111111111111111110, flags=SA_RESTART|SA_SIGINFO
   SIGTRAP: crash_handler in libjvm.so, mask=11100100010111111101111111111110, flags=SA_RESTART|SA_SIGINFO


---------------  S Y S T E M  ---------------

OS:
DISTRIB_ID="Arch"
DISTRIB_RELEASE="rolling"
DISTRIB_DESCRIPTION="Arch Linux"
uname: Linux 6.8.2-arch2-1 #1 SMP PREEMPT_DYNAMIC Thu, 28 Mar 2024 17:06:35 +0000 x86_64
OS uptime: 0 days 2:07 hours
libc: glibc 2.39 NPTL 2.39 
rlimit (soft/hard): STACK 8192k/infinity , CORE infinity/infinity , NPROC 256672/256672 , NOFILE 524288/524288 , AS infinity/infinity , CPU infinity/infinity , DATA infinity/infinity , FSIZE infinity/infinity , MEMLOCK 8192k/8192k
load average: 6.46 6.37 5.91

/proc/meminfo:
MemTotal:       65766156 kB
MemFree:        29703644 kB
MemAvailable:   40332440 kB
Buffers:          924516 kB
Cached:         10132320 kB
SwapCached:            0 kB
Active:         28346068 kB
Inactive:        6126256 kB
Active(anon):   23809972 kB
Inactive(anon):        0 kB
Active(file):    4536096 kB
Inactive(file):  6126256 kB
Unevictable:         588 kB
Mlocked:             588 kB
SwapTotal:      16777212 kB
SwapFree:       16777212 kB
Zswap:                 0 kB
Zswapped:              0 kB
Dirty:              2600 kB
Writeback:             0 kB
AnonPages:      22509504 kB
Mapped:          3321156 kB
Shmem:            395228 kB
KReclaimable:     692656 kB
Slab:             914204 kB
SReclaimable:     692656 kB
SUnreclaim:       221548 kB
KernelStack:       40064 kB
PageTables:       135476 kB
SecPageTables:         0 kB
NFS_Unstable:          0 kB
Bounce:                0 kB
WritebackTmp:          0 kB
CommitLimit:    49660288 kB
Committed_AS:   41806632 kB
VmallocTotal:   34359738367 kB
VmallocUsed:      176100 kB
VmallocChunk:          0 kB
Percpu:            41984 kB
HardwareCorrupted:     0 kB
AnonHugePages:  12027904 kB
ShmemHugePages:        0 kB
ShmemPmdMapped:        0 kB
FileHugePages:    546816 kB
FilePmdMapped:     67584 kB
CmaTotal:              0 kB
CmaFree:               0 kB
Unaccepted:            0 kB
HugePages_Total:       0
HugePages_Free:        0
HugePages_Rsvd:        0
HugePages_Surp:        0
Hugepagesize:       2048 kB
Hugetlb:               0 kB
DirectMap4k:     1529776 kB
DirectMap2M:    35092480 kB
DirectMap1G:    30408704 kB

/sys/kernel/mm/transparent_hugepage/enabled: [always] madvise never
/sys/kernel/mm/transparent_hugepage/defrag (defrag/compaction efforts parameter): always defer defer+madvise [madvise] never

Process Memory:
Virtual Size: 19955876K (peak: 19955876K)
Resident Set Size: 61568K (peak: 61568K) (anon: 30984K, file: 30584K, shmem: 0K)
Swapped out: 0K
C-Heap outstanding allocations: 38338K, retained: 2097K
glibc malloc tunables: (default)

/proc/sys/kernel/threads-max (system-wide limit on the number of threads): 513344
/proc/sys/vm/max_map_count (maximum number of memory map areas a process may have): 65530
/proc/sys/kernel/pid_max (system-wide limit on number of process identifiers): 4194304

container (cgroup) information:
container_type: cgroupv2
cpu_cpuset_cpus: not supported
cpu_memory_nodes: not supported
active_processor_count: 16
cpu_quota: no quota
cpu_period: 100000
cpu_shares: no shares
memory_limit_in_bytes: unlimited
memory_and_swap_limit_in_bytes: unlimited
memory_soft_limit_in_bytes: unlimited
memory_usage_in_bytes: 31351280 k
memory_max_usage_in_bytes: not supported
maximum number of tasks: unlimited
current number of tasks: 1610

Steal ticks since vm start: 0
Steal ticks percentage since vm start:  0.000

CPU: total 32 (initial active 16) (16 cores per cpu, 2 threads per core) family 25 model 33 stepping 0 microcode 0xa201016, cx8, cmov, fxsr, ht, mmx, 3dnowpref, sse, sse2, sse3, ssse3, sse4a, sse4.1, sse4.2, popcnt, lzcnt, tsc, tscinvbit, avx, avx2, aes, erms, clmul, bmi1, bmi2, adx, sha, fma, vzeroupper, clflush, clflushopt
CPU Model and flags from /proc/cpuinfo:
model name	: AMD Ryzen 7 5800X 8-Core Processor
flags		: fpu vme de pse tsc msr pae mce cx8 apic sep mtrr pge mca cmov pat pse36 clflush mmx fxsr sse sse2 ht syscall nx mmxext fxsr_opt pdpe1gb rdtscp lm constant_tsc rep_good nopl nonstop_tsc cpuid extd_apicid aperfmperf rapl pni pclmulqdq monitor ssse3 fma cx16 sse4_1 sse4_2 x2apic movbe popcnt aes xsave avx f16c rdrand lahf_lm cmp_legacy svm extapic cr8_legacy abm sse4a misalignsse 3dnowprefetch osvw ibs skinit wdt tce topoext perfctr_core perfctr_nb bpext perfctr_llc mwaitx cpb cat_l3 cdp_l3 hw_pstate ssbd mba ibrs ibpb stibp vmmcall fsgsbase bmi1 avx2 smep bmi2 erms invpcid cqm rdt_a rdseed adx smap clflushopt clwb sha_ni xsaveopt xsavec xgetbv1 xsaves cqm_llc cqm_occup_llc cqm_mbm_total cqm_mbm_local user_shstk clzero irperf xsaveerptr rdpru wbnoinvd arat npt lbrv svm_lock nrip_save tsc_scale vmcb_clean flushbyasid decodeassists pausefilter pfthreshold avic v_vmsave_vmload vgif v_spec_ctrl umip pku ospke vaes vpclmulqdq rdpid overflow_recov succor smca fsrm debug_swap

Online cpus: 0-15
Offline cpus: 16-31
BIOS frequency limitation: 3800000
Frequency switch latency (ns): 0
Available cpu frequencies: 3800000 2800000 2200000 
Current governor: schedutil
Core performance/turbo boost: 1

Memory: 4k page, physical 65766156k(29703644k free), swap 16777212k(16777212k free)
Page Sizes: 4k

vm_info: OpenJDK 64-Bit Server VM (17.0.5+8-LTS) for linux-amd64 JRE (17.0.5+8-LTS), built on Oct 13 2022 05:01:28 by "jenkins" with gcc 7.3.1 20180303 (Red Hat 7.3.1-5)

END.
