#
# A fatal error has been detected by the Java Runtime Environment:
#
#  SIGSEGV (0xb) at pc=0x00007068e465425f, pid=147431, tid=147453
#
# JRE version: OpenJDK Runtime Environment Corretto-17.0.5.8.1 (17.0.5+8) (build 17.0.5+8-LTS)
# Java VM: OpenJDK 64-Bit Server VM Corretto-17.0.5.8.1 (17.0.5+8-LTS, mixed mode, sharing, tiered, compressed oops, compressed class ptrs, g1 gc, linux-amd64)
# Problematic frame:
# C  [libc.so.6+0x8225f]  _IO_file_fopen+0x2f
#
# Core dump will be written. Default location: Core dumps may be processed with "/usr/lib/systemd/systemd-coredump %P %u %g %s %t %c %h" (or dumping to /home/rowan/IdeaProjects/LexerLearning/core.147431)
#
# If you would like to submit a bug report, please visit:
#   https://github.com/corretto/corretto-17/issues/
#

---------------  S U M M A R Y ------------

Command Line: -Dfile.encoding=UTF-8 -Duser.country=US -Duser.language=en -Duser.variant jni.TestRunner

Host: AMD Ryzen 7 5800X 8-Core Processor, 32 cores, 62G, Arch Linux
Time: Thu Apr  4 18:12:27 2024 CEST elapsed time: 0.049700 seconds (0d 0h 0m 0s)

---------------  T H R E A D  ---------------

Current thread is native thread

Stack: [0x0000706896402000,0x0000706896c01000],  sp=0x0000706896bffe10,  free space=8183k
Native frames: (J=compiled Java code, j=interpreted, Vv=VM code, C=native code)
C  [libc.so.6+0x8225f]  _IO_file_fopen+0x2f


siginfo: si_signo: 11 (SIGSEGV), si_code: 1 (SEGV_MAPERR), si_addr: 0x0000000000000000

Registers:
RAX=0x0000000000000000, RBX=0x000070682c000b70, RCX=0x0000000000000001, RDX=0x0000000000000000
RSP=0x0000706896bffe10, RBP=0x000070682c000b70, RSI=0x00007068e47cb025, RDI=0x000070682c000b70
R8 =0x00007068e47a9248, R9 =0x0000000000000001, R10=0x0000000000000004, R11=0x0000000000000246
R12=0x00007068e47cb025, R13=0x0000000000000000, R14=0x0000000000000001, R15=0x0000706896400000
RIP=0x00007068e465425f, EFLAGS=0x0000000000010246, CSGSFS=0x002b000000000033, ERR=0x0000000000000004
  TRAPNO=0x000000000000000e

Top of Stack: (sp=0x0000706896bffe10)
0x0000706896bffe10:   0000000000000000 00007068e465632a
0x0000706896bffe20:   00007068e4655d60 0000000000000000
0x0000706896bffe30:   0000000000000000 252a8e6b0598e000
0x0000706896bffe40:   0000706896400000 000070682c000b70 

Instructions: (pc=0x00007068e465425f)
0x00007068e465415f:   00 f3 0f 1e fa 41 54 31 c0 55 44 89 c5 53 48 89
0x00007068e465416f:   fb 48 89 f7 89 d6 89 ca f6 43 74 02 0f 85 97 00
0x00007068e465417f:   00 00 e8 6a 8b 07 00 41 89 c4 45 85 e4 0f 88 7e
0x00007068e465418f:   00 00 00 8b 03 89 ea f7 d5 44 89 63 70 81 e2 0c
0x00007068e465419f:   10 00 00 25 f3 ef ff ff 09 d0 81 e5 04 10 00 00
0x00007068e46541af:   89 03 75 32 48 8b ab d8 00 00 00 48 8d 15 3f 4d
0x00007068e46541bf:   15 00 48 89 e8 48 29 d0 48 3d 2f 09 00 00 77 59
0x00007068e46541cf:   31 f6 ba 02 00 00 00 48 89 df ff 95 80 00 00 00
0x00007068e46541df:   48 83 f8 ff 74 13 48 89 df e8 23 20 00 00 48 89
0x00007068e46541ef:   d8 5b 5d 41 5c c3 0f 1f 00 48 8b 05 11 5b 15 00
0x00007068e46541ff:   64 83 38 1d 74 e0 44 89 e7 e8 03 a0 07 00 0f 1f
0x00007068e465420f:   00 31 c0 eb dc 0f 1f 40 00 e8 93 a2 07 00 41 89
0x00007068e465421f:   c4 e9 64 ff ff ff 0f 1f 00 e8 33 f2 ff ff eb a0
0x00007068e465422f:   90 f3 0f 1e fa 41 57 48 89 d0 41 56 41 55 41 54
0x00007068e465423f:   55 53 48 83 ec 38 64 48 8b 14 25 28 00 00 00 48
0x00007068e465424f:   89 54 24 28 31 d2 83 7f 70 ff 0f 85 9f 01 00 00
0x00007068e465425f:   0f b6 10 48 89 fb 41 89 c9 80 fa 72 0f 84 8f 03
0x00007068e465426f:   00 00 80 fa 77 0f 84 b6 01 00 00 80 fa 61 0f 85
0x00007068e465427f:   6d 01 00 00 ba 40 04 00 00 41 bb 01 00 00 00 41
0x00007068e465428f:   b8 04 10 00 00 48 8d 78 06 49 89 c4 4c 8d 15 de
0x00007068e465429f:   23 11 00 0f b6 48 01 48 83 c0 01 80 f9 78 7f 31
0x00007068e46542af:   80 f9 61 0f 8e e8 01 00 00 83 e9 62 80 f9 16 77
0x00007068e46542bf:   20 0f b6 c9 49 63 0c 8a 4c 01 d1 3e ff e1 0f 1f
0x00007068e46542cf:   00 41 81 e0 00 10 00 00 49 89 c4 41 bb 02 00 00
0x00007068e46542df:   00 48 39 f8 75 bd 44 09 da b9 b6 01 00 00 48 89
0x00007068e46542ef:   df e8 6b fe ff ff 48 89 c5 48 85 c0 0f 84 fd 00
0x00007068e46542ff:   00 00 49 8d 7c 24 01 48 8d 35 f3 89 11 00 e8 5e
0x00007068e465430f:   10 02 00 49 89 c5 48 85 c0 0f 84 e2 00 00 00 4c
0x00007068e465431f:   8d 78 05 be 2c 00 00 00 4c 89 ff e8 61 1f fa ff
0x00007068e465432f:   4c 29 f8 49 89 c6 48 8d 78 03 ff 15 a1 5c 15 00
0x00007068e465433f:   49 89 c4 48 85 c0 0f 84 00 03 00 00 4c 89 f2 4c
0x00007068e465434f:   89 fe 48 89 c7 ff 15 be 59 15 00 c6 00 00 41 0f 



---------------  P R O C E S S  ---------------

VM state: not at safepoint (normal execution)

VM Mutex/Monitor currently owned by a thread: None

Heap address: 0x0000000414000000, size: 16064 MB, Compressed Oops mode: Zero based, Oop shift amount: 3

CDS archive(s) mapped at: [0x0000000800000000-0x0000000800be1000-0x0000000800be1000), size 12455936, SharedBaseAddress: 0x0000000800000000, ArchiveRelocationMode: 0.
Compressed class space mapped at: 0x0000000800c00000-0x0000000840c00000, reserved size: 1073741824
Narrow klass base: 0x0000000800000000, Narrow klass shift: 0, Narrow klass range: 0x100000000

GC Precious Log:
<Skipped>

Heap:
 garbage-first heap   total 1048576K, used 11109K [0x0000000414000000, 0x0000000800000000)
  region size 8192K, 1 young (8192K), 0 survivors (0K)
 Metaspace       used 983K, committed 1152K, reserved 1056768K
  class space    used 88K, committed 192K, reserved 1048576K

Heap Regions: E=young(eden), S=young(survivor), O=old, HS=humongous(starts), HC=humongous(continues), CS=collection set, F=free, OA=open archive, CA=closed archive, TAMS=top-at-mark-start (previous, next)
|   0|0x0000000414000000, 0x0000000414000000, 0x0000000414800000|  0%| F|  |TAMS 0x0000000414000000, 0x0000000414000000| Untracked 
|   1|0x0000000414800000, 0x0000000414800000, 0x0000000415000000|  0%| F|  |TAMS 0x0000000414800000, 0x0000000414800000| Untracked 
|   2|0x0000000415000000, 0x0000000415000000, 0x0000000415800000|  0%| F|  |TAMS 0x0000000415000000, 0x0000000415000000| Untracked 
|   3|0x0000000415800000, 0x0000000415800000, 0x0000000416000000|  0%| F|  |TAMS 0x0000000415800000, 0x0000000415800000| Untracked 
|   4|0x0000000416000000, 0x0000000416000000, 0x0000000416800000|  0%| F|  |TAMS 0x0000000416000000, 0x0000000416000000| Untracked 
|   5|0x0000000416800000, 0x0000000416800000, 0x0000000417000000|  0%| F|  |TAMS 0x0000000416800000, 0x0000000416800000| Untracked 
|   6|0x0000000417000000, 0x0000000417000000, 0x0000000417800000|  0%| F|  |TAMS 0x0000000417000000, 0x0000000417000000| Untracked 
|   7|0x0000000417800000, 0x0000000417800000, 0x0000000418000000|  0%| F|  |TAMS 0x0000000417800000, 0x0000000417800000| Untracked 
|   8|0x0000000418000000, 0x0000000418000000, 0x0000000418800000|  0%| F|  |TAMS 0x0000000418000000, 0x0000000418000000| Untracked 
|   9|0x0000000418800000, 0x0000000418800000, 0x0000000419000000|  0%| F|  |TAMS 0x0000000418800000, 0x0000000418800000| Untracked 
|  10|0x0000000419000000, 0x0000000419000000, 0x0000000419800000|  0%| F|  |TAMS 0x0000000419000000, 0x0000000419000000| Untracked 
|  11|0x0000000419800000, 0x0000000419800000, 0x000000041a000000|  0%| F|  |TAMS 0x0000000419800000, 0x0000000419800000| Untracked 
|  12|0x000000041a000000, 0x000000041a000000, 0x000000041a800000|  0%| F|  |TAMS 0x000000041a000000, 0x000000041a000000| Untracked 
|  13|0x000000041a800000, 0x000000041a800000, 0x000000041b000000|  0%| F|  |TAMS 0x000000041a800000, 0x000000041a800000| Untracked 
|  14|0x000000041b000000, 0x000000041b000000, 0x000000041b800000|  0%| F|  |TAMS 0x000000041b000000, 0x000000041b000000| Untracked 
|  15|0x000000041b800000, 0x000000041b800000, 0x000000041c000000|  0%| F|  |TAMS 0x000000041b800000, 0x000000041b800000| Untracked 
|  16|0x000000041c000000, 0x000000041c000000, 0x000000041c800000|  0%| F|  |TAMS 0x000000041c000000, 0x000000041c000000| Untracked 
|  17|0x000000041c800000, 0x000000041c800000, 0x000000041d000000|  0%| F|  |TAMS 0x000000041c800000, 0x000000041c800000| Untracked 
|  18|0x000000041d000000, 0x000000041d000000, 0x000000041d800000|  0%| F|  |TAMS 0x000000041d000000, 0x000000041d000000| Untracked 
|  19|0x000000041d800000, 0x000000041d800000, 0x000000041e000000|  0%| F|  |TAMS 0x000000041d800000, 0x000000041d800000| Untracked 
|  20|0x000000041e000000, 0x000000041e000000, 0x000000041e800000|  0%| F|  |TAMS 0x000000041e000000, 0x000000041e000000| Untracked 
|  21|0x000000041e800000, 0x000000041e800000, 0x000000041f000000|  0%| F|  |TAMS 0x000000041e800000, 0x000000041e800000| Untracked 
|  22|0x000000041f000000, 0x000000041f000000, 0x000000041f800000|  0%| F|  |TAMS 0x000000041f000000, 0x000000041f000000| Untracked 
|  23|0x000000041f800000, 0x000000041f800000, 0x0000000420000000|  0%| F|  |TAMS 0x000000041f800000, 0x000000041f800000| Untracked 
|  24|0x0000000420000000, 0x0000000420000000, 0x0000000420800000|  0%| F|  |TAMS 0x0000000420000000, 0x0000000420000000| Untracked 
|  25|0x0000000420800000, 0x0000000420800000, 0x0000000421000000|  0%| F|  |TAMS 0x0000000420800000, 0x0000000420800000| Untracked 
|  26|0x0000000421000000, 0x0000000421000000, 0x0000000421800000|  0%| F|  |TAMS 0x0000000421000000, 0x0000000421000000| Untracked 
|  27|0x0000000421800000, 0x0000000421800000, 0x0000000422000000|  0%| F|  |TAMS 0x0000000421800000, 0x0000000421800000| Untracked 
|  28|0x0000000422000000, 0x0000000422000000, 0x0000000422800000|  0%| F|  |TAMS 0x0000000422000000, 0x0000000422000000| Untracked 
|  29|0x0000000422800000, 0x0000000422800000, 0x0000000423000000|  0%| F|  |TAMS 0x0000000422800000, 0x0000000422800000| Untracked 
|  30|0x0000000423000000, 0x0000000423000000, 0x0000000423800000|  0%| F|  |TAMS 0x0000000423000000, 0x0000000423000000| Untracked 
|  31|0x0000000423800000, 0x0000000423800000, 0x0000000424000000|  0%| F|  |TAMS 0x0000000423800000, 0x0000000423800000| Untracked 
|  32|0x0000000424000000, 0x0000000424000000, 0x0000000424800000|  0%| F|  |TAMS 0x0000000424000000, 0x0000000424000000| Untracked 
|  33|0x0000000424800000, 0x0000000424800000, 0x0000000425000000|  0%| F|  |TAMS 0x0000000424800000, 0x0000000424800000| Untracked 
|  34|0x0000000425000000, 0x0000000425000000, 0x0000000425800000|  0%| F|  |TAMS 0x0000000425000000, 0x0000000425000000| Untracked 
|  35|0x0000000425800000, 0x0000000425800000, 0x0000000426000000|  0%| F|  |TAMS 0x0000000425800000, 0x0000000425800000| Untracked 
|  36|0x0000000426000000, 0x0000000426000000, 0x0000000426800000|  0%| F|  |TAMS 0x0000000426000000, 0x0000000426000000| Untracked 
|  37|0x0000000426800000, 0x0000000426800000, 0x0000000427000000|  0%| F|  |TAMS 0x0000000426800000, 0x0000000426800000| Untracked 
|  38|0x0000000427000000, 0x0000000427000000, 0x0000000427800000|  0%| F|  |TAMS 0x0000000427000000, 0x0000000427000000| Untracked 
|  39|0x0000000427800000, 0x0000000427800000, 0x0000000428000000|  0%| F|  |TAMS 0x0000000427800000, 0x0000000427800000| Untracked 
|  40|0x0000000428000000, 0x0000000428000000, 0x0000000428800000|  0%| F|  |TAMS 0x0000000428000000, 0x0000000428000000| Untracked 
|  41|0x0000000428800000, 0x0000000428800000, 0x0000000429000000|  0%| F|  |TAMS 0x0000000428800000, 0x0000000428800000| Untracked 
|  42|0x0000000429000000, 0x0000000429000000, 0x0000000429800000|  0%| F|  |TAMS 0x0000000429000000, 0x0000000429000000| Untracked 
|  43|0x0000000429800000, 0x0000000429800000, 0x000000042a000000|  0%| F|  |TAMS 0x0000000429800000, 0x0000000429800000| Untracked 
|  44|0x000000042a000000, 0x000000042a000000, 0x000000042a800000|  0%| F|  |TAMS 0x000000042a000000, 0x000000042a000000| Untracked 
|  45|0x000000042a800000, 0x000000042a800000, 0x000000042b000000|  0%| F|  |TAMS 0x000000042a800000, 0x000000042a800000| Untracked 
|  46|0x000000042b000000, 0x000000042b000000, 0x000000042b800000|  0%| F|  |TAMS 0x000000042b000000, 0x000000042b000000| Untracked 
|  47|0x000000042b800000, 0x000000042b800000, 0x000000042c000000|  0%| F|  |TAMS 0x000000042b800000, 0x000000042b800000| Untracked 
|  48|0x000000042c000000, 0x000000042c000000, 0x000000042c800000|  0%| F|  |TAMS 0x000000042c000000, 0x000000042c000000| Untracked 
|  49|0x000000042c800000, 0x000000042c800000, 0x000000042d000000|  0%| F|  |TAMS 0x000000042c800000, 0x000000042c800000| Untracked 
|  50|0x000000042d000000, 0x000000042d000000, 0x000000042d800000|  0%| F|  |TAMS 0x000000042d000000, 0x000000042d000000| Untracked 
|  51|0x000000042d800000, 0x000000042d800000, 0x000000042e000000|  0%| F|  |TAMS 0x000000042d800000, 0x000000042d800000| Untracked 
|  52|0x000000042e000000, 0x000000042e000000, 0x000000042e800000|  0%| F|  |TAMS 0x000000042e000000, 0x000000042e000000| Untracked 
|  53|0x000000042e800000, 0x000000042e800000, 0x000000042f000000|  0%| F|  |TAMS 0x000000042e800000, 0x000000042e800000| Untracked 
|  54|0x000000042f000000, 0x000000042f000000, 0x000000042f800000|  0%| F|  |TAMS 0x000000042f000000, 0x000000042f000000| Untracked 
|  55|0x000000042f800000, 0x000000042f800000, 0x0000000430000000|  0%| F|  |TAMS 0x000000042f800000, 0x000000042f800000| Untracked 
|  56|0x0000000430000000, 0x0000000430000000, 0x0000000430800000|  0%| F|  |TAMS 0x0000000430000000, 0x0000000430000000| Untracked 
|  57|0x0000000430800000, 0x0000000430800000, 0x0000000431000000|  0%| F|  |TAMS 0x0000000430800000, 0x0000000430800000| Untracked 
|  58|0x0000000431000000, 0x0000000431000000, 0x0000000431800000|  0%| F|  |TAMS 0x0000000431000000, 0x0000000431000000| Untracked 
|  59|0x0000000431800000, 0x0000000431800000, 0x0000000432000000|  0%| F|  |TAMS 0x0000000431800000, 0x0000000431800000| Untracked 
|  60|0x0000000432000000, 0x0000000432000000, 0x0000000432800000|  0%| F|  |TAMS 0x0000000432000000, 0x0000000432000000| Untracked 
|  61|0x0000000432800000, 0x0000000432800000, 0x0000000433000000|  0%| F|  |TAMS 0x0000000432800000, 0x0000000432800000| Untracked 
|  62|0x0000000433000000, 0x0000000433000000, 0x0000000433800000|  0%| F|  |TAMS 0x0000000433000000, 0x0000000433000000| Untracked 
|  63|0x0000000433800000, 0x0000000433800000, 0x0000000434000000|  0%| F|  |TAMS 0x0000000433800000, 0x0000000433800000| Untracked 
|  64|0x0000000434000000, 0x0000000434000000, 0x0000000434800000|  0%| F|  |TAMS 0x0000000434000000, 0x0000000434000000| Untracked 
|  65|0x0000000434800000, 0x0000000434800000, 0x0000000435000000|  0%| F|  |TAMS 0x0000000434800000, 0x0000000434800000| Untracked 
|  66|0x0000000435000000, 0x0000000435000000, 0x0000000435800000|  0%| F|  |TAMS 0x0000000435000000, 0x0000000435000000| Untracked 
|  67|0x0000000435800000, 0x0000000435800000, 0x0000000436000000|  0%| F|  |TAMS 0x0000000435800000, 0x0000000435800000| Untracked 
|  68|0x0000000436000000, 0x0000000436000000, 0x0000000436800000|  0%| F|  |TAMS 0x0000000436000000, 0x0000000436000000| Untracked 
|  69|0x0000000436800000, 0x0000000436800000, 0x0000000437000000|  0%| F|  |TAMS 0x0000000436800000, 0x0000000436800000| Untracked 
|  70|0x0000000437000000, 0x0000000437000000, 0x0000000437800000|  0%| F|  |TAMS 0x0000000437000000, 0x0000000437000000| Untracked 
|  71|0x0000000437800000, 0x0000000437800000, 0x0000000438000000|  0%| F|  |TAMS 0x0000000437800000, 0x0000000437800000| Untracked 
|  72|0x0000000438000000, 0x0000000438000000, 0x0000000438800000|  0%| F|  |TAMS 0x0000000438000000, 0x0000000438000000| Untracked 
|  73|0x0000000438800000, 0x0000000438800000, 0x0000000439000000|  0%| F|  |TAMS 0x0000000438800000, 0x0000000438800000| Untracked 
|  74|0x0000000439000000, 0x0000000439000000, 0x0000000439800000|  0%| F|  |TAMS 0x0000000439000000, 0x0000000439000000| Untracked 
|  75|0x0000000439800000, 0x0000000439800000, 0x000000043a000000|  0%| F|  |TAMS 0x0000000439800000, 0x0000000439800000| Untracked 
|  76|0x000000043a000000, 0x000000043a000000, 0x000000043a800000|  0%| F|  |TAMS 0x000000043a000000, 0x000000043a000000| Untracked 
|  77|0x000000043a800000, 0x000000043a800000, 0x000000043b000000|  0%| F|  |TAMS 0x000000043a800000, 0x000000043a800000| Untracked 
|  78|0x000000043b000000, 0x000000043b000000, 0x000000043b800000|  0%| F|  |TAMS 0x000000043b000000, 0x000000043b000000| Untracked 
|  79|0x000000043b800000, 0x000000043b800000, 0x000000043c000000|  0%| F|  |TAMS 0x000000043b800000, 0x000000043b800000| Untracked 
|  80|0x000000043c000000, 0x000000043c000000, 0x000000043c800000|  0%| F|  |TAMS 0x000000043c000000, 0x000000043c000000| Untracked 
|  81|0x000000043c800000, 0x000000043c800000, 0x000000043d000000|  0%| F|  |TAMS 0x000000043c800000, 0x000000043c800000| Untracked 
|  82|0x000000043d000000, 0x000000043d000000, 0x000000043d800000|  0%| F|  |TAMS 0x000000043d000000, 0x000000043d000000| Untracked 
|  83|0x000000043d800000, 0x000000043d800000, 0x000000043e000000|  0%| F|  |TAMS 0x000000043d800000, 0x000000043d800000| Untracked 
|  84|0x000000043e000000, 0x000000043e000000, 0x000000043e800000|  0%| F|  |TAMS 0x000000043e000000, 0x000000043e000000| Untracked 
|  85|0x000000043e800000, 0x000000043e800000, 0x000000043f000000|  0%| F|  |TAMS 0x000000043e800000, 0x000000043e800000| Untracked 
|  86|0x000000043f000000, 0x000000043f000000, 0x000000043f800000|  0%| F|  |TAMS 0x000000043f000000, 0x000000043f000000| Untracked 
|  87|0x000000043f800000, 0x000000043f800000, 0x0000000440000000|  0%| F|  |TAMS 0x000000043f800000, 0x000000043f800000| Untracked 
|  88|0x0000000440000000, 0x0000000440000000, 0x0000000440800000|  0%| F|  |TAMS 0x0000000440000000, 0x0000000440000000| Untracked 
|  89|0x0000000440800000, 0x0000000440800000, 0x0000000441000000|  0%| F|  |TAMS 0x0000000440800000, 0x0000000440800000| Untracked 
|  90|0x0000000441000000, 0x0000000441000000, 0x0000000441800000|  0%| F|  |TAMS 0x0000000441000000, 0x0000000441000000| Untracked 
|  91|0x0000000441800000, 0x0000000441800000, 0x0000000442000000|  0%| F|  |TAMS 0x0000000441800000, 0x0000000441800000| Untracked 
|  92|0x0000000442000000, 0x0000000442000000, 0x0000000442800000|  0%| F|  |TAMS 0x0000000442000000, 0x0000000442000000| Untracked 
|  93|0x0000000442800000, 0x0000000442800000, 0x0000000443000000|  0%| F|  |TAMS 0x0000000442800000, 0x0000000442800000| Untracked 
|  94|0x0000000443000000, 0x0000000443000000, 0x0000000443800000|  0%| F|  |TAMS 0x0000000443000000, 0x0000000443000000| Untracked 
|  95|0x0000000443800000, 0x0000000443800000, 0x0000000444000000|  0%| F|  |TAMS 0x0000000443800000, 0x0000000443800000| Untracked 
|  96|0x0000000444000000, 0x0000000444000000, 0x0000000444800000|  0%| F|  |TAMS 0x0000000444000000, 0x0000000444000000| Untracked 
|  97|0x0000000444800000, 0x0000000444800000, 0x0000000445000000|  0%| F|  |TAMS 0x0000000444800000, 0x0000000444800000| Untracked 
|  98|0x0000000445000000, 0x0000000445000000, 0x0000000445800000|  0%| F|  |TAMS 0x0000000445000000, 0x0000000445000000| Untracked 
|  99|0x0000000445800000, 0x0000000445800000, 0x0000000446000000|  0%| F|  |TAMS 0x0000000445800000, 0x0000000445800000| Untracked 
| 100|0x0000000446000000, 0x0000000446000000, 0x0000000446800000|  0%| F|  |TAMS 0x0000000446000000, 0x0000000446000000| Untracked 
| 101|0x0000000446800000, 0x0000000446800000, 0x0000000447000000|  0%| F|  |TAMS 0x0000000446800000, 0x0000000446800000| Untracked 
| 102|0x0000000447000000, 0x0000000447000000, 0x0000000447800000|  0%| F|  |TAMS 0x0000000447000000, 0x0000000447000000| Untracked 
| 103|0x0000000447800000, 0x0000000447800000, 0x0000000448000000|  0%| F|  |TAMS 0x0000000447800000, 0x0000000447800000| Untracked 
| 104|0x0000000448000000, 0x0000000448000000, 0x0000000448800000|  0%| F|  |TAMS 0x0000000448000000, 0x0000000448000000| Untracked 
| 105|0x0000000448800000, 0x0000000448800000, 0x0000000449000000|  0%| F|  |TAMS 0x0000000448800000, 0x0000000448800000| Untracked 
| 106|0x0000000449000000, 0x0000000449000000, 0x0000000449800000|  0%| F|  |TAMS 0x0000000449000000, 0x0000000449000000| Untracked 
| 107|0x0000000449800000, 0x0000000449800000, 0x000000044a000000|  0%| F|  |TAMS 0x0000000449800000, 0x0000000449800000| Untracked 
| 108|0x000000044a000000, 0x000000044a000000, 0x000000044a800000|  0%| F|  |TAMS 0x000000044a000000, 0x000000044a000000| Untracked 
| 109|0x000000044a800000, 0x000000044a800000, 0x000000044b000000|  0%| F|  |TAMS 0x000000044a800000, 0x000000044a800000| Untracked 
| 110|0x000000044b000000, 0x000000044b000000, 0x000000044b800000|  0%| F|  |TAMS 0x000000044b000000, 0x000000044b000000| Untracked 
| 111|0x000000044b800000, 0x000000044b800000, 0x000000044c000000|  0%| F|  |TAMS 0x000000044b800000, 0x000000044b800000| Untracked 
| 112|0x000000044c000000, 0x000000044c000000, 0x000000044c800000|  0%| F|  |TAMS 0x000000044c000000, 0x000000044c000000| Untracked 
| 113|0x000000044c800000, 0x000000044c800000, 0x000000044d000000|  0%| F|  |TAMS 0x000000044c800000, 0x000000044c800000| Untracked 
| 114|0x000000044d000000, 0x000000044d000000, 0x000000044d800000|  0%| F|  |TAMS 0x000000044d000000, 0x000000044d000000| Untracked 
| 115|0x000000044d800000, 0x000000044d800000, 0x000000044e000000|  0%| F|  |TAMS 0x000000044d800000, 0x000000044d800000| Untracked 
| 116|0x000000044e000000, 0x000000044e000000, 0x000000044e800000|  0%| F|  |TAMS 0x000000044e000000, 0x000000044e000000| Untracked 
| 117|0x000000044e800000, 0x000000044e800000, 0x000000044f000000|  0%| F|  |TAMS 0x000000044e800000, 0x000000044e800000| Untracked 
| 118|0x000000044f000000, 0x000000044f000000, 0x000000044f800000|  0%| F|  |TAMS 0x000000044f000000, 0x000000044f000000| Untracked 
| 119|0x000000044f800000, 0x000000044f800000, 0x0000000450000000|  0%| F|  |TAMS 0x000000044f800000, 0x000000044f800000| Untracked 
| 120|0x0000000450000000, 0x0000000450000000, 0x0000000450800000|  0%| F|  |TAMS 0x0000000450000000, 0x0000000450000000| Untracked 
| 121|0x0000000450800000, 0x0000000450800000, 0x0000000451000000|  0%| F|  |TAMS 0x0000000450800000, 0x0000000450800000| Untracked 
| 122|0x0000000451000000, 0x0000000451000000, 0x0000000451800000|  0%| F|  |TAMS 0x0000000451000000, 0x0000000451000000| Untracked 
| 123|0x0000000451800000, 0x0000000451800000, 0x0000000452000000|  0%| F|  |TAMS 0x0000000451800000, 0x0000000451800000| Untracked 
| 124|0x0000000452000000, 0x0000000452000000, 0x0000000452800000|  0%| F|  |TAMS 0x0000000452000000, 0x0000000452000000| Untracked 
| 125|0x0000000452800000, 0x0000000452ae1508, 0x0000000453000000| 36%| E|  |TAMS 0x0000000452800000, 0x0000000452800000| Complete 
|2006|0x00000007ff000000, 0x00000007ff776000, 0x00000007ff800000| 93%|OA|  |TAMS 0x00000007ff000000, 0x00000007ff000000| Untracked 
|2007|0x00000007ff800000, 0x00000007ff882000, 0x0000000800000000|  6%|CA|  |TAMS 0x00000007ff800000, 0x00000007ff800000| Untracked 

Card table byte_map: [0x00007068c1400000,0x00007068c3360000] _byte_map_base: 0x00007068bf360000

Marking Bits (Prev, Next): (CMBitMap*) 0x00007068dc05b170, (CMBitMap*) 0x00007068dc05b1b0
 Prev Bits: [0x00007068af800000, 0x00007068bf300000)
 Next Bits: [0x000070689fc00000, 0x00007068af700000)

Polling page: 0x00007068e47e7000

Metaspace:

Usage:
  Non-class:    895.51 KB used.
      Class:     88.28 KB used.
       Both:    983.79 KB used.

Virtual space:
  Non-class space:        8.00 MB reserved,     960.00 KB ( 12%) committed,  1 nodes.
      Class space:        1.00 GB reserved,     192.00 KB ( <1%) committed,  1 nodes.
             Both:        1.01 GB reserved,       1.12 MB ( <1%) committed. 

Chunk freelists:
   Non-Class:  3.97 MB
       Class:  3.74 MB
        Both:  7.71 MB

MaxMetaspaceSize: unlimited
CompressedClassSpaceSize: 1.00 GB
Initial GC threshold: 21.00 MB
Current GC threshold: 21.00 MB
CDS: on
MetaspaceReclaimPolicy: balanced
 - commit_granule_bytes: 65536.
 - commit_granule_words: 8192.
 - virtual_space_node_default_size: 1048576.
 - enlarge_chunks_in_place: 1.
 - new_chunks_are_fully_committed: 0.
 - uncommit_free_chunks: 1.
 - use_allocation_guard: 0.
 - handle_deallocations: 1.


Internal statistics:

num_allocs_failed_limit: 0.
num_arena_births: 24.
num_arena_deaths: 0.
num_vsnodes_births: 2.
num_vsnodes_deaths: 0.
num_space_committed: 18.
num_space_uncommitted: 0.
num_chunks_returned_to_freelist: 0.
num_chunks_taken_from_freelist: 27.
num_chunk_merges: 0.
num_chunk_splits: 18.
num_chunks_enlarged: 10.
num_purges: 0.
num_inconsistent_stats: 0.

CodeHeap 'non-profiled nmethods': size=119168Kb used=72Kb max_used=72Kb free=119096Kb
 bounds [0x00007068ccfa0000, 0x00007068cd210000, 0x00007068d4400000]
CodeHeap 'profiled nmethods': size=119164Kb used=268Kb max_used=268Kb free=118895Kb
 bounds [0x00007068c5b41000, 0x00007068c5db1000, 0x00007068ccfa0000]
CodeHeap 'non-nmethods': size=7428Kb used=1677Kb max_used=1690Kb free=5751Kb
 bounds [0x00007068c5400000, 0x00007068c5670000, 0x00007068c5b41000]
 total_blobs=609 nmethods=211 adapters=311
 compilation: enabled
              stopped_count=0, restarted_count=0
 full_count=0

Compilation events (20 events):
Event: 0.042 Thread 0x00007068dc1f9940  198       3       java.lang.invoke.LambdaForm$Name::initIndex (26 bytes)
Event: 0.042 Thread 0x0000706850035290  199       1       java.lang.invoke.MethodTypeForm::erasedType (5 bytes)
Event: 0.042 Thread 0x0000706850035290 nmethod 199 0x00007068ccfb0e10 code [0x00007068ccfb0fa0, 0x00007068ccfb1070]
Event: 0.042 Thread 0x00007068dc1f9940 nmethod 198 0x00007068c5b7fc10 code [0x00007068c5b7fdc0, 0x00007068c5b7ff70]
Event: 0.043 Thread 0x0000706850035290  201       3       java.lang.String::isEmpty (14 bytes)
Event: 0.043 Thread 0x0000706850035290 nmethod 201 0x00007068c5b80010 code [0x00007068c5b801a0, 0x00007068c5b80310]
Event: 0.043 Thread 0x0000706850035290  202       3       java.lang.ref.Reference::<init> (25 bytes)
Event: 0.043 Thread 0x0000706850035290 nmethod 202 0x00007068c5b80410 code [0x00007068c5b805c0, 0x00007068c5b80850]
Event: 0.043 Thread 0x00007068dc1f8410  203       4       java.lang.StringLatin1::canEncode (13 bytes)
Event: 0.043 Thread 0x00007068dc1f9940  204       3       java.lang.invoke.MethodType::parameterCount (6 bytes)
Event: 0.043 Thread 0x00007068dc1f9940 nmethod 204 0x00007068c5b80910 code [0x00007068c5b80aa0, 0x00007068c5b80bb0]
Event: 0.043 Thread 0x00007068dc1f8410 nmethod 203 0x00007068ccfb1110 code [0x00007068ccfb1280, 0x00007068ccfb12f8]
Event: 0.044 Thread 0x0000706850035290  206   !   3       java.lang.invoke.MemberName::getMethodType (211 bytes)
Event: 0.044 Thread 0x0000706850035290 nmethod 206 0x00007068c5b80c90 code [0x00007068c5b80f80, 0x00007068c5b82590]
Event: 0.045 Thread 0x00007068dc1f8410  207       4       java.lang.String::length (11 bytes)
Event: 0.045 Thread 0x0000706850035290  208       3       java.lang.String::substring (58 bytes)
Event: 0.045 Thread 0x00007068dc1f9940  209       3       java.lang.String::checkBoundsBeginEnd (63 bytes)
Event: 0.045 Thread 0x00007068dc1f8410 nmethod 207 0x00007068ccfb1710 code [0x00007068ccfb18a0, 0x00007068ccfb1938]
Event: 0.045 Thread 0x0000706850035290 nmethod 208 0x00007068c5b82b90 code [0x00007068c5b82d80, 0x00007068c5b83220]
Event: 0.045 Thread 0x00007068dc1f9940 nmethod 209 0x00007068c5b83390 code [0x00007068c5b83620, 0x00007068c5b83ef0]

GC Heap History (0 events):
No events

Dll operation events (6 events):
Event: 0.001 Loaded shared library /home/rowan/.jdks/corretto-17.0.5/lib/libjava.so
Event: 0.007 Loaded shared library /home/rowan/.jdks/corretto-17.0.5/lib/libjsvml.so
Event: 0.019 Loaded shared library /home/rowan/.jdks/corretto-17.0.5/lib/libnio.so
Event: 0.020 Loaded shared library /home/rowan/.jdks/corretto-17.0.5/lib/libzip.so
Event: 0.031 Loaded shared library /home/rowan/.jdks/corretto-17.0.5/lib/libjimage.so
Event: 0.048 Loaded shared library /tmp/lexer440874693797017821.lib

Deoptimization events (0 events):
No events

Classes unloaded (0 events):
No events

Classes redefined (0 events):
No events

Internal exceptions (0 events):
No events

VM Operations (0 events):
No events

Events (20 events):
Event: 0.047 loading class sun/net/www/protocol/jar/JarFileFactory
Event: 0.047 loading class sun/net/www/protocol/jar/URLJarFile$URLJarFileCloseController
Event: 0.047 loading class sun/net/www/protocol/jar/URLJarFile$URLJarFileCloseController done
Event: 0.047 loading class sun/net/www/protocol/jar/JarFileFactory done
Event: 0.047 loading class sun/net/www/protocol/file/FileURLConnection
Event: 0.047 loading class sun/net/www/URLConnection
Event: 0.047 loading class sun/net/www/URLConnection done
Event: 0.047 loading class sun/net/www/protocol/file/FileURLConnection done
Event: 0.047 loading class sun/net/www/MessageHeader
Event: 0.047 loading class sun/net/www/MessageHeader done
Event: 0.047 loading class sun/net/www/protocol/jar/URLJarFile
Event: 0.047 loading class sun/net/www/protocol/jar/URLJarFile done
Event: 0.047 loading class sun/nio/fs/UnixFileKey
Event: 0.047 loading class sun/nio/fs/UnixFileKey done
Event: 0.047 loading class sun/net/www/protocol/jar/URLJarFile$URLJarFileEntry
Event: 0.047 loading class sun/net/www/protocol/jar/URLJarFile$URLJarFileEntry done
Event: 0.047 loading class sun/net/www/protocol/jar/JarURLConnection$JarURLInputStream
Event: 0.047 loading class sun/net/www/protocol/jar/JarURLConnection$JarURLInputStream done
Event: 0.047 loading class java/io/FileOutputStream$1
Event: 0.047 loading class java/io/FileOutputStream$1 done


Dynamic libraries:
414000000-453000000 rw-p 00000000 00:00 0 
453000000-7ff000000 ---p 00000000 00:00 0 
7ff000000-7ff700000 rw-p 00000000 00:00 0 
7ff700000-7ff776000 rw-p 00c9c000 08:03 18363978                         /home/rowan/.jdks/corretto-17.0.5/lib/server/classes.jsa
7ff776000-7ff800000 rw-p 00000000 00:00 0 
7ff800000-7ff882000 rw-p 00c1a000 08:03 18363978                         /home/rowan/.jdks/corretto-17.0.5/lib/server/classes.jsa
7ff882000-800000000 rw-p 00000000 00:00 0 
800000000-800458000 rw-p 00001000 08:03 18363978                         /home/rowan/.jdks/corretto-17.0.5/lib/server/classes.jsa
800458000-800be1000 r--p 00459000 08:03 18363978                         /home/rowan/.jdks/corretto-17.0.5/lib/server/classes.jsa
800be1000-800c00000 ---p 00000000 00:00 0 
800c00000-800c10000 rw-p 00000000 00:00 0 
800c10000-800c40000 ---p 00000000 00:00 0 
800c40000-800c60000 rw-p 00000000 00:00 0 
800c60000-840c00000 ---p 00000000 00:00 0 
624945a00000-624945a01000 r-xp 00000000 08:03 18364079                   /home/rowan/.jdks/corretto-17.0.5/bin/java
624945c01000-624945c02000 r--p 00001000 08:03 18364079                   /home/rowan/.jdks/corretto-17.0.5/bin/java
624945c02000-624945c03000 rw-p 00002000 08:03 18364079                   /home/rowan/.jdks/corretto-17.0.5/bin/java
6249473a1000-6249473ec000 rw-p 00000000 00:00 0                          [heap]
70682c000000-70682c02c000 rw-p 00000000 00:00 0 
70682c02c000-706830000000 ---p 00000000 00:00 0 
706830000000-7068300f4000 rw-p 00000000 00:00 0 
7068300f4000-706834000000 ---p 00000000 00:00 0 
706838000000-706838021000 rw-p 00000000 00:00 0 
706838021000-70683c000000 ---p 00000000 00:00 0 
70683c000000-70683c021000 rw-p 00000000 00:00 0 
70683c021000-706840000000 ---p 00000000 00:00 0 
706844000000-706844021000 rw-p 00000000 00:00 0 
706844021000-706848000000 ---p 00000000 00:00 0 
706848000000-706848021000 rw-p 00000000 00:00 0 
706848021000-70684c000000 ---p 00000000 00:00 0 
706850000000-7068500d1000 rw-p 00000000 00:00 0 
7068500d1000-706854000000 ---p 00000000 00:00 0 
706854000000-7068540b0000 rw-p 00000000 00:00 0 
7068540b0000-706858000000 ---p 00000000 00:00 0 
70685c000000-70685c021000 rw-p 00000000 00:00 0 
70685c021000-706860000000 ---p 00000000 00:00 0 
706860000000-706860021000 rw-p 00000000 00:00 0 
706860021000-706864000000 ---p 00000000 00:00 0 
706868000000-706868021000 rw-p 00000000 00:00 0 
706868021000-70686c000000 ---p 00000000 00:00 0 
70686c000000-70686c021000 rw-p 00000000 00:00 0 
70686c021000-706870000000 ---p 00000000 00:00 0 
706874000000-706874021000 rw-p 00000000 00:00 0 
706874021000-706878000000 ---p 00000000 00:00 0 
706878000000-706878021000 rw-p 00000000 00:00 0 
706878021000-70687c000000 ---p 00000000 00:00 0 
706880000000-706880021000 rw-p 00000000 00:00 0 
706880021000-706884000000 ---p 00000000 00:00 0 
706884000000-706884021000 rw-p 00000000 00:00 0 
706884021000-706888000000 ---p 00000000 00:00 0 
70688c000000-70688c021000 rw-p 00000000 00:00 0 
70688c021000-706890000000 ---p 00000000 00:00 0 
706890000000-706890021000 rw-p 00000000 00:00 0 
706890021000-706894000000 ---p 00000000 00:00 0 
706896400000-706896401000 ---p 00000000 00:00 0 
706896401000-706896c01000 rw-p 00000000 00:00 0 
706896e00000-706896e1a000 r-xp 00000000 08:03 18363968                   /home/rowan/.jdks/corretto-17.0.5/lib/libzip.so
706896e1a000-70689701a000 ---p 0001a000 08:03 18363968                   /home/rowan/.jdks/corretto-17.0.5/lib/libzip.so
70689701a000-70689701b000 r--p 0001a000 08:03 18363968                   /home/rowan/.jdks/corretto-17.0.5/lib/libzip.so
70689701b000-70689701c000 rw-p 00000000 00:00 0 
706897400000-706897414000 r-xp 00000000 08:03 18363965                   /home/rowan/.jdks/corretto-17.0.5/lib/libnet.so
706897414000-706897614000 ---p 00014000 08:03 18363965                   /home/rowan/.jdks/corretto-17.0.5/lib/libnet.so
706897614000-706897615000 r--p 00014000 08:03 18363965                   /home/rowan/.jdks/corretto-17.0.5/lib/libnet.so
706897615000-706897616000 rw-p 00015000 08:03 18363965                   /home/rowan/.jdks/corretto-17.0.5/lib/libnet.so
706897a00000-706897a12000 r-xp 00000000 08:03 18363966                   /home/rowan/.jdks/corretto-17.0.5/lib/libnio.so
706897a12000-706897c11000 ---p 00012000 08:03 18363966                   /home/rowan/.jdks/corretto-17.0.5/lib/libnio.so
706897c11000-706897c12000 r--p 00011000 08:03 18363966                   /home/rowan/.jdks/corretto-17.0.5/lib/libnio.so
706897c12000-706897c13000 rw-p 00012000 08:03 18363966                   /home/rowan/.jdks/corretto-17.0.5/lib/libnio.so
706898000000-706898021000 rw-p 00000000 00:00 0 
706898021000-70689c000000 ---p 00000000 00:00 0 
70689c200000-70689c29c000 r--p 00000000 08:03 13261895                   /usr/lib/libstdc++.so.6.0.32
70689c29c000-70689c3d3000 r-xp 0009c000 08:03 13261895                   /usr/lib/libstdc++.so.6.0.32
70689c3d3000-70689c469000 r--p 001d3000 08:03 13261895                   /usr/lib/libstdc++.so.6.0.32
70689c469000-70689c476000 r--p 00269000 08:03 13261895                   /usr/lib/libstdc++.so.6.0.32
70689c476000-70689c477000 rw-p 00276000 08:03 13261895                   /usr/lib/libstdc++.so.6.0.32
70689c477000-70689c47b000 rw-p 00000000 00:00 0 
70689c4fe000-70689c502000 ---p 00000000 00:00 0 
70689c502000-70689c5fe000 rw-p 00000000 00:00 0 
70689c5fe000-70689c602000 ---p 00000000 00:00 0 
70689c602000-70689c6fe000 rw-p 00000000 00:00 0 
70689c6fe000-70689c6ff000 ---p 00000000 00:00 0 
70689c6ff000-70689c800000 rw-p 00000000 00:00 0 
70689c800000-70689c804000 ---p 00000000 00:00 0 
70689c804000-70689c900000 rw-p 00000000 00:00 0 
70689c900000-70689c904000 ---p 00000000 00:00 0 
70689c904000-70689ca00000 rw-p 00000000 00:00 0 
70689ca00000-70689cceb000 r--p 00000000 08:03 13299363                   /usr/lib/locale/locale-archive
70689cd00000-70689cd04000 ---p 00000000 00:00 0 
70689cd04000-70689ce00000 rw-p 00000000 00:00 0 
70689ce00000-70689cece000 r-xp 00000000 08:03 18364004                   /home/rowan/.jdks/corretto-17.0.5/lib/libjsvml.so
70689cece000-70689d0cd000 ---p 000ce000 08:03 18364004                   /home/rowan/.jdks/corretto-17.0.5/lib/libjsvml.so
70689d0cd000-70689d0ce000 r--p 000cd000 08:03 18364004                   /home/rowan/.jdks/corretto-17.0.5/lib/libjsvml.so
70689d0ce000-70689d0cf000 rw-p 000ce000 08:03 18364004                   /home/rowan/.jdks/corretto-17.0.5/lib/libjsvml.so
70689d100000-70689d104000 ---p 00000000 00:00 0 
70689d104000-70689d200000 rw-p 00000000 00:00 0 
70689d200000-70689d204000 ---p 00000000 00:00 0 
70689d204000-70689d300000 rw-p 00000000 00:00 0 
70689d300000-70689d304000 ---p 00000000 00:00 0 
70689d304000-70689d400000 rw-p 00000000 00:00 0 
70689d400000-70689d4e0000 rw-p 00000000 00:00 0 
70689d4e0000-70689d800000 ---p 00000000 00:00 0 
70689d800000-70689d810000 rw-p 00000000 00:00 0 
70689d810000-70689dc00000 ---p 00000000 00:00 0 
70689dc00000-7068a0bc0000 rw-p 00000000 00:00 0 
7068a0bc0000-7068af6c0000 ---p 00000000 00:00 0 
7068af6c0000-7068af700000 rw-p 00000000 00:00 0 
7068af700000-7068af704000 ---p 00000000 00:00 0 
7068af704000-7068af800000 rw-p 00000000 00:00 0 
7068af800000-7068b07c0000 rw-p 00000000 00:00 0 
7068b07c0000-7068bf2c0000 ---p 00000000 00:00 0 
7068bf2c0000-7068bf300000 rw-p 00000000 00:00 0 
7068bf300000-7068bf304000 ---p 00000000 00:00 0 
7068bf304000-7068bf400000 rw-p 00000000 00:00 0 
7068bf400000-7068bf5f8000 rw-p 00000000 00:00 0 
7068bf5f8000-7068c1358000 ---p 00000000 00:00 0 
7068c1358000-7068c1360000 rw-p 00000000 00:00 0 
7068c1400000-7068c15f8000 rw-p 00000000 00:00 0 
7068c15f8000-7068c3358000 ---p 00000000 00:00 0 
7068c3358000-7068c3360000 rw-p 00000000 00:00 0 
7068c3400000-7068c35f8000 rw-p 00000000 00:00 0 
7068c35f8000-7068c5358000 ---p 00000000 00:00 0 
7068c5358000-7068c5360000 rw-p 00000000 00:00 0 
7068c5400000-7068c5670000 rwxp 00000000 00:00 0 
7068c5670000-7068c5b41000 ---p 00000000 00:00 0 
7068c5b41000-7068c5db1000 rwxp 00000000 00:00 0 
7068c5db1000-7068ccfa0000 ---p 00000000 00:00 0 
7068ccfa0000-7068cd210000 rwxp 00000000 00:00 0 
7068cd210000-7068d4400000 ---p 00000000 00:00 0 
7068d4400000-7068dbf75000 r--s 00000000 08:03 18363955                   /home/rowan/.jdks/corretto-17.0.5/lib/modules
7068dc000000-7068dc286000 rw-p 00000000 00:00 0 
7068dc286000-7068e0000000 ---p 00000000 00:00 0 
7068e00e0000-7068e00e4000 ---p 00000000 00:00 0 
7068e00e4000-7068e01e0000 rw-p 00000000 00:00 0 
7068e01e0000-7068e01e1000 ---p 00000000 00:00 0 
7068e01e1000-7068e02e2000 rw-p 00000000 00:00 0 
7068e02e2000-7068e02e3000 ---p 00000000 00:00 0 
7068e02e3000-7068e03e4000 rw-p 00000000 00:00 0 
7068e03e4000-7068e03e5000 ---p 00000000 00:00 0 
7068e03e5000-7068e04e6000 rw-p 00000000 00:00 0 
7068e04e6000-7068e11f3000 rw-p 00000000 00:00 0 
7068e11f3000-7068e11f4000 ---p 00000000 00:00 0 
7068e11f4000-7068e12f5000 rw-p 00000000 00:00 0 
7068e12f5000-7068e12f6000 ---p 00000000 00:00 0 
7068e12f6000-7068e13f7000 rw-p 00000000 00:00 0 
7068e13f7000-7068e13f8000 ---p 00000000 00:00 0 
7068e13f8000-7068e14f9000 rw-p 00000000 00:00 0 
7068e14f9000-7068e1c00000 rw-p 00000000 00:00 0 
7068e1c00000-7068e1c24000 r-xp 00000000 08:03 18363961                   /home/rowan/.jdks/corretto-17.0.5/lib/libjava.so
7068e1c24000-7068e1e23000 ---p 00024000 08:03 18363961                   /home/rowan/.jdks/corretto-17.0.5/lib/libjava.so
7068e1e23000-7068e1e24000 r--p 00023000 08:03 18363961                   /home/rowan/.jdks/corretto-17.0.5/lib/libjava.so
7068e1e24000-7068e1e25000 rw-p 00024000 08:03 18363961                   /home/rowan/.jdks/corretto-17.0.5/lib/libjava.so
7068e1e25000-7068e1e26000 rw-p 00000000 00:00 0 
7068e1e57000-7068e1e5b000 r--p 00000000 08:03 13242445                   /usr/lib/libgcc_s.so.1
7068e1e5b000-7068e1e76000 r-xp 00004000 08:03 13242445                   /usr/lib/libgcc_s.so.1
7068e1e76000-7068e1e7a000 r--p 0001f000 08:03 13242445                   /usr/lib/libgcc_s.so.1
7068e1e7a000-7068e1e7b000 r--p 00022000 08:03 13242445                   /usr/lib/libgcc_s.so.1
7068e1e7b000-7068e1e7c000 rw-p 00023000 08:03 13242445                   /usr/lib/libgcc_s.so.1
7068e1e7c000-7068e2200000 rw-p 00000000 00:00 0 
7068e2200000-7068e221b000 r-xp 00000000 08:03 18363962                   /home/rowan/.jdks/corretto-17.0.5/lib/libjimage.so
7068e221b000-7068e241a000 ---p 0001b000 08:03 18363962                   /home/rowan/.jdks/corretto-17.0.5/lib/libjimage.so
7068e241a000-7068e241c000 r--p 0001a000 08:03 18363962                   /home/rowan/.jdks/corretto-17.0.5/lib/libjimage.so
7068e241c000-7068e241d000 rw-p 0001c000 08:03 18363962                   /home/rowan/.jdks/corretto-17.0.5/lib/libjimage.so
7068e2461000-7068e2800000 rw-p 00000000 00:00 0 
7068e2800000-7068e3aea000 r-xp 00000000 08:03 18363976                   /home/rowan/.jdks/corretto-17.0.5/lib/server/libjvm.so
7068e3aea000-7068e3ce9000 ---p 012ea000 08:03 18363976                   /home/rowan/.jdks/corretto-17.0.5/lib/server/libjvm.so
7068e3ce9000-7068e3da2000 r--p 012e9000 08:03 18363976                   /home/rowan/.jdks/corretto-17.0.5/lib/server/libjvm.so
7068e3da2000-7068e3dd7000 rw-p 013a2000 08:03 18363976                   /home/rowan/.jdks/corretto-17.0.5/lib/server/libjvm.so
7068e3dd7000-7068e3e31000 rw-p 00000000 00:00 0 
7068e3e3c000-7068e3f33000 rw-p 00000000 00:00 0 
7068e3f33000-7068e4017000 ---p 00000000 00:00 0 
7068e4017000-7068e401c000 rw-p 00000000 00:00 0 
7068e401c000-7068e4100000 ---p 00000000 00:00 0 
7068e4100000-7068e4104000 ---p 00000000 00:00 0 
7068e4104000-7068e4200000 rw-p 00000000 00:00 0 
7068e4200000-7068e4219000 r-xp 00000000 08:03 18363963                   /home/rowan/.jdks/corretto-17.0.5/lib/libjli.so
7068e4219000-7068e4418000 ---p 00019000 08:03 18363963                   /home/rowan/.jdks/corretto-17.0.5/lib/libjli.so
7068e4418000-7068e4419000 r--p 00018000 08:03 18363963                   /home/rowan/.jdks/corretto-17.0.5/lib/libjli.so
7068e4419000-7068e441a000 rw-p 00019000 08:03 18363963                   /home/rowan/.jdks/corretto-17.0.5/lib/libjli.so
7068e4422000-7068e44df000 rw-p 00000000 00:00 0 
7068e44df000-7068e44ed000 r--p 00000000 08:03 13241698                   /usr/lib/libm.so.6
7068e44ed000-7068e456d000 r-xp 0000e000 08:03 13241698                   /usr/lib/libm.so.6
7068e456d000-7068e45c9000 r--p 0008e000 08:03 13241698                   /usr/lib/libm.so.6
7068e45c9000-7068e45ca000 r--p 000e9000 08:03 13241698                   /usr/lib/libm.so.6
7068e45ca000-7068e45cb000 rw-p 000ea000 08:03 13241698                   /usr/lib/libm.so.6
7068e45cb000-7068e45cc000 r--p 00000000 08:03 13241728                   /usr/lib/librt.so.1
7068e45cc000-7068e45cd000 r-xp 00001000 08:03 13241728                   /usr/lib/librt.so.1
7068e45cd000-7068e45ce000 r--p 00002000 08:03 13241728                   /usr/lib/librt.so.1
7068e45ce000-7068e45cf000 r--p 00002000 08:03 13241728                   /usr/lib/librt.so.1
7068e45cf000-7068e45d0000 rw-p 00003000 08:03 13241728                   /usr/lib/librt.so.1
7068e45d0000-7068e45d2000 rw-p 00000000 00:00 0 
7068e45d2000-7068e45f6000 r--p 00000000 08:03 13241673                   /usr/lib/libc.so.6
7068e45f6000-7068e4751000 r-xp 00024000 08:03 13241673                   /usr/lib/libc.so.6
7068e4751000-7068e47a6000 r--p 0017f000 08:03 13241673                   /usr/lib/libc.so.6
7068e47a6000-7068e47aa000 r--p 001d3000 08:03 13241673                   /usr/lib/libc.so.6
7068e47aa000-7068e47ac000 rw-p 001d7000 08:03 13241673                   /usr/lib/libc.so.6
7068e47ac000-7068e47b4000 rw-p 00000000 00:00 0 
7068e47b4000-7068e47b5000 r--p 00000000 08:03 13241684                   /usr/lib/libdl.so.2
7068e47b5000-7068e47b6000 r-xp 00001000 08:03 13241684                   /usr/lib/libdl.so.2
7068e47b6000-7068e47b7000 r--p 00002000 08:03 13241684                   /usr/lib/libdl.so.2
7068e47b7000-7068e47b8000 r--p 00002000 08:03 13241684                   /usr/lib/libdl.so.2
7068e47b8000-7068e47b9000 rw-p 00003000 08:03 13241684                   /usr/lib/libdl.so.2
7068e47b9000-7068e47ba000 r--p 00000000 08:03 13241723                   /usr/lib/libpthread.so.0
7068e47ba000-7068e47bb000 r-xp 00001000 08:03 13241723                   /usr/lib/libpthread.so.0
7068e47bb000-7068e47bc000 r--p 00002000 08:03 13241723                   /usr/lib/libpthread.so.0
7068e47bc000-7068e47bd000 r--p 00002000 08:03 13241723                   /usr/lib/libpthread.so.0
7068e47bd000-7068e47be000 rw-p 00003000 08:03 13241723                   /usr/lib/libpthread.so.0
7068e47c5000-7068e47c8000 r--p 00000000 00:21 18720                      /tmp/lexer440874693797017821.lib
7068e47c8000-7068e47cb000 r-xp 00003000 00:21 18720                      /tmp/lexer440874693797017821.lib
7068e47cb000-7068e47cc000 r--p 00006000 00:21 18720                      /tmp/lexer440874693797017821.lib
7068e47cc000-7068e47cd000 r--p 00007000 00:21 18720                      /tmp/lexer440874693797017821.lib
7068e47cd000-7068e47ce000 rw-p 00008000 00:21 18720                      /tmp/lexer440874693797017821.lib
7068e47ce000-7068e47d5000 rw-p 00000000 00:00 0 
7068e47d5000-7068e47df000 ---p 00000000 00:00 0 
7068e47df000-7068e47e7000 rw-s 00000000 00:21 18719                      /tmp/hsperfdata_rowan/147431
7068e47e7000-7068e47e8000 ---p 00000000 00:00 0 
7068e47e8000-7068e47e9000 r--p 00000000 00:00 0 
7068e47e9000-7068e47ea000 ---p 00000000 00:00 0 
7068e47ea000-7068e47ec000 rw-p 00000000 00:00 0 
7068e47ec000-7068e47ed000 r--p 00000000 08:03 13241644                   /usr/lib/ld-linux-x86-64.so.2
7068e47ed000-7068e4814000 r-xp 00001000 08:03 13241644                   /usr/lib/ld-linux-x86-64.so.2
7068e4814000-7068e481f000 r--p 00028000 08:03 13241644                   /usr/lib/ld-linux-x86-64.so.2
7068e481f000-7068e4821000 r--p 00032000 08:03 13241644                   /usr/lib/ld-linux-x86-64.so.2
7068e4821000-7068e4823000 rw-p 00034000 08:03 13241644                   /usr/lib/ld-linux-x86-64.so.2
7ffef8d95000-7ffef8db9000 rw-p 00000000 00:00 0                          [stack]
7ffef8dd1000-7ffef8dd5000 r--p 00000000 00:00 0                          [vvar]
7ffef8dd5000-7ffef8dd7000 r-xp 00000000 00:00 0                          [vdso]
ffffffffff600000-ffffffffff601000 --xp 00000000 00:00 0                  [vsyscall]


VM Arguments:
jvm_args: -Dfile.encoding=UTF-8 -Duser.country=US -Duser.language=en -Duser.variant 
java_command: jni.TestRunner
java_class_path (initial): /home/rowan/IdeaProjects/LexerLearning/jni-runner/build/classes/java/main:/home/rowan/IdeaProjects/LexerLearning/jni-runner/build/resources/main:/home/rowan/IdeaProjects/LexerLearning/jni-lib/build/libs/jni-lib.jar:/home/rowan/.gradle/caches/modules-2/files-2.1/de.learnlib/learnlib-aaar/0.17.0/e0189d85b19795a262def7e140b319414d6ac804/learnlib-aaar-0.17.0.jar:/home/rowan/.gradle/caches/modules-2/files-2.1/de.learnlib/learnlib-adt/0.17.0/abb1cc7bbe827dc4eb466961132dbf4edf1ba574/learnlib-adt-0.17.0.jar:/home/rowan/.gradle/caches/modules-2/files-2.1/de.learnlib/learnlib-dhc/0.17.0/cccd00238a88cc8f41c2d40a362cdb09b6233cd6/learnlib-dhc-0.17.0.jar:/home/rowan/.gradle/caches/modules-2/files-2.1/de.learnlib/learnlib-procedural/0.17.0/f9513c284259cc197445d2aa2cf5f95bc14f9c64/learnlib-procedural-0.17.0.jar:/home/rowan/.gradle/caches/modules-2/files-2.1/de.learnlib/learnlib-kearns-vazirani/0.17.0/c09e83b1643d7558135368a13b4a6a6a223d8b2a/learnlib-kearns-vazirani-0.17.0.jar:/home/rowan/.gradle/caches/modules-2/files-2.1/de.learnlib/learnlib-lstar/0.17.0/d7ece5a39d307845d327c3b8b406954cdb47337f/learnlib-lstar-0.17.0.jar:/home/rowan/.gradle/caches/modules-2/files-2.1/de.learnlib/learnlib-nlstar/0.17.0/1392b226b110e635a8b38bf4c6a5035030d530e3/learnlib-nlstar-0.17.0.jar:/home/rowan/.gradle/caches/modules-2/files-2.1/de.learnlib/learnlib-observation-pack/0.17.0/1f017b96488e1879b9a89353f4792e1979a4b7ad/learnlib-observation-pack-0.17.0.jar:/home/rowan/.gradle/caches/modules-2/files-2.1/de.learnlib/learnlib-ttt-vpa/0.17.0/ed06fd22e5143dd3d678b123551e199cb06355fb/learnlib-ttt-vpa-0.17.0.jar:/home/rowan/.gradle/caches/modules-2/files-2.1/de.learnlib/learnlib-observation-pack-vpa/0.17.0/76e7355aeb6d5ff2a4f746dd9d11bdf909c584e7/learnlib-observation-pack-vpa-0.17.0.jar:/home/rowan/.gradle/caches/modules-2/files-2.1/de.learnlib/learnlib-oml/0.17.0/178a668140a006fd8b1c0e96092546de3fae4036/learnlib-oml-0.17.0.jar:/home/rowan/.gradle/caches/modules-2/files-2.1/de.lear
Launcher Type: SUN_STANDARD

[Global flags]
     intx CICompilerCount                          = 12                                        {product} {ergonomic}
     uint ConcGCThreads                            = 3                                         {product} {ergonomic}
     uint G1ConcRefinementThreads                  = 13                                        {product} {ergonomic}
   size_t G1HeapRegionSize                         = 8388608                                   {product} {ergonomic}
    uintx GCDrainStackTargetSize                   = 64                                        {product} {ergonomic}
   size_t InitialHeapSize                          = 1056964608                                {product} {ergonomic}
   size_t MarkStackSize                            = 4194304                                   {product} {ergonomic}
   size_t MaxHeapSize                              = 16844324864                               {product} {ergonomic}
   size_t MaxNewSize                               = 10099884032                               {product} {ergonomic}
   size_t MinHeapDeltaBytes                        = 8388608                                   {product} {ergonomic}
   size_t MinHeapSize                              = 8388608                                   {product} {ergonomic}
    uintx NonNMethodCodeHeapSize                   = 7602480                                {pd product} {ergonomic}
    uintx NonProfiledCodeHeapSize                  = 122027880                              {pd product} {ergonomic}
    uintx ProfiledCodeHeapSize                     = 122027880                              {pd product} {ergonomic}
    uintx ReservedCodeCacheSize                    = 251658240                              {pd product} {ergonomic}
     bool SegmentedCodeCache                       = true                                      {product} {ergonomic}
   size_t SoftMaxHeapSize                          = 16844324864                            {manageable} {ergonomic}
     bool UseCompressedClassPointers               = true                           {product lp64_product} {ergonomic}
     bool UseCompressedOops                        = true                           {product lp64_product} {ergonomic}
     bool UseG1GC                                  = true                                      {product} {ergonomic}

Logging:
Log output configuration:
 #0: stdout all=warning uptime,level,tags
 #1: stderr all=off uptime,level,tags

Environment Variables:
PATH=/home/rowan/.config/bspwm/scripts:/usr/local/sbin:/usr/local/bin:/usr/bin:/opt/android-sdk/tools:/opt/android-sdk/tools/bin:/opt/cuda/bin:/opt/cuda/nsight_compute:/opt/cuda/nsight_systems/bin:/usr/lib/jvm/default/bin:/usr/bin/site_perl:/usr/bin/vendor_perl:/usr/bin/core_perl:/usr/lib/rustup/bin:/home/rowan/.local/share/JetBrains/Toolbox/scripts
SHELL=/bin/bash
DISPLAY=:0
LANG=en_US.UTF-8

Signal Handlers:
   SIGSEGV: crash_handler in libjvm.so, mask=11100100010111111101111111111110, flags=SA_RESTART|SA_SIGINFO
    SIGBUS: crash_handler in libjvm.so, mask=11100100010111111101111111111110, flags=SA_RESTART|SA_SIGINFO
    SIGFPE: crash_handler in libjvm.so, mask=11100100010111111101111111111110, flags=SA_RESTART|SA_SIGINFO
   SIGPIPE: javaSignalHandler in libjvm.so, mask=11100100010111111101111111111110, flags=SA_RESTART|SA_SIGINFO
   SIGXFSZ: javaSignalHandler in libjvm.so, mask=11100100010111111101111111111110, flags=SA_RESTART|SA_SIGINFO
    SIGILL: crash_handler in libjvm.so, mask=11100100010111111101111111111110, flags=SA_RESTART|SA_SIGINFO
   SIGUSR2: SR_handler in libjvm.so, mask=00100000000000000000000000000000, flags=SA_RESTART|SA_SIGINFO
    SIGHUP: UserHandler in libjvm.so, mask=11100100010111111101111111111110, flags=SA_RESTART|SA_SIGINFO
    SIGINT: UserHandler in libjvm.so, mask=11100100010111111101111111111110, flags=SA_RESTART|SA_SIGINFO
   SIGTERM: UserHandler in libjvm.so, mask=11100100010111111101111111111110, flags=SA_RESTART|SA_SIGINFO
   SIGQUIT: UserHandler in libjvm.so, mask=11100100010111111101111111111110, flags=SA_RESTART|SA_SIGINFO
  *** Handler was modified!
  *** Expected: javaSignalHandler in libjvm.so, mask=11100100110111111111111111111110, flags=SA_RESTART|SA_SIGINFO
   SIGTRAP: crash_handler in libjvm.so, mask=11100100010111111101111111111110, flags=SA_RESTART|SA_SIGINFO


---------------  S Y S T E M  ---------------

OS:
DISTRIB_ID="Arch"
DISTRIB_RELEASE="rolling"
DISTRIB_DESCRIPTION="Arch Linux"
uname: Linux 6.8.2-arch2-1 #1 SMP PREEMPT_DYNAMIC Thu, 28 Mar 2024 17:06:35 +0000 x86_64
OS uptime: 0 days 1:58 hours
libc: glibc 2.39 NPTL 2.39 
rlimit (soft/hard): STACK 8192k/infinity , CORE infinity/infinity , NPROC 256672/256672 , NOFILE 524288/524288 , AS infinity/infinity , CPU infinity/infinity , DATA infinity/infinity , FSIZE infinity/infinity , MEMLOCK 8192k/8192k
load average: 4.90 5.44 5.49

/proc/meminfo:
MemTotal:       65766156 kB
MemFree:        30144872 kB
MemAvailable:   40624680 kB
Buffers:          920788 kB
Cached:          9973400 kB
SwapCached:            0 kB
Active:         28040308 kB
Inactive:        5988440 kB
Active(anon):   23511348 kB
Inactive(anon):        0 kB
Active(file):    4528960 kB
Inactive(file):  5988440 kB
Unevictable:         588 kB
Mlocked:             588 kB
SwapTotal:      16777212 kB
SwapFree:       16777212 kB
Zswap:                 0 kB
Zswapped:              0 kB
Dirty:              5308 kB
Writeback:             0 kB
AnonPages:      22236692 kB
Mapped:          3249660 kB
Shmem:            377544 kB
KReclaimable:     688620 kB
Slab:             909332 kB
SReclaimable:     688620 kB
SUnreclaim:       220712 kB
KernelStack:       39672 kB
PageTables:       133960 kB
SecPageTables:         0 kB
NFS_Unstable:          0 kB
Bounce:                0 kB
WritebackTmp:          0 kB
CommitLimit:    49660288 kB
Committed_AS:   41517144 kB
VmallocTotal:   34359738367 kB
VmallocUsed:      178528 kB
VmallocChunk:          0 kB
Percpu:            41600 kB
HardwareCorrupted:     0 kB
AnonHugePages:  11829248 kB
ShmemHugePages:        0 kB
ShmemPmdMapped:        0 kB
FileHugePages:    546816 kB
FilePmdMapped:     65536 kB
CmaTotal:              0 kB
CmaFree:               0 kB
Unaccepted:            0 kB
HugePages_Total:       0
HugePages_Free:        0
HugePages_Rsvd:        0
HugePages_Surp:        0
Hugepagesize:       2048 kB
Hugetlb:               0 kB
DirectMap4k:     1494960 kB
DirectMap2M:    35127296 kB
DirectMap1G:    30408704 kB

/sys/kernel/mm/transparent_hugepage/enabled: [always] madvise never
/sys/kernel/mm/transparent_hugepage/defrag (defrag/compaction efforts parameter): always defer defer+madvise [madvise] never

Process Memory:
Virtual Size: 19955880K (peak: 19955880K)
Resident Set Size: 59848K (peak: 59848K) (anon: 28980K, file: 30868K, shmem: 0K)
Swapped out: 0K
C-Heap outstanding allocations: 38304K, retained: 2087K
glibc malloc tunables: (default)

/proc/sys/kernel/threads-max (system-wide limit on the number of threads): 513344
/proc/sys/vm/max_map_count (maximum number of memory map areas a process may have): 65530
/proc/sys/kernel/pid_max (system-wide limit on number of process identifiers): 4194304

container (cgroup) information:
container_type: cgroupv2
cpu_cpuset_cpus: not supported
cpu_memory_nodes: not supported
active_processor_count: 16
cpu_quota: no quota
cpu_period: 100000
cpu_shares: no shares
memory_limit_in_bytes: unlimited
memory_and_swap_limit_in_bytes: unlimited
memory_soft_limit_in_bytes: unlimited
memory_usage_in_bytes: 31049984 k
memory_max_usage_in_bytes: not supported
maximum number of tasks: unlimited
current number of tasks: 1620

Steal ticks since vm start: 0
Steal ticks percentage since vm start:  0.000

CPU: total 32 (initial active 16) (16 cores per cpu, 2 threads per core) family 25 model 33 stepping 0 microcode 0xa201016, cx8, cmov, fxsr, ht, mmx, 3dnowpref, sse, sse2, sse3, ssse3, sse4a, sse4.1, sse4.2, popcnt, lzcnt, tsc, tscinvbit, avx, avx2, aes, erms, clmul, bmi1, bmi2, adx, sha, fma, vzeroupper, clflush, clflushopt
CPU Model and flags from /proc/cpuinfo:
model name	: AMD Ryzen 7 5800X 8-Core Processor
flags		: fpu vme de pse tsc msr pae mce cx8 apic sep mtrr pge mca cmov pat pse36 clflush mmx fxsr sse sse2 ht syscall nx mmxext fxsr_opt pdpe1gb rdtscp lm constant_tsc rep_good nopl nonstop_tsc cpuid extd_apicid aperfmperf rapl pni pclmulqdq monitor ssse3 fma cx16 sse4_1 sse4_2 x2apic movbe popcnt aes xsave avx f16c rdrand lahf_lm cmp_legacy svm extapic cr8_legacy abm sse4a misalignsse 3dnowprefetch osvw ibs skinit wdt tce topoext perfctr_core perfctr_nb bpext perfctr_llc mwaitx cpb cat_l3 cdp_l3 hw_pstate ssbd mba ibrs ibpb stibp vmmcall fsgsbase bmi1 avx2 smep bmi2 erms invpcid cqm rdt_a rdseed adx smap clflushopt clwb sha_ni xsaveopt xsavec xgetbv1 xsaves cqm_llc cqm_occup_llc cqm_mbm_total cqm_mbm_local user_shstk clzero irperf xsaveerptr rdpru wbnoinvd arat npt lbrv svm_lock nrip_save tsc_scale vmcb_clean flushbyasid decodeassists pausefilter pfthreshold avic v_vmsave_vmload vgif v_spec_ctrl umip pku ospke vaes vpclmulqdq rdpid overflow_recov succor smca fsrm debug_swap

Online cpus: 0-15
Offline cpus: 16-31
BIOS frequency limitation: 3800000
Frequency switch latency (ns): 0
Available cpu frequencies: 3800000 2800000 2200000 
Current governor: schedutil
Core performance/turbo boost: 1

Memory: 4k page, physical 65766156k(30144872k free), swap 16777212k(16777212k free)
Page Sizes: 4k

vm_info: OpenJDK 64-Bit Server VM (17.0.5+8-LTS) for linux-amd64 JRE (17.0.5+8-LTS), built on Oct 13 2022 05:01:28 by "jenkins" with gcc 7.3.1 20180303 (Red Hat 7.3.1-5)

END.
