#
# A fatal error has been detected by the Java Runtime Environment:
#
#  SIGSEGV (0xb) at pc=0x000074635b74ad49, pid=157069, tid=157071
#
# JRE version: OpenJDK Runtime Environment Corretto-17.0.5.8.1 (17.0.5+8) (build 17.0.5+8-LTS)
# Java VM: OpenJDK 64-Bit Server VM Corretto-17.0.5.8.1 (17.0.5+8-LTS, mixed mode, sharing, tiered, compressed oops, compressed class ptrs, g1 gc, linux-amd64)
# Problematic frame:
# V  [libjvm.so+0x54ad49]  AccessInternal::PostRuntimeDispatch<G1BarrierSet::AccessBarrier<598116ul, G1BarrierSet>, (AccessInternal::BarrierType)2, 598116ul>::oop_access_barrier(void*)+0x9
#
# Core dump will be written. Default location: Core dumps may be processed with "/usr/lib/systemd/systemd-coredump %P %u %g %s %t %c %h" (or dumping to /home/rowan/IdeaProjects/LexerLearning/core.157069)
#
# If you would like to submit a bug report, please visit:
#   https://github.com/corretto/corretto-17/issues/
#

---------------  S U M M A R Y ------------

Command Line: -Dfile.encoding=UTF-8 -Duser.country=US -Duser.language=en -Duser.variant jni.TestRunner

Host: AMD Ryzen 7 5800X 8-Core Processor, 32 cores, 62G, Arch Linux
Time: Thu Apr  4 18:31:13 2024 CEST elapsed time: 0.056503 seconds (0d 0h 0m 0s)

---------------  T H R E A D  ---------------

Current thread (0x0000746354028e00):  JavaThread "main" [_thread_in_Java, id=157071, stack(0x000074635cb00000,0x000074635cc00000)]

Stack: [0x000074635cb00000,0x000074635cc00000],  sp=0x000074635cbfe2c0,  free space=1016k
Native frames: (J=compiled Java code, j=interpreted, Vv=VM code, C=native code)
V  [libjvm.so+0x54ad49]  AccessInternal::PostRuntimeDispatch<G1BarrierSet::AccessBarrier<598116ul, G1BarrierSet>, (AccessInternal::BarrierType)2, 598116ul>::oop_access_barrier(void*)+0x9
V  [libjvm.so+0x84faf2]  JavaCallArguments::parameters()+0x102
V  [libjvm.so+0x8501fe]  JavaCalls::call_helper(JavaValue*, methodHandle const&, JavaCallArguments*, JavaThread*)+0x2ce
V  [libjvm.so+0x8e4146]  jni_invoke_nonstatic(JNIEnv_*, JavaValue*, _jobject*, JNICallType, _jmethodID*, JNI_ArgumentPusher*, JavaThread*) [clone .isra.199] [clone .constprop.369]+0x136
V  [libjvm.so+0x8e7510]  jni_NewObjectV+0x160


siginfo: si_signo: 11 (SIGSEGV), si_code: 1 (SEGV_MAPERR), si_addr: 0x0000000000000000

Register to memory mapping:

RAX=0x0000000000000001 is an unknown value
RBX=0x0000000000000001 is an unknown value
RCX=0x000074635cbfe460 is pointing into the stack for thread: 0x0000746354028e00
RDX=0x0000000000000003 is an unknown value
RSP=0x000074635cbfe2c0 is pointing into the stack for thread: 0x0000746354028e00
RBP=0x000074635cbfe2d0 is pointing into the stack for thread: 0x0000746354028e00
RSI=0x0000746354028e00 is a thread
RDI=0x0 is NULL
R8 =0x0000746354028e00 is a thread
R9 =0x0000000000000002 is an unknown value
R10=0x000074635426e2b8 points into unknown readable memory: 0x00007463541f1ff0 | f0 1f 1f 54 63 74 00 00
R11=0x0000000000000008 is an unknown value
R12=0x000074635cbfe450 is pointing into the stack for thread: 0x0000746354028e00
R13=0x000074635c26aab8: <offset 0x000000000106aab8> in /home/rowan/.jdks/corretto-17.0.5/lib/server/libjvm.so at 0x000074635b200000
R14=0x0000000000000008 is an unknown value
R15=0x000074635cbfe330 is pointing into the stack for thread: 0x0000746354028e00


Registers:
RAX=0x0000000000000001, RBX=0x0000000000000001, RCX=0x000074635cbfe460, RDX=0x0000000000000003
RSP=0x000074635cbfe2c0, RBP=0x000074635cbfe2d0, RSI=0x0000746354028e00, RDI=0x0000000000000000
R8 =0x0000746354028e00, R9 =0x0000000000000002, R10=0x000074635426e2b8, R11=0x0000000000000008
R12=0x000074635cbfe450, R13=0x000074635c26aab8, R14=0x0000000000000008, R15=0x000074635cbfe330
RIP=0x000074635b74ad49, EFLAGS=0x0000000000010206, CSGSFS=0x002b000000000033, ERR=0x0000000000000004
  TRAPNO=0x000000000000000e

Top of Stack: (sp=0x000074635cbfe2c0)
0x000074635cbfe2c0:   000074635cbfe300 0000000000000001
0x000074635cbfe2d0:   000074635cbfe300 000074635ba4faf2
0x000074635cbfe2e0:   0000746354028e00 000074635cbfe450
0x000074635cbfe2f0:   000074635cbfe548 000074635cbfe410 

Instructions: (pc=0x000074635b74ad49)
0x000074635b74ac49:   0f 1f 80 00 00 00 00 55 48 8b 07 48 89 e5 5d c3
0x000074635b74ac59:   0f 1f 80 00 00 00 00 55 48 8b 07 48 89 e5 5d c3
0x000074635b74ac69:   0f 1f 80 00 00 00 00 55 48 89 e5 41 55 41 54 53
0x000074635b74ac79:   49 89 fc 48 83 ec 08 48 8d 15 c9 3c 0e 01 4c 8d
0x000074635b74ac89:   2d 92 32 0e 01 48 8b 07 0f b6 0a 49 8b 55 00 48
0x000074635b74ac99:   89 c3 48 21 c2 84 c9 75 16 48 85 d2 75 51 48 83
0x000074635b74aca9:   c4 08 5b 41 5c 41 5d 5d c3 66 0f 1f 44 00 00 48
0x000074635b74acb9:   85 d2 74 ea 48 89 c7 e8 1b 23 a7 00 48 85 c0 48
0x000074635b74acc9:   89 c2 74 40 4d 85 e4 75 0f eb 39 0f 1f 40 00 49
0x000074635b74acd9:   85 45 00 48 89 c3 74 2c 48 89 d8 f0 49 0f b1 14
0x000074635b74ace9:   24 48 39 d8 75 e9 eb 1c 0f 1f 80 00 00 00 00 48
0x000074635b74acf9:   89 c7 e8 e0 1b a7 00 48 85 c0 48 89 c2 74 05 4d
0x000074635b74ad09:   85 e4 75 1c 48 83 c4 08 48 89 d0 5b 41 5c 41 5d
0x000074635b74ad19:   5d c3 0f 1f 44 00 00 49 85 45 00 48 89 c3 74 e4
0x000074635b74ad29:   48 89 d8 f0 49 0f b1 14 24 48 39 d8 75 e9 eb d4
0x000074635b74ad39:   0f 1f 80 00 00 00 00 55 48 89 e5 53 48 83 ec 08
0x000074635b74ad49:   48 8b 1f 48 85 db 74 08 48 89 df e8 a7 83 1a 00
0x000074635b74ad59:   48 83 c4 08 48 89 d8 5b 5d c3 66 2e 0f 1f 84 00
0x000074635b74ad69:   00 00 00 00 0f 1f 00 55 48 89 e5 53 48 83 ec 08
0x000074635b74ad79:   48 8b 1f 48 85 db 74 08 48 89 df e8 77 83 1a 00
0x000074635b74ad89:   48 83 c4 08 48 89 d8 5b 5d c3 66 2e 0f 1f 84 00
0x000074635b74ad99:   00 00 00 00 0f 1f 00 48 8b 07 55 48 8d 15 85 9b
0x000074635b74ada9:   fa ff 48 89 e5 48 8b 80 f8 00 00 00 48 39 d0 75
0x000074635b74adb9:   0e 5d be 02 00 00 00 e9 db 19 6b 00 0f 1f 00 5d
0x000074635b74adc9:   ff e0 0f 1f 44 00 00 55 48 89 e5 53 48 89 fb 48
0x000074635b74add9:   83 ec 08 48 8d 15 eb 22 0a 01 48 8d 05 26 03 09
0x000074635b74ade9:   01 80 3a 00 48 8b 00 8b 40 10 75 1b 83 f8 05 0f
0x000074635b74adf9:   87 e2 00 00 00 48 8d 15 fb 48 af 00 48 63 04 82
0x000074635b74ae09:   48 01 d0 ff e0 66 90 83 f8 05 0f 87 c7 00 00 00
0x000074635b74ae19:   48 8d 15 f8 48 af 00 48 63 04 82 48 01 d0 ff e0
0x000074635b74ae29:   0f 1f 80 00 00 00 00 48 8d 05 29 fe ff ff 48 89
0x000074635b74ae39:   05 82 b3 05 01 48 83 c4 08 48 89 df 5b 5d ff e0 


Stack slot to memory mapping:
stack at sp + 0 slots: 0x000074635cbfe300 is pointing into the stack for thread: 0x0000746354028e00
stack at sp + 1 slots: 0x0000000000000001 is an unknown value
stack at sp + 2 slots: 0x000074635cbfe300 is pointing into the stack for thread: 0x0000746354028e00
stack at sp + 3 slots: 0x000074635ba4faf2: <offset 0x000000000084faf2> in /home/rowan/.jdks/corretto-17.0.5/lib/server/libjvm.so at 0x000074635b200000
stack at sp + 4 slots: 0x0000746354028e00 is a thread
stack at sp + 5 slots: 0x000074635cbfe450 is pointing into the stack for thread: 0x0000746354028e00
stack at sp + 6 slots: 0x000074635cbfe548 is pointing into the stack for thread: 0x0000746354028e00
stack at sp + 7 slots: 0x000074635cbfe410 is pointing into the stack for thread: 0x0000746354028e00


---------------  P R O C E S S  ---------------

Threads class SMR info:
_java_thread_list=0x00007462c8199320, length=14, elements={
0x0000746354028e00, 0x00007463541edcd0, 0x00007463541ef0b0, 0x00007463541f4220,
0x00007463541f55d0, 0x00007463541f69e0, 0x00007463541f8410, 0x00007463541f9940,
0x00007463541fadb0, 0x0000746354202d50, 0x0000746354206420, 0x00007462c8196160,
0x00007462c81972c0, 0x00007462c81983b0
}

Java Threads: ( => current thread )
=>0x0000746354028e00 JavaThread "main" [_thread_in_Java, id=157071, stack(0x000074635cb00000,0x000074635cc00000)]
  0x00007463541edcd0 JavaThread "Reference Handler" daemon [_thread_blocked, id=157078, stack(0x00007463581fe000,0x00007463582fe000)]
  0x00007463541ef0b0 JavaThread "Finalizer" daemon [_thread_blocked, id=157079, stack(0x00007463580fe000,0x00007463581fe000)]
  0x00007463541f4220 JavaThread "Signal Dispatcher" daemon [_thread_blocked, id=157080, stack(0x0000746337300000,0x0000746337400000)]
  0x00007463541f55d0 JavaThread "Service Thread" daemon [_thread_blocked, id=157081, stack(0x0000746327700000,0x0000746327800000)]
  0x00007463541f69e0 JavaThread "Monitor Deflation Thread" daemon [_thread_blocked, id=157082, stack(0x0000746315b00000,0x0000746315c00000)]
  0x00007463541f8410 JavaThread "C2 CompilerThread0" daemon [_thread_blocked, id=157083, stack(0x0000746315a00000,0x0000746315b00000)]
  0x00007463541f9940 JavaThread "C1 CompilerThread0" daemon [_thread_blocked, id=157084, stack(0x0000746315900000,0x0000746315a00000)]
  0x00007463541fadb0 JavaThread "Sweeper thread" daemon [_thread_blocked, id=157085, stack(0x0000746315500000,0x0000746315600000)]
  0x0000746354202d50 JavaThread "Notification Thread" daemon [_thread_blocked, id=157086, stack(0x0000746315100000,0x0000746315200000)]
  0x0000746354206420 JavaThread "Common-Cleaner" daemon [_thread_blocked, id=157088, stack(0x0000746314efe000,0x0000746314ffe000)]
  0x00007462c8196160 JavaThread "C1 CompilerThread1" daemon [_thread_blocked, id=157089, stack(0x0000746314dfe000,0x0000746314efe000)]
  0x00007462c81972c0 JavaThread "C1 CompilerThread2" daemon [_thread_blocked, id=157090, stack(0x0000746314cfe000,0x0000746314dfe000)]
  0x00007462c81983b0 JavaThread "C1 CompilerThread3" daemon [_thread_blocked, id=157091, stack(0x0000746314900000,0x0000746314a00000)]

Other Threads:
  0x00007463541e9d50 VMThread "VM Thread" [stack: 0x0000746358300000,0x0000746358400000] [id=157077]
  0x00007463542045a0 WatcherThread [stack: 0x0000746315000000,0x0000746315100000] [id=157087]
  0x000074635405a6f0 GCTaskThread "GC Thread#0" [stack: 0x0000746359df9000,0x0000746359ef9000] [id=157072]
  0x000074635406b810 ConcurrentGCThread "G1 Main Marker" [stack: 0x0000746359cf7000,0x0000746359df7000] [id=157073]
  0x000074635406c770 ConcurrentGCThread "G1 Conc#0" [stack: 0x0000746359bf5000,0x0000746359cf5000] [id=157074]
  0x00007463541b5d70 ConcurrentGCThread "G1 Refine#0" [stack: 0x0000746358de6000,0x0000746358ee6000] [id=157075]
  0x00007463541b6c60 ConcurrentGCThread "G1 Service" [stack: 0x0000746358ce4000,0x0000746358de4000] [id=157076]

Threads with active compile tasks:

VM state: not at safepoint (normal execution)

VM Mutex/Monitor currently owned by a thread: None

Heap address: 0x0000000414000000, size: 16064 MB, Compressed Oops mode: Zero based, Oop shift amount: 3

CDS archive(s) mapped at: [0x0000000800000000-0x0000000800be1000-0x0000000800be1000), size 12455936, SharedBaseAddress: 0x0000000800000000, ArchiveRelocationMode: 0.
Compressed class space mapped at: 0x0000000800c00000-0x0000000840c00000, reserved size: 1073741824
Narrow klass base: 0x0000000800000000, Narrow klass shift: 0, Narrow klass range: 0x100000000

GC Precious Log:
 CPUs: 32 total, 16 available
 Memory: 64224M
 Large Page Support: Disabled
 NUMA Support: Disabled
 Compressed Oops: Enabled (Zero based)
 Heap Region Size: 8M
 Heap Min Capacity: 8M
 Heap Initial Capacity: 1008M
 Heap Max Capacity: 16064M
 Pre-touch: Disabled
 Parallel Workers: 13
 Concurrent Workers: 3
 Concurrent Refinement Workers: 13
 Periodic GC: Disabled

Heap:
 garbage-first heap   total 1048576K, used 8160K [0x0000000414000000, 0x0000000800000000)
  region size 8192K, 1 young (8192K), 0 survivors (0K)
 Metaspace       used 995K, committed 1152K, reserved 1056768K
  class space    used 89K, committed 192K, reserved 1048576K

Heap Regions: E=young(eden), S=young(survivor), O=old, HS=humongous(starts), HC=humongous(continues), CS=collection set, F=free, OA=open archive, CA=closed archive, TAMS=top-at-mark-start (previous, next)
|   0|0x0000000414000000, 0x0000000414000000, 0x0000000414800000|  0%| F|  |TAMS 0x0000000414000000, 0x0000000414000000| Untracked 
|   1|0x0000000414800000, 0x0000000414800000, 0x0000000415000000|  0%| F|  |TAMS 0x0000000414800000, 0x0000000414800000| Untracked 
|   2|0x0000000415000000, 0x0000000415000000, 0x0000000415800000|  0%| F|  |TAMS 0x0000000415000000, 0x0000000415000000| Untracked 
|   3|0x0000000415800000, 0x0000000415800000, 0x0000000416000000|  0%| F|  |TAMS 0x0000000415800000, 0x0000000415800000| Untracked 
|   4|0x0000000416000000, 0x0000000416000000, 0x0000000416800000|  0%| F|  |TAMS 0x0000000416000000, 0x0000000416000000| Untracked 
|   5|0x0000000416800000, 0x0000000416800000, 0x0000000417000000|  0%| F|  |TAMS 0x0000000416800000, 0x0000000416800000| Untracked 
|   6|0x0000000417000000, 0x0000000417000000, 0x0000000417800000|  0%| F|  |TAMS 0x0000000417000000, 0x0000000417000000| Untracked 
|   7|0x0000000417800000, 0x0000000417800000, 0x0000000418000000|  0%| F|  |TAMS 0x0000000417800000, 0x0000000417800000| Untracked 
|   8|0x0000000418000000, 0x0000000418000000, 0x0000000418800000|  0%| F|  |TAMS 0x0000000418000000, 0x0000000418000000| Untracked 
|   9|0x0000000418800000, 0x0000000418800000, 0x0000000419000000|  0%| F|  |TAMS 0x0000000418800000, 0x0000000418800000| Untracked 
|  10|0x0000000419000000, 0x0000000419000000, 0x0000000419800000|  0%| F|  |TAMS 0x0000000419000000, 0x0000000419000000| Untracked 
|  11|0x0000000419800000, 0x0000000419800000, 0x000000041a000000|  0%| F|  |TAMS 0x0000000419800000, 0x0000000419800000| Untracked 
|  12|0x000000041a000000, 0x000000041a000000, 0x000000041a800000|  0%| F|  |TAMS 0x000000041a000000, 0x000000041a000000| Untracked 
|  13|0x000000041a800000, 0x000000041a800000, 0x000000041b000000|  0%| F|  |TAMS 0x000000041a800000, 0x000000041a800000| Untracked 
|  14|0x000000041b000000, 0x000000041b000000, 0x000000041b800000|  0%| F|  |TAMS 0x000000041b000000, 0x000000041b000000| Untracked 
|  15|0x000000041b800000, 0x000000041b800000, 0x000000041c000000|  0%| F|  |TAMS 0x000000041b800000, 0x000000041b800000| Untracked 
|  16|0x000000041c000000, 0x000000041c000000, 0x000000041c800000|  0%| F|  |TAMS 0x000000041c000000, 0x000000041c000000| Untracked 
|  17|0x000000041c800000, 0x000000041c800000, 0x000000041d000000|  0%| F|  |TAMS 0x000000041c800000, 0x000000041c800000| Untracked 
|  18|0x000000041d000000, 0x000000041d000000, 0x000000041d800000|  0%| F|  |TAMS 0x000000041d000000, 0x000000041d000000| Untracked 
|  19|0x000000041d800000, 0x000000041d800000, 0x000000041e000000|  0%| F|  |TAMS 0x000000041d800000, 0x000000041d800000| Untracked 
|  20|0x000000041e000000, 0x000000041e000000, 0x000000041e800000|  0%| F|  |TAMS 0x000000041e000000, 0x000000041e000000| Untracked 
|  21|0x000000041e800000, 0x000000041e800000, 0x000000041f000000|  0%| F|  |TAMS 0x000000041e800000, 0x000000041e800000| Untracked 
|  22|0x000000041f000000, 0x000000041f000000, 0x000000041f800000|  0%| F|  |TAMS 0x000000041f000000, 0x000000041f000000| Untracked 
|  23|0x000000041f800000, 0x000000041f800000, 0x0000000420000000|  0%| F|  |TAMS 0x000000041f800000, 0x000000041f800000| Untracked 
|  24|0x0000000420000000, 0x0000000420000000, 0x0000000420800000|  0%| F|  |TAMS 0x0000000420000000, 0x0000000420000000| Untracked 
|  25|0x0000000420800000, 0x0000000420800000, 0x0000000421000000|  0%| F|  |TAMS 0x0000000420800000, 0x0000000420800000| Untracked 
|  26|0x0000000421000000, 0x0000000421000000, 0x0000000421800000|  0%| F|  |TAMS 0x0000000421000000, 0x0000000421000000| Untracked 
|  27|0x0000000421800000, 0x0000000421800000, 0x0000000422000000|  0%| F|  |TAMS 0x0000000421800000, 0x0000000421800000| Untracked 
|  28|0x0000000422000000, 0x0000000422000000, 0x0000000422800000|  0%| F|  |TAMS 0x0000000422000000, 0x0000000422000000| Untracked 
|  29|0x0000000422800000, 0x0000000422800000, 0x0000000423000000|  0%| F|  |TAMS 0x0000000422800000, 0x0000000422800000| Untracked 
|  30|0x0000000423000000, 0x0000000423000000, 0x0000000423800000|  0%| F|  |TAMS 0x0000000423000000, 0x0000000423000000| Untracked 
|  31|0x0000000423800000, 0x0000000423800000, 0x0000000424000000|  0%| F|  |TAMS 0x0000000423800000, 0x0000000423800000| Untracked 
|  32|0x0000000424000000, 0x0000000424000000, 0x0000000424800000|  0%| F|  |TAMS 0x0000000424000000, 0x0000000424000000| Untracked 
|  33|0x0000000424800000, 0x0000000424800000, 0x0000000425000000|  0%| F|  |TAMS 0x0000000424800000, 0x0000000424800000| Untracked 
|  34|0x0000000425000000, 0x0000000425000000, 0x0000000425800000|  0%| F|  |TAMS 0x0000000425000000, 0x0000000425000000| Untracked 
|  35|0x0000000425800000, 0x0000000425800000, 0x0000000426000000|  0%| F|  |TAMS 0x0000000425800000, 0x0000000425800000| Untracked 
|  36|0x0000000426000000, 0x0000000426000000, 0x0000000426800000|  0%| F|  |TAMS 0x0000000426000000, 0x0000000426000000| Untracked 
|  37|0x0000000426800000, 0x0000000426800000, 0x0000000427000000|  0%| F|  |TAMS 0x0000000426800000, 0x0000000426800000| Untracked 
|  38|0x0000000427000000, 0x0000000427000000, 0x0000000427800000|  0%| F|  |TAMS 0x0000000427000000, 0x0000000427000000| Untracked 
|  39|0x0000000427800000, 0x0000000427800000, 0x0000000428000000|  0%| F|  |TAMS 0x0000000427800000, 0x0000000427800000| Untracked 
|  40|0x0000000428000000, 0x0000000428000000, 0x0000000428800000|  0%| F|  |TAMS 0x0000000428000000, 0x0000000428000000| Untracked 
|  41|0x0000000428800000, 0x0000000428800000, 0x0000000429000000|  0%| F|  |TAMS 0x0000000428800000, 0x0000000428800000| Untracked 
|  42|0x0000000429000000, 0x0000000429000000, 0x0000000429800000|  0%| F|  |TAMS 0x0000000429000000, 0x0000000429000000| Untracked 
|  43|0x0000000429800000, 0x0000000429800000, 0x000000042a000000|  0%| F|  |TAMS 0x0000000429800000, 0x0000000429800000| Untracked 
|  44|0x000000042a000000, 0x000000042a000000, 0x000000042a800000|  0%| F|  |TAMS 0x000000042a000000, 0x000000042a000000| Untracked 
|  45|0x000000042a800000, 0x000000042a800000, 0x000000042b000000|  0%| F|  |TAMS 0x000000042a800000, 0x000000042a800000| Untracked 
|  46|0x000000042b000000, 0x000000042b000000, 0x000000042b800000|  0%| F|  |TAMS 0x000000042b000000, 0x000000042b000000| Untracked 
|  47|0x000000042b800000, 0x000000042b800000, 0x000000042c000000|  0%| F|  |TAMS 0x000000042b800000, 0x000000042b800000| Untracked 
|  48|0x000000042c000000, 0x000000042c000000, 0x000000042c800000|  0%| F|  |TAMS 0x000000042c000000, 0x000000042c000000| Untracked 
|  49|0x000000042c800000, 0x000000042c800000, 0x000000042d000000|  0%| F|  |TAMS 0x000000042c800000, 0x000000042c800000| Untracked 
|  50|0x000000042d000000, 0x000000042d000000, 0x000000042d800000|  0%| F|  |TAMS 0x000000042d000000, 0x000000042d000000| Untracked 
|  51|0x000000042d800000, 0x000000042d800000, 0x000000042e000000|  0%| F|  |TAMS 0x000000042d800000, 0x000000042d800000| Untracked 
|  52|0x000000042e000000, 0x000000042e000000, 0x000000042e800000|  0%| F|  |TAMS 0x000000042e000000, 0x000000042e000000| Untracked 
|  53|0x000000042e800000, 0x000000042e800000, 0x000000042f000000|  0%| F|  |TAMS 0x000000042e800000, 0x000000042e800000| Untracked 
|  54|0x000000042f000000, 0x000000042f000000, 0x000000042f800000|  0%| F|  |TAMS 0x000000042f000000, 0x000000042f000000| Untracked 
|  55|0x000000042f800000, 0x000000042f800000, 0x0000000430000000|  0%| F|  |TAMS 0x000000042f800000, 0x000000042f800000| Untracked 
|  56|0x0000000430000000, 0x0000000430000000, 0x0000000430800000|  0%| F|  |TAMS 0x0000000430000000, 0x0000000430000000| Untracked 
|  57|0x0000000430800000, 0x0000000430800000, 0x0000000431000000|  0%| F|  |TAMS 0x0000000430800000, 0x0000000430800000| Untracked 
|  58|0x0000000431000000, 0x0000000431000000, 0x0000000431800000|  0%| F|  |TAMS 0x0000000431000000, 0x0000000431000000| Untracked 
|  59|0x0000000431800000, 0x0000000431800000, 0x0000000432000000|  0%| F|  |TAMS 0x0000000431800000, 0x0000000431800000| Untracked 
|  60|0x0000000432000000, 0x0000000432000000, 0x0000000432800000|  0%| F|  |TAMS 0x0000000432000000, 0x0000000432000000| Untracked 
|  61|0x0000000432800000, 0x0000000432800000, 0x0000000433000000|  0%| F|  |TAMS 0x0000000432800000, 0x0000000432800000| Untracked 
|  62|0x0000000433000000, 0x0000000433000000, 0x0000000433800000|  0%| F|  |TAMS 0x0000000433000000, 0x0000000433000000| Untracked 
|  63|0x0000000433800000, 0x0000000433800000, 0x0000000434000000|  0%| F|  |TAMS 0x0000000433800000, 0x0000000433800000| Untracked 
|  64|0x0000000434000000, 0x0000000434000000, 0x0000000434800000|  0%| F|  |TAMS 0x0000000434000000, 0x0000000434000000| Untracked 
|  65|0x0000000434800000, 0x0000000434800000, 0x0000000435000000|  0%| F|  |TAMS 0x0000000434800000, 0x0000000434800000| Untracked 
|  66|0x0000000435000000, 0x0000000435000000, 0x0000000435800000|  0%| F|  |TAMS 0x0000000435000000, 0x0000000435000000| Untracked 
|  67|0x0000000435800000, 0x0000000435800000, 0x0000000436000000|  0%| F|  |TAMS 0x0000000435800000, 0x0000000435800000| Untracked 
|  68|0x0000000436000000, 0x0000000436000000, 0x0000000436800000|  0%| F|  |TAMS 0x0000000436000000, 0x0000000436000000| Untracked 
|  69|0x0000000436800000, 0x0000000436800000, 0x0000000437000000|  0%| F|  |TAMS 0x0000000436800000, 0x0000000436800000| Untracked 
|  70|0x0000000437000000, 0x0000000437000000, 0x0000000437800000|  0%| F|  |TAMS 0x0000000437000000, 0x0000000437000000| Untracked 
|  71|0x0000000437800000, 0x0000000437800000, 0x0000000438000000|  0%| F|  |TAMS 0x0000000437800000, 0x0000000437800000| Untracked 
|  72|0x0000000438000000, 0x0000000438000000, 0x0000000438800000|  0%| F|  |TAMS 0x0000000438000000, 0x0000000438000000| Untracked 
|  73|0x0000000438800000, 0x0000000438800000, 0x0000000439000000|  0%| F|  |TAMS 0x0000000438800000, 0x0000000438800000| Untracked 
|  74|0x0000000439000000, 0x0000000439000000, 0x0000000439800000|  0%| F|  |TAMS 0x0000000439000000, 0x0000000439000000| Untracked 
|  75|0x0000000439800000, 0x0000000439800000, 0x000000043a000000|  0%| F|  |TAMS 0x0000000439800000, 0x0000000439800000| Untracked 
|  76|0x000000043a000000, 0x000000043a000000, 0x000000043a800000|  0%| F|  |TAMS 0x000000043a000000, 0x000000043a000000| Untracked 
|  77|0x000000043a800000, 0x000000043a800000, 0x000000043b000000|  0%| F|  |TAMS 0x000000043a800000, 0x000000043a800000| Untracked 
|  78|0x000000043b000000, 0x000000043b000000, 0x000000043b800000|  0%| F|  |TAMS 0x000000043b000000, 0x000000043b000000| Untracked 
|  79|0x000000043b800000, 0x000000043b800000, 0x000000043c000000|  0%| F|  |TAMS 0x000000043b800000, 0x000000043b800000| Untracked 
|  80|0x000000043c000000, 0x000000043c000000, 0x000000043c800000|  0%| F|  |TAMS 0x000000043c000000, 0x000000043c000000| Untracked 
|  81|0x000000043c800000, 0x000000043c800000, 0x000000043d000000|  0%| F|  |TAMS 0x000000043c800000, 0x000000043c800000| Untracked 
|  82|0x000000043d000000, 0x000000043d000000, 0x000000043d800000|  0%| F|  |TAMS 0x000000043d000000, 0x000000043d000000| Untracked 
|  83|0x000000043d800000, 0x000000043d800000, 0x000000043e000000|  0%| F|  |TAMS 0x000000043d800000, 0x000000043d800000| Untracked 
|  84|0x000000043e000000, 0x000000043e000000, 0x000000043e800000|  0%| F|  |TAMS 0x000000043e000000, 0x000000043e000000| Untracked 
|  85|0x000000043e800000, 0x000000043e800000, 0x000000043f000000|  0%| F|  |TAMS 0x000000043e800000, 0x000000043e800000| Untracked 
|  86|0x000000043f000000, 0x000000043f000000, 0x000000043f800000|  0%| F|  |TAMS 0x000000043f000000, 0x000000043f000000| Untracked 
|  87|0x000000043f800000, 0x000000043f800000, 0x0000000440000000|  0%| F|  |TAMS 0x000000043f800000, 0x000000043f800000| Untracked 
|  88|0x0000000440000000, 0x0000000440000000, 0x0000000440800000|  0%| F|  |TAMS 0x0000000440000000, 0x0000000440000000| Untracked 
|  89|0x0000000440800000, 0x0000000440800000, 0x0000000441000000|  0%| F|  |TAMS 0x0000000440800000, 0x0000000440800000| Untracked 
|  90|0x0000000441000000, 0x0000000441000000, 0x0000000441800000|  0%| F|  |TAMS 0x0000000441000000, 0x0000000441000000| Untracked 
|  91|0x0000000441800000, 0x0000000441800000, 0x0000000442000000|  0%| F|  |TAMS 0x0000000441800000, 0x0000000441800000| Untracked 
|  92|0x0000000442000000, 0x0000000442000000, 0x0000000442800000|  0%| F|  |TAMS 0x0000000442000000, 0x0000000442000000| Untracked 
|  93|0x0000000442800000, 0x0000000442800000, 0x0000000443000000|  0%| F|  |TAMS 0x0000000442800000, 0x0000000442800000| Untracked 
|  94|0x0000000443000000, 0x0000000443000000, 0x0000000443800000|  0%| F|  |TAMS 0x0000000443000000, 0x0000000443000000| Untracked 
|  95|0x0000000443800000, 0x0000000443800000, 0x0000000444000000|  0%| F|  |TAMS 0x0000000443800000, 0x0000000443800000| Untracked 
|  96|0x0000000444000000, 0x0000000444000000, 0x0000000444800000|  0%| F|  |TAMS 0x0000000444000000, 0x0000000444000000| Untracked 
|  97|0x0000000444800000, 0x0000000444800000, 0x0000000445000000|  0%| F|  |TAMS 0x0000000444800000, 0x0000000444800000| Untracked 
|  98|0x0000000445000000, 0x0000000445000000, 0x0000000445800000|  0%| F|  |TAMS 0x0000000445000000, 0x0000000445000000| Untracked 
|  99|0x0000000445800000, 0x0000000445800000, 0x0000000446000000|  0%| F|  |TAMS 0x0000000445800000, 0x0000000445800000| Untracked 
| 100|0x0000000446000000, 0x0000000446000000, 0x0000000446800000|  0%| F|  |TAMS 0x0000000446000000, 0x0000000446000000| Untracked 
| 101|0x0000000446800000, 0x0000000446800000, 0x0000000447000000|  0%| F|  |TAMS 0x0000000446800000, 0x0000000446800000| Untracked 
| 102|0x0000000447000000, 0x0000000447000000, 0x0000000447800000|  0%| F|  |TAMS 0x0000000447000000, 0x0000000447000000| Untracked 
| 103|0x0000000447800000, 0x0000000447800000, 0x0000000448000000|  0%| F|  |TAMS 0x0000000447800000, 0x0000000447800000| Untracked 
| 104|0x0000000448000000, 0x0000000448000000, 0x0000000448800000|  0%| F|  |TAMS 0x0000000448000000, 0x0000000448000000| Untracked 
| 105|0x0000000448800000, 0x0000000448800000, 0x0000000449000000|  0%| F|  |TAMS 0x0000000448800000, 0x0000000448800000| Untracked 
| 106|0x0000000449000000, 0x0000000449000000, 0x0000000449800000|  0%| F|  |TAMS 0x0000000449000000, 0x0000000449000000| Untracked 
| 107|0x0000000449800000, 0x0000000449800000, 0x000000044a000000|  0%| F|  |TAMS 0x0000000449800000, 0x0000000449800000| Untracked 
| 108|0x000000044a000000, 0x000000044a000000, 0x000000044a800000|  0%| F|  |TAMS 0x000000044a000000, 0x000000044a000000| Untracked 
| 109|0x000000044a800000, 0x000000044a800000, 0x000000044b000000|  0%| F|  |TAMS 0x000000044a800000, 0x000000044a800000| Untracked 
| 110|0x000000044b000000, 0x000000044b000000, 0x000000044b800000|  0%| F|  |TAMS 0x000000044b000000, 0x000000044b000000| Untracked 
| 111|0x000000044b800000, 0x000000044b800000, 0x000000044c000000|  0%| F|  |TAMS 0x000000044b800000, 0x000000044b800000| Untracked 
| 112|0x000000044c000000, 0x000000044c000000, 0x000000044c800000|  0%| F|  |TAMS 0x000000044c000000, 0x000000044c000000| Untracked 
| 113|0x000000044c800000, 0x000000044c800000, 0x000000044d000000|  0%| F|  |TAMS 0x000000044c800000, 0x000000044c800000| Untracked 
| 114|0x000000044d000000, 0x000000044d000000, 0x000000044d800000|  0%| F|  |TAMS 0x000000044d000000, 0x000000044d000000| Untracked 
| 115|0x000000044d800000, 0x000000044d800000, 0x000000044e000000|  0%| F|  |TAMS 0x000000044d800000, 0x000000044d800000| Untracked 
| 116|0x000000044e000000, 0x000000044e000000, 0x000000044e800000|  0%| F|  |TAMS 0x000000044e000000, 0x000000044e000000| Untracked 
| 117|0x000000044e800000, 0x000000044e800000, 0x000000044f000000|  0%| F|  |TAMS 0x000000044e800000, 0x000000044e800000| Untracked 
| 118|0x000000044f000000, 0x000000044f000000, 0x000000044f800000|  0%| F|  |TAMS 0x000000044f000000, 0x000000044f000000| Untracked 
| 119|0x000000044f800000, 0x000000044f800000, 0x0000000450000000|  0%| F|  |TAMS 0x000000044f800000, 0x000000044f800000| Untracked 
| 120|0x0000000450000000, 0x0000000450000000, 0x0000000450800000|  0%| F|  |TAMS 0x0000000450000000, 0x0000000450000000| Untracked 
| 121|0x0000000450800000, 0x0000000450800000, 0x0000000451000000|  0%| F|  |TAMS 0x0000000450800000, 0x0000000450800000| Untracked 
| 122|0x0000000451000000, 0x0000000451000000, 0x0000000451800000|  0%| F|  |TAMS 0x0000000451000000, 0x0000000451000000| Untracked 
| 123|0x0000000451800000, 0x0000000451800000, 0x0000000452000000|  0%| F|  |TAMS 0x0000000451800000, 0x0000000451800000| Untracked 
| 124|0x0000000452000000, 0x0000000452000000, 0x0000000452800000|  0%| F|  |TAMS 0x0000000452000000, 0x0000000452000000| Untracked 
| 125|0x0000000452800000, 0x0000000452ae1508, 0x0000000453000000| 36%| E|  |TAMS 0x0000000452800000, 0x0000000452800000| Complete 
|2006|0x00000007ff000000, 0x00000007ff776000, 0x00000007ff800000| 93%|OA|  |TAMS 0x00000007ff000000, 0x00000007ff000000| Untracked 
|2007|0x00000007ff800000, 0x00000007ff882000, 0x0000000800000000|  6%|CA|  |TAMS 0x00000007ff800000, 0x00000007ff800000| Untracked 

Card table byte_map: [0x0000746339400000,0x000074633b360000] _byte_map_base: 0x0000746337360000

Marking Bits (Prev, Next): (CMBitMap*) 0x000074635405b170, (CMBitMap*) 0x000074635405b1b0
 Prev Bits: [0x0000746327800000, 0x0000746337300000)
 Next Bits: [0x0000746317c00000, 0x0000746327700000)

Polling page: 0x000074635d1f1000

Metaspace:

Usage:
  Non-class:    905.77 KB used.
      Class:     89.38 KB used.
       Both:    995.15 KB used.

Virtual space:
  Non-class space:        8.00 MB reserved,     960.00 KB ( 12%) committed,  1 nodes.
      Class space:        1.00 GB reserved,     192.00 KB ( <1%) committed,  1 nodes.
             Both:        1.01 GB reserved,       1.12 MB ( <1%) committed. 

Chunk freelists:
   Non-Class:  3.97 MB
       Class:  3.74 MB
        Both:  7.71 MB

MaxMetaspaceSize: unlimited
CompressedClassSpaceSize: 1.00 GB
Initial GC threshold: 21.00 MB
Current GC threshold: 21.00 MB
CDS: on
MetaspaceReclaimPolicy: balanced
 - commit_granule_bytes: 65536.
 - commit_granule_words: 8192.
 - virtual_space_node_default_size: 1048576.
 - enlarge_chunks_in_place: 1.
 - new_chunks_are_fully_committed: 0.
 - uncommit_free_chunks: 1.
 - use_allocation_guard: 0.
 - handle_deallocations: 1.


Internal statistics:

num_allocs_failed_limit: 0.
num_arena_births: 26.
num_arena_deaths: 0.
num_vsnodes_births: 2.
num_vsnodes_deaths: 0.
num_space_committed: 18.
num_space_uncommitted: 0.
num_chunks_returned_to_freelist: 0.
num_chunks_taken_from_freelist: 31.
num_chunk_merges: 0.
num_chunk_splits: 19.
num_chunks_enlarged: 10.
num_purges: 0.
num_inconsistent_stats: 0.

CodeHeap 'non-profiled nmethods': size=119168Kb used=68Kb max_used=68Kb free=119099Kb
 bounds [0x0000746344fa0000, 0x0000746345210000, 0x000074634c400000]
CodeHeap 'profiled nmethods': size=119164Kb used=275Kb max_used=275Kb free=118889Kb
 bounds [0x000074633db41000, 0x000074633ddb1000, 0x0000746344fa0000]
CodeHeap 'non-nmethods': size=7428Kb used=2804Kb max_used=2804Kb free=4624Kb
 bounds [0x000074633d400000, 0x000074633d6d0000, 0x000074633db41000]
 total_blobs=609 nmethods=209 adapters=311
 compilation: enabled
              stopped_count=0, restarted_count=0
 full_count=0

Compilation events (20 events):
Event: 0.046 Thread 0x00007462c8196160 nmethod 197 0x000074633db7ea10 code [0x000074633db7eba0, 0x000074633db7ecb0]
Event: 0.046 Thread 0x00007462c81983b0 nmethod 196 0x000074633db7ed90 code [0x000074633db7f000, 0x000074633db7f960]
Event: 0.047 Thread 0x00007462c81972c0  199   !   3       java.lang.invoke.MemberName::getMethodType (211 bytes)
Event: 0.048 Thread 0x00007463541f9940  200       3       java.util.Arrays::equals (57 bytes)
Event: 0.048 Thread 0x00007462c81972c0 nmethod 199 0x000074633db7fd10 code [0x000074633db80000, 0x000074633db81610]
Event: 0.048 Thread 0x00007463541f9940 nmethod 200 0x000074633db81c10 code [0x000074633db81e00, 0x000074633db823e0]
Event: 0.048 Thread 0x00007463541f9940  201       1       sun.invoke.util.Wrapper::basicTypeChar (5 bytes)
Event: 0.048 Thread 0x00007463541f9940 nmethod 201 0x0000746344fb0a10 code [0x0000746344fb0ba0, 0x0000746344fb0c70]
Event: 0.049 Thread 0x00007462c81972c0  202       3       java.lang.String::substring (58 bytes)
Event: 0.049 Thread 0x00007462c8196160  203       3       java.lang.String::checkBoundsBeginEnd (63 bytes)
Event: 0.049 Thread 0x00007462c81972c0 nmethod 202 0x000074633db82590 code [0x000074633db82780, 0x000074633db82c20]
Event: 0.049 Thread 0x00007462c8196160 nmethod 203 0x000074633db82d90 code [0x000074633db83020, 0x000074633db838f0]
Event: 0.053 Thread 0x00007462c81972c0  206       3       java.lang.invoke.LambdaForm$Name::<init> (54 bytes)
Event: 0.053 Thread 0x00007462c81972c0 nmethod 206 0x000074633db83c90 code [0x000074633db83e40, 0x000074633db84110]
Event: 0.053 Thread 0x00007462c81972c0  207       3       java.lang.invoke.MethodType::equals (56 bytes)
Event: 0.053 Thread 0x00007463541f9940  208       3       java.lang.invoke.LambdaForm$NamedFunction::methodType (23 bytes)
Event: 0.053 Thread 0x00007462c81983b0  209       3       jdk.internal.org.objectweb.asm.ByteVector::put12 (64 bytes)
Event: 0.053 Thread 0x00007463541f9940 nmethod 208 0x000074633db84210 code [0x000074633db843c0, 0x000074633db84620]
Event: 0.053 Thread 0x00007462c81983b0 nmethod 209 0x000074633db84710 code [0x000074633db848c0, 0x000074633db84b00]
Event: 0.053 Thread 0x00007462c81972c0 nmethod 207 0x000074633db84c90 code [0x000074633db84ec0, 0x000074633db85a50]

GC Heap History (0 events):
No events

Dll operation events (6 events):
Event: 0.001 Loaded shared library /home/rowan/.jdks/corretto-17.0.5/lib/libjava.so
Event: 0.008 Loaded shared library /home/rowan/.jdks/corretto-17.0.5/lib/libjsvml.so
Event: 0.019 Loaded shared library /home/rowan/.jdks/corretto-17.0.5/lib/libnio.so
Event: 0.020 Loaded shared library /home/rowan/.jdks/corretto-17.0.5/lib/libzip.so
Event: 0.031 Loaded shared library /home/rowan/.jdks/corretto-17.0.5/lib/libjimage.so
Event: 0.052 Loaded shared library /tmp/lexer7634715015694417465.lib

Deoptimization events (0 events):
No events

Classes unloaded (0 events):
No events

Classes redefined (0 events):
No events

Internal exceptions (0 events):
No events

VM Operations (0 events):
No events

Events (20 events):
Event: 0.050 loading class sun/net/www/protocol/jar/JarFileFactory
Event: 0.050 loading class sun/net/www/protocol/jar/URLJarFile$URLJarFileCloseController
Event: 0.050 loading class sun/net/www/protocol/jar/URLJarFile$URLJarFileCloseController done
Event: 0.050 loading class sun/net/www/protocol/jar/JarFileFactory done
Event: 0.050 loading class sun/net/www/protocol/file/FileURLConnection
Event: 0.051 loading class sun/net/www/URLConnection
Event: 0.051 loading class sun/net/www/URLConnection done
Event: 0.051 loading class sun/net/www/protocol/file/FileURLConnection done
Event: 0.051 loading class sun/net/www/MessageHeader
Event: 0.051 loading class sun/net/www/MessageHeader done
Event: 0.051 loading class sun/net/www/protocol/jar/URLJarFile
Event: 0.051 loading class sun/net/www/protocol/jar/URLJarFile done
Event: 0.051 loading class sun/nio/fs/UnixFileKey
Event: 0.051 loading class sun/nio/fs/UnixFileKey done
Event: 0.051 loading class sun/net/www/protocol/jar/URLJarFile$URLJarFileEntry
Event: 0.051 loading class sun/net/www/protocol/jar/URLJarFile$URLJarFileEntry done
Event: 0.051 loading class sun/net/www/protocol/jar/JarURLConnection$JarURLInputStream
Event: 0.051 loading class sun/net/www/protocol/jar/JarURLConnection$JarURLInputStream done
Event: 0.051 loading class java/io/FileOutputStream$1
Event: 0.051 loading class java/io/FileOutputStream$1 done


Dynamic libraries:
414000000-453000000 rw-p 00000000 00:00 0 
453000000-7ff000000 ---p 00000000 00:00 0 
7ff000000-7ff700000 rw-p 00000000 00:00 0 
7ff700000-7ff776000 rw-p 00c9c000 08:03 18363978                         /home/rowan/.jdks/corretto-17.0.5/lib/server/classes.jsa
7ff776000-7ff800000 rw-p 00000000 00:00 0 
7ff800000-7ff882000 rw-p 00c1a000 08:03 18363978                         /home/rowan/.jdks/corretto-17.0.5/lib/server/classes.jsa
7ff882000-800000000 rw-p 00000000 00:00 0 
800000000-800458000 rw-p 00001000 08:03 18363978                         /home/rowan/.jdks/corretto-17.0.5/lib/server/classes.jsa
800458000-800be1000 r--p 00459000 08:03 18363978                         /home/rowan/.jdks/corretto-17.0.5/lib/server/classes.jsa
800be1000-800c00000 ---p 00000000 00:00 0 
800c00000-800c10000 rw-p 00000000 00:00 0 
800c10000-800c40000 ---p 00000000 00:00 0 
800c40000-800c60000 rw-p 00000000 00:00 0 
800c60000-840c00000 ---p 00000000 00:00 0 
59b71cc00000-59b71cc01000 r-xp 00000000 08:03 18364079                   /home/rowan/.jdks/corretto-17.0.5/bin/java
59b71ce01000-59b71ce02000 r--p 00001000 08:03 18364079                   /home/rowan/.jdks/corretto-17.0.5/bin/java
59b71ce02000-59b71ce03000 rw-p 00002000 08:03 18364079                   /home/rowan/.jdks/corretto-17.0.5/bin/java
59b71decd000-59b71df18000 rw-p 00000000 00:00 0                          [heap]
746298000000-746298021000 rw-p 00000000 00:00 0 
746298021000-74629c000000 ---p 00000000 00:00 0 
74629c000000-74629c021000 rw-p 00000000 00:00 0 
74629c021000-7462a0000000 ---p 00000000 00:00 0 
7462a4000000-7462a4021000 rw-p 00000000 00:00 0 
7462a4021000-7462a8000000 ---p 00000000 00:00 0 
7462a8000000-7462a8021000 rw-p 00000000 00:00 0 
7462a8021000-7462ac000000 ---p 00000000 00:00 0 
7462b0000000-7462b0021000 rw-p 00000000 00:00 0 
7462b0021000-7462b4000000 ---p 00000000 00:00 0 
7462b4000000-7462b4021000 rw-p 00000000 00:00 0 
7462b4021000-7462b8000000 ---p 00000000 00:00 0 
7462bc000000-7462bc021000 rw-p 00000000 00:00 0 
7462bc021000-7462c0000000 ---p 00000000 00:00 0 
7462c0000000-7462c0021000 rw-p 00000000 00:00 0 
7462c0021000-7462c4000000 ---p 00000000 00:00 0 
7462c8000000-7462c81a3000 rw-p 00000000 00:00 0 
7462c81a3000-7462cc000000 ---p 00000000 00:00 0 
7462cc000000-7462cc090000 rw-p 00000000 00:00 0 
7462cc090000-7462d0000000 ---p 00000000 00:00 0 
7462d4000000-7462d4021000 rw-p 00000000 00:00 0 
7462d4021000-7462d8000000 ---p 00000000 00:00 0 
7462d8000000-7462d8021000 rw-p 00000000 00:00 0 
7462d8021000-7462dc000000 ---p 00000000 00:00 0 
7462e0000000-7462e0021000 rw-p 00000000 00:00 0 
7462e0021000-7462e4000000 ---p 00000000 00:00 0 
7462e4000000-7462e4021000 rw-p 00000000 00:00 0 
7462e4021000-7462e8000000 ---p 00000000 00:00 0 
7462ec000000-7462ec021000 rw-p 00000000 00:00 0 
7462ec021000-7462f0000000 ---p 00000000 00:00 0 
7462f0000000-7462f0021000 rw-p 00000000 00:00 0 
7462f0021000-7462f4000000 ---p 00000000 00:00 0 
7462f8000000-7462f8021000 rw-p 00000000 00:00 0 
7462f8021000-7462fc000000 ---p 00000000 00:00 0 
7462fc000000-7462fc021000 rw-p 00000000 00:00 0 
7462fc021000-746300000000 ---p 00000000 00:00 0 
746304000000-746304021000 rw-p 00000000 00:00 0 
746304021000-746308000000 ---p 00000000 00:00 0 
746308000000-746308021000 rw-p 00000000 00:00 0 
746308021000-74630c000000 ---p 00000000 00:00 0 
74630e800000-74630ea96000 rw-p 00000000 00:00 0 
74630ec00000-74630ec01000 ---p 00000000 00:00 0 
74630ec01000-74630f401000 rw-p 00000000 00:00 0 
74630f600000-74630f69c000 r--p 00000000 08:03 13261895                   /usr/lib/libstdc++.so.6.0.32
74630f69c000-74630f7d3000 r-xp 0009c000 08:03 13261895                   /usr/lib/libstdc++.so.6.0.32
74630f7d3000-74630f869000 r--p 001d3000 08:03 13261895                   /usr/lib/libstdc++.so.6.0.32
74630f869000-74630f876000 r--p 00269000 08:03 13261895                   /usr/lib/libstdc++.so.6.0.32
74630f876000-74630f877000 rw-p 00276000 08:03 13261895                   /usr/lib/libstdc++.so.6.0.32
74630f877000-74630f87b000 rw-p 00000000 00:00 0 
74630fa00000-74630fa1a000 r-xp 00000000 08:03 18363968                   /home/rowan/.jdks/corretto-17.0.5/lib/libzip.so
74630fa1a000-74630fc1a000 ---p 0001a000 08:03 18363968                   /home/rowan/.jdks/corretto-17.0.5/lib/libzip.so
74630fc1a000-74630fc1b000 r--p 0001a000 08:03 18363968                   /home/rowan/.jdks/corretto-17.0.5/lib/libzip.so
74630fc1b000-74630fc1c000 rw-p 00000000 00:00 0 
746310000000-746310021000 rw-p 00000000 00:00 0 
746310021000-746314000000 ---p 00000000 00:00 0 
746314400000-746314414000 r-xp 00000000 08:03 18363965                   /home/rowan/.jdks/corretto-17.0.5/lib/libnet.so
746314414000-746314614000 ---p 00014000 08:03 18363965                   /home/rowan/.jdks/corretto-17.0.5/lib/libnet.so
746314614000-746314615000 r--p 00014000 08:03 18363965                   /home/rowan/.jdks/corretto-17.0.5/lib/libnet.so
746314615000-746314616000 rw-p 00015000 08:03 18363965                   /home/rowan/.jdks/corretto-17.0.5/lib/libnet.so
7463147aa000-746314900000 rw-p 00000000 00:00 0 
746314900000-746314904000 ---p 00000000 00:00 0 
746314904000-746314a00000 rw-p 00000000 00:00 0 
746314a00000-746314a12000 r-xp 00000000 08:03 18363966                   /home/rowan/.jdks/corretto-17.0.5/lib/libnio.so
746314a12000-746314c11000 ---p 00012000 08:03 18363966                   /home/rowan/.jdks/corretto-17.0.5/lib/libnio.so
746314c11000-746314c12000 r--p 00011000 08:03 18363966                   /home/rowan/.jdks/corretto-17.0.5/lib/libnio.so
746314c12000-746314c13000 rw-p 00012000 08:03 18363966                   /home/rowan/.jdks/corretto-17.0.5/lib/libnio.so
746314cfe000-746314d02000 ---p 00000000 00:00 0 
746314d02000-746314dfe000 rw-p 00000000 00:00 0 
746314dfe000-746314e02000 ---p 00000000 00:00 0 
746314e02000-746314efe000 rw-p 00000000 00:00 0 
746314efe000-746314f02000 ---p 00000000 00:00 0 
746314f02000-746314ffe000 rw-p 00000000 00:00 0 
746314ffe000-746314fff000 ---p 00000000 00:00 0 
746314fff000-746315100000 rw-p 00000000 00:00 0 
746315100000-746315104000 ---p 00000000 00:00 0 
746315104000-746315200000 rw-p 00000000 00:00 0 
746315200000-7463154eb000 r--p 00000000 08:03 13299363                   /usr/lib/locale/locale-archive
746315500000-746315504000 ---p 00000000 00:00 0 
746315504000-746315600000 rw-p 00000000 00:00 0 
746315600000-7463156ce000 r-xp 00000000 08:03 18364004                   /home/rowan/.jdks/corretto-17.0.5/lib/libjsvml.so
7463156ce000-7463158cd000 ---p 000ce000 08:03 18364004                   /home/rowan/.jdks/corretto-17.0.5/lib/libjsvml.so
7463158cd000-7463158ce000 r--p 000cd000 08:03 18364004                   /home/rowan/.jdks/corretto-17.0.5/lib/libjsvml.so
7463158ce000-7463158cf000 rw-p 000ce000 08:03 18364004                   /home/rowan/.jdks/corretto-17.0.5/lib/libjsvml.so
746315900000-746315904000 ---p 00000000 00:00 0 
746315904000-746315a00000 rw-p 00000000 00:00 0 
746315a00000-746315a04000 ---p 00000000 00:00 0 
746315a04000-746315b00000 rw-p 00000000 00:00 0 
746315b00000-746315b04000 ---p 00000000 00:00 0 
746315b04000-746315c00000 rw-p 00000000 00:00 0 
746315c00000-746318bc0000 rw-p 00000000 00:00 0 
746318bc0000-7463276c0000 ---p 00000000 00:00 0 
7463276c0000-746327700000 rw-p 00000000 00:00 0 
746327700000-746327704000 ---p 00000000 00:00 0 
746327704000-746327800000 rw-p 00000000 00:00 0 
746327800000-7463287c0000 rw-p 00000000 00:00 0 
7463287c0000-7463372c0000 ---p 00000000 00:00 0 
7463372c0000-746337300000 rw-p 00000000 00:00 0 
746337300000-746337304000 ---p 00000000 00:00 0 
746337304000-746337400000 rw-p 00000000 00:00 0 
746337400000-7463375f8000 rw-p 00000000 00:00 0 
7463375f8000-746339358000 ---p 00000000 00:00 0 
746339358000-746339360000 rw-p 00000000 00:00 0 
746339400000-7463395f8000 rw-p 00000000 00:00 0 
7463395f8000-74633b358000 ---p 00000000 00:00 0 
74633b358000-74633b360000 rw-p 00000000 00:00 0 
74633b400000-74633b5f8000 rw-p 00000000 00:00 0 
74633b5f8000-74633d358000 ---p 00000000 00:00 0 
74633d358000-74633d360000 rw-p 00000000 00:00 0 
74633d400000-74633d6d0000 rwxp 00000000 00:00 0 
74633d6d0000-74633db41000 ---p 00000000 00:00 0 
74633db41000-74633ddb1000 rwxp 00000000 00:00 0 
74633ddb1000-746344fa0000 ---p 00000000 00:00 0 
746344fa0000-746345210000 rwxp 00000000 00:00 0 
746345210000-74634c400000 ---p 00000000 00:00 0 
74634c400000-746353f75000 r--s 00000000 08:03 18363955                   /home/rowan/.jdks/corretto-17.0.5/lib/modules
746354000000-7463542a0000 rw-p 00000000 00:00 0 
7463542a0000-746358000000 ---p 00000000 00:00 0 
7463580fe000-746358102000 ---p 00000000 00:00 0 
746358102000-7463581fe000 rw-p 00000000 00:00 0 
7463581fe000-746358202000 ---p 00000000 00:00 0 
746358202000-7463582fe000 rw-p 00000000 00:00 0 
7463582fe000-7463582ff000 ---p 00000000 00:00 0 
7463582ff000-746358400000 rw-p 00000000 00:00 0 
746358400000-7463584e0000 rw-p 00000000 00:00 0 
7463584e0000-746358800000 ---p 00000000 00:00 0 
746358800000-746358810000 rw-p 00000000 00:00 0 
746358810000-746358c00000 ---p 00000000 00:00 0 
746358ce2000-746358ce3000 ---p 00000000 00:00 0 
746358ce3000-746358de4000 rw-p 00000000 00:00 0 
746358de4000-746358de5000 ---p 00000000 00:00 0 
746358de5000-746358ee6000 rw-p 00000000 00:00 0 
746358ee6000-746359bf3000 rw-p 00000000 00:00 0 
746359bf3000-746359bf4000 ---p 00000000 00:00 0 
746359bf4000-746359cf5000 rw-p 00000000 00:00 0 
746359cf5000-746359cf6000 ---p 00000000 00:00 0 
746359cf6000-746359df7000 rw-p 00000000 00:00 0 
746359df7000-746359df8000 ---p 00000000 00:00 0 
746359df8000-746359ef9000 rw-p 00000000 00:00 0 
746359ef9000-74635a600000 rw-p 00000000 00:00 0 
74635a600000-74635a624000 r-xp 00000000 08:03 18363961                   /home/rowan/.jdks/corretto-17.0.5/lib/libjava.so
74635a624000-74635a823000 ---p 00024000 08:03 18363961                   /home/rowan/.jdks/corretto-17.0.5/lib/libjava.so
74635a823000-74635a824000 r--p 00023000 08:03 18363961                   /home/rowan/.jdks/corretto-17.0.5/lib/libjava.so
74635a824000-74635a825000 rw-p 00024000 08:03 18363961                   /home/rowan/.jdks/corretto-17.0.5/lib/libjava.so
74635a825000-74635a826000 rw-p 00000000 00:00 0 
74635a857000-74635a85b000 r--p 00000000 08:03 13242445                   /usr/lib/libgcc_s.so.1
74635a85b000-74635a876000 r-xp 00004000 08:03 13242445                   /usr/lib/libgcc_s.so.1
74635a876000-74635a87a000 r--p 0001f000 08:03 13242445                   /usr/lib/libgcc_s.so.1
74635a87a000-74635a87b000 r--p 00022000 08:03 13242445                   /usr/lib/libgcc_s.so.1
74635a87b000-74635a87c000 rw-p 00023000 08:03 13242445                   /usr/lib/libgcc_s.so.1
74635a87c000-74635ac00000 rw-p 00000000 00:00 0 
74635ac00000-74635ac1b000 r-xp 00000000 08:03 18363962                   /home/rowan/.jdks/corretto-17.0.5/lib/libjimage.so
74635ac1b000-74635ae1a000 ---p 0001b000 08:03 18363962                   /home/rowan/.jdks/corretto-17.0.5/lib/libjimage.so
74635ae1a000-74635ae1c000 r--p 0001a000 08:03 18363962                   /home/rowan/.jdks/corretto-17.0.5/lib/libjimage.so
74635ae1c000-74635ae1d000 rw-p 0001c000 08:03 18363962                   /home/rowan/.jdks/corretto-17.0.5/lib/libjimage.so
74635ae61000-74635b200000 rw-p 00000000 00:00 0 
74635b200000-74635c4ea000 r-xp 00000000 08:03 18363976                   /home/rowan/.jdks/corretto-17.0.5/lib/server/libjvm.so
74635c4ea000-74635c6e9000 ---p 012ea000 08:03 18363976                   /home/rowan/.jdks/corretto-17.0.5/lib/server/libjvm.so
74635c6e9000-74635c7a2000 r--p 012e9000 08:03 18363976                   /home/rowan/.jdks/corretto-17.0.5/lib/server/libjvm.so
74635c7a2000-74635c7d7000 rw-p 013a2000 08:03 18363976                   /home/rowan/.jdks/corretto-17.0.5/lib/server/libjvm.so
74635c7d7000-74635c831000 rw-p 00000000 00:00 0 
74635c83c000-74635c933000 rw-p 00000000 00:00 0 
74635c933000-74635ca17000 ---p 00000000 00:00 0 
74635ca17000-74635ca1c000 rw-p 00000000 00:00 0 
74635ca1c000-74635cb00000 ---p 00000000 00:00 0 
74635cb00000-74635cb04000 ---p 00000000 00:00 0 
74635cb04000-74635cc00000 rw-p 00000000 00:00 0 
74635cc00000-74635cc19000 r-xp 00000000 08:03 18363963                   /home/rowan/.jdks/corretto-17.0.5/lib/libjli.so
74635cc19000-74635ce18000 ---p 00019000 08:03 18363963                   /home/rowan/.jdks/corretto-17.0.5/lib/libjli.so
74635ce18000-74635ce19000 r--p 00018000 08:03 18363963                   /home/rowan/.jdks/corretto-17.0.5/lib/libjli.so
74635ce19000-74635ce1a000 rw-p 00019000 08:03 18363963                   /home/rowan/.jdks/corretto-17.0.5/lib/libjli.so
74635ce2c000-74635cee9000 rw-p 00000000 00:00 0 
74635cee9000-74635cef7000 r--p 00000000 08:03 13241698                   /usr/lib/libm.so.6
74635cef7000-74635cf77000 r-xp 0000e000 08:03 13241698                   /usr/lib/libm.so.6
74635cf77000-74635cfd3000 r--p 0008e000 08:03 13241698                   /usr/lib/libm.so.6
74635cfd3000-74635cfd4000 r--p 000e9000 08:03 13241698                   /usr/lib/libm.so.6
74635cfd4000-74635cfd5000 rw-p 000ea000 08:03 13241698                   /usr/lib/libm.so.6
74635cfd5000-74635cfd6000 r--p 00000000 08:03 13241728                   /usr/lib/librt.so.1
74635cfd6000-74635cfd7000 r-xp 00001000 08:03 13241728                   /usr/lib/librt.so.1
74635cfd7000-74635cfd8000 r--p 00002000 08:03 13241728                   /usr/lib/librt.so.1
74635cfd8000-74635cfd9000 r--p 00002000 08:03 13241728                   /usr/lib/librt.so.1
74635cfd9000-74635cfda000 rw-p 00003000 08:03 13241728                   /usr/lib/librt.so.1
74635cfda000-74635cfdc000 rw-p 00000000 00:00 0 
74635cfdc000-74635d000000 r--p 00000000 08:03 13241673                   /usr/lib/libc.so.6
74635d000000-74635d15b000 r-xp 00024000 08:03 13241673                   /usr/lib/libc.so.6
74635d15b000-74635d1b0000 r--p 0017f000 08:03 13241673                   /usr/lib/libc.so.6
74635d1b0000-74635d1b4000 r--p 001d3000 08:03 13241673                   /usr/lib/libc.so.6
74635d1b4000-74635d1b6000 rw-p 001d7000 08:03 13241673                   /usr/lib/libc.so.6
74635d1b6000-74635d1be000 rw-p 00000000 00:00 0 
74635d1be000-74635d1bf000 r--p 00000000 08:03 13241684                   /usr/lib/libdl.so.2
74635d1bf000-74635d1c0000 r-xp 00001000 08:03 13241684                   /usr/lib/libdl.so.2
74635d1c0000-74635d1c1000 r--p 00002000 08:03 13241684                   /usr/lib/libdl.so.2
74635d1c1000-74635d1c2000 r--p 00002000 08:03 13241684                   /usr/lib/libdl.so.2
74635d1c2000-74635d1c3000 rw-p 00003000 08:03 13241684                   /usr/lib/libdl.so.2
74635d1c3000-74635d1c4000 r--p 00000000 08:03 13241723                   /usr/lib/libpthread.so.0
74635d1c4000-74635d1c5000 r-xp 00001000 08:03 13241723                   /usr/lib/libpthread.so.0
74635d1c5000-74635d1c6000 r--p 00002000 08:03 13241723                   /usr/lib/libpthread.so.0
74635d1c6000-74635d1c7000 r--p 00002000 08:03 13241723                   /usr/lib/libpthread.so.0
74635d1c7000-74635d1c8000 rw-p 00003000 08:03 13241723                   /usr/lib/libpthread.so.0
74635d1d0000-74635d1d2000 r--p 00000000 00:21 19041                      /tmp/lexer7634715015694417465.lib
74635d1d2000-74635d1d5000 r-xp 00002000 00:21 19041                      /tmp/lexer7634715015694417465.lib
74635d1d5000-74635d1d6000 r--p 00005000 00:21 19041                      /tmp/lexer7634715015694417465.lib
74635d1d6000-74635d1d7000 r--p 00005000 00:21 19041                      /tmp/lexer7634715015694417465.lib
74635d1d7000-74635d1d8000 rw-p 00006000 00:21 19041                      /tmp/lexer7634715015694417465.lib
74635d1d8000-74635d1e0000 rw-p 00000000 00:00 0 
74635d1e0000-74635d1e9000 ---p 00000000 00:00 0 
74635d1e9000-74635d1f1000 rw-s 00000000 00:21 19040                      /tmp/hsperfdata_rowan/157069
74635d1f1000-74635d1f2000 ---p 00000000 00:00 0 
74635d1f2000-74635d1f3000 r--p 00000000 00:00 0 
74635d1f3000-74635d1f4000 ---p 00000000 00:00 0 
74635d1f4000-74635d1f6000 rw-p 00000000 00:00 0 
74635d1f6000-74635d1f7000 r--p 00000000 08:03 13241644                   /usr/lib/ld-linux-x86-64.so.2
74635d1f7000-74635d21e000 r-xp 00001000 08:03 13241644                   /usr/lib/ld-linux-x86-64.so.2
74635d21e000-74635d229000 r--p 00028000 08:03 13241644                   /usr/lib/ld-linux-x86-64.so.2
74635d229000-74635d22b000 r--p 00032000 08:03 13241644                   /usr/lib/ld-linux-x86-64.so.2
74635d22b000-74635d22d000 rw-p 00034000 08:03 13241644                   /usr/lib/ld-linux-x86-64.so.2
7ffc069c3000-7ffc069e7000 rw-p 00000000 00:00 0                          [stack]
7ffc069f9000-7ffc069fd000 r--p 00000000 00:00 0                          [vvar]
7ffc069fd000-7ffc069ff000 r-xp 00000000 00:00 0                          [vdso]
ffffffffff600000-ffffffffff601000 --xp 00000000 00:00 0                  [vsyscall]


VM Arguments:
jvm_args: -Dfile.encoding=UTF-8 -Duser.country=US -Duser.language=en -Duser.variant 
java_command: jni.TestRunner
java_class_path (initial): /home/rowan/IdeaProjects/LexerLearning/jni-runner/build/classes/java/main:/home/rowan/IdeaProjects/LexerLearning/jni-runner/build/resources/main:/home/rowan/IdeaProjects/LexerLearning/jni-lib/build/libs/jni-lib.jar:/home/rowan/.gradle/caches/modules-2/files-2.1/de.learnlib/learnlib-aaar/0.17.0/e0189d85b19795a262def7e140b319414d6ac804/learnlib-aaar-0.17.0.jar:/home/rowan/.gradle/caches/modules-2/files-2.1/de.learnlib/learnlib-adt/0.17.0/abb1cc7bbe827dc4eb466961132dbf4edf1ba574/learnlib-adt-0.17.0.jar:/home/rowan/.gradle/caches/modules-2/files-2.1/de.learnlib/learnlib-dhc/0.17.0/cccd00238a88cc8f41c2d40a362cdb09b6233cd6/learnlib-dhc-0.17.0.jar:/home/rowan/.gradle/caches/modules-2/files-2.1/de.learnlib/learnlib-procedural/0.17.0/f9513c284259cc197445d2aa2cf5f95bc14f9c64/learnlib-procedural-0.17.0.jar:/home/rowan/.gradle/caches/modules-2/files-2.1/de.learnlib/learnlib-kearns-vazirani/0.17.0/c09e83b1643d7558135368a13b4a6a6a223d8b2a/learnlib-kearns-vazirani-0.17.0.jar:/home/rowan/.gradle/caches/modules-2/files-2.1/de.learnlib/learnlib-lstar/0.17.0/d7ece5a39d307845d327c3b8b406954cdb47337f/learnlib-lstar-0.17.0.jar:/home/rowan/.gradle/caches/modules-2/files-2.1/de.learnlib/learnlib-nlstar/0.17.0/1392b226b110e635a8b38bf4c6a5035030d530e3/learnlib-nlstar-0.17.0.jar:/home/rowan/.gradle/caches/modules-2/files-2.1/de.learnlib/learnlib-observation-pack/0.17.0/1f017b96488e1879b9a89353f4792e1979a4b7ad/learnlib-observation-pack-0.17.0.jar:/home/rowan/.gradle/caches/modules-2/files-2.1/de.learnlib/learnlib-ttt-vpa/0.17.0/ed06fd22e5143dd3d678b123551e199cb06355fb/learnlib-ttt-vpa-0.17.0.jar:/home/rowan/.gradle/caches/modules-2/files-2.1/de.learnlib/learnlib-observation-pack-vpa/0.17.0/76e7355aeb6d5ff2a4f746dd9d11bdf909c584e7/learnlib-observation-pack-vpa-0.17.0.jar:/home/rowan/.gradle/caches/modules-2/files-2.1/de.learnlib/learnlib-oml/0.17.0/178a668140a006fd8b1c0e96092546de3fae4036/learnlib-oml-0.17.0.jar:/home/rowan/.gradle/caches/modules-2/files-2.1/de.lear
Launcher Type: SUN_STANDARD

[Global flags]
     intx CICompilerCount                          = 12                                        {product} {ergonomic}
     uint ConcGCThreads                            = 3                                         {product} {ergonomic}
     uint G1ConcRefinementThreads                  = 13                                        {product} {ergonomic}
   size_t G1HeapRegionSize                         = 8388608                                   {product} {ergonomic}
    uintx GCDrainStackTargetSize                   = 64                                        {product} {ergonomic}
   size_t InitialHeapSize                          = 1056964608                                {product} {ergonomic}
   size_t MarkStackSize                            = 4194304                                   {product} {ergonomic}
   size_t MaxHeapSize                              = 16844324864                               {product} {ergonomic}
   size_t MaxNewSize                               = 10099884032                               {product} {ergonomic}
   size_t MinHeapDeltaBytes                        = 8388608                                   {product} {ergonomic}
   size_t MinHeapSize                              = 8388608                                   {product} {ergonomic}
    uintx NonNMethodCodeHeapSize                   = 7602480                                {pd product} {ergonomic}
    uintx NonProfiledCodeHeapSize                  = 122027880                              {pd product} {ergonomic}
    uintx ProfiledCodeHeapSize                     = 122027880                              {pd product} {ergonomic}
    uintx ReservedCodeCacheSize                    = 251658240                              {pd product} {ergonomic}
     bool SegmentedCodeCache                       = true                                      {product} {ergonomic}
   size_t SoftMaxHeapSize                          = 16844324864                            {manageable} {ergonomic}
     bool UseCompressedClassPointers               = true                           {product lp64_product} {ergonomic}
     bool UseCompressedOops                        = true                           {product lp64_product} {ergonomic}
     bool UseG1GC                                  = true                                      {product} {ergonomic}

Logging:
Log output configuration:
 #0: stdout all=warning uptime,level,tags
 #1: stderr all=off uptime,level,tags

Environment Variables:
PATH=/home/rowan/.config/bspwm/scripts:/usr/local/sbin:/usr/local/bin:/usr/bin:/opt/android-sdk/tools:/opt/android-sdk/tools/bin:/opt/cuda/bin:/opt/cuda/nsight_compute:/opt/cuda/nsight_systems/bin:/usr/lib/jvm/default/bin:/usr/bin/site_perl:/usr/bin/vendor_perl:/usr/bin/core_perl:/usr/lib/rustup/bin:/home/rowan/.local/share/JetBrains/Toolbox/scripts
SHELL=/bin/bash
DISPLAY=:0
LANG=en_US.UTF-8

Signal Handlers:
   SIGSEGV: crash_handler in libjvm.so, mask=11100100010111111101111111111110, flags=SA_RESTART|SA_SIGINFO
    SIGBUS: crash_handler in libjvm.so, mask=11100100010111111101111111111110, flags=SA_RESTART|SA_SIGINFO
    SIGFPE: crash_handler in libjvm.so, mask=11100100010111111101111111111110, flags=SA_RESTART|SA_SIGINFO
   SIGPIPE: javaSignalHandler in libjvm.so, mask=11100100010111111101111111111110, flags=SA_RESTART|SA_SIGINFO
   SIGXFSZ: javaSignalHandler in libjvm.so, mask=11100100010111111101111111111110, flags=SA_RESTART|SA_SIGINFO
    SIGILL: crash_handler in libjvm.so, mask=11100100010111111101111111111110, flags=SA_RESTART|SA_SIGINFO
   SIGUSR2: SR_handler in libjvm.so, mask=00100000000000000000000000000000, flags=SA_RESTART|SA_SIGINFO
    SIGHUP: UserHandler in libjvm.so, mask=11100100010111111101111111111110, flags=SA_RESTART|SA_SIGINFO
    SIGINT: UserHandler in libjvm.so, mask=11100100010111111101111111111110, flags=SA_RESTART|SA_SIGINFO
   SIGTERM: UserHandler in libjvm.so, mask=11100100010111111101111111111110, flags=SA_RESTART|SA_SIGINFO
   SIGQUIT: UserHandler in libjvm.so, mask=11100100010111111101111111111110, flags=SA_RESTART|SA_SIGINFO
  *** Handler was modified!
  *** Expected: javaSignalHandler in libjvm.so, mask=11100100110111111111111111111110, flags=SA_RESTART|SA_SIGINFO
   SIGTRAP: crash_handler in libjvm.so, mask=11100100010111111101111111111110, flags=SA_RESTART|SA_SIGINFO


---------------  S Y S T E M  ---------------

OS:
DISTRIB_ID="Arch"
DISTRIB_RELEASE="rolling"
DISTRIB_DESCRIPTION="Arch Linux"
uname: Linux 6.8.2-arch2-1 #1 SMP PREEMPT_DYNAMIC Thu, 28 Mar 2024 17:06:35 +0000 x86_64
OS uptime: 0 days 2:17 hours
libc: glibc 2.39 NPTL 2.39 
rlimit (soft/hard): STACK 8192k/infinity , CORE infinity/infinity , NPROC 256672/256672 , NOFILE 524288/524288 , AS infinity/infinity , CPU infinity/infinity , DATA infinity/infinity , FSIZE infinity/infinity , MEMLOCK 8192k/8192k
load average: 6.58 6.28 6.09

/proc/meminfo:
MemTotal:       65766156 kB
MemFree:        29293860 kB
MemAvailable:   40063500 kB
Buffers:          928852 kB
Cached:         10261064 kB
SwapCached:            0 kB
Active:         28630312 kB
Inactive:        6261968 kB
Active(anon):   24093828 kB
Inactive(anon):        0 kB
Active(file):    4536484 kB
Inactive(file):  6261968 kB
Unevictable:         588 kB
Mlocked:             588 kB
SwapTotal:      16777212 kB
SwapFree:       16777212 kB
Zswap:                 0 kB
Zswapped:              0 kB
Dirty:               608 kB
Writeback:            28 kB
AnonPages:      22793784 kB
Mapped:          3328188 kB
Shmem:            392216 kB
KReclaimable:     697400 kB
Slab:             924772 kB
SReclaimable:     697400 kB
SUnreclaim:       227372 kB
KernelStack:       40104 kB
PageTables:       137680 kB
SecPageTables:         0 kB
NFS_Unstable:          0 kB
Bounce:                0 kB
WritebackTmp:          0 kB
CommitLimit:    49660288 kB
Committed_AS:   42554872 kB
VmallocTotal:   34359738367 kB
VmallocUsed:      176396 kB
VmallocChunk:          0 kB
Percpu:            41984 kB
HardwareCorrupted:     0 kB
AnonHugePages:  12015616 kB
ShmemHugePages:        0 kB
ShmemPmdMapped:        0 kB
FileHugePages:    546816 kB
FilePmdMapped:     67584 kB
CmaTotal:              0 kB
CmaFree:               0 kB
Unaccepted:            0 kB
HugePages_Total:       0
HugePages_Free:        0
HugePages_Rsvd:        0
HugePages_Surp:        0
Hugepagesize:       2048 kB
Hugetlb:               0 kB
DirectMap4k:     1556400 kB
DirectMap2M:    35065856 kB
DirectMap1G:    30408704 kB

/sys/kernel/mm/transparent_hugepage/enabled: [always] madvise never
/sys/kernel/mm/transparent_hugepage/defrag (defrag/compaction efforts parameter): always defer defer+madvise [madvise] never

Process Memory:
Virtual Size: 20088996K (peak: 20088996K)
Resident Set Size: 59580K (peak: 59580K) (anon: 28904K, file: 30676K, shmem: 0K)
Swapped out: 0K
C-Heap outstanding allocations: 38093K, retained: 2490K
glibc malloc tunables: (default)

/proc/sys/kernel/threads-max (system-wide limit on the number of threads): 513344
/proc/sys/vm/max_map_count (maximum number of memory map areas a process may have): 65530
/proc/sys/kernel/pid_max (system-wide limit on number of process identifiers): 4194304

container (cgroup) information:
container_type: cgroupv2
cpu_cpuset_cpus: not supported
cpu_memory_nodes: not supported
active_processor_count: 16
cpu_quota: no quota
cpu_period: 100000
cpu_shares: no shares
memory_limit_in_bytes: unlimited
memory_and_swap_limit_in_bytes: unlimited
memory_soft_limit_in_bytes: unlimited
memory_usage_in_bytes: 31665632 k
memory_max_usage_in_bytes: not supported
maximum number of tasks: unlimited
current number of tasks: 1626

Steal ticks since vm start: 0
Steal ticks percentage since vm start:  0.000

CPU: total 32 (initial active 16) (16 cores per cpu, 2 threads per core) family 25 model 33 stepping 0 microcode 0xa201016, cx8, cmov, fxsr, ht, mmx, 3dnowpref, sse, sse2, sse3, ssse3, sse4a, sse4.1, sse4.2, popcnt, lzcnt, tsc, tscinvbit, avx, avx2, aes, erms, clmul, bmi1, bmi2, adx, sha, fma, vzeroupper, clflush, clflushopt
CPU Model and flags from /proc/cpuinfo:
model name	: AMD Ryzen 7 5800X 8-Core Processor
flags		: fpu vme de pse tsc msr pae mce cx8 apic sep mtrr pge mca cmov pat pse36 clflush mmx fxsr sse sse2 ht syscall nx mmxext fxsr_opt pdpe1gb rdtscp lm constant_tsc rep_good nopl nonstop_tsc cpuid extd_apicid aperfmperf rapl pni pclmulqdq monitor ssse3 fma cx16 sse4_1 sse4_2 x2apic movbe popcnt aes xsave avx f16c rdrand lahf_lm cmp_legacy svm extapic cr8_legacy abm sse4a misalignsse 3dnowprefetch osvw ibs skinit wdt tce topoext perfctr_core perfctr_nb bpext perfctr_llc mwaitx cpb cat_l3 cdp_l3 hw_pstate ssbd mba ibrs ibpb stibp vmmcall fsgsbase bmi1 avx2 smep bmi2 erms invpcid cqm rdt_a rdseed adx smap clflushopt clwb sha_ni xsaveopt xsavec xgetbv1 xsaves cqm_llc cqm_occup_llc cqm_mbm_total cqm_mbm_local user_shstk clzero irperf xsaveerptr rdpru wbnoinvd arat npt lbrv svm_lock nrip_save tsc_scale vmcb_clean flushbyasid decodeassists pausefilter pfthreshold avic v_vmsave_vmload vgif v_spec_ctrl umip pku ospke vaes vpclmulqdq rdpid overflow_recov succor smca fsrm debug_swap

Online cpus: 0-15
Offline cpus: 16-31
BIOS frequency limitation: 3800000
Frequency switch latency (ns): 0
Available cpu frequencies: 3800000 2800000 2200000 
Current governor: schedutil
Core performance/turbo boost: 1

Memory: 4k page, physical 65766156k(29293860k free), swap 16777212k(16777212k free)
Page Sizes: 4k

vm_info: OpenJDK 64-Bit Server VM (17.0.5+8-LTS) for linux-amd64 JRE (17.0.5+8-LTS), built on Oct 13 2022 05:01:28 by "jenkins" with gcc 7.3.1 20180303 (Red Hat 7.3.1-5)

END.
