#
# A fatal error has been detected by the Java Runtime Environment:
#
#  SIGSEGV (0xb) at pc=0x00007ae3deb4ad49, pid=158233, tid=158235
#
# JRE version: OpenJDK Runtime Environment Corretto-17.0.5.8.1 (17.0.5+8) (build 17.0.5+8-LTS)
# Java VM: OpenJDK 64-Bit Server VM Corretto-17.0.5.8.1 (17.0.5+8-LTS, mixed mode, sharing, tiered, compressed oops, compressed class ptrs, g1 gc, linux-amd64)
# Problematic frame:
# V  [libjvm.so+0x54ad49]  AccessInternal::PostRuntimeDispatch<G1BarrierSet::AccessBarrier<598116ul, G1BarrierSet>, (AccessInternal::BarrierType)2, 598116ul>::oop_access_barrier(void*)+0x9
#
# Core dump will be written. Default location: Core dumps may be processed with "/usr/lib/systemd/systemd-coredump %P %u %g %s %t %c %h" (or dumping to /home/rowan/IdeaProjects/LexerLearning/core.158233)
#
# If you would like to submit a bug report, please visit:
#   https://github.com/corretto/corretto-17/issues/
#

---------------  S U M M A R Y ------------

Command Line: -Dfile.encoding=UTF-8 -Duser.country=US -Duser.language=en -Duser.variant jni.TestRunner

Host: AMD Ryzen 7 5800X 8-Core Processor, 32 cores, 62G, Arch Linux
Time: Thu Apr  4 18:32:27 2024 CEST elapsed time: 0.052187 seconds (0d 0h 0m 0s)

---------------  T H R E A D  ---------------

Current thread (0x00007ae3d8028e00):  JavaThread "main" [_thread_in_Java, id=158235, stack(0x00007ae3dfe14000,0x00007ae3dff14000)]

Stack: [0x00007ae3dfe14000,0x00007ae3dff14000],  sp=0x00007ae3dff122c0,  free space=1016k
Native frames: (J=compiled Java code, j=interpreted, Vv=VM code, C=native code)
V  [libjvm.so+0x54ad49]  AccessInternal::PostRuntimeDispatch<G1BarrierSet::AccessBarrier<598116ul, G1BarrierSet>, (AccessInternal::BarrierType)2, 598116ul>::oop_access_barrier(void*)+0x9
V  [libjvm.so+0x84faf2]  JavaCallArguments::parameters()+0x102
V  [libjvm.so+0x8501fe]  JavaCalls::call_helper(JavaValue*, methodHandle const&, JavaCallArguments*, JavaThread*)+0x2ce
V  [libjvm.so+0x8e4146]  jni_invoke_nonstatic(JNIEnv_*, JavaValue*, _jobject*, JNICallType, _jmethodID*, JNI_ArgumentPusher*, JavaThread*) [clone .isra.199] [clone .constprop.369]+0x136
V  [libjvm.so+0x8e7510]  jni_NewObjectV+0x160


siginfo: si_signo: 11 (SIGSEGV), si_code: 1 (SEGV_MAPERR), si_addr: 0x0000000000000000

Register to memory mapping:

RAX=0x0000000000000001 is an unknown value
RBX=0x0000000000000001 is an unknown value
RCX=0x00007ae3dff12460 is pointing into the stack for thread: 0x00007ae3d8028e00
RDX=0x0000000000000003 is an unknown value
RSP=0x00007ae3dff122c0 is pointing into the stack for thread: 0x00007ae3d8028e00
RBP=0x00007ae3dff122d0 is pointing into the stack for thread: 0x00007ae3d8028e00
RSI=0x00007ae3d8028e00 is a thread
RDI=0x0 is NULL
R8 =0x00007ae3d8028e00 is a thread
R9 =0x0000000000000002 is an unknown value
R10=0x00007ae3d826d748 points into unknown readable memory: 0x00007ae3d81f1ff0 | f0 1f 1f d8 e3 7a 00 00
R11=0x0000000000000008 is an unknown value
R12=0x00007ae3dff12450 is pointing into the stack for thread: 0x00007ae3d8028e00
R13=0x00007ae3df66aab8: <offset 0x000000000106aab8> in /home/rowan/.jdks/corretto-17.0.5/lib/server/libjvm.so at 0x00007ae3de600000
R14=0x0000000000000008 is an unknown value
R15=0x00007ae3dff12330 is pointing into the stack for thread: 0x00007ae3d8028e00


Registers:
RAX=0x0000000000000001, RBX=0x0000000000000001, RCX=0x00007ae3dff12460, RDX=0x0000000000000003
RSP=0x00007ae3dff122c0, RBP=0x00007ae3dff122d0, RSI=0x00007ae3d8028e00, RDI=0x0000000000000000
R8 =0x00007ae3d8028e00, R9 =0x0000000000000002, R10=0x00007ae3d826d748, R11=0x0000000000000008
R12=0x00007ae3dff12450, R13=0x00007ae3df66aab8, R14=0x0000000000000008, R15=0x00007ae3dff12330
RIP=0x00007ae3deb4ad49, EFLAGS=0x0000000000010206, CSGSFS=0x002b000000000033, ERR=0x0000000000000004
  TRAPNO=0x000000000000000e

Top of Stack: (sp=0x00007ae3dff122c0)
0x00007ae3dff122c0:   00007ae3dff12300 0000000000000001
0x00007ae3dff122d0:   00007ae3dff12300 00007ae3dee4faf2
0x00007ae3dff122e0:   00007ae3d8028e00 00007ae3dff12450
0x00007ae3dff122f0:   00007ae3dff12548 00007ae3dff12410 

Instructions: (pc=0x00007ae3deb4ad49)
0x00007ae3deb4ac49:   0f 1f 80 00 00 00 00 55 48 8b 07 48 89 e5 5d c3
0x00007ae3deb4ac59:   0f 1f 80 00 00 00 00 55 48 8b 07 48 89 e5 5d c3
0x00007ae3deb4ac69:   0f 1f 80 00 00 00 00 55 48 89 e5 41 55 41 54 53
0x00007ae3deb4ac79:   49 89 fc 48 83 ec 08 48 8d 15 c9 3c 0e 01 4c 8d
0x00007ae3deb4ac89:   2d 92 32 0e 01 48 8b 07 0f b6 0a 49 8b 55 00 48
0x00007ae3deb4ac99:   89 c3 48 21 c2 84 c9 75 16 48 85 d2 75 51 48 83
0x00007ae3deb4aca9:   c4 08 5b 41 5c 41 5d 5d c3 66 0f 1f 44 00 00 48
0x00007ae3deb4acb9:   85 d2 74 ea 48 89 c7 e8 1b 23 a7 00 48 85 c0 48
0x00007ae3deb4acc9:   89 c2 74 40 4d 85 e4 75 0f eb 39 0f 1f 40 00 49
0x00007ae3deb4acd9:   85 45 00 48 89 c3 74 2c 48 89 d8 f0 49 0f b1 14
0x00007ae3deb4ace9:   24 48 39 d8 75 e9 eb 1c 0f 1f 80 00 00 00 00 48
0x00007ae3deb4acf9:   89 c7 e8 e0 1b a7 00 48 85 c0 48 89 c2 74 05 4d
0x00007ae3deb4ad09:   85 e4 75 1c 48 83 c4 08 48 89 d0 5b 41 5c 41 5d
0x00007ae3deb4ad19:   5d c3 0f 1f 44 00 00 49 85 45 00 48 89 c3 74 e4
0x00007ae3deb4ad29:   48 89 d8 f0 49 0f b1 14 24 48 39 d8 75 e9 eb d4
0x00007ae3deb4ad39:   0f 1f 80 00 00 00 00 55 48 89 e5 53 48 83 ec 08
0x00007ae3deb4ad49:   48 8b 1f 48 85 db 74 08 48 89 df e8 a7 83 1a 00
0x00007ae3deb4ad59:   48 83 c4 08 48 89 d8 5b 5d c3 66 2e 0f 1f 84 00
0x00007ae3deb4ad69:   00 00 00 00 0f 1f 00 55 48 89 e5 53 48 83 ec 08
0x00007ae3deb4ad79:   48 8b 1f 48 85 db 74 08 48 89 df e8 77 83 1a 00
0x00007ae3deb4ad89:   48 83 c4 08 48 89 d8 5b 5d c3 66 2e 0f 1f 84 00
0x00007ae3deb4ad99:   00 00 00 00 0f 1f 00 48 8b 07 55 48 8d 15 85 9b
0x00007ae3deb4ada9:   fa ff 48 89 e5 48 8b 80 f8 00 00 00 48 39 d0 75
0x00007ae3deb4adb9:   0e 5d be 02 00 00 00 e9 db 19 6b 00 0f 1f 00 5d
0x00007ae3deb4adc9:   ff e0 0f 1f 44 00 00 55 48 89 e5 53 48 89 fb 48
0x00007ae3deb4add9:   83 ec 08 48 8d 15 eb 22 0a 01 48 8d 05 26 03 09
0x00007ae3deb4ade9:   01 80 3a 00 48 8b 00 8b 40 10 75 1b 83 f8 05 0f
0x00007ae3deb4adf9:   87 e2 00 00 00 48 8d 15 fb 48 af 00 48 63 04 82
0x00007ae3deb4ae09:   48 01 d0 ff e0 66 90 83 f8 05 0f 87 c7 00 00 00
0x00007ae3deb4ae19:   48 8d 15 f8 48 af 00 48 63 04 82 48 01 d0 ff e0
0x00007ae3deb4ae29:   0f 1f 80 00 00 00 00 48 8d 05 29 fe ff ff 48 89
0x00007ae3deb4ae39:   05 82 b3 05 01 48 83 c4 08 48 89 df 5b 5d ff e0 


Stack slot to memory mapping:
stack at sp + 0 slots: 0x00007ae3dff12300 is pointing into the stack for thread: 0x00007ae3d8028e00
stack at sp + 1 slots: 0x0000000000000001 is an unknown value
stack at sp + 2 slots: 0x00007ae3dff12300 is pointing into the stack for thread: 0x00007ae3d8028e00
stack at sp + 3 slots: 0x00007ae3dee4faf2: <offset 0x000000000084faf2> in /home/rowan/.jdks/corretto-17.0.5/lib/server/libjvm.so at 0x00007ae3de600000
stack at sp + 4 slots: 0x00007ae3d8028e00 is a thread
stack at sp + 5 slots: 0x00007ae3dff12450 is pointing into the stack for thread: 0x00007ae3d8028e00
stack at sp + 6 slots: 0x00007ae3dff12548 is pointing into the stack for thread: 0x00007ae3d8028e00
stack at sp + 7 slots: 0x00007ae3dff12410 is pointing into the stack for thread: 0x00007ae3d8028e00


---------------  P R O C E S S  ---------------

Threads class SMR info:
_java_thread_list=0x00007ae3500b7350, length=12, elements={
0x00007ae3d8028e00, 0x00007ae3d81edcd0, 0x00007ae3d81ef0b0, 0x00007ae3d81f4220,
0x00007ae3d81f55d0, 0x00007ae3d81f69e0, 0x00007ae3d81f8410, 0x00007ae3d81f9940,
0x00007ae3d81fadb0, 0x00007ae3d8202d70, 0x00007ae3d8206440, 0x00007ae3500b6350
}

Java Threads: ( => current thread )
=>0x00007ae3d8028e00 JavaThread "main" [_thread_in_Java, id=158235, stack(0x00007ae3dfe14000,0x00007ae3dff14000)]
  0x00007ae3d81edcd0 JavaThread "Reference Handler" daemon [_thread_blocked, id=158242, stack(0x00007ae3bb300000,0x00007ae3bb400000)]
  0x00007ae3d81ef0b0 JavaThread "Finalizer" daemon [_thread_blocked, id=158243, stack(0x00007ae3ab700000,0x00007ae3ab800000)]
  0x00007ae3d81f4220 JavaThread "Signal Dispatcher" daemon [_thread_blocked, id=158244, stack(0x00007ae3991fe000,0x00007ae3992fe000)]
  0x00007ae3d81f55d0 JavaThread "Service Thread" daemon [_thread_blocked, id=158245, stack(0x00007ae3990fe000,0x00007ae3991fe000)]
  0x00007ae3d81f69e0 JavaThread "Monitor Deflation Thread" daemon [_thread_blocked, id=158246, stack(0x00007ae398d00000,0x00007ae398e00000)]
  0x00007ae3d81f8410 JavaThread "C2 CompilerThread0" daemon [_thread_blocked, id=158247, stack(0x00007ae398900000,0x00007ae398a00000)]
  0x00007ae3d81f9940 JavaThread "C1 CompilerThread0" daemon [_thread_blocked, id=158248, stack(0x00007ae398800000,0x00007ae398900000)]
  0x00007ae3d81fadb0 JavaThread "Sweeper thread" daemon [_thread_blocked, id=158249, stack(0x00007ae398700000,0x00007ae398800000)]
  0x00007ae3d8202d70 JavaThread "Notification Thread" daemon [_thread_blocked, id=158250, stack(0x00007ae398600000,0x00007ae398700000)]
  0x00007ae3d8206440 JavaThread "Common-Cleaner" daemon [_thread_blocked, id=158252, stack(0x00007ae3983fe000,0x00007ae3984fe000)]
  0x00007ae3500b6350 JavaThread "C1 CompilerThread1" daemon [_thread_blocked, id=158253, stack(0x00007ae3982fe000,0x00007ae3983fe000)]

Other Threads:
  0x00007ae3d81e9d50 VMThread "VM Thread" [stack: 0x00007ae399300000,0x00007ae399400000] [id=158241]
  0x00007ae3d82045c0 WatcherThread [stack: 0x00007ae398500000,0x00007ae398600000] [id=158251]
  0x00007ae3d805a6f0 GCTaskThread "GC Thread#0" [stack: 0x00007ae3dd1f9000,0x00007ae3dd2f9000] [id=158236]
  0x00007ae3d806b810 ConcurrentGCThread "G1 Main Marker" [stack: 0x00007ae3dd0f7000,0x00007ae3dd1f7000] [id=158237]
  0x00007ae3d806c770 ConcurrentGCThread "G1 Conc#0" [stack: 0x00007ae3dcff5000,0x00007ae3dd0f5000] [id=158238]
  0x00007ae3d81b5d70 ConcurrentGCThread "G1 Refine#0" [stack: 0x00007ae3dc1e6000,0x00007ae3dc2e6000] [id=158239]
  0x00007ae3d81b6c60 ConcurrentGCThread "G1 Service" [stack: 0x00007ae3dc0e4000,0x00007ae3dc1e4000] [id=158240]

Threads with active compile tasks:

VM state: not at safepoint (normal execution)

VM Mutex/Monitor currently owned by a thread: None

Heap address: 0x0000000414000000, size: 16064 MB, Compressed Oops mode: Zero based, Oop shift amount: 3

CDS archive(s) mapped at: [0x0000000800000000-0x0000000800be1000-0x0000000800be1000), size 12455936, SharedBaseAddress: 0x0000000800000000, ArchiveRelocationMode: 0.
Compressed class space mapped at: 0x0000000800c00000-0x0000000840c00000, reserved size: 1073741824
Narrow klass base: 0x0000000800000000, Narrow klass shift: 0, Narrow klass range: 0x100000000

GC Precious Log:
 CPUs: 32 total, 16 available
 Memory: 64224M
 Large Page Support: Disabled
 NUMA Support: Disabled
 Compressed Oops: Enabled (Zero based)
 Heap Region Size: 8M
 Heap Min Capacity: 8M
 Heap Initial Capacity: 1008M
 Heap Max Capacity: 16064M
 Pre-touch: Disabled
 Parallel Workers: 13
 Concurrent Workers: 3
 Concurrent Refinement Workers: 13
 Periodic GC: Disabled

Heap:
 garbage-first heap   total 1048576K, used 8160K [0x0000000414000000, 0x0000000800000000)
  region size 8192K, 1 young (8192K), 0 survivors (0K)
 Metaspace       used 997K, committed 1152K, reserved 1056768K
  class space    used 89K, committed 192K, reserved 1048576K

Heap Regions: E=young(eden), S=young(survivor), O=old, HS=humongous(starts), HC=humongous(continues), CS=collection set, F=free, OA=open archive, CA=closed archive, TAMS=top-at-mark-start (previous, next)
|   0|0x0000000414000000, 0x0000000414000000, 0x0000000414800000|  0%| F|  |TAMS 0x0000000414000000, 0x0000000414000000| Untracked 
|   1|0x0000000414800000, 0x0000000414800000, 0x0000000415000000|  0%| F|  |TAMS 0x0000000414800000, 0x0000000414800000| Untracked 
|   2|0x0000000415000000, 0x0000000415000000, 0x0000000415800000|  0%| F|  |TAMS 0x0000000415000000, 0x0000000415000000| Untracked 
|   3|0x0000000415800000, 0x0000000415800000, 0x0000000416000000|  0%| F|  |TAMS 0x0000000415800000, 0x0000000415800000| Untracked 
|   4|0x0000000416000000, 0x0000000416000000, 0x0000000416800000|  0%| F|  |TAMS 0x0000000416000000, 0x0000000416000000| Untracked 
|   5|0x0000000416800000, 0x0000000416800000, 0x0000000417000000|  0%| F|  |TAMS 0x0000000416800000, 0x0000000416800000| Untracked 
|   6|0x0000000417000000, 0x0000000417000000, 0x0000000417800000|  0%| F|  |TAMS 0x0000000417000000, 0x0000000417000000| Untracked 
|   7|0x0000000417800000, 0x0000000417800000, 0x0000000418000000|  0%| F|  |TAMS 0x0000000417800000, 0x0000000417800000| Untracked 
|   8|0x0000000418000000, 0x0000000418000000, 0x0000000418800000|  0%| F|  |TAMS 0x0000000418000000, 0x0000000418000000| Untracked 
|   9|0x0000000418800000, 0x0000000418800000, 0x0000000419000000|  0%| F|  |TAMS 0x0000000418800000, 0x0000000418800000| Untracked 
|  10|0x0000000419000000, 0x0000000419000000, 0x0000000419800000|  0%| F|  |TAMS 0x0000000419000000, 0x0000000419000000| Untracked 
|  11|0x0000000419800000, 0x0000000419800000, 0x000000041a000000|  0%| F|  |TAMS 0x0000000419800000, 0x0000000419800000| Untracked 
|  12|0x000000041a000000, 0x000000041a000000, 0x000000041a800000|  0%| F|  |TAMS 0x000000041a000000, 0x000000041a000000| Untracked 
|  13|0x000000041a800000, 0x000000041a800000, 0x000000041b000000|  0%| F|  |TAMS 0x000000041a800000, 0x000000041a800000| Untracked 
|  14|0x000000041b000000, 0x000000041b000000, 0x000000041b800000|  0%| F|  |TAMS 0x000000041b000000, 0x000000041b000000| Untracked 
|  15|0x000000041b800000, 0x000000041b800000, 0x000000041c000000|  0%| F|  |TAMS 0x000000041b800000, 0x000000041b800000| Untracked 
|  16|0x000000041c000000, 0x000000041c000000, 0x000000041c800000|  0%| F|  |TAMS 0x000000041c000000, 0x000000041c000000| Untracked 
|  17|0x000000041c800000, 0x000000041c800000, 0x000000041d000000|  0%| F|  |TAMS 0x000000041c800000, 0x000000041c800000| Untracked 
|  18|0x000000041d000000, 0x000000041d000000, 0x000000041d800000|  0%| F|  |TAMS 0x000000041d000000, 0x000000041d000000| Untracked 
|  19|0x000000041d800000, 0x000000041d800000, 0x000000041e000000|  0%| F|  |TAMS 0x000000041d800000, 0x000000041d800000| Untracked 
|  20|0x000000041e000000, 0x000000041e000000, 0x000000041e800000|  0%| F|  |TAMS 0x000000041e000000, 0x000000041e000000| Untracked 
|  21|0x000000041e800000, 0x000000041e800000, 0x000000041f000000|  0%| F|  |TAMS 0x000000041e800000, 0x000000041e800000| Untracked 
|  22|0x000000041f000000, 0x000000041f000000, 0x000000041f800000|  0%| F|  |TAMS 0x000000041f000000, 0x000000041f000000| Untracked 
|  23|0x000000041f800000, 0x000000041f800000, 0x0000000420000000|  0%| F|  |TAMS 0x000000041f800000, 0x000000041f800000| Untracked 
|  24|0x0000000420000000, 0x0000000420000000, 0x0000000420800000|  0%| F|  |TAMS 0x0000000420000000, 0x0000000420000000| Untracked 
|  25|0x0000000420800000, 0x0000000420800000, 0x0000000421000000|  0%| F|  |TAMS 0x0000000420800000, 0x0000000420800000| Untracked 
|  26|0x0000000421000000, 0x0000000421000000, 0x0000000421800000|  0%| F|  |TAMS 0x0000000421000000, 0x0000000421000000| Untracked 
|  27|0x0000000421800000, 0x0000000421800000, 0x0000000422000000|  0%| F|  |TAMS 0x0000000421800000, 0x0000000421800000| Untracked 
|  28|0x0000000422000000, 0x0000000422000000, 0x0000000422800000|  0%| F|  |TAMS 0x0000000422000000, 0x0000000422000000| Untracked 
|  29|0x0000000422800000, 0x0000000422800000, 0x0000000423000000|  0%| F|  |TAMS 0x0000000422800000, 0x0000000422800000| Untracked 
|  30|0x0000000423000000, 0x0000000423000000, 0x0000000423800000|  0%| F|  |TAMS 0x0000000423000000, 0x0000000423000000| Untracked 
|  31|0x0000000423800000, 0x0000000423800000, 0x0000000424000000|  0%| F|  |TAMS 0x0000000423800000, 0x0000000423800000| Untracked 
|  32|0x0000000424000000, 0x0000000424000000, 0x0000000424800000|  0%| F|  |TAMS 0x0000000424000000, 0x0000000424000000| Untracked 
|  33|0x0000000424800000, 0x0000000424800000, 0x0000000425000000|  0%| F|  |TAMS 0x0000000424800000, 0x0000000424800000| Untracked 
|  34|0x0000000425000000, 0x0000000425000000, 0x0000000425800000|  0%| F|  |TAMS 0x0000000425000000, 0x0000000425000000| Untracked 
|  35|0x0000000425800000, 0x0000000425800000, 0x0000000426000000|  0%| F|  |TAMS 0x0000000425800000, 0x0000000425800000| Untracked 
|  36|0x0000000426000000, 0x0000000426000000, 0x0000000426800000|  0%| F|  |TAMS 0x0000000426000000, 0x0000000426000000| Untracked 
|  37|0x0000000426800000, 0x0000000426800000, 0x0000000427000000|  0%| F|  |TAMS 0x0000000426800000, 0x0000000426800000| Untracked 
|  38|0x0000000427000000, 0x0000000427000000, 0x0000000427800000|  0%| F|  |TAMS 0x0000000427000000, 0x0000000427000000| Untracked 
|  39|0x0000000427800000, 0x0000000427800000, 0x0000000428000000|  0%| F|  |TAMS 0x0000000427800000, 0x0000000427800000| Untracked 
|  40|0x0000000428000000, 0x0000000428000000, 0x0000000428800000|  0%| F|  |TAMS 0x0000000428000000, 0x0000000428000000| Untracked 
|  41|0x0000000428800000, 0x0000000428800000, 0x0000000429000000|  0%| F|  |TAMS 0x0000000428800000, 0x0000000428800000| Untracked 
|  42|0x0000000429000000, 0x0000000429000000, 0x0000000429800000|  0%| F|  |TAMS 0x0000000429000000, 0x0000000429000000| Untracked 
|  43|0x0000000429800000, 0x0000000429800000, 0x000000042a000000|  0%| F|  |TAMS 0x0000000429800000, 0x0000000429800000| Untracked 
|  44|0x000000042a000000, 0x000000042a000000, 0x000000042a800000|  0%| F|  |TAMS 0x000000042a000000, 0x000000042a000000| Untracked 
|  45|0x000000042a800000, 0x000000042a800000, 0x000000042b000000|  0%| F|  |TAMS 0x000000042a800000, 0x000000042a800000| Untracked 
|  46|0x000000042b000000, 0x000000042b000000, 0x000000042b800000|  0%| F|  |TAMS 0x000000042b000000, 0x000000042b000000| Untracked 
|  47|0x000000042b800000, 0x000000042b800000, 0x000000042c000000|  0%| F|  |TAMS 0x000000042b800000, 0x000000042b800000| Untracked 
|  48|0x000000042c000000, 0x000000042c000000, 0x000000042c800000|  0%| F|  |TAMS 0x000000042c000000, 0x000000042c000000| Untracked 
|  49|0x000000042c800000, 0x000000042c800000, 0x000000042d000000|  0%| F|  |TAMS 0x000000042c800000, 0x000000042c800000| Untracked 
|  50|0x000000042d000000, 0x000000042d000000, 0x000000042d800000|  0%| F|  |TAMS 0x000000042d000000, 0x000000042d000000| Untracked 
|  51|0x000000042d800000, 0x000000042d800000, 0x000000042e000000|  0%| F|  |TAMS 0x000000042d800000, 0x000000042d800000| Untracked 
|  52|0x000000042e000000, 0x000000042e000000, 0x000000042e800000|  0%| F|  |TAMS 0x000000042e000000, 0x000000042e000000| Untracked 
|  53|0x000000042e800000, 0x000000042e800000, 0x000000042f000000|  0%| F|  |TAMS 0x000000042e800000, 0x000000042e800000| Untracked 
|  54|0x000000042f000000, 0x000000042f000000, 0x000000042f800000|  0%| F|  |TAMS 0x000000042f000000, 0x000000042f000000| Untracked 
|  55|0x000000042f800000, 0x000000042f800000, 0x0000000430000000|  0%| F|  |TAMS 0x000000042f800000, 0x000000042f800000| Untracked 
|  56|0x0000000430000000, 0x0000000430000000, 0x0000000430800000|  0%| F|  |TAMS 0x0000000430000000, 0x0000000430000000| Untracked 
|  57|0x0000000430800000, 0x0000000430800000, 0x0000000431000000|  0%| F|  |TAMS 0x0000000430800000, 0x0000000430800000| Untracked 
|  58|0x0000000431000000, 0x0000000431000000, 0x0000000431800000|  0%| F|  |TAMS 0x0000000431000000, 0x0000000431000000| Untracked 
|  59|0x0000000431800000, 0x0000000431800000, 0x0000000432000000|  0%| F|  |TAMS 0x0000000431800000, 0x0000000431800000| Untracked 
|  60|0x0000000432000000, 0x0000000432000000, 0x0000000432800000|  0%| F|  |TAMS 0x0000000432000000, 0x0000000432000000| Untracked 
|  61|0x0000000432800000, 0x0000000432800000, 0x0000000433000000|  0%| F|  |TAMS 0x0000000432800000, 0x0000000432800000| Untracked 
|  62|0x0000000433000000, 0x0000000433000000, 0x0000000433800000|  0%| F|  |TAMS 0x0000000433000000, 0x0000000433000000| Untracked 
|  63|0x0000000433800000, 0x0000000433800000, 0x0000000434000000|  0%| F|  |TAMS 0x0000000433800000, 0x0000000433800000| Untracked 
|  64|0x0000000434000000, 0x0000000434000000, 0x0000000434800000|  0%| F|  |TAMS 0x0000000434000000, 0x0000000434000000| Untracked 
|  65|0x0000000434800000, 0x0000000434800000, 0x0000000435000000|  0%| F|  |TAMS 0x0000000434800000, 0x0000000434800000| Untracked 
|  66|0x0000000435000000, 0x0000000435000000, 0x0000000435800000|  0%| F|  |TAMS 0x0000000435000000, 0x0000000435000000| Untracked 
|  67|0x0000000435800000, 0x0000000435800000, 0x0000000436000000|  0%| F|  |TAMS 0x0000000435800000, 0x0000000435800000| Untracked 
|  68|0x0000000436000000, 0x0000000436000000, 0x0000000436800000|  0%| F|  |TAMS 0x0000000436000000, 0x0000000436000000| Untracked 
|  69|0x0000000436800000, 0x0000000436800000, 0x0000000437000000|  0%| F|  |TAMS 0x0000000436800000, 0x0000000436800000| Untracked 
|  70|0x0000000437000000, 0x0000000437000000, 0x0000000437800000|  0%| F|  |TAMS 0x0000000437000000, 0x0000000437000000| Untracked 
|  71|0x0000000437800000, 0x0000000437800000, 0x0000000438000000|  0%| F|  |TAMS 0x0000000437800000, 0x0000000437800000| Untracked 
|  72|0x0000000438000000, 0x0000000438000000, 0x0000000438800000|  0%| F|  |TAMS 0x0000000438000000, 0x0000000438000000| Untracked 
|  73|0x0000000438800000, 0x0000000438800000, 0x0000000439000000|  0%| F|  |TAMS 0x0000000438800000, 0x0000000438800000| Untracked 
|  74|0x0000000439000000, 0x0000000439000000, 0x0000000439800000|  0%| F|  |TAMS 0x0000000439000000, 0x0000000439000000| Untracked 
|  75|0x0000000439800000, 0x0000000439800000, 0x000000043a000000|  0%| F|  |TAMS 0x0000000439800000, 0x0000000439800000| Untracked 
|  76|0x000000043a000000, 0x000000043a000000, 0x000000043a800000|  0%| F|  |TAMS 0x000000043a000000, 0x000000043a000000| Untracked 
|  77|0x000000043a800000, 0x000000043a800000, 0x000000043b000000|  0%| F|  |TAMS 0x000000043a800000, 0x000000043a800000| Untracked 
|  78|0x000000043b000000, 0x000000043b000000, 0x000000043b800000|  0%| F|  |TAMS 0x000000043b000000, 0x000000043b000000| Untracked 
|  79|0x000000043b800000, 0x000000043b800000, 0x000000043c000000|  0%| F|  |TAMS 0x000000043b800000, 0x000000043b800000| Untracked 
|  80|0x000000043c000000, 0x000000043c000000, 0x000000043c800000|  0%| F|  |TAMS 0x000000043c000000, 0x000000043c000000| Untracked 
|  81|0x000000043c800000, 0x000000043c800000, 0x000000043d000000|  0%| F|  |TAMS 0x000000043c800000, 0x000000043c800000| Untracked 
|  82|0x000000043d000000, 0x000000043d000000, 0x000000043d800000|  0%| F|  |TAMS 0x000000043d000000, 0x000000043d000000| Untracked 
|  83|0x000000043d800000, 0x000000043d800000, 0x000000043e000000|  0%| F|  |TAMS 0x000000043d800000, 0x000000043d800000| Untracked 
|  84|0x000000043e000000, 0x000000043e000000, 0x000000043e800000|  0%| F|  |TAMS 0x000000043e000000, 0x000000043e000000| Untracked 
|  85|0x000000043e800000, 0x000000043e800000, 0x000000043f000000|  0%| F|  |TAMS 0x000000043e800000, 0x000000043e800000| Untracked 
|  86|0x000000043f000000, 0x000000043f000000, 0x000000043f800000|  0%| F|  |TAMS 0x000000043f000000, 0x000000043f000000| Untracked 
|  87|0x000000043f800000, 0x000000043f800000, 0x0000000440000000|  0%| F|  |TAMS 0x000000043f800000, 0x000000043f800000| Untracked 
|  88|0x0000000440000000, 0x0000000440000000, 0x0000000440800000|  0%| F|  |TAMS 0x0000000440000000, 0x0000000440000000| Untracked 
|  89|0x0000000440800000, 0x0000000440800000, 0x0000000441000000|  0%| F|  |TAMS 0x0000000440800000, 0x0000000440800000| Untracked 
|  90|0x0000000441000000, 0x0000000441000000, 0x0000000441800000|  0%| F|  |TAMS 0x0000000441000000, 0x0000000441000000| Untracked 
|  91|0x0000000441800000, 0x0000000441800000, 0x0000000442000000|  0%| F|  |TAMS 0x0000000441800000, 0x0000000441800000| Untracked 
|  92|0x0000000442000000, 0x0000000442000000, 0x0000000442800000|  0%| F|  |TAMS 0x0000000442000000, 0x0000000442000000| Untracked 
|  93|0x0000000442800000, 0x0000000442800000, 0x0000000443000000|  0%| F|  |TAMS 0x0000000442800000, 0x0000000442800000| Untracked 
|  94|0x0000000443000000, 0x0000000443000000, 0x0000000443800000|  0%| F|  |TAMS 0x0000000443000000, 0x0000000443000000| Untracked 
|  95|0x0000000443800000, 0x0000000443800000, 0x0000000444000000|  0%| F|  |TAMS 0x0000000443800000, 0x0000000443800000| Untracked 
|  96|0x0000000444000000, 0x0000000444000000, 0x0000000444800000|  0%| F|  |TAMS 0x0000000444000000, 0x0000000444000000| Untracked 
|  97|0x0000000444800000, 0x0000000444800000, 0x0000000445000000|  0%| F|  |TAMS 0x0000000444800000, 0x0000000444800000| Untracked 
|  98|0x0000000445000000, 0x0000000445000000, 0x0000000445800000|  0%| F|  |TAMS 0x0000000445000000, 0x0000000445000000| Untracked 
|  99|0x0000000445800000, 0x0000000445800000, 0x0000000446000000|  0%| F|  |TAMS 0x0000000445800000, 0x0000000445800000| Untracked 
| 100|0x0000000446000000, 0x0000000446000000, 0x0000000446800000|  0%| F|  |TAMS 0x0000000446000000, 0x0000000446000000| Untracked 
| 101|0x0000000446800000, 0x0000000446800000, 0x0000000447000000|  0%| F|  |TAMS 0x0000000446800000, 0x0000000446800000| Untracked 
| 102|0x0000000447000000, 0x0000000447000000, 0x0000000447800000|  0%| F|  |TAMS 0x0000000447000000, 0x0000000447000000| Untracked 
| 103|0x0000000447800000, 0x0000000447800000, 0x0000000448000000|  0%| F|  |TAMS 0x0000000447800000, 0x0000000447800000| Untracked 
| 104|0x0000000448000000, 0x0000000448000000, 0x0000000448800000|  0%| F|  |TAMS 0x0000000448000000, 0x0000000448000000| Untracked 
| 105|0x0000000448800000, 0x0000000448800000, 0x0000000449000000|  0%| F|  |TAMS 0x0000000448800000, 0x0000000448800000| Untracked 
| 106|0x0000000449000000, 0x0000000449000000, 0x0000000449800000|  0%| F|  |TAMS 0x0000000449000000, 0x0000000449000000| Untracked 
| 107|0x0000000449800000, 0x0000000449800000, 0x000000044a000000|  0%| F|  |TAMS 0x0000000449800000, 0x0000000449800000| Untracked 
| 108|0x000000044a000000, 0x000000044a000000, 0x000000044a800000|  0%| F|  |TAMS 0x000000044a000000, 0x000000044a000000| Untracked 
| 109|0x000000044a800000, 0x000000044a800000, 0x000000044b000000|  0%| F|  |TAMS 0x000000044a800000, 0x000000044a800000| Untracked 
| 110|0x000000044b000000, 0x000000044b000000, 0x000000044b800000|  0%| F|  |TAMS 0x000000044b000000, 0x000000044b000000| Untracked 
| 111|0x000000044b800000, 0x000000044b800000, 0x000000044c000000|  0%| F|  |TAMS 0x000000044b800000, 0x000000044b800000| Untracked 
| 112|0x000000044c000000, 0x000000044c000000, 0x000000044c800000|  0%| F|  |TAMS 0x000000044c000000, 0x000000044c000000| Untracked 
| 113|0x000000044c800000, 0x000000044c800000, 0x000000044d000000|  0%| F|  |TAMS 0x000000044c800000, 0x000000044c800000| Untracked 
| 114|0x000000044d000000, 0x000000044d000000, 0x000000044d800000|  0%| F|  |TAMS 0x000000044d000000, 0x000000044d000000| Untracked 
| 115|0x000000044d800000, 0x000000044d800000, 0x000000044e000000|  0%| F|  |TAMS 0x000000044d800000, 0x000000044d800000| Untracked 
| 116|0x000000044e000000, 0x000000044e000000, 0x000000044e800000|  0%| F|  |TAMS 0x000000044e000000, 0x000000044e000000| Untracked 
| 117|0x000000044e800000, 0x000000044e800000, 0x000000044f000000|  0%| F|  |TAMS 0x000000044e800000, 0x000000044e800000| Untracked 
| 118|0x000000044f000000, 0x000000044f000000, 0x000000044f800000|  0%| F|  |TAMS 0x000000044f000000, 0x000000044f000000| Untracked 
| 119|0x000000044f800000, 0x000000044f800000, 0x0000000450000000|  0%| F|  |TAMS 0x000000044f800000, 0x000000044f800000| Untracked 
| 120|0x0000000450000000, 0x0000000450000000, 0x0000000450800000|  0%| F|  |TAMS 0x0000000450000000, 0x0000000450000000| Untracked 
| 121|0x0000000450800000, 0x0000000450800000, 0x0000000451000000|  0%| F|  |TAMS 0x0000000450800000, 0x0000000450800000| Untracked 
| 122|0x0000000451000000, 0x0000000451000000, 0x0000000451800000|  0%| F|  |TAMS 0x0000000451000000, 0x0000000451000000| Untracked 
| 123|0x0000000451800000, 0x0000000451800000, 0x0000000452000000|  0%| F|  |TAMS 0x0000000451800000, 0x0000000451800000| Untracked 
| 124|0x0000000452000000, 0x0000000452000000, 0x0000000452800000|  0%| F|  |TAMS 0x0000000452000000, 0x0000000452000000| Untracked 
| 125|0x0000000452800000, 0x0000000452bd7148, 0x0000000453000000| 48%| E|  |TAMS 0x0000000452800000, 0x0000000452800000| Complete 
|2006|0x00000007ff000000, 0x00000007ff776000, 0x00000007ff800000| 93%|OA|  |TAMS 0x00000007ff000000, 0x00000007ff000000| Untracked 
|2007|0x00000007ff800000, 0x00000007ff882000, 0x0000000800000000|  6%|CA|  |TAMS 0x00000007ff800000, 0x00000007ff800000| Untracked 

Card table byte_map: [0x00007ae3bd400000,0x00007ae3bf360000] _byte_map_base: 0x00007ae3bb360000

Marking Bits (Prev, Next): (CMBitMap*) 0x00007ae3d805b170, (CMBitMap*) 0x00007ae3d805b1b0
 Prev Bits: [0x00007ae3ab800000, 0x00007ae3bb300000)
 Next Bits: [0x00007ae39bc00000, 0x00007ae3ab700000)

Polling page: 0x00007ae3e050c000

Metaspace:

Usage:
  Non-class:    907.89 KB used.
      Class:     89.38 KB used.
       Both:    997.27 KB used.

Virtual space:
  Non-class space:        8.00 MB reserved,     960.00 KB ( 12%) committed,  1 nodes.
      Class space:        1.00 GB reserved,     192.00 KB ( <1%) committed,  1 nodes.
             Both:        1.01 GB reserved,       1.12 MB ( <1%) committed. 

Chunk freelists:
   Non-Class:  3.97 MB
       Class:  3.74 MB
        Both:  7.71 MB

MaxMetaspaceSize: unlimited
CompressedClassSpaceSize: 1.00 GB
Initial GC threshold: 21.00 MB
Current GC threshold: 21.00 MB
CDS: on
MetaspaceReclaimPolicy: balanced
 - commit_granule_bytes: 65536.
 - commit_granule_words: 8192.
 - virtual_space_node_default_size: 1048576.
 - enlarge_chunks_in_place: 1.
 - new_chunks_are_fully_committed: 0.
 - uncommit_free_chunks: 1.
 - use_allocation_guard: 0.
 - handle_deallocations: 1.


Internal statistics:

num_allocs_failed_limit: 0.
num_arena_births: 26.
num_arena_deaths: 0.
num_vsnodes_births: 2.
num_vsnodes_deaths: 0.
num_space_committed: 18.
num_space_uncommitted: 0.
num_chunks_returned_to_freelist: 0.
num_chunks_taken_from_freelist: 30.
num_chunk_merges: 0.
num_chunk_splits: 19.
num_chunks_enlarged: 10.
num_purges: 0.
num_inconsistent_stats: 0.

CodeHeap 'non-profiled nmethods': size=119168Kb used=70Kb max_used=70Kb free=119097Kb
 bounds [0x00007ae3c8fa0000, 0x00007ae3c9210000, 0x00007ae3d0400000]
CodeHeap 'profiled nmethods': size=119164Kb used=289Kb max_used=289Kb free=118874Kb
 bounds [0x00007ae3c1b41000, 0x00007ae3c1db1000, 0x00007ae3c8fa0000]
CodeHeap 'non-nmethods': size=7428Kb used=1677Kb max_used=1678Kb free=5750Kb
 bounds [0x00007ae3c1400000, 0x00007ae3c1670000, 0x00007ae3c1b41000]
 total_blobs=610 nmethods=212 adapters=311
 compilation: enabled
              stopped_count=0, restarted_count=0
 full_count=0

Compilation events (20 events):
Event: 0.044 Thread 0x00007ae3d81f9940  201       3       java.lang.Class::getClassLoader (28 bytes)
Event: 0.044 Thread 0x00007ae3500b6350  202   !   3       java.lang.invoke.MemberName::getMethodType (211 bytes)
Event: 0.044 Thread 0x00007ae3d81f9940 nmethod 201 0x00007ae3c1b82890 code [0x00007ae3c1b82ac0, 0x00007ae3c1b83450]
Event: 0.044 Thread 0x00007ae3d81f9940  203       3       java.util.Arrays::equals (57 bytes)
Event: 0.044 Thread 0x00007ae3500b6350 nmethod 202 0x00007ae3c1b83710 code [0x00007ae3c1b83a00, 0x00007ae3c1b85010]
Event: 0.044 Thread 0x00007ae3d81f9940 nmethod 203 0x00007ae3c1b85610 code [0x00007ae3c1b85800, 0x00007ae3c1b85de0]
Event: 0.044 Thread 0x00007ae3500b6350  204       1       sun.invoke.util.Wrapper::basicTypeChar (5 bytes)
Event: 0.044 Thread 0x00007ae3500b6350 nmethod 204 0x00007ae3c8fb1010 code [0x00007ae3c8fb11a0, 0x00007ae3c8fb1270]
Event: 0.045 Thread 0x00007ae3d81f9940  205       3       java.lang.String::substring (58 bytes)
Event: 0.045 Thread 0x00007ae3500b6350  206       3       java.lang.String::checkBoundsBeginEnd (63 bytes)
Event: 0.045 Thread 0x00007ae3d81f9940 nmethod 205 0x00007ae3c1b85f90 code [0x00007ae3c1b86180, 0x00007ae3c1b86620]
Event: 0.045 Thread 0x00007ae3500b6350 nmethod 206 0x00007ae3c1b86790 code [0x00007ae3c1b86a20, 0x00007ae3c1b872f0]
Event: 0.049 Thread 0x00007ae3d81f9940  209       3       java.lang.invoke.LambdaForm$Name::<init> (54 bytes)
Event: 0.049 Thread 0x00007ae3d81f9940 nmethod 209 0x00007ae3c1b87690 code [0x00007ae3c1b87840, 0x00007ae3c1b87b10]
Event: 0.049 Thread 0x00007ae3d81f9940  210       3       java.lang.invoke.MethodType::equals (56 bytes)
Event: 0.049 Thread 0x00007ae3500b6350  211       3       java.lang.invoke.LambdaForm$NamedFunction::methodType (23 bytes)
Event: 0.049 Thread 0x00007ae3500b6350 nmethod 211 0x00007ae3c1b87c10 code [0x00007ae3c1b87dc0, 0x00007ae3c1b88020]
Event: 0.049 Thread 0x00007ae3500b6350  212       3       jdk.internal.org.objectweb.asm.ByteVector::put12 (64 bytes)
Event: 0.049 Thread 0x00007ae3d81f9940 nmethod 210 0x00007ae3c1b88110 code [0x00007ae3c1b88340, 0x00007ae3c1b88ed0]
Event: 0.049 Thread 0x00007ae3500b6350 nmethod 212 0x00007ae3c1b89090 code [0x00007ae3c1b89240, 0x00007ae3c1b89480]

GC Heap History (0 events):
No events

Dll operation events (6 events):
Event: 0.001 Loaded shared library /home/rowan/.jdks/corretto-17.0.5/lib/libjava.so
Event: 0.007 Loaded shared library /home/rowan/.jdks/corretto-17.0.5/lib/libjsvml.so
Event: 0.018 Loaded shared library /home/rowan/.jdks/corretto-17.0.5/lib/libnio.so
Event: 0.019 Loaded shared library /home/rowan/.jdks/corretto-17.0.5/lib/libzip.so
Event: 0.030 Loaded shared library /home/rowan/.jdks/corretto-17.0.5/lib/libjimage.so
Event: 0.048 Loaded shared library /tmp/lexer3502068660002806999.lib

Deoptimization events (0 events):
No events

Classes unloaded (0 events):
No events

Classes redefined (0 events):
No events

Internal exceptions (0 events):
No events

VM Operations (0 events):
No events

Events (20 events):
Event: 0.046 loading class sun/net/www/protocol/jar/JarFileFactory
Event: 0.046 loading class sun/net/www/protocol/jar/URLJarFile$URLJarFileCloseController
Event: 0.046 loading class sun/net/www/protocol/jar/URLJarFile$URLJarFileCloseController done
Event: 0.046 loading class sun/net/www/protocol/jar/JarFileFactory done
Event: 0.046 loading class sun/net/www/protocol/file/FileURLConnection
Event: 0.046 loading class sun/net/www/URLConnection
Event: 0.047 loading class sun/net/www/URLConnection done
Event: 0.047 loading class sun/net/www/protocol/file/FileURLConnection done
Event: 0.047 loading class sun/net/www/MessageHeader
Event: 0.047 loading class sun/net/www/MessageHeader done
Event: 0.047 loading class sun/net/www/protocol/jar/URLJarFile
Event: 0.047 loading class sun/net/www/protocol/jar/URLJarFile done
Event: 0.047 loading class sun/nio/fs/UnixFileKey
Event: 0.047 loading class sun/nio/fs/UnixFileKey done
Event: 0.047 loading class sun/net/www/protocol/jar/URLJarFile$URLJarFileEntry
Event: 0.047 loading class sun/net/www/protocol/jar/URLJarFile$URLJarFileEntry done
Event: 0.047 loading class sun/net/www/protocol/jar/JarURLConnection$JarURLInputStream
Event: 0.047 loading class sun/net/www/protocol/jar/JarURLConnection$JarURLInputStream done
Event: 0.047 loading class java/io/FileOutputStream$1
Event: 0.047 loading class java/io/FileOutputStream$1 done


Dynamic libraries:
414000000-453000000 rw-p 00000000 00:00 0 
453000000-7ff000000 ---p 00000000 00:00 0 
7ff000000-7ff700000 rw-p 00000000 00:00 0 
7ff700000-7ff776000 rw-p 00c9c000 08:03 18363978                         /home/rowan/.jdks/corretto-17.0.5/lib/server/classes.jsa
7ff776000-7ff800000 rw-p 00000000 00:00 0 
7ff800000-7ff882000 rw-p 00c1a000 08:03 18363978                         /home/rowan/.jdks/corretto-17.0.5/lib/server/classes.jsa
7ff882000-800000000 rw-p 00000000 00:00 0 
800000000-800458000 rw-p 00001000 08:03 18363978                         /home/rowan/.jdks/corretto-17.0.5/lib/server/classes.jsa
800458000-800be1000 r--p 00459000 08:03 18363978                         /home/rowan/.jdks/corretto-17.0.5/lib/server/classes.jsa
800be1000-800c00000 ---p 00000000 00:00 0 
800c00000-800c10000 rw-p 00000000 00:00 0 
800c10000-800c40000 ---p 00000000 00:00 0 
800c40000-800c60000 rw-p 00000000 00:00 0 
800c60000-840c00000 ---p 00000000 00:00 0 
5a4273200000-5a4273201000 r-xp 00000000 08:03 18364079                   /home/rowan/.jdks/corretto-17.0.5/bin/java
5a4273401000-5a4273402000 r--p 00001000 08:03 18364079                   /home/rowan/.jdks/corretto-17.0.5/bin/java
5a4273402000-5a4273403000 rw-p 00002000 08:03 18364079                   /home/rowan/.jdks/corretto-17.0.5/bin/java
5a42745a3000-5a42745ee000 rw-p 00000000 00:00 0                          [heap]
7ae328000000-7ae328021000 rw-p 00000000 00:00 0 
7ae328021000-7ae32c000000 ---p 00000000 00:00 0 
7ae32c000000-7ae32c021000 rw-p 00000000 00:00 0 
7ae32c021000-7ae330000000 ---p 00000000 00:00 0 
7ae334000000-7ae334021000 rw-p 00000000 00:00 0 
7ae334021000-7ae338000000 ---p 00000000 00:00 0 
7ae338000000-7ae338021000 rw-p 00000000 00:00 0 
7ae338021000-7ae33c000000 ---p 00000000 00:00 0 
7ae340000000-7ae340021000 rw-p 00000000 00:00 0 
7ae340021000-7ae344000000 ---p 00000000 00:00 0 
7ae344000000-7ae344021000 rw-p 00000000 00:00 0 
7ae344021000-7ae348000000 ---p 00000000 00:00 0 
7ae34c000000-7ae34c181000 rw-p 00000000 00:00 0 
7ae34c181000-7ae350000000 ---p 00000000 00:00 0 
7ae350000000-7ae3500c1000 rw-p 00000000 00:00 0 
7ae3500c1000-7ae354000000 ---p 00000000 00:00 0 
7ae358000000-7ae358021000 rw-p 00000000 00:00 0 
7ae358021000-7ae35c000000 ---p 00000000 00:00 0 
7ae35c000000-7ae35c021000 rw-p 00000000 00:00 0 
7ae35c021000-7ae360000000 ---p 00000000 00:00 0 
7ae364000000-7ae364021000 rw-p 00000000 00:00 0 
7ae364021000-7ae368000000 ---p 00000000 00:00 0 
7ae368000000-7ae368021000 rw-p 00000000 00:00 0 
7ae368021000-7ae36c000000 ---p 00000000 00:00 0 
7ae370000000-7ae370021000 rw-p 00000000 00:00 0 
7ae370021000-7ae374000000 ---p 00000000 00:00 0 
7ae374000000-7ae374021000 rw-p 00000000 00:00 0 
7ae374021000-7ae378000000 ---p 00000000 00:00 0 
7ae37c000000-7ae37c021000 rw-p 00000000 00:00 0 
7ae37c021000-7ae380000000 ---p 00000000 00:00 0 
7ae380000000-7ae380021000 rw-p 00000000 00:00 0 
7ae380021000-7ae384000000 ---p 00000000 00:00 0 
7ae388000000-7ae388021000 rw-p 00000000 00:00 0 
7ae388021000-7ae38c000000 ---p 00000000 00:00 0 
7ae38c000000-7ae38c021000 rw-p 00000000 00:00 0 
7ae38c021000-7ae390000000 ---p 00000000 00:00 0 
7ae391c00000-7ae391e96000 rw-p 00000000 00:00 0 
7ae392000000-7ae392001000 ---p 00000000 00:00 0 
7ae392001000-7ae392801000 rw-p 00000000 00:00 0 
7ae392a00000-7ae392a9c000 r--p 00000000 08:03 13261895                   /usr/lib/libstdc++.so.6.0.32
7ae392a9c000-7ae392bd3000 r-xp 0009c000 08:03 13261895                   /usr/lib/libstdc++.so.6.0.32
7ae392bd3000-7ae392c69000 r--p 001d3000 08:03 13261895                   /usr/lib/libstdc++.so.6.0.32
7ae392c69000-7ae392c76000 r--p 00269000 08:03 13261895                   /usr/lib/libstdc++.so.6.0.32
7ae392c76000-7ae392c77000 rw-p 00276000 08:03 13261895                   /usr/lib/libstdc++.so.6.0.32
7ae392c77000-7ae392c7b000 rw-p 00000000 00:00 0 
7ae392e00000-7ae392e1a000 r-xp 00000000 08:03 18363968                   /home/rowan/.jdks/corretto-17.0.5/lib/libzip.so
7ae392e1a000-7ae39301a000 ---p 0001a000 08:03 18363968                   /home/rowan/.jdks/corretto-17.0.5/lib/libzip.so
7ae39301a000-7ae39301b000 r--p 0001a000 08:03 18363968                   /home/rowan/.jdks/corretto-17.0.5/lib/libzip.so
7ae39301b000-7ae39301c000 rw-p 00000000 00:00 0 
7ae393400000-7ae393414000 r-xp 00000000 08:03 18363965                   /home/rowan/.jdks/corretto-17.0.5/lib/libnet.so
7ae393414000-7ae393614000 ---p 00014000 08:03 18363965                   /home/rowan/.jdks/corretto-17.0.5/lib/libnet.so
7ae393614000-7ae393615000 r--p 00014000 08:03 18363965                   /home/rowan/.jdks/corretto-17.0.5/lib/libnet.so
7ae393615000-7ae393616000 rw-p 00015000 08:03 18363965                   /home/rowan/.jdks/corretto-17.0.5/lib/libnet.so
7ae393a00000-7ae393a12000 r-xp 00000000 08:03 18363966                   /home/rowan/.jdks/corretto-17.0.5/lib/libnio.so
7ae393a12000-7ae393c11000 ---p 00012000 08:03 18363966                   /home/rowan/.jdks/corretto-17.0.5/lib/libnio.so
7ae393c11000-7ae393c12000 r--p 00011000 08:03 18363966                   /home/rowan/.jdks/corretto-17.0.5/lib/libnio.so
7ae393c12000-7ae393c13000 rw-p 00012000 08:03 18363966                   /home/rowan/.jdks/corretto-17.0.5/lib/libnio.so
7ae394000000-7ae394021000 rw-p 00000000 00:00 0 
7ae394021000-7ae398000000 ---p 00000000 00:00 0 
7ae3981a8000-7ae3982fe000 rw-p 00000000 00:00 0 
7ae3982fe000-7ae398302000 ---p 00000000 00:00 0 
7ae398302000-7ae3983fe000 rw-p 00000000 00:00 0 
7ae3983fe000-7ae398402000 ---p 00000000 00:00 0 
7ae398402000-7ae3984fe000 rw-p 00000000 00:00 0 
7ae3984fe000-7ae3984ff000 ---p 00000000 00:00 0 
7ae3984ff000-7ae398600000 rw-p 00000000 00:00 0 
7ae398600000-7ae398604000 ---p 00000000 00:00 0 
7ae398604000-7ae398700000 rw-p 00000000 00:00 0 
7ae398700000-7ae398704000 ---p 00000000 00:00 0 
7ae398704000-7ae398800000 rw-p 00000000 00:00 0 
7ae398800000-7ae398804000 ---p 00000000 00:00 0 
7ae398804000-7ae398900000 rw-p 00000000 00:00 0 
7ae398900000-7ae398904000 ---p 00000000 00:00 0 
7ae398904000-7ae398a00000 rw-p 00000000 00:00 0 
7ae398a00000-7ae398ceb000 r--p 00000000 08:03 13299363                   /usr/lib/locale/locale-archive
7ae398d00000-7ae398d04000 ---p 00000000 00:00 0 
7ae398d04000-7ae398e00000 rw-p 00000000 00:00 0 
7ae398e00000-7ae398ece000 r-xp 00000000 08:03 18364004                   /home/rowan/.jdks/corretto-17.0.5/lib/libjsvml.so
7ae398ece000-7ae3990cd000 ---p 000ce000 08:03 18364004                   /home/rowan/.jdks/corretto-17.0.5/lib/libjsvml.so
7ae3990cd000-7ae3990ce000 r--p 000cd000 08:03 18364004                   /home/rowan/.jdks/corretto-17.0.5/lib/libjsvml.so
7ae3990ce000-7ae3990cf000 rw-p 000ce000 08:03 18364004                   /home/rowan/.jdks/corretto-17.0.5/lib/libjsvml.so
7ae3990fe000-7ae399102000 ---p 00000000 00:00 0 
7ae399102000-7ae3991fe000 rw-p 00000000 00:00 0 
7ae3991fe000-7ae399202000 ---p 00000000 00:00 0 
7ae399202000-7ae3992fe000 rw-p 00000000 00:00 0 
7ae3992fe000-7ae3992ff000 ---p 00000000 00:00 0 
7ae3992ff000-7ae399400000 rw-p 00000000 00:00 0 
7ae399400000-7ae3994e0000 rw-p 00000000 00:00 0 
7ae3994e0000-7ae399800000 ---p 00000000 00:00 0 
7ae399800000-7ae399810000 rw-p 00000000 00:00 0 
7ae399810000-7ae399c00000 ---p 00000000 00:00 0 
7ae399c00000-7ae39cbc0000 rw-p 00000000 00:00 0 
7ae39cbc0000-7ae3ab6c0000 ---p 00000000 00:00 0 
7ae3ab6c0000-7ae3ab700000 rw-p 00000000 00:00 0 
7ae3ab700000-7ae3ab704000 ---p 00000000 00:00 0 
7ae3ab704000-7ae3ab800000 rw-p 00000000 00:00 0 
7ae3ab800000-7ae3ac7c0000 rw-p 00000000 00:00 0 
7ae3ac7c0000-7ae3bb2c0000 ---p 00000000 00:00 0 
7ae3bb2c0000-7ae3bb300000 rw-p 00000000 00:00 0 
7ae3bb300000-7ae3bb304000 ---p 00000000 00:00 0 
7ae3bb304000-7ae3bb400000 rw-p 00000000 00:00 0 
7ae3bb400000-7ae3bb5f8000 rw-p 00000000 00:00 0 
7ae3bb5f8000-7ae3bd358000 ---p 00000000 00:00 0 
7ae3bd358000-7ae3bd360000 rw-p 00000000 00:00 0 
7ae3bd400000-7ae3bd5f8000 rw-p 00000000 00:00 0 
7ae3bd5f8000-7ae3bf358000 ---p 00000000 00:00 0 
7ae3bf358000-7ae3bf360000 rw-p 00000000 00:00 0 
7ae3bf400000-7ae3bf5f8000 rw-p 00000000 00:00 0 
7ae3bf5f8000-7ae3c1358000 ---p 00000000 00:00 0 
7ae3c1358000-7ae3c1360000 rw-p 00000000 00:00 0 
7ae3c1400000-7ae3c1670000 rwxp 00000000 00:00 0 
7ae3c1670000-7ae3c1b41000 ---p 00000000 00:00 0 
7ae3c1b41000-7ae3c1db1000 rwxp 00000000 00:00 0 
7ae3c1db1000-7ae3c8fa0000 ---p 00000000 00:00 0 
7ae3c8fa0000-7ae3c9210000 rwxp 00000000 00:00 0 
7ae3c9210000-7ae3d0400000 ---p 00000000 00:00 0 
7ae3d0400000-7ae3d7f75000 r--s 00000000 08:03 18363955                   /home/rowan/.jdks/corretto-17.0.5/lib/modules
7ae3d8000000-7ae3d829f000 rw-p 00000000 00:00 0 
7ae3d829f000-7ae3dc000000 ---p 00000000 00:00 0 
7ae3dc010000-7ae3dc014000 r--p 00000000 08:03 13242445                   /usr/lib/libgcc_s.so.1
7ae3dc014000-7ae3dc02f000 r-xp 00004000 08:03 13242445                   /usr/lib/libgcc_s.so.1
7ae3dc02f000-7ae3dc033000 r--p 0001f000 08:03 13242445                   /usr/lib/libgcc_s.so.1
7ae3dc033000-7ae3dc034000 r--p 00022000 08:03 13242445                   /usr/lib/libgcc_s.so.1
7ae3dc034000-7ae3dc035000 rw-p 00023000 08:03 13242445                   /usr/lib/libgcc_s.so.1
7ae3dc061000-7ae3dc0e2000 rw-p 00000000 00:00 0 
7ae3dc0e2000-7ae3dc0e3000 ---p 00000000 00:00 0 
7ae3dc0e3000-7ae3dc1e4000 rw-p 00000000 00:00 0 
7ae3dc1e4000-7ae3dc1e5000 ---p 00000000 00:00 0 
7ae3dc1e5000-7ae3dc2e6000 rw-p 00000000 00:00 0 
7ae3dc2e6000-7ae3dcff3000 rw-p 00000000 00:00 0 
7ae3dcff3000-7ae3dcff4000 ---p 00000000 00:00 0 
7ae3dcff4000-7ae3dd0f5000 rw-p 00000000 00:00 0 
7ae3dd0f5000-7ae3dd0f6000 ---p 00000000 00:00 0 
7ae3dd0f6000-7ae3dd1f7000 rw-p 00000000 00:00 0 
7ae3dd1f7000-7ae3dd1f8000 ---p 00000000 00:00 0 
7ae3dd1f8000-7ae3dd2f9000 rw-p 00000000 00:00 0 
7ae3dd2f9000-7ae3dda00000 rw-p 00000000 00:00 0 
7ae3dda00000-7ae3dda24000 r-xp 00000000 08:03 18363961                   /home/rowan/.jdks/corretto-17.0.5/lib/libjava.so
7ae3dda24000-7ae3ddc23000 ---p 00024000 08:03 18363961                   /home/rowan/.jdks/corretto-17.0.5/lib/libjava.so
7ae3ddc23000-7ae3ddc24000 r--p 00023000 08:03 18363961                   /home/rowan/.jdks/corretto-17.0.5/lib/libjava.so
7ae3ddc24000-7ae3ddc25000 rw-p 00024000 08:03 18363961                   /home/rowan/.jdks/corretto-17.0.5/lib/libjava.so
7ae3ddc25000-7ae3ddc26000 rw-p 00000000 00:00 0 
7ae3ddc30000-7ae3de000000 rw-p 00000000 00:00 0 
7ae3de000000-7ae3de01b000 r-xp 00000000 08:03 18363962                   /home/rowan/.jdks/corretto-17.0.5/lib/libjimage.so
7ae3de01b000-7ae3de21a000 ---p 0001b000 08:03 18363962                   /home/rowan/.jdks/corretto-17.0.5/lib/libjimage.so
7ae3de21a000-7ae3de21c000 r--p 0001a000 08:03 18363962                   /home/rowan/.jdks/corretto-17.0.5/lib/libjimage.so
7ae3de21c000-7ae3de21d000 rw-p 0001c000 08:03 18363962                   /home/rowan/.jdks/corretto-17.0.5/lib/libjimage.so
7ae3de23c000-7ae3de600000 rw-p 00000000 00:00 0 
7ae3de600000-7ae3df8ea000 r-xp 00000000 08:03 18363976                   /home/rowan/.jdks/corretto-17.0.5/lib/server/libjvm.so
7ae3df8ea000-7ae3dfae9000 ---p 012ea000 08:03 18363976                   /home/rowan/.jdks/corretto-17.0.5/lib/server/libjvm.so
7ae3dfae9000-7ae3dfba2000 r--p 012e9000 08:03 18363976                   /home/rowan/.jdks/corretto-17.0.5/lib/server/libjvm.so
7ae3dfba2000-7ae3dfbd7000 rw-p 013a2000 08:03 18363976                   /home/rowan/.jdks/corretto-17.0.5/lib/server/libjvm.so
7ae3dfbd7000-7ae3dfc31000 rw-p 00000000 00:00 0 
7ae3dfc42000-7ae3dfc47000 rw-p 00000000 00:00 0 
7ae3dfc47000-7ae3dfd2b000 ---p 00000000 00:00 0 
7ae3dfd2b000-7ae3dfd30000 rw-p 00000000 00:00 0 
7ae3dfd30000-7ae3dfe14000 ---p 00000000 00:00 0 
7ae3dfe14000-7ae3dfe18000 ---p 00000000 00:00 0 
7ae3dfe18000-7ae3dff14000 rw-p 00000000 00:00 0 
7ae3dff14000-7ae3dff22000 r--p 00000000 08:03 13241698                   /usr/lib/libm.so.6
7ae3dff22000-7ae3dffa2000 r-xp 0000e000 08:03 13241698                   /usr/lib/libm.so.6
7ae3dffa2000-7ae3dfffe000 r--p 0008e000 08:03 13241698                   /usr/lib/libm.so.6
7ae3dfffe000-7ae3dffff000 r--p 000e9000 08:03 13241698                   /usr/lib/libm.so.6
7ae3dffff000-7ae3e0000000 rw-p 000ea000 08:03 13241698                   /usr/lib/libm.so.6
7ae3e0000000-7ae3e0019000 r-xp 00000000 08:03 18363963                   /home/rowan/.jdks/corretto-17.0.5/lib/libjli.so
7ae3e0019000-7ae3e0218000 ---p 00019000 08:03 18363963                   /home/rowan/.jdks/corretto-17.0.5/lib/libjli.so
7ae3e0218000-7ae3e0219000 r--p 00018000 08:03 18363963                   /home/rowan/.jdks/corretto-17.0.5/lib/libjli.so
7ae3e0219000-7ae3e021a000 rw-p 00019000 08:03 18363963                   /home/rowan/.jdks/corretto-17.0.5/lib/libjli.so
7ae3e0233000-7ae3e02f0000 rw-p 00000000 00:00 0 
7ae3e02f0000-7ae3e02f1000 r--p 00000000 08:03 13241728                   /usr/lib/librt.so.1
7ae3e02f1000-7ae3e02f2000 r-xp 00001000 08:03 13241728                   /usr/lib/librt.so.1
7ae3e02f2000-7ae3e02f3000 r--p 00002000 08:03 13241728                   /usr/lib/librt.so.1
7ae3e02f3000-7ae3e02f4000 r--p 00002000 08:03 13241728                   /usr/lib/librt.so.1
7ae3e02f4000-7ae3e02f5000 rw-p 00003000 08:03 13241728                   /usr/lib/librt.so.1
7ae3e02f5000-7ae3e02f7000 rw-p 00000000 00:00 0 
7ae3e02f7000-7ae3e031b000 r--p 00000000 08:03 13241673                   /usr/lib/libc.so.6
7ae3e031b000-7ae3e0476000 r-xp 00024000 08:03 13241673                   /usr/lib/libc.so.6
7ae3e0476000-7ae3e04cb000 r--p 0017f000 08:03 13241673                   /usr/lib/libc.so.6
7ae3e04cb000-7ae3e04cf000 r--p 001d3000 08:03 13241673                   /usr/lib/libc.so.6
7ae3e04cf000-7ae3e04d1000 rw-p 001d7000 08:03 13241673                   /usr/lib/libc.so.6
7ae3e04d1000-7ae3e04d9000 rw-p 00000000 00:00 0 
7ae3e04d9000-7ae3e04da000 r--p 00000000 08:03 13241684                   /usr/lib/libdl.so.2
7ae3e04da000-7ae3e04db000 r-xp 00001000 08:03 13241684                   /usr/lib/libdl.so.2
7ae3e04db000-7ae3e04dc000 r--p 00002000 08:03 13241684                   /usr/lib/libdl.so.2
7ae3e04dc000-7ae3e04dd000 r--p 00002000 08:03 13241684                   /usr/lib/libdl.so.2
7ae3e04dd000-7ae3e04de000 rw-p 00003000 08:03 13241684                   /usr/lib/libdl.so.2
7ae3e04de000-7ae3e04df000 r--p 00000000 08:03 13241723                   /usr/lib/libpthread.so.0
7ae3e04df000-7ae3e04e0000 r-xp 00001000 08:03 13241723                   /usr/lib/libpthread.so.0
7ae3e04e0000-7ae3e04e1000 r--p 00002000 08:03 13241723                   /usr/lib/libpthread.so.0
7ae3e04e1000-7ae3e04e2000 r--p 00002000 08:03 13241723                   /usr/lib/libpthread.so.0
7ae3e04e2000-7ae3e04e3000 rw-p 00003000 08:03 13241723                   /usr/lib/libpthread.so.0
7ae3e04eb000-7ae3e04ed000 r--p 00000000 00:21 19086                      /tmp/lexer3502068660002806999.lib
7ae3e04ed000-7ae3e04f0000 r-xp 00002000 00:21 19086                      /tmp/lexer3502068660002806999.lib
7ae3e04f0000-7ae3e04f1000 r--p 00005000 00:21 19086                      /tmp/lexer3502068660002806999.lib
7ae3e04f1000-7ae3e04f2000 r--p 00005000 00:21 19086                      /tmp/lexer3502068660002806999.lib
7ae3e04f2000-7ae3e04f3000 rw-p 00006000 00:21 19086                      /tmp/lexer3502068660002806999.lib
7ae3e04f3000-7ae3e04fa000 rw-p 00000000 00:00 0 
7ae3e04fa000-7ae3e0504000 ---p 00000000 00:00 0 
7ae3e0504000-7ae3e050c000 rw-s 00000000 00:21 19085                      /tmp/hsperfdata_rowan/158233
7ae3e050c000-7ae3e050d000 ---p 00000000 00:00 0 
7ae3e050d000-7ae3e050e000 r--p 00000000 00:00 0 
7ae3e050e000-7ae3e050f000 ---p 00000000 00:00 0 
7ae3e050f000-7ae3e0511000 rw-p 00000000 00:00 0 
7ae3e0511000-7ae3e0512000 r--p 00000000 08:03 13241644                   /usr/lib/ld-linux-x86-64.so.2
7ae3e0512000-7ae3e0539000 r-xp 00001000 08:03 13241644                   /usr/lib/ld-linux-x86-64.so.2
7ae3e0539000-7ae3e0544000 r--p 00028000 08:03 13241644                   /usr/lib/ld-linux-x86-64.so.2
7ae3e0544000-7ae3e0546000 r--p 00032000 08:03 13241644                   /usr/lib/ld-linux-x86-64.so.2
7ae3e0546000-7ae3e0548000 rw-p 00034000 08:03 13241644                   /usr/lib/ld-linux-x86-64.so.2
7ffce476d000-7ffce4791000 rw-p 00000000 00:00 0                          [stack]
7ffce47d9000-7ffce47dd000 r--p 00000000 00:00 0                          [vvar]
7ffce47dd000-7ffce47df000 r-xp 00000000 00:00 0                          [vdso]
ffffffffff600000-ffffffffff601000 --xp 00000000 00:00 0                  [vsyscall]


VM Arguments:
jvm_args: -Dfile.encoding=UTF-8 -Duser.country=US -Duser.language=en -Duser.variant 
java_command: jni.TestRunner
java_class_path (initial): /home/rowan/IdeaProjects/LexerLearning/jni-runner/build/classes/java/main:/home/rowan/IdeaProjects/LexerLearning/jni-runner/build/resources/main:/home/rowan/IdeaProjects/LexerLearning/jni-lib/build/libs/jni-lib.jar:/home/rowan/.gradle/caches/modules-2/files-2.1/de.learnlib/learnlib-aaar/0.17.0/e0189d85b19795a262def7e140b319414d6ac804/learnlib-aaar-0.17.0.jar:/home/rowan/.gradle/caches/modules-2/files-2.1/de.learnlib/learnlib-adt/0.17.0/abb1cc7bbe827dc4eb466961132dbf4edf1ba574/learnlib-adt-0.17.0.jar:/home/rowan/.gradle/caches/modules-2/files-2.1/de.learnlib/learnlib-dhc/0.17.0/cccd00238a88cc8f41c2d40a362cdb09b6233cd6/learnlib-dhc-0.17.0.jar:/home/rowan/.gradle/caches/modules-2/files-2.1/de.learnlib/learnlib-procedural/0.17.0/f9513c284259cc197445d2aa2cf5f95bc14f9c64/learnlib-procedural-0.17.0.jar:/home/rowan/.gradle/caches/modules-2/files-2.1/de.learnlib/learnlib-kearns-vazirani/0.17.0/c09e83b1643d7558135368a13b4a6a6a223d8b2a/learnlib-kearns-vazirani-0.17.0.jar:/home/rowan/.gradle/caches/modules-2/files-2.1/de.learnlib/learnlib-lstar/0.17.0/d7ece5a39d307845d327c3b8b406954cdb47337f/learnlib-lstar-0.17.0.jar:/home/rowan/.gradle/caches/modules-2/files-2.1/de.learnlib/learnlib-nlstar/0.17.0/1392b226b110e635a8b38bf4c6a5035030d530e3/learnlib-nlstar-0.17.0.jar:/home/rowan/.gradle/caches/modules-2/files-2.1/de.learnlib/learnlib-observation-pack/0.17.0/1f017b96488e1879b9a89353f4792e1979a4b7ad/learnlib-observation-pack-0.17.0.jar:/home/rowan/.gradle/caches/modules-2/files-2.1/de.learnlib/learnlib-ttt-vpa/0.17.0/ed06fd22e5143dd3d678b123551e199cb06355fb/learnlib-ttt-vpa-0.17.0.jar:/home/rowan/.gradle/caches/modules-2/files-2.1/de.learnlib/learnlib-observation-pack-vpa/0.17.0/76e7355aeb6d5ff2a4f746dd9d11bdf909c584e7/learnlib-observation-pack-vpa-0.17.0.jar:/home/rowan/.gradle/caches/modules-2/files-2.1/de.learnlib/learnlib-oml/0.17.0/178a668140a006fd8b1c0e96092546de3fae4036/learnlib-oml-0.17.0.jar:/home/rowan/.gradle/caches/modules-2/files-2.1/de.lear
Launcher Type: SUN_STANDARD

[Global flags]
     intx CICompilerCount                          = 12                                        {product} {ergonomic}
     uint ConcGCThreads                            = 3                                         {product} {ergonomic}
     uint G1ConcRefinementThreads                  = 13                                        {product} {ergonomic}
   size_t G1HeapRegionSize                         = 8388608                                   {product} {ergonomic}
    uintx GCDrainStackTargetSize                   = 64                                        {product} {ergonomic}
   size_t InitialHeapSize                          = 1056964608                                {product} {ergonomic}
   size_t MarkStackSize                            = 4194304                                   {product} {ergonomic}
   size_t MaxHeapSize                              = 16844324864                               {product} {ergonomic}
   size_t MaxNewSize                               = 10099884032                               {product} {ergonomic}
   size_t MinHeapDeltaBytes                        = 8388608                                   {product} {ergonomic}
   size_t MinHeapSize                              = 8388608                                   {product} {ergonomic}
    uintx NonNMethodCodeHeapSize                   = 7602480                                {pd product} {ergonomic}
    uintx NonProfiledCodeHeapSize                  = 122027880                              {pd product} {ergonomic}
    uintx ProfiledCodeHeapSize                     = 122027880                              {pd product} {ergonomic}
    uintx ReservedCodeCacheSize                    = 251658240                              {pd product} {ergonomic}
     bool SegmentedCodeCache                       = true                                      {product} {ergonomic}
   size_t SoftMaxHeapSize                          = 16844324864                            {manageable} {ergonomic}
     bool UseCompressedClassPointers               = true                           {product lp64_product} {ergonomic}
     bool UseCompressedOops                        = true                           {product lp64_product} {ergonomic}
     bool UseG1GC                                  = true                                      {product} {ergonomic}

Logging:
Log output configuration:
 #0: stdout all=warning uptime,level,tags
 #1: stderr all=off uptime,level,tags

Environment Variables:
PATH=/home/rowan/.config/bspwm/scripts:/usr/local/sbin:/usr/local/bin:/usr/bin:/opt/android-sdk/tools:/opt/android-sdk/tools/bin:/opt/cuda/bin:/opt/cuda/nsight_compute:/opt/cuda/nsight_systems/bin:/usr/lib/jvm/default/bin:/usr/bin/site_perl:/usr/bin/vendor_perl:/usr/bin/core_perl:/usr/lib/rustup/bin:/home/rowan/.local/share/JetBrains/Toolbox/scripts
SHELL=/bin/bash
DISPLAY=:0
LANG=en_US.UTF-8

Signal Handlers:
   SIGSEGV: crash_handler in libjvm.so, mask=11100100010111111101111111111110, flags=SA_RESTART|SA_SIGINFO
    SIGBUS: crash_handler in libjvm.so, mask=11100100010111111101111111111110, flags=SA_RESTART|SA_SIGINFO
    SIGFPE: crash_handler in libjvm.so, mask=11100100010111111101111111111110, flags=SA_RESTART|SA_SIGINFO
   SIGPIPE: javaSignalHandler in libjvm.so, mask=11100100010111111101111111111110, flags=SA_RESTART|SA_SIGINFO
   SIGXFSZ: javaSignalHandler in libjvm.so, mask=11100100010111111101111111111110, flags=SA_RESTART|SA_SIGINFO
    SIGILL: crash_handler in libjvm.so, mask=11100100010111111101111111111110, flags=SA_RESTART|SA_SIGINFO
   SIGUSR2: SR_handler in libjvm.so, mask=00100000000000000000000000000000, flags=SA_RESTART|SA_SIGINFO
    SIGHUP: UserHandler in libjvm.so, mask=11100100010111111101111111111110, flags=SA_RESTART|SA_SIGINFO
    SIGINT: UserHandler in libjvm.so, mask=11100100010111111101111111111110, flags=SA_RESTART|SA_SIGINFO
   SIGTERM: UserHandler in libjvm.so, mask=11100100010111111101111111111110, flags=SA_RESTART|SA_SIGINFO
   SIGQUIT: UserHandler in libjvm.so, mask=11100100010111111101111111111110, flags=SA_RESTART|SA_SIGINFO
  *** Handler was modified!
  *** Expected: javaSignalHandler in libjvm.so, mask=11100100110111111111111111111110, flags=SA_RESTART|SA_SIGINFO
   SIGTRAP: crash_handler in libjvm.so, mask=11100100010111111101111111111110, flags=SA_RESTART|SA_SIGINFO


---------------  S Y S T E M  ---------------

OS:
DISTRIB_ID="Arch"
DISTRIB_RELEASE="rolling"
DISTRIB_DESCRIPTION="Arch Linux"
uname: Linux 6.8.2-arch2-1 #1 SMP PREEMPT_DYNAMIC Thu, 28 Mar 2024 17:06:35 +0000 x86_64
OS uptime: 0 days 2:18 hours
libc: glibc 2.39 NPTL 2.39 
rlimit (soft/hard): STACK 8192k/infinity , CORE infinity/infinity , NPROC 256672/256672 , NOFILE 524288/524288 , AS infinity/infinity , CPU infinity/infinity , DATA infinity/infinity , FSIZE infinity/infinity , MEMLOCK 8192k/8192k
load average: 5.69 6.06 6.03

/proc/meminfo:
MemTotal:       65766156 kB
MemFree:        29105952 kB
MemAvailable:   39988968 kB
Buffers:          929320 kB
Cached:         10384260 kB
SwapCached:            0 kB
Active:         28695140 kB
Inactive:        6371748 kB
Active(anon):   24158432 kB
Inactive(anon):        0 kB
Active(file):    4536708 kB
Inactive(file):  6371748 kB
Unevictable:         588 kB
Mlocked:             588 kB
SwapTotal:      16777212 kB
SwapFree:       16777212 kB
Zswap:                 0 kB
Zswapped:              0 kB
Dirty:             13232 kB
Writeback:             0 kB
AnonPages:      22844920 kB
Mapped:          3332672 kB
Shmem:            405880 kB
KReclaimable:     700772 kB
Slab:             928632 kB
SReclaimable:     700772 kB
SUnreclaim:       227860 kB
KernelStack:       40600 kB
PageTables:       139064 kB
SecPageTables:         0 kB
NFS_Unstable:          0 kB
Bounce:                0 kB
WritebackTmp:          0 kB
CommitLimit:    49660288 kB
Committed_AS:   42830104 kB
VmallocTotal:   34359738367 kB
VmallocUsed:      176612 kB
VmallocChunk:          0 kB
Percpu:            41984 kB
HardwareCorrupted:     0 kB
AnonHugePages:  12027904 kB
ShmemHugePages:        0 kB
ShmemPmdMapped:        0 kB
FileHugePages:    546816 kB
FilePmdMapped:     67584 kB
CmaTotal:              0 kB
CmaFree:               0 kB
Unaccepted:            0 kB
HugePages_Total:       0
HugePages_Free:        0
HugePages_Rsvd:        0
HugePages_Surp:        0
Hugepagesize:       2048 kB
Hugetlb:               0 kB
DirectMap4k:     1556400 kB
DirectMap2M:    35065856 kB
DirectMap1G:    30408704 kB

/sys/kernel/mm/transparent_hugepage/enabled: [always] madvise never
/sys/kernel/mm/transparent_hugepage/defrag (defrag/compaction efforts parameter): always defer defer+madvise [madvise] never

Process Memory:
Virtual Size: 19955876K (peak: 19955876K)
Resident Set Size: 61248K (peak: 61248K) (anon: 30960K, file: 30288K, shmem: 0K)
Swapped out: 0K
C-Heap outstanding allocations: 38136K, retained: 2239K
glibc malloc tunables: (default)

/proc/sys/kernel/threads-max (system-wide limit on the number of threads): 513344
/proc/sys/vm/max_map_count (maximum number of memory map areas a process may have): 65530
/proc/sys/kernel/pid_max (system-wide limit on number of process identifiers): 4194304

container (cgroup) information:
container_type: cgroupv2
cpu_cpuset_cpus: not supported
cpu_memory_nodes: not supported
active_processor_count: 16
cpu_quota: no quota
cpu_period: 100000
cpu_shares: no shares
memory_limit_in_bytes: unlimited
memory_and_swap_limit_in_bytes: unlimited
memory_soft_limit_in_bytes: unlimited
memory_usage_in_bytes: 31724588 k
memory_max_usage_in_bytes: not supported
maximum number of tasks: unlimited
current number of tasks: 1639

Steal ticks since vm start: 0
Steal ticks percentage since vm start:  0.000

CPU: total 32 (initial active 16) (16 cores per cpu, 2 threads per core) family 25 model 33 stepping 0 microcode 0xa201016, cx8, cmov, fxsr, ht, mmx, 3dnowpref, sse, sse2, sse3, ssse3, sse4a, sse4.1, sse4.2, popcnt, lzcnt, tsc, tscinvbit, avx, avx2, aes, erms, clmul, bmi1, bmi2, adx, sha, fma, vzeroupper, clflush, clflushopt
CPU Model and flags from /proc/cpuinfo:
model name	: AMD Ryzen 7 5800X 8-Core Processor
flags		: fpu vme de pse tsc msr pae mce cx8 apic sep mtrr pge mca cmov pat pse36 clflush mmx fxsr sse sse2 ht syscall nx mmxext fxsr_opt pdpe1gb rdtscp lm constant_tsc rep_good nopl nonstop_tsc cpuid extd_apicid aperfmperf rapl pni pclmulqdq monitor ssse3 fma cx16 sse4_1 sse4_2 x2apic movbe popcnt aes xsave avx f16c rdrand lahf_lm cmp_legacy svm extapic cr8_legacy abm sse4a misalignsse 3dnowprefetch osvw ibs skinit wdt tce topoext perfctr_core perfctr_nb bpext perfctr_llc mwaitx cpb cat_l3 cdp_l3 hw_pstate ssbd mba ibrs ibpb stibp vmmcall fsgsbase bmi1 avx2 smep bmi2 erms invpcid cqm rdt_a rdseed adx smap clflushopt clwb sha_ni xsaveopt xsavec xgetbv1 xsaves cqm_llc cqm_occup_llc cqm_mbm_total cqm_mbm_local user_shstk clzero irperf xsaveerptr rdpru wbnoinvd arat npt lbrv svm_lock nrip_save tsc_scale vmcb_clean flushbyasid decodeassists pausefilter pfthreshold avic v_vmsave_vmload vgif v_spec_ctrl umip pku ospke vaes vpclmulqdq rdpid overflow_recov succor smca fsrm debug_swap

Online cpus: 0-15
Offline cpus: 16-31
BIOS frequency limitation: 3800000
Frequency switch latency (ns): 0
Available cpu frequencies: 3800000 2800000 2200000 
Current governor: schedutil
Core performance/turbo boost: 1

Memory: 4k page, physical 65766156k(29105952k free), swap 16777212k(16777212k free)
Page Sizes: 4k

vm_info: OpenJDK 64-Bit Server VM (17.0.5+8-LTS) for linux-amd64 JRE (17.0.5+8-LTS), built on Oct 13 2022 05:01:28 by "jenkins" with gcc 7.3.1 20180303 (Red Hat 7.3.1-5)

END.
