#
# A fatal error has been detected by the Java Runtime Environment:
#
#  SIGSEGV (0xb) at pc=0x00007358eb7dc25f, pid=143771, tid=143795
#
# JRE version: OpenJDK Runtime Environment Corretto-17.0.5.8.1 (17.0.5+8) (build 17.0.5+8-LTS)
# Java VM: OpenJDK 64-Bit Server VM Corretto-17.0.5.8.1 (17.0.5+8-LTS, mixed mode, sharing, tiered, compressed oops, compressed class ptrs, g1 gc, linux-amd64)
# Problematic frame:
# C  [libc.so.6+0x8225f]  _IO_file_fopen+0x2f
#
# Core dump will be written. Default location: Core dumps may be processed with "/usr/lib/systemd/systemd-coredump %P %u %g %s %t %c %h" (or dumping to /home/rowan/IdeaProjects/LexerLearning/core.143771)
#
# If you would like to submit a bug report, please visit:
#   https://github.com/corretto/corretto-17/issues/
#

---------------  S U M M A R Y ------------

Command Line: -Dfile.encoding=UTF-8 -Duser.country=US -Duser.language=en -Duser.variant jni.TestRunner

Host: AMD Ryzen 7 5800X 8-Core Processor, 32 cores, 62G, Arch Linux
Time: Thu Apr  4 18:09:30 2024 CEST elapsed time: 0.055985 seconds (0d 0h 0m 0s)

---------------  T H R E A D  ---------------

Current thread is native thread

Stack: [0x000073589d602000,0x000073589de01000],  sp=0x000073589ddffe10,  free space=8183k
Native frames: (J=compiled Java code, j=interpreted, Vv=VM code, C=native code)
C  [libc.so.6+0x8225f]  _IO_file_fopen+0x2f


siginfo: si_signo: 11 (SIGSEGV), si_code: 1 (SEGV_MAPERR), si_addr: 0x0000000000000000

Registers:
RAX=0x0000000000000000, RBX=0x0000735828000b70, RCX=0x0000000000000001, RDX=0x0000000000000000
RSP=0x000073589ddffe10, RBP=0x0000735828000b70, RSI=0x00007358eb953025, RDI=0x0000735828000b70
R8 =0x00007358eb931248, R9 =0x0000000000000001, R10=0x0000000000000004, R11=0x0000000000000246
R12=0x00007358eb953025, R13=0x0000000000000000, R14=0x0000000000000001, R15=0x000073589d600000
RIP=0x00007358eb7dc25f, EFLAGS=0x0000000000010246, CSGSFS=0x002b000000000033, ERR=0x0000000000000004
  TRAPNO=0x000000000000000e

Top of Stack: (sp=0x000073589ddffe10)
0x000073589ddffe10:   0000000000000000 00007358eb7de32a
0x000073589ddffe20:   00007358eb7ddd60 0000000000000000
0x000073589ddffe30:   0000000000000000 b37cd04fc1d6c600
0x000073589ddffe40:   000073589d600000 0000735828000b70 

Instructions: (pc=0x00007358eb7dc25f)
0x00007358eb7dc15f:   00 f3 0f 1e fa 41 54 31 c0 55 44 89 c5 53 48 89
0x00007358eb7dc16f:   fb 48 89 f7 89 d6 89 ca f6 43 74 02 0f 85 97 00
0x00007358eb7dc17f:   00 00 e8 6a 8b 07 00 41 89 c4 45 85 e4 0f 88 7e
0x00007358eb7dc18f:   00 00 00 8b 03 89 ea f7 d5 44 89 63 70 81 e2 0c
0x00007358eb7dc19f:   10 00 00 25 f3 ef ff ff 09 d0 81 e5 04 10 00 00
0x00007358eb7dc1af:   89 03 75 32 48 8b ab d8 00 00 00 48 8d 15 3f 4d
0x00007358eb7dc1bf:   15 00 48 89 e8 48 29 d0 48 3d 2f 09 00 00 77 59
0x00007358eb7dc1cf:   31 f6 ba 02 00 00 00 48 89 df ff 95 80 00 00 00
0x00007358eb7dc1df:   48 83 f8 ff 74 13 48 89 df e8 23 20 00 00 48 89
0x00007358eb7dc1ef:   d8 5b 5d 41 5c c3 0f 1f 00 48 8b 05 11 5b 15 00
0x00007358eb7dc1ff:   64 83 38 1d 74 e0 44 89 e7 e8 03 a0 07 00 0f 1f
0x00007358eb7dc20f:   00 31 c0 eb dc 0f 1f 40 00 e8 93 a2 07 00 41 89
0x00007358eb7dc21f:   c4 e9 64 ff ff ff 0f 1f 00 e8 33 f2 ff ff eb a0
0x00007358eb7dc22f:   90 f3 0f 1e fa 41 57 48 89 d0 41 56 41 55 41 54
0x00007358eb7dc23f:   55 53 48 83 ec 38 64 48 8b 14 25 28 00 00 00 48
0x00007358eb7dc24f:   89 54 24 28 31 d2 83 7f 70 ff 0f 85 9f 01 00 00
0x00007358eb7dc25f:   0f b6 10 48 89 fb 41 89 c9 80 fa 72 0f 84 8f 03
0x00007358eb7dc26f:   00 00 80 fa 77 0f 84 b6 01 00 00 80 fa 61 0f 85
0x00007358eb7dc27f:   6d 01 00 00 ba 40 04 00 00 41 bb 01 00 00 00 41
0x00007358eb7dc28f:   b8 04 10 00 00 48 8d 78 06 49 89 c4 4c 8d 15 de
0x00007358eb7dc29f:   23 11 00 0f b6 48 01 48 83 c0 01 80 f9 78 7f 31
0x00007358eb7dc2af:   80 f9 61 0f 8e e8 01 00 00 83 e9 62 80 f9 16 77
0x00007358eb7dc2bf:   20 0f b6 c9 49 63 0c 8a 4c 01 d1 3e ff e1 0f 1f
0x00007358eb7dc2cf:   00 41 81 e0 00 10 00 00 49 89 c4 41 bb 02 00 00
0x00007358eb7dc2df:   00 48 39 f8 75 bd 44 09 da b9 b6 01 00 00 48 89
0x00007358eb7dc2ef:   df e8 6b fe ff ff 48 89 c5 48 85 c0 0f 84 fd 00
0x00007358eb7dc2ff:   00 00 49 8d 7c 24 01 48 8d 35 f3 89 11 00 e8 5e
0x00007358eb7dc30f:   10 02 00 49 89 c5 48 85 c0 0f 84 e2 00 00 00 4c
0x00007358eb7dc31f:   8d 78 05 be 2c 00 00 00 4c 89 ff e8 61 1f fa ff
0x00007358eb7dc32f:   4c 29 f8 49 89 c6 48 8d 78 03 ff 15 a1 5c 15 00
0x00007358eb7dc33f:   49 89 c4 48 85 c0 0f 84 00 03 00 00 4c 89 f2 4c
0x00007358eb7dc34f:   89 fe 48 89 c7 ff 15 be 59 15 00 c6 00 00 41 0f 



---------------  P R O C E S S  ---------------

VM state: not at safepoint (normal execution)

VM Mutex/Monitor currently owned by a thread: None

Heap address: 0x0000000414000000, size: 16064 MB, Compressed Oops mode: Zero based, Oop shift amount: 3

CDS archive(s) mapped at: [0x0000000800000000-0x0000000800be1000-0x0000000800be1000), size 12455936, SharedBaseAddress: 0x0000000800000000, ArchiveRelocationMode: 0.
Compressed class space mapped at: 0x0000000800c00000-0x0000000840c00000, reserved size: 1073741824
Narrow klass base: 0x0000000800000000, Narrow klass shift: 0, Narrow klass range: 0x100000000

GC Precious Log:
<Skipped>

Heap:
 garbage-first heap   total 1048576K, used 11109K [0x0000000414000000, 0x0000000800000000)
  region size 8192K, 1 young (8192K), 0 survivors (0K)
 Metaspace       used 983K, committed 1152K, reserved 1056768K
  class space    used 88K, committed 192K, reserved 1048576K

Heap Regions: E=young(eden), S=young(survivor), O=old, HS=humongous(starts), HC=humongous(continues), CS=collection set, F=free, OA=open archive, CA=closed archive, TAMS=top-at-mark-start (previous, next)
|   0|0x0000000414000000, 0x0000000414000000, 0x0000000414800000|  0%| F|  |TAMS 0x0000000414000000, 0x0000000414000000| Untracked 
|   1|0x0000000414800000, 0x0000000414800000, 0x0000000415000000|  0%| F|  |TAMS 0x0000000414800000, 0x0000000414800000| Untracked 
|   2|0x0000000415000000, 0x0000000415000000, 0x0000000415800000|  0%| F|  |TAMS 0x0000000415000000, 0x0000000415000000| Untracked 
|   3|0x0000000415800000, 0x0000000415800000, 0x0000000416000000|  0%| F|  |TAMS 0x0000000415800000, 0x0000000415800000| Untracked 
|   4|0x0000000416000000, 0x0000000416000000, 0x0000000416800000|  0%| F|  |TAMS 0x0000000416000000, 0x0000000416000000| Untracked 
|   5|0x0000000416800000, 0x0000000416800000, 0x0000000417000000|  0%| F|  |TAMS 0x0000000416800000, 0x0000000416800000| Untracked 
|   6|0x0000000417000000, 0x0000000417000000, 0x0000000417800000|  0%| F|  |TAMS 0x0000000417000000, 0x0000000417000000| Untracked 
|   7|0x0000000417800000, 0x0000000417800000, 0x0000000418000000|  0%| F|  |TAMS 0x0000000417800000, 0x0000000417800000| Untracked 
|   8|0x0000000418000000, 0x0000000418000000, 0x0000000418800000|  0%| F|  |TAMS 0x0000000418000000, 0x0000000418000000| Untracked 
|   9|0x0000000418800000, 0x0000000418800000, 0x0000000419000000|  0%| F|  |TAMS 0x0000000418800000, 0x0000000418800000| Untracked 
|  10|0x0000000419000000, 0x0000000419000000, 0x0000000419800000|  0%| F|  |TAMS 0x0000000419000000, 0x0000000419000000| Untracked 
|  11|0x0000000419800000, 0x0000000419800000, 0x000000041a000000|  0%| F|  |TAMS 0x0000000419800000, 0x0000000419800000| Untracked 
|  12|0x000000041a000000, 0x000000041a000000, 0x000000041a800000|  0%| F|  |TAMS 0x000000041a000000, 0x000000041a000000| Untracked 
|  13|0x000000041a800000, 0x000000041a800000, 0x000000041b000000|  0%| F|  |TAMS 0x000000041a800000, 0x000000041a800000| Untracked 
|  14|0x000000041b000000, 0x000000041b000000, 0x000000041b800000|  0%| F|  |TAMS 0x000000041b000000, 0x000000041b000000| Untracked 
|  15|0x000000041b800000, 0x000000041b800000, 0x000000041c000000|  0%| F|  |TAMS 0x000000041b800000, 0x000000041b800000| Untracked 
|  16|0x000000041c000000, 0x000000041c000000, 0x000000041c800000|  0%| F|  |TAMS 0x000000041c000000, 0x000000041c000000| Untracked 
|  17|0x000000041c800000, 0x000000041c800000, 0x000000041d000000|  0%| F|  |TAMS 0x000000041c800000, 0x000000041c800000| Untracked 
|  18|0x000000041d000000, 0x000000041d000000, 0x000000041d800000|  0%| F|  |TAMS 0x000000041d000000, 0x000000041d000000| Untracked 
|  19|0x000000041d800000, 0x000000041d800000, 0x000000041e000000|  0%| F|  |TAMS 0x000000041d800000, 0x000000041d800000| Untracked 
|  20|0x000000041e000000, 0x000000041e000000, 0x000000041e800000|  0%| F|  |TAMS 0x000000041e000000, 0x000000041e000000| Untracked 
|  21|0x000000041e800000, 0x000000041e800000, 0x000000041f000000|  0%| F|  |TAMS 0x000000041e800000, 0x000000041e800000| Untracked 
|  22|0x000000041f000000, 0x000000041f000000, 0x000000041f800000|  0%| F|  |TAMS 0x000000041f000000, 0x000000041f000000| Untracked 
|  23|0x000000041f800000, 0x000000041f800000, 0x0000000420000000|  0%| F|  |TAMS 0x000000041f800000, 0x000000041f800000| Untracked 
|  24|0x0000000420000000, 0x0000000420000000, 0x0000000420800000|  0%| F|  |TAMS 0x0000000420000000, 0x0000000420000000| Untracked 
|  25|0x0000000420800000, 0x0000000420800000, 0x0000000421000000|  0%| F|  |TAMS 0x0000000420800000, 0x0000000420800000| Untracked 
|  26|0x0000000421000000, 0x0000000421000000, 0x0000000421800000|  0%| F|  |TAMS 0x0000000421000000, 0x0000000421000000| Untracked 
|  27|0x0000000421800000, 0x0000000421800000, 0x0000000422000000|  0%| F|  |TAMS 0x0000000421800000, 0x0000000421800000| Untracked 
|  28|0x0000000422000000, 0x0000000422000000, 0x0000000422800000|  0%| F|  |TAMS 0x0000000422000000, 0x0000000422000000| Untracked 
|  29|0x0000000422800000, 0x0000000422800000, 0x0000000423000000|  0%| F|  |TAMS 0x0000000422800000, 0x0000000422800000| Untracked 
|  30|0x0000000423000000, 0x0000000423000000, 0x0000000423800000|  0%| F|  |TAMS 0x0000000423000000, 0x0000000423000000| Untracked 
|  31|0x0000000423800000, 0x0000000423800000, 0x0000000424000000|  0%| F|  |TAMS 0x0000000423800000, 0x0000000423800000| Untracked 
|  32|0x0000000424000000, 0x0000000424000000, 0x0000000424800000|  0%| F|  |TAMS 0x0000000424000000, 0x0000000424000000| Untracked 
|  33|0x0000000424800000, 0x0000000424800000, 0x0000000425000000|  0%| F|  |TAMS 0x0000000424800000, 0x0000000424800000| Untracked 
|  34|0x0000000425000000, 0x0000000425000000, 0x0000000425800000|  0%| F|  |TAMS 0x0000000425000000, 0x0000000425000000| Untracked 
|  35|0x0000000425800000, 0x0000000425800000, 0x0000000426000000|  0%| F|  |TAMS 0x0000000425800000, 0x0000000425800000| Untracked 
|  36|0x0000000426000000, 0x0000000426000000, 0x0000000426800000|  0%| F|  |TAMS 0x0000000426000000, 0x0000000426000000| Untracked 
|  37|0x0000000426800000, 0x0000000426800000, 0x0000000427000000|  0%| F|  |TAMS 0x0000000426800000, 0x0000000426800000| Untracked 
|  38|0x0000000427000000, 0x0000000427000000, 0x0000000427800000|  0%| F|  |TAMS 0x0000000427000000, 0x0000000427000000| Untracked 
|  39|0x0000000427800000, 0x0000000427800000, 0x0000000428000000|  0%| F|  |TAMS 0x0000000427800000, 0x0000000427800000| Untracked 
|  40|0x0000000428000000, 0x0000000428000000, 0x0000000428800000|  0%| F|  |TAMS 0x0000000428000000, 0x0000000428000000| Untracked 
|  41|0x0000000428800000, 0x0000000428800000, 0x0000000429000000|  0%| F|  |TAMS 0x0000000428800000, 0x0000000428800000| Untracked 
|  42|0x0000000429000000, 0x0000000429000000, 0x0000000429800000|  0%| F|  |TAMS 0x0000000429000000, 0x0000000429000000| Untracked 
|  43|0x0000000429800000, 0x0000000429800000, 0x000000042a000000|  0%| F|  |TAMS 0x0000000429800000, 0x0000000429800000| Untracked 
|  44|0x000000042a000000, 0x000000042a000000, 0x000000042a800000|  0%| F|  |TAMS 0x000000042a000000, 0x000000042a000000| Untracked 
|  45|0x000000042a800000, 0x000000042a800000, 0x000000042b000000|  0%| F|  |TAMS 0x000000042a800000, 0x000000042a800000| Untracked 
|  46|0x000000042b000000, 0x000000042b000000, 0x000000042b800000|  0%| F|  |TAMS 0x000000042b000000, 0x000000042b000000| Untracked 
|  47|0x000000042b800000, 0x000000042b800000, 0x000000042c000000|  0%| F|  |TAMS 0x000000042b800000, 0x000000042b800000| Untracked 
|  48|0x000000042c000000, 0x000000042c000000, 0x000000042c800000|  0%| F|  |TAMS 0x000000042c000000, 0x000000042c000000| Untracked 
|  49|0x000000042c800000, 0x000000042c800000, 0x000000042d000000|  0%| F|  |TAMS 0x000000042c800000, 0x000000042c800000| Untracked 
|  50|0x000000042d000000, 0x000000042d000000, 0x000000042d800000|  0%| F|  |TAMS 0x000000042d000000, 0x000000042d000000| Untracked 
|  51|0x000000042d800000, 0x000000042d800000, 0x000000042e000000|  0%| F|  |TAMS 0x000000042d800000, 0x000000042d800000| Untracked 
|  52|0x000000042e000000, 0x000000042e000000, 0x000000042e800000|  0%| F|  |TAMS 0x000000042e000000, 0x000000042e000000| Untracked 
|  53|0x000000042e800000, 0x000000042e800000, 0x000000042f000000|  0%| F|  |TAMS 0x000000042e800000, 0x000000042e800000| Untracked 
|  54|0x000000042f000000, 0x000000042f000000, 0x000000042f800000|  0%| F|  |TAMS 0x000000042f000000, 0x000000042f000000| Untracked 
|  55|0x000000042f800000, 0x000000042f800000, 0x0000000430000000|  0%| F|  |TAMS 0x000000042f800000, 0x000000042f800000| Untracked 
|  56|0x0000000430000000, 0x0000000430000000, 0x0000000430800000|  0%| F|  |TAMS 0x0000000430000000, 0x0000000430000000| Untracked 
|  57|0x0000000430800000, 0x0000000430800000, 0x0000000431000000|  0%| F|  |TAMS 0x0000000430800000, 0x0000000430800000| Untracked 
|  58|0x0000000431000000, 0x0000000431000000, 0x0000000431800000|  0%| F|  |TAMS 0x0000000431000000, 0x0000000431000000| Untracked 
|  59|0x0000000431800000, 0x0000000431800000, 0x0000000432000000|  0%| F|  |TAMS 0x0000000431800000, 0x0000000431800000| Untracked 
|  60|0x0000000432000000, 0x0000000432000000, 0x0000000432800000|  0%| F|  |TAMS 0x0000000432000000, 0x0000000432000000| Untracked 
|  61|0x0000000432800000, 0x0000000432800000, 0x0000000433000000|  0%| F|  |TAMS 0x0000000432800000, 0x0000000432800000| Untracked 
|  62|0x0000000433000000, 0x0000000433000000, 0x0000000433800000|  0%| F|  |TAMS 0x0000000433000000, 0x0000000433000000| Untracked 
|  63|0x0000000433800000, 0x0000000433800000, 0x0000000434000000|  0%| F|  |TAMS 0x0000000433800000, 0x0000000433800000| Untracked 
|  64|0x0000000434000000, 0x0000000434000000, 0x0000000434800000|  0%| F|  |TAMS 0x0000000434000000, 0x0000000434000000| Untracked 
|  65|0x0000000434800000, 0x0000000434800000, 0x0000000435000000|  0%| F|  |TAMS 0x0000000434800000, 0x0000000434800000| Untracked 
|  66|0x0000000435000000, 0x0000000435000000, 0x0000000435800000|  0%| F|  |TAMS 0x0000000435000000, 0x0000000435000000| Untracked 
|  67|0x0000000435800000, 0x0000000435800000, 0x0000000436000000|  0%| F|  |TAMS 0x0000000435800000, 0x0000000435800000| Untracked 
|  68|0x0000000436000000, 0x0000000436000000, 0x0000000436800000|  0%| F|  |TAMS 0x0000000436000000, 0x0000000436000000| Untracked 
|  69|0x0000000436800000, 0x0000000436800000, 0x0000000437000000|  0%| F|  |TAMS 0x0000000436800000, 0x0000000436800000| Untracked 
|  70|0x0000000437000000, 0x0000000437000000, 0x0000000437800000|  0%| F|  |TAMS 0x0000000437000000, 0x0000000437000000| Untracked 
|  71|0x0000000437800000, 0x0000000437800000, 0x0000000438000000|  0%| F|  |TAMS 0x0000000437800000, 0x0000000437800000| Untracked 
|  72|0x0000000438000000, 0x0000000438000000, 0x0000000438800000|  0%| F|  |TAMS 0x0000000438000000, 0x0000000438000000| Untracked 
|  73|0x0000000438800000, 0x0000000438800000, 0x0000000439000000|  0%| F|  |TAMS 0x0000000438800000, 0x0000000438800000| Untracked 
|  74|0x0000000439000000, 0x0000000439000000, 0x0000000439800000|  0%| F|  |TAMS 0x0000000439000000, 0x0000000439000000| Untracked 
|  75|0x0000000439800000, 0x0000000439800000, 0x000000043a000000|  0%| F|  |TAMS 0x0000000439800000, 0x0000000439800000| Untracked 
|  76|0x000000043a000000, 0x000000043a000000, 0x000000043a800000|  0%| F|  |TAMS 0x000000043a000000, 0x000000043a000000| Untracked 
|  77|0x000000043a800000, 0x000000043a800000, 0x000000043b000000|  0%| F|  |TAMS 0x000000043a800000, 0x000000043a800000| Untracked 
|  78|0x000000043b000000, 0x000000043b000000, 0x000000043b800000|  0%| F|  |TAMS 0x000000043b000000, 0x000000043b000000| Untracked 
|  79|0x000000043b800000, 0x000000043b800000, 0x000000043c000000|  0%| F|  |TAMS 0x000000043b800000, 0x000000043b800000| Untracked 
|  80|0x000000043c000000, 0x000000043c000000, 0x000000043c800000|  0%| F|  |TAMS 0x000000043c000000, 0x000000043c000000| Untracked 
|  81|0x000000043c800000, 0x000000043c800000, 0x000000043d000000|  0%| F|  |TAMS 0x000000043c800000, 0x000000043c800000| Untracked 
|  82|0x000000043d000000, 0x000000043d000000, 0x000000043d800000|  0%| F|  |TAMS 0x000000043d000000, 0x000000043d000000| Untracked 
|  83|0x000000043d800000, 0x000000043d800000, 0x000000043e000000|  0%| F|  |TAMS 0x000000043d800000, 0x000000043d800000| Untracked 
|  84|0x000000043e000000, 0x000000043e000000, 0x000000043e800000|  0%| F|  |TAMS 0x000000043e000000, 0x000000043e000000| Untracked 
|  85|0x000000043e800000, 0x000000043e800000, 0x000000043f000000|  0%| F|  |TAMS 0x000000043e800000, 0x000000043e800000| Untracked 
|  86|0x000000043f000000, 0x000000043f000000, 0x000000043f800000|  0%| F|  |TAMS 0x000000043f000000, 0x000000043f000000| Untracked 
|  87|0x000000043f800000, 0x000000043f800000, 0x0000000440000000|  0%| F|  |TAMS 0x000000043f800000, 0x000000043f800000| Untracked 
|  88|0x0000000440000000, 0x0000000440000000, 0x0000000440800000|  0%| F|  |TAMS 0x0000000440000000, 0x0000000440000000| Untracked 
|  89|0x0000000440800000, 0x0000000440800000, 0x0000000441000000|  0%| F|  |TAMS 0x0000000440800000, 0x0000000440800000| Untracked 
|  90|0x0000000441000000, 0x0000000441000000, 0x0000000441800000|  0%| F|  |TAMS 0x0000000441000000, 0x0000000441000000| Untracked 
|  91|0x0000000441800000, 0x0000000441800000, 0x0000000442000000|  0%| F|  |TAMS 0x0000000441800000, 0x0000000441800000| Untracked 
|  92|0x0000000442000000, 0x0000000442000000, 0x0000000442800000|  0%| F|  |TAMS 0x0000000442000000, 0x0000000442000000| Untracked 
|  93|0x0000000442800000, 0x0000000442800000, 0x0000000443000000|  0%| F|  |TAMS 0x0000000442800000, 0x0000000442800000| Untracked 
|  94|0x0000000443000000, 0x0000000443000000, 0x0000000443800000|  0%| F|  |TAMS 0x0000000443000000, 0x0000000443000000| Untracked 
|  95|0x0000000443800000, 0x0000000443800000, 0x0000000444000000|  0%| F|  |TAMS 0x0000000443800000, 0x0000000443800000| Untracked 
|  96|0x0000000444000000, 0x0000000444000000, 0x0000000444800000|  0%| F|  |TAMS 0x0000000444000000, 0x0000000444000000| Untracked 
|  97|0x0000000444800000, 0x0000000444800000, 0x0000000445000000|  0%| F|  |TAMS 0x0000000444800000, 0x0000000444800000| Untracked 
|  98|0x0000000445000000, 0x0000000445000000, 0x0000000445800000|  0%| F|  |TAMS 0x0000000445000000, 0x0000000445000000| Untracked 
|  99|0x0000000445800000, 0x0000000445800000, 0x0000000446000000|  0%| F|  |TAMS 0x0000000445800000, 0x0000000445800000| Untracked 
| 100|0x0000000446000000, 0x0000000446000000, 0x0000000446800000|  0%| F|  |TAMS 0x0000000446000000, 0x0000000446000000| Untracked 
| 101|0x0000000446800000, 0x0000000446800000, 0x0000000447000000|  0%| F|  |TAMS 0x0000000446800000, 0x0000000446800000| Untracked 
| 102|0x0000000447000000, 0x0000000447000000, 0x0000000447800000|  0%| F|  |TAMS 0x0000000447000000, 0x0000000447000000| Untracked 
| 103|0x0000000447800000, 0x0000000447800000, 0x0000000448000000|  0%| F|  |TAMS 0x0000000447800000, 0x0000000447800000| Untracked 
| 104|0x0000000448000000, 0x0000000448000000, 0x0000000448800000|  0%| F|  |TAMS 0x0000000448000000, 0x0000000448000000| Untracked 
| 105|0x0000000448800000, 0x0000000448800000, 0x0000000449000000|  0%| F|  |TAMS 0x0000000448800000, 0x0000000448800000| Untracked 
| 106|0x0000000449000000, 0x0000000449000000, 0x0000000449800000|  0%| F|  |TAMS 0x0000000449000000, 0x0000000449000000| Untracked 
| 107|0x0000000449800000, 0x0000000449800000, 0x000000044a000000|  0%| F|  |TAMS 0x0000000449800000, 0x0000000449800000| Untracked 
| 108|0x000000044a000000, 0x000000044a000000, 0x000000044a800000|  0%| F|  |TAMS 0x000000044a000000, 0x000000044a000000| Untracked 
| 109|0x000000044a800000, 0x000000044a800000, 0x000000044b000000|  0%| F|  |TAMS 0x000000044a800000, 0x000000044a800000| Untracked 
| 110|0x000000044b000000, 0x000000044b000000, 0x000000044b800000|  0%| F|  |TAMS 0x000000044b000000, 0x000000044b000000| Untracked 
| 111|0x000000044b800000, 0x000000044b800000, 0x000000044c000000|  0%| F|  |TAMS 0x000000044b800000, 0x000000044b800000| Untracked 
| 112|0x000000044c000000, 0x000000044c000000, 0x000000044c800000|  0%| F|  |TAMS 0x000000044c000000, 0x000000044c000000| Untracked 
| 113|0x000000044c800000, 0x000000044c800000, 0x000000044d000000|  0%| F|  |TAMS 0x000000044c800000, 0x000000044c800000| Untracked 
| 114|0x000000044d000000, 0x000000044d000000, 0x000000044d800000|  0%| F|  |TAMS 0x000000044d000000, 0x000000044d000000| Untracked 
| 115|0x000000044d800000, 0x000000044d800000, 0x000000044e000000|  0%| F|  |TAMS 0x000000044d800000, 0x000000044d800000| Untracked 
| 116|0x000000044e000000, 0x000000044e000000, 0x000000044e800000|  0%| F|  |TAMS 0x000000044e000000, 0x000000044e000000| Untracked 
| 117|0x000000044e800000, 0x000000044e800000, 0x000000044f000000|  0%| F|  |TAMS 0x000000044e800000, 0x000000044e800000| Untracked 
| 118|0x000000044f000000, 0x000000044f000000, 0x000000044f800000|  0%| F|  |TAMS 0x000000044f000000, 0x000000044f000000| Untracked 
| 119|0x000000044f800000, 0x000000044f800000, 0x0000000450000000|  0%| F|  |TAMS 0x000000044f800000, 0x000000044f800000| Untracked 
| 120|0x0000000450000000, 0x0000000450000000, 0x0000000450800000|  0%| F|  |TAMS 0x0000000450000000, 0x0000000450000000| Untracked 
| 121|0x0000000450800000, 0x0000000450800000, 0x0000000451000000|  0%| F|  |TAMS 0x0000000450800000, 0x0000000450800000| Untracked 
| 122|0x0000000451000000, 0x0000000451000000, 0x0000000451800000|  0%| F|  |TAMS 0x0000000451000000, 0x0000000451000000| Untracked 
| 123|0x0000000451800000, 0x0000000451800000, 0x0000000452000000|  0%| F|  |TAMS 0x0000000451800000, 0x0000000451800000| Untracked 
| 124|0x0000000452000000, 0x0000000452000000, 0x0000000452800000|  0%| F|  |TAMS 0x0000000452000000, 0x0000000452000000| Untracked 
| 125|0x0000000452800000, 0x0000000452ae1508, 0x0000000453000000| 36%| E|  |TAMS 0x0000000452800000, 0x0000000452800000| Complete 
|2006|0x00000007ff000000, 0x00000007ff776000, 0x00000007ff800000| 93%|OA|  |TAMS 0x00000007ff000000, 0x00000007ff000000| Untracked 
|2007|0x00000007ff800000, 0x00000007ff882000, 0x0000000800000000|  6%|CA|  |TAMS 0x00000007ff800000, 0x00000007ff800000| Untracked 

Card table byte_map: [0x00007358c9400000,0x00007358cb360000] _byte_map_base: 0x00007358c7360000

Marking Bits (Prev, Next): (CMBitMap*) 0x00007358e405b170, (CMBitMap*) 0x00007358e405b1b0
 Prev Bits: [0x00007358b7800000, 0x00007358c7300000)
 Next Bits: [0x00007358a7c00000, 0x00007358b7700000)

Polling page: 0x00007358eb96f000

Metaspace:

Usage:
  Non-class:    894.78 KB used.
      Class:     88.28 KB used.
       Both:    983.06 KB used.

Virtual space:
  Non-class space:        8.00 MB reserved,     960.00 KB ( 12%) committed,  1 nodes.
      Class space:        1.00 GB reserved,     192.00 KB ( <1%) committed,  1 nodes.
             Both:        1.01 GB reserved,       1.12 MB ( <1%) committed. 

Chunk freelists:
   Non-Class:  3.97 MB
       Class:  3.74 MB
        Both:  7.71 MB

MaxMetaspaceSize: unlimited
CompressedClassSpaceSize: 1.00 GB
Initial GC threshold: 21.00 MB
Current GC threshold: 21.00 MB
CDS: on
MetaspaceReclaimPolicy: balanced
 - commit_granule_bytes: 65536.
 - commit_granule_words: 8192.
 - virtual_space_node_default_size: 1048576.
 - enlarge_chunks_in_place: 1.
 - new_chunks_are_fully_committed: 0.
 - uncommit_free_chunks: 1.
 - use_allocation_guard: 0.
 - handle_deallocations: 1.


Internal statistics:

num_allocs_failed_limit: 0.
num_arena_births: 24.
num_arena_deaths: 0.
num_vsnodes_births: 2.
num_vsnodes_deaths: 0.
num_space_committed: 18.
num_space_uncommitted: 0.
num_chunks_returned_to_freelist: 0.
num_chunks_taken_from_freelist: 27.
num_chunk_merges: 0.
num_chunk_splits: 18.
num_chunks_enlarged: 10.
num_purges: 0.
num_inconsistent_stats: 0.

CodeHeap 'non-profiled nmethods': size=119168Kb used=70Kb max_used=70Kb free=119097Kb
 bounds [0x00007358d4fa0000, 0x00007358d5210000, 0x00007358dc400000]
CodeHeap 'profiled nmethods': size=119164Kb used=268Kb max_used=268Kb free=118895Kb
 bounds [0x00007358cdb41000, 0x00007358cddb1000, 0x00007358d4fa0000]
CodeHeap 'non-nmethods': size=7428Kb used=2804Kb max_used=2817Kb free=4623Kb
 bounds [0x00007358cd400000, 0x00007358cd6d0000, 0x00007358cdb41000]
 total_blobs=609 nmethods=209 adapters=311
 compilation: enabled
              stopped_count=0, restarted_count=0
 full_count=0

Compilation events (20 events):
Event: 0.049 Thread 0x00007358e4201930 nmethod 196 0x00007358d4fb0410 code [0x00007358d4fb05a0, 0x00007358d4fb0670]
Event: 0.049 Thread 0x000073585819f300 nmethod 193 0x00007358cdb7f310 code [0x00007358cdb7f520, 0x00007358cdb7fbe0]
Event: 0.049 Thread 0x000073585819e1a0  198       3       java.lang.String::isEmpty (14 bytes)
Event: 0.049 Thread 0x000073585819e1a0 nmethod 198 0x00007358cdb7fe10 code [0x00007358cdb7ffa0, 0x00007358cdb80110]
Event: 0.049 Thread 0x000073585819f300  199       3       java.lang.ref.Reference::<init> (25 bytes)
Event: 0.049 Thread 0x000073585819f300 nmethod 199 0x00007358cdb80210 code [0x00007358cdb803c0, 0x00007358cdb80650]
Event: 0.050 Thread 0x00007358e4201930  200       3       java.lang.invoke.MethodType::checkPtypes (76 bytes)
Event: 0.050 Thread 0x00007358e41f8410  201       4       java.lang.StringLatin1::canEncode (13 bytes)
Event: 0.050 Thread 0x00007358581a03f0  202       3       java.lang.invoke.MethodType::parameterCount (6 bytes)
Event: 0.050 Thread 0x00007358581a03f0 nmethod 202 0x00007358cdb80710 code [0x00007358cdb808a0, 0x00007358cdb809b0]
Event: 0.050 Thread 0x00007358e41f8410 nmethod 201 0x00007358d4fb0710 code [0x00007358d4fb0880, 0x00007358d4fb08f8]
Event: 0.050 Thread 0x00007358e4201930 nmethod 200 0x00007358cdb80a90 code [0x00007358cdb80d00, 0x00007358cdb81660]
Event: 0.051 Thread 0x000073585819f300  204   !   3       java.lang.invoke.MemberName::getMethodType (211 bytes)
Event: 0.051 Thread 0x00007358e4201930  205       3       java.util.Arrays::equals (57 bytes)
Event: 0.051 Thread 0x000073585819f300 nmethod 204 0x00007358cdb81a10 code [0x00007358cdb81d00, 0x00007358cdb83310]
Event: 0.051 Thread 0x00007358e4201930 nmethod 205 0x00007358cdb83910 code [0x00007358cdb83b00, 0x00007358cdb840e0]
Event: 0.051 Thread 0x000073585819e1a0  206       1       sun.invoke.util.Wrapper::basicTypeChar (5 bytes)
Event: 0.051 Thread 0x000073585819e1a0 nmethod 206 0x00007358d4fb0d10 code [0x00007358d4fb0ea0, 0x00007358d4fb0f70]
Event: 0.052 Thread 0x00007358e41f8410  207       4       java.lang.String::length (11 bytes)
Event: 0.052 Thread 0x00007358e41f8410 nmethod 207 0x00007358d4fb1010 code [0x00007358d4fb11a0, 0x00007358d4fb1238]

GC Heap History (0 events):
No events

Dll operation events (6 events):
Event: 0.001 Loaded shared library /home/rowan/.jdks/corretto-17.0.5/lib/libjava.so
Event: 0.010 Loaded shared library /home/rowan/.jdks/corretto-17.0.5/lib/libjsvml.so
Event: 0.024 Loaded shared library /home/rowan/.jdks/corretto-17.0.5/lib/libnio.so
Event: 0.026 Loaded shared library /home/rowan/.jdks/corretto-17.0.5/lib/libzip.so
Event: 0.037 Loaded shared library /home/rowan/.jdks/corretto-17.0.5/lib/libjimage.so
Event: 0.055 Loaded shared library /tmp/lexer1857020998613327718.lib

Deoptimization events (0 events):
No events

Classes unloaded (0 events):
No events

Classes redefined (0 events):
No events

Internal exceptions (0 events):
No events

VM Operations (0 events):
No events

Events (20 events):
Event: 0.053 loading class sun/net/www/protocol/jar/JarFileFactory
Event: 0.053 loading class sun/net/www/protocol/jar/URLJarFile$URLJarFileCloseController
Event: 0.053 loading class sun/net/www/protocol/jar/URLJarFile$URLJarFileCloseController done
Event: 0.053 loading class sun/net/www/protocol/jar/JarFileFactory done
Event: 0.053 loading class sun/net/www/protocol/file/FileURLConnection
Event: 0.053 loading class sun/net/www/URLConnection
Event: 0.053 loading class sun/net/www/URLConnection done
Event: 0.053 loading class sun/net/www/protocol/file/FileURLConnection done
Event: 0.053 loading class sun/net/www/MessageHeader
Event: 0.053 loading class sun/net/www/MessageHeader done
Event: 0.053 loading class sun/net/www/protocol/jar/URLJarFile
Event: 0.053 loading class sun/net/www/protocol/jar/URLJarFile done
Event: 0.053 loading class sun/nio/fs/UnixFileKey
Event: 0.053 loading class sun/nio/fs/UnixFileKey done
Event: 0.054 loading class sun/net/www/protocol/jar/URLJarFile$URLJarFileEntry
Event: 0.054 loading class sun/net/www/protocol/jar/URLJarFile$URLJarFileEntry done
Event: 0.054 loading class sun/net/www/protocol/jar/JarURLConnection$JarURLInputStream
Event: 0.054 loading class sun/net/www/protocol/jar/JarURLConnection$JarURLInputStream done
Event: 0.054 loading class java/io/FileOutputStream$1
Event: 0.054 loading class java/io/FileOutputStream$1 done


Dynamic libraries:
414000000-453000000 rw-p 00000000 00:00 0 
453000000-7ff000000 ---p 00000000 00:00 0 
7ff000000-7ff700000 rw-p 00000000 00:00 0 
7ff700000-7ff776000 rw-p 00c9c000 08:03 18363978                         /home/rowan/.jdks/corretto-17.0.5/lib/server/classes.jsa
7ff776000-7ff800000 rw-p 00000000 00:00 0 
7ff800000-7ff882000 rw-p 00c1a000 08:03 18363978                         /home/rowan/.jdks/corretto-17.0.5/lib/server/classes.jsa
7ff882000-800000000 rw-p 00000000 00:00 0 
800000000-800458000 rw-p 00001000 08:03 18363978                         /home/rowan/.jdks/corretto-17.0.5/lib/server/classes.jsa
800458000-800be1000 r--p 00459000 08:03 18363978                         /home/rowan/.jdks/corretto-17.0.5/lib/server/classes.jsa
800be1000-800c00000 ---p 00000000 00:00 0 
800c00000-800c10000 rw-p 00000000 00:00 0 
800c10000-800c40000 ---p 00000000 00:00 0 
800c40000-800c60000 rw-p 00000000 00:00 0 
800c60000-840c00000 ---p 00000000 00:00 0 
6452a0200000-6452a0201000 r-xp 00000000 08:03 18364079                   /home/rowan/.jdks/corretto-17.0.5/bin/java
6452a0401000-6452a0402000 r--p 00001000 08:03 18364079                   /home/rowan/.jdks/corretto-17.0.5/bin/java
6452a0402000-6452a0403000 rw-p 00002000 08:03 18364079                   /home/rowan/.jdks/corretto-17.0.5/bin/java
6452a06ff000-6452a074a000 rw-p 00000000 00:00 0                          [heap]
735828000000-73582802c000 rw-p 00000000 00:00 0 
73582802c000-73582c000000 ---p 00000000 00:00 0 
73582c000000-73582c021000 rw-p 00000000 00:00 0 
73582c021000-735830000000 ---p 00000000 00:00 0 
735834000000-735834021000 rw-p 00000000 00:00 0 
735834021000-735838000000 ---p 00000000 00:00 0 
735838000000-735838021000 rw-p 00000000 00:00 0 
735838021000-73583c000000 ---p 00000000 00:00 0 
735840000000-735840021000 rw-p 00000000 00:00 0 
735840021000-735844000000 ---p 00000000 00:00 0 
735844000000-735844021000 rw-p 00000000 00:00 0 
735844021000-735848000000 ---p 00000000 00:00 0 
73584c000000-73584c021000 rw-p 00000000 00:00 0 
73584c021000-735850000000 ---p 00000000 00:00 0 
735850000000-735850021000 rw-p 00000000 00:00 0 
735850021000-735854000000 ---p 00000000 00:00 0 
735858000000-7358581a4000 rw-p 00000000 00:00 0 
7358581a4000-73585c000000 ---p 00000000 00:00 0 
73585c000000-73585c070000 rw-p 00000000 00:00 0 
73585c070000-735860000000 ---p 00000000 00:00 0 
735864000000-735864021000 rw-p 00000000 00:00 0 
735864021000-735868000000 ---p 00000000 00:00 0 
735868000000-735868021000 rw-p 00000000 00:00 0 
735868021000-73586c000000 ---p 00000000 00:00 0 
735870000000-735870021000 rw-p 00000000 00:00 0 
735870021000-735874000000 ---p 00000000 00:00 0 
735874000000-735874021000 rw-p 00000000 00:00 0 
735874021000-735878000000 ---p 00000000 00:00 0 
73587c000000-73587c021000 rw-p 00000000 00:00 0 
73587c021000-735880000000 ---p 00000000 00:00 0 
735880000000-735880021000 rw-p 00000000 00:00 0 
735880021000-735884000000 ---p 00000000 00:00 0 
735888000000-735888021000 rw-p 00000000 00:00 0 
735888021000-73588c000000 ---p 00000000 00:00 0 
73588c000000-73588c021000 rw-p 00000000 00:00 0 
73588c021000-735890000000 ---p 00000000 00:00 0 
735894000000-735894021000 rw-p 00000000 00:00 0 
735894021000-735898000000 ---p 00000000 00:00 0 
735898000000-735898021000 rw-p 00000000 00:00 0 
735898021000-73589c000000 ---p 00000000 00:00 0 
73589d600000-73589d601000 ---p 00000000 00:00 0 
73589d601000-73589de01000 rw-p 00000000 00:00 0 
73589e000000-73589e09c000 r--p 00000000 08:03 13261895                   /usr/lib/libstdc++.so.6.0.32
73589e09c000-73589e1d3000 r-xp 0009c000 08:03 13261895                   /usr/lib/libstdc++.so.6.0.32
73589e1d3000-73589e269000 r--p 001d3000 08:03 13261895                   /usr/lib/libstdc++.so.6.0.32
73589e269000-73589e276000 r--p 00269000 08:03 13261895                   /usr/lib/libstdc++.so.6.0.32
73589e276000-73589e277000 rw-p 00276000 08:03 13261895                   /usr/lib/libstdc++.so.6.0.32
73589e277000-73589e27b000 rw-p 00000000 00:00 0 
73589e400000-73589e41a000 r-xp 00000000 08:03 18363968                   /home/rowan/.jdks/corretto-17.0.5/lib/libzip.so
73589e41a000-73589e61a000 ---p 0001a000 08:03 18363968                   /home/rowan/.jdks/corretto-17.0.5/lib/libzip.so
73589e61a000-73589e61b000 r--p 0001a000 08:03 18363968                   /home/rowan/.jdks/corretto-17.0.5/lib/libzip.so
73589e61b000-73589e61c000 rw-p 00000000 00:00 0 
73589ea00000-73589ea14000 r-xp 00000000 08:03 18363965                   /home/rowan/.jdks/corretto-17.0.5/lib/libnet.so
73589ea14000-73589ec14000 ---p 00014000 08:03 18363965                   /home/rowan/.jdks/corretto-17.0.5/lib/libnet.so
73589ec14000-73589ec15000 r--p 00014000 08:03 18363965                   /home/rowan/.jdks/corretto-17.0.5/lib/libnet.so
73589ec15000-73589ec16000 rw-p 00015000 08:03 18363965                   /home/rowan/.jdks/corretto-17.0.5/lib/libnet.so
73589f000000-73589f012000 r-xp 00000000 08:03 18363966                   /home/rowan/.jdks/corretto-17.0.5/lib/libnio.so
73589f012000-73589f211000 ---p 00012000 08:03 18363966                   /home/rowan/.jdks/corretto-17.0.5/lib/libnio.so
73589f211000-73589f212000 r--p 00011000 08:03 18363966                   /home/rowan/.jdks/corretto-17.0.5/lib/libnio.so
73589f212000-73589f213000 rw-p 00012000 08:03 18363966                   /home/rowan/.jdks/corretto-17.0.5/lib/libnio.so
73589f400000-73589f404000 ---p 00000000 00:00 0 
73589f404000-73589f500000 rw-p 00000000 00:00 0 
73589f500000-73589f504000 ---p 00000000 00:00 0 
73589f504000-73589f600000 rw-p 00000000 00:00 0 
73589f600000-73589f8eb000 r--p 00000000 08:03 13299363                   /usr/lib/locale/locale-archive
73589f900000-73589f904000 ---p 00000000 00:00 0 
73589f904000-73589fa00000 rw-p 00000000 00:00 0 
73589fa00000-73589face000 r-xp 00000000 08:03 18364004                   /home/rowan/.jdks/corretto-17.0.5/lib/libjsvml.so
73589face000-73589fccd000 ---p 000ce000 08:03 18364004                   /home/rowan/.jdks/corretto-17.0.5/lib/libjsvml.so
73589fccd000-73589fcce000 r--p 000cd000 08:03 18364004                   /home/rowan/.jdks/corretto-17.0.5/lib/libjsvml.so
73589fcce000-73589fccf000 rw-p 000ce000 08:03 18364004                   /home/rowan/.jdks/corretto-17.0.5/lib/libjsvml.so
73589fcfe000-73589fd02000 ---p 00000000 00:00 0 
73589fd02000-73589fdfe000 rw-p 00000000 00:00 0 
73589fdfe000-73589fdff000 ---p 00000000 00:00 0 
73589fdff000-73589ff00000 rw-p 00000000 00:00 0 
73589ff00000-73589ff04000 ---p 00000000 00:00 0 
73589ff04000-7358a0000000 rw-p 00000000 00:00 0 
7358a0000000-7358a0021000 rw-p 00000000 00:00 0 
7358a0021000-7358a4004000 ---p 00000000 00:00 0 
7358a4004000-7358a4100000 rw-p 00000000 00:00 0 
7358a4100000-7358a4104000 ---p 00000000 00:00 0 
7358a4104000-7358a4200000 rw-p 00000000 00:00 0 
7358a4200000-7358a4204000 ---p 00000000 00:00 0 
7358a4204000-7358a4300000 rw-p 00000000 00:00 0 
7358a4300000-7358a4304000 ---p 00000000 00:00 0 
7358a4304000-7358a4400000 rw-p 00000000 00:00 0 
7358a4400000-7358a44e0000 rw-p 00000000 00:00 0 
7358a44e0000-7358a4800000 ---p 00000000 00:00 0 
7358a4800000-7358a4810000 rw-p 00000000 00:00 0 
7358a4810000-7358a4c00000 ---p 00000000 00:00 0 
7358a4cf0000-7358a4cf4000 ---p 00000000 00:00 0 
7358a4cf4000-7358a4df0000 rw-p 00000000 00:00 0 
7358a4df0000-7358a4df4000 ---p 00000000 00:00 0 
7358a4df4000-7358a4ef0000 rw-p 00000000 00:00 0 
7358a4ef0000-7358a4ef1000 ---p 00000000 00:00 0 
7358a4ef1000-7358a4ff2000 rw-p 00000000 00:00 0 
7358a4ff2000-7358a4ff3000 ---p 00000000 00:00 0 
7358a4ff3000-7358a50f4000 rw-p 00000000 00:00 0 
7358a50f4000-7358a50f5000 ---p 00000000 00:00 0 
7358a50f5000-7358a51f6000 rw-p 00000000 00:00 0 
7358a51f6000-7358a8bc0000 rw-p 00000000 00:00 0 
7358a8bc0000-7358b76c0000 ---p 00000000 00:00 0 
7358b76c0000-7358b7700000 rw-p 00000000 00:00 0 
7358b7700000-7358b7704000 ---p 00000000 00:00 0 
7358b7704000-7358b7800000 rw-p 00000000 00:00 0 
7358b7800000-7358b87c0000 rw-p 00000000 00:00 0 
7358b87c0000-7358c72c0000 ---p 00000000 00:00 0 
7358c72c0000-7358c7300000 rw-p 00000000 00:00 0 
7358c7300000-7358c7304000 ---p 00000000 00:00 0 
7358c7304000-7358c7400000 rw-p 00000000 00:00 0 
7358c7400000-7358c75f8000 rw-p 00000000 00:00 0 
7358c75f8000-7358c9358000 ---p 00000000 00:00 0 
7358c9358000-7358c9360000 rw-p 00000000 00:00 0 
7358c9400000-7358c95f8000 rw-p 00000000 00:00 0 
7358c95f8000-7358cb358000 ---p 00000000 00:00 0 
7358cb358000-7358cb360000 rw-p 00000000 00:00 0 
7358cb400000-7358cb5f8000 rw-p 00000000 00:00 0 
7358cb5f8000-7358cd358000 ---p 00000000 00:00 0 
7358cd358000-7358cd360000 rw-p 00000000 00:00 0 
7358cd400000-7358cd6d0000 rwxp 00000000 00:00 0 
7358cd6d0000-7358cdb41000 ---p 00000000 00:00 0 
7358cdb41000-7358cddb1000 rwxp 00000000 00:00 0 
7358cddb1000-7358d4fa0000 ---p 00000000 00:00 0 
7358d4fa0000-7358d5210000 rwxp 00000000 00:00 0 
7358d5210000-7358dc400000 ---p 00000000 00:00 0 
7358dc400000-7358e3f75000 r--s 00000000 08:03 18363955                   /home/rowan/.jdks/corretto-17.0.5/lib/modules
7358e4000000-7358e427e000 rw-p 00000000 00:00 0 
7358e427e000-7358e8000000 ---p 00000000 00:00 0 
7358e806f000-7358e83f3000 rw-p 00000000 00:00 0 
7358e83f3000-7358e83f4000 ---p 00000000 00:00 0 
7358e83f4000-7358e84f5000 rw-p 00000000 00:00 0 
7358e84f5000-7358e84f6000 ---p 00000000 00:00 0 
7358e84f6000-7358e85f7000 rw-p 00000000 00:00 0 
7358e85f7000-7358e85f8000 ---p 00000000 00:00 0 
7358e85f8000-7358e86f9000 rw-p 00000000 00:00 0 
7358e86f9000-7358e8e00000 rw-p 00000000 00:00 0 
7358e8e00000-7358e8e24000 r-xp 00000000 08:03 18363961                   /home/rowan/.jdks/corretto-17.0.5/lib/libjava.so
7358e8e24000-7358e9023000 ---p 00024000 08:03 18363961                   /home/rowan/.jdks/corretto-17.0.5/lib/libjava.so
7358e9023000-7358e9024000 r--p 00023000 08:03 18363961                   /home/rowan/.jdks/corretto-17.0.5/lib/libjava.so
7358e9024000-7358e9025000 rw-p 00024000 08:03 18363961                   /home/rowan/.jdks/corretto-17.0.5/lib/libjava.so
7358e9025000-7358e9026000 rw-p 00000000 00:00 0 
7358e9051000-7358e9055000 r--p 00000000 08:03 13242445                   /usr/lib/libgcc_s.so.1
7358e9055000-7358e9070000 r-xp 00004000 08:03 13242445                   /usr/lib/libgcc_s.so.1
7358e9070000-7358e9074000 r--p 0001f000 08:03 13242445                   /usr/lib/libgcc_s.so.1
7358e9074000-7358e9075000 r--p 00022000 08:03 13242445                   /usr/lib/libgcc_s.so.1
7358e9075000-7358e9076000 rw-p 00023000 08:03 13242445                   /usr/lib/libgcc_s.so.1
7358e90a2000-7358e9400000 rw-p 00000000 00:00 0 
7358e9400000-7358e941b000 r-xp 00000000 08:03 18363962                   /home/rowan/.jdks/corretto-17.0.5/lib/libjimage.so
7358e941b000-7358e961a000 ---p 0001b000 08:03 18363962                   /home/rowan/.jdks/corretto-17.0.5/lib/libjimage.so
7358e961a000-7358e961c000 r--p 0001a000 08:03 18363962                   /home/rowan/.jdks/corretto-17.0.5/lib/libjimage.so
7358e961c000-7358e961d000 rw-p 0001c000 08:03 18363962                   /home/rowan/.jdks/corretto-17.0.5/lib/libjimage.so
7358e963c000-7358e9a00000 rw-p 00000000 00:00 0 
7358e9a00000-7358eacea000 r-xp 00000000 08:03 18363976                   /home/rowan/.jdks/corretto-17.0.5/lib/server/libjvm.so
7358eacea000-7358eaee9000 ---p 012ea000 08:03 18363976                   /home/rowan/.jdks/corretto-17.0.5/lib/server/libjvm.so
7358eaee9000-7358eafa2000 r--p 012e9000 08:03 18363976                   /home/rowan/.jdks/corretto-17.0.5/lib/server/libjvm.so
7358eafa2000-7358eafd7000 rw-p 013a2000 08:03 18363976                   /home/rowan/.jdks/corretto-17.0.5/lib/server/libjvm.so
7358eafd7000-7358eb031000 rw-p 00000000 00:00 0 
7358eb03e000-7358eb133000 rw-p 00000000 00:00 0 
7358eb133000-7358eb217000 ---p 00000000 00:00 0 
7358eb217000-7358eb21c000 rw-p 00000000 00:00 0 
7358eb21c000-7358eb300000 ---p 00000000 00:00 0 
7358eb300000-7358eb304000 ---p 00000000 00:00 0 
7358eb304000-7358eb400000 rw-p 00000000 00:00 0 
7358eb400000-7358eb419000 r-xp 00000000 08:03 18363963                   /home/rowan/.jdks/corretto-17.0.5/lib/libjli.so
7358eb419000-7358eb618000 ---p 00019000 08:03 18363963                   /home/rowan/.jdks/corretto-17.0.5/lib/libjli.so
7358eb618000-7358eb619000 r--p 00018000 08:03 18363963                   /home/rowan/.jdks/corretto-17.0.5/lib/libjli.so
7358eb619000-7358eb61a000 rw-p 00019000 08:03 18363963                   /home/rowan/.jdks/corretto-17.0.5/lib/libjli.so
7358eb628000-7358eb667000 rw-p 00000000 00:00 0 
7358eb667000-7358eb675000 r--p 00000000 08:03 13241698                   /usr/lib/libm.so.6
7358eb675000-7358eb6f5000 r-xp 0000e000 08:03 13241698                   /usr/lib/libm.so.6
7358eb6f5000-7358eb751000 r--p 0008e000 08:03 13241698                   /usr/lib/libm.so.6
7358eb751000-7358eb752000 r--p 000e9000 08:03 13241698                   /usr/lib/libm.so.6
7358eb752000-7358eb753000 rw-p 000ea000 08:03 13241698                   /usr/lib/libm.so.6
7358eb753000-7358eb754000 r--p 00000000 08:03 13241728                   /usr/lib/librt.so.1
7358eb754000-7358eb755000 r-xp 00001000 08:03 13241728                   /usr/lib/librt.so.1
7358eb755000-7358eb756000 r--p 00002000 08:03 13241728                   /usr/lib/librt.so.1
7358eb756000-7358eb757000 r--p 00002000 08:03 13241728                   /usr/lib/librt.so.1
7358eb757000-7358eb758000 rw-p 00003000 08:03 13241728                   /usr/lib/librt.so.1
7358eb758000-7358eb75a000 rw-p 00000000 00:00 0 
7358eb75a000-7358eb77e000 r--p 00000000 08:03 13241673                   /usr/lib/libc.so.6
7358eb77e000-7358eb8d9000 r-xp 00024000 08:03 13241673                   /usr/lib/libc.so.6
7358eb8d9000-7358eb92e000 r--p 0017f000 08:03 13241673                   /usr/lib/libc.so.6
7358eb92e000-7358eb932000 r--p 001d3000 08:03 13241673                   /usr/lib/libc.so.6
7358eb932000-7358eb934000 rw-p 001d7000 08:03 13241673                   /usr/lib/libc.so.6
7358eb934000-7358eb93c000 rw-p 00000000 00:00 0 
7358eb93c000-7358eb93d000 r--p 00000000 08:03 13241684                   /usr/lib/libdl.so.2
7358eb93d000-7358eb93e000 r-xp 00001000 08:03 13241684                   /usr/lib/libdl.so.2
7358eb93e000-7358eb93f000 r--p 00002000 08:03 13241684                   /usr/lib/libdl.so.2
7358eb93f000-7358eb940000 r--p 00002000 08:03 13241684                   /usr/lib/libdl.so.2
7358eb940000-7358eb941000 rw-p 00003000 08:03 13241684                   /usr/lib/libdl.so.2
7358eb941000-7358eb942000 r--p 00000000 08:03 13241723                   /usr/lib/libpthread.so.0
7358eb942000-7358eb943000 r-xp 00001000 08:03 13241723                   /usr/lib/libpthread.so.0
7358eb943000-7358eb944000 r--p 00002000 08:03 13241723                   /usr/lib/libpthread.so.0
7358eb944000-7358eb945000 r--p 00002000 08:03 13241723                   /usr/lib/libpthread.so.0
7358eb945000-7358eb946000 rw-p 00003000 08:03 13241723                   /usr/lib/libpthread.so.0
7358eb94d000-7358eb950000 r--p 00000000 00:21 18661                      /tmp/lexer1857020998613327718.lib
7358eb950000-7358eb953000 r-xp 00003000 00:21 18661                      /tmp/lexer1857020998613327718.lib
7358eb953000-7358eb954000 r--p 00006000 00:21 18661                      /tmp/lexer1857020998613327718.lib
7358eb954000-7358eb955000 r--p 00007000 00:21 18661                      /tmp/lexer1857020998613327718.lib
7358eb955000-7358eb956000 rw-p 00008000 00:21 18661                      /tmp/lexer1857020998613327718.lib
7358eb956000-7358eb95e000 rw-p 00000000 00:00 0 
7358eb95e000-7358eb967000 ---p 00000000 00:00 0 
7358eb967000-7358eb96f000 rw-s 00000000 00:21 18660                      /tmp/hsperfdata_rowan/143771
7358eb96f000-7358eb970000 ---p 00000000 00:00 0 
7358eb970000-7358eb971000 r--p 00000000 00:00 0 
7358eb971000-7358eb972000 ---p 00000000 00:00 0 
7358eb972000-7358eb974000 rw-p 00000000 00:00 0 
7358eb974000-7358eb975000 r--p 00000000 08:03 13241644                   /usr/lib/ld-linux-x86-64.so.2
7358eb975000-7358eb99c000 r-xp 00001000 08:03 13241644                   /usr/lib/ld-linux-x86-64.so.2
7358eb99c000-7358eb9a7000 r--p 00028000 08:03 13241644                   /usr/lib/ld-linux-x86-64.so.2
7358eb9a7000-7358eb9a9000 r--p 00032000 08:03 13241644                   /usr/lib/ld-linux-x86-64.so.2
7358eb9a9000-7358eb9ab000 rw-p 00034000 08:03 13241644                   /usr/lib/ld-linux-x86-64.so.2
7fff57fcb000-7fff57fef000 rw-p 00000000 00:00 0                          [stack]
7fff57ff9000-7fff57ffd000 r--p 00000000 00:00 0                          [vvar]
7fff57ffd000-7fff57fff000 r-xp 00000000 00:00 0                          [vdso]
ffffffffff600000-ffffffffff601000 --xp 00000000 00:00 0                  [vsyscall]


VM Arguments:
jvm_args: -Dfile.encoding=UTF-8 -Duser.country=US -Duser.language=en -Duser.variant 
java_command: jni.TestRunner
java_class_path (initial): /home/rowan/IdeaProjects/LexerLearning/jni-runner/build/classes/java/main:/home/rowan/IdeaProjects/LexerLearning/jni-runner/build/resources/main:/home/rowan/IdeaProjects/LexerLearning/jni-lib/build/libs/jni-lib.jar:/home/rowan/.gradle/caches/modules-2/files-2.1/de.learnlib/learnlib-aaar/0.17.0/e0189d85b19795a262def7e140b319414d6ac804/learnlib-aaar-0.17.0.jar:/home/rowan/.gradle/caches/modules-2/files-2.1/de.learnlib/learnlib-adt/0.17.0/abb1cc7bbe827dc4eb466961132dbf4edf1ba574/learnlib-adt-0.17.0.jar:/home/rowan/.gradle/caches/modules-2/files-2.1/de.learnlib/learnlib-dhc/0.17.0/cccd00238a88cc8f41c2d40a362cdb09b6233cd6/learnlib-dhc-0.17.0.jar:/home/rowan/.gradle/caches/modules-2/files-2.1/de.learnlib/learnlib-procedural/0.17.0/f9513c284259cc197445d2aa2cf5f95bc14f9c64/learnlib-procedural-0.17.0.jar:/home/rowan/.gradle/caches/modules-2/files-2.1/de.learnlib/learnlib-kearns-vazirani/0.17.0/c09e83b1643d7558135368a13b4a6a6a223d8b2a/learnlib-kearns-vazirani-0.17.0.jar:/home/rowan/.gradle/caches/modules-2/files-2.1/de.learnlib/learnlib-lstar/0.17.0/d7ece5a39d307845d327c3b8b406954cdb47337f/learnlib-lstar-0.17.0.jar:/home/rowan/.gradle/caches/modules-2/files-2.1/de.learnlib/learnlib-nlstar/0.17.0/1392b226b110e635a8b38bf4c6a5035030d530e3/learnlib-nlstar-0.17.0.jar:/home/rowan/.gradle/caches/modules-2/files-2.1/de.learnlib/learnlib-observation-pack/0.17.0/1f017b96488e1879b9a89353f4792e1979a4b7ad/learnlib-observation-pack-0.17.0.jar:/home/rowan/.gradle/caches/modules-2/files-2.1/de.learnlib/learnlib-ttt-vpa/0.17.0/ed06fd22e5143dd3d678b123551e199cb06355fb/learnlib-ttt-vpa-0.17.0.jar:/home/rowan/.gradle/caches/modules-2/files-2.1/de.learnlib/learnlib-observation-pack-vpa/0.17.0/76e7355aeb6d5ff2a4f746dd9d11bdf909c584e7/learnlib-observation-pack-vpa-0.17.0.jar:/home/rowan/.gradle/caches/modules-2/files-2.1/de.learnlib/learnlib-oml/0.17.0/178a668140a006fd8b1c0e96092546de3fae4036/learnlib-oml-0.17.0.jar:/home/rowan/.gradle/caches/modules-2/files-2.1/de.lear
Launcher Type: SUN_STANDARD

[Global flags]
     intx CICompilerCount                          = 12                                        {product} {ergonomic}
     uint ConcGCThreads                            = 3                                         {product} {ergonomic}
     uint G1ConcRefinementThreads                  = 13                                        {product} {ergonomic}
   size_t G1HeapRegionSize                         = 8388608                                   {product} {ergonomic}
    uintx GCDrainStackTargetSize                   = 64                                        {product} {ergonomic}
   size_t InitialHeapSize                          = 1056964608                                {product} {ergonomic}
   size_t MarkStackSize                            = 4194304                                   {product} {ergonomic}
   size_t MaxHeapSize                              = 16844324864                               {product} {ergonomic}
   size_t MaxNewSize                               = 10099884032                               {product} {ergonomic}
   size_t MinHeapDeltaBytes                        = 8388608                                   {product} {ergonomic}
   size_t MinHeapSize                              = 8388608                                   {product} {ergonomic}
    uintx NonNMethodCodeHeapSize                   = 7602480                                {pd product} {ergonomic}
    uintx NonProfiledCodeHeapSize                  = 122027880                              {pd product} {ergonomic}
    uintx ProfiledCodeHeapSize                     = 122027880                              {pd product} {ergonomic}
    uintx ReservedCodeCacheSize                    = 251658240                              {pd product} {ergonomic}
     bool SegmentedCodeCache                       = true                                      {product} {ergonomic}
   size_t SoftMaxHeapSize                          = 16844324864                            {manageable} {ergonomic}
     bool UseCompressedClassPointers               = true                           {product lp64_product} {ergonomic}
     bool UseCompressedOops                        = true                           {product lp64_product} {ergonomic}
     bool UseG1GC                                  = true                                      {product} {ergonomic}

Logging:
Log output configuration:
 #0: stdout all=warning uptime,level,tags
 #1: stderr all=off uptime,level,tags

Environment Variables:
PATH=/home/rowan/.config/bspwm/scripts:/usr/local/sbin:/usr/local/bin:/usr/bin:/opt/android-sdk/tools:/opt/android-sdk/tools/bin:/opt/cuda/bin:/opt/cuda/nsight_compute:/opt/cuda/nsight_systems/bin:/usr/lib/jvm/default/bin:/usr/bin/site_perl:/usr/bin/vendor_perl:/usr/bin/core_perl:/usr/lib/rustup/bin:/home/rowan/.local/share/JetBrains/Toolbox/scripts
SHELL=/bin/bash
DISPLAY=:0
LANG=en_US.UTF-8

Signal Handlers:
   SIGSEGV: crash_handler in libjvm.so, mask=11100100010111111101111111111110, flags=SA_RESTART|SA_SIGINFO
    SIGBUS: crash_handler in libjvm.so, mask=11100100010111111101111111111110, flags=SA_RESTART|SA_SIGINFO
    SIGFPE: crash_handler in libjvm.so, mask=11100100010111111101111111111110, flags=SA_RESTART|SA_SIGINFO
   SIGPIPE: javaSignalHandler in libjvm.so, mask=11100100010111111101111111111110, flags=SA_RESTART|SA_SIGINFO
   SIGXFSZ: javaSignalHandler in libjvm.so, mask=11100100010111111101111111111110, flags=SA_RESTART|SA_SIGINFO
    SIGILL: crash_handler in libjvm.so, mask=11100100010111111101111111111110, flags=SA_RESTART|SA_SIGINFO
   SIGUSR2: SR_handler in libjvm.so, mask=00100000000000000000000000000000, flags=SA_RESTART|SA_SIGINFO
    SIGHUP: UserHandler in libjvm.so, mask=11100100010111111101111111111110, flags=SA_RESTART|SA_SIGINFO
    SIGINT: UserHandler in libjvm.so, mask=11100100010111111101111111111110, flags=SA_RESTART|SA_SIGINFO
   SIGTERM: UserHandler in libjvm.so, mask=11100100010111111101111111111110, flags=SA_RESTART|SA_SIGINFO
   SIGQUIT: UserHandler in libjvm.so, mask=11100100010111111101111111111110, flags=SA_RESTART|SA_SIGINFO
  *** Handler was modified!
  *** Expected: javaSignalHandler in libjvm.so, mask=11100100110111111111111111111110, flags=SA_RESTART|SA_SIGINFO
   SIGTRAP: crash_handler in libjvm.so, mask=11100100010111111101111111111110, flags=SA_RESTART|SA_SIGINFO


---------------  S Y S T E M  ---------------

OS:
DISTRIB_ID="Arch"
DISTRIB_RELEASE="rolling"
DISTRIB_DESCRIPTION="Arch Linux"
uname: Linux 6.8.2-arch2-1 #1 SMP PREEMPT_DYNAMIC Thu, 28 Mar 2024 17:06:35 +0000 x86_64
OS uptime: 0 days 1:55 hours
libc: glibc 2.39 NPTL 2.39 
rlimit (soft/hard): STACK 8192k/infinity , CORE infinity/infinity , NPROC 256672/256672 , NOFILE 524288/524288 , AS infinity/infinity , CPU infinity/infinity , DATA infinity/infinity , FSIZE infinity/infinity , MEMLOCK 8192k/8192k
load average: 5.36 5.63 5.53

/proc/meminfo:
MemTotal:       65766156 kB
MemFree:        30286860 kB
MemAvailable:   40637812 kB
Buffers:          917956 kB
Cached:          9859292 kB
SwapCached:            0 kB
Active:         28039668 kB
Inactive:        5871192 kB
Active(anon):   23518612 kB
Inactive(anon):        0 kB
Active(file):    4521056 kB
Inactive(file):  5871192 kB
Unevictable:         588 kB
Mlocked:             588 kB
SwapTotal:      16777212 kB
SwapFree:       16777212 kB
Zswap:                 0 kB
Zswapped:              0 kB
Dirty:             58680 kB
Writeback:             0 kB
AnonPages:      22235096 kB
Mapped:          3251012 kB
Shmem:            385756 kB
KReclaimable:     684916 kB
Slab:             905072 kB
SReclaimable:     684916 kB
SUnreclaim:       220156 kB
KernelStack:       39784 kB
PageTables:       134656 kB
SecPageTables:         0 kB
NFS_Unstable:          0 kB
Bounce:                0 kB
WritebackTmp:          0 kB
CommitLimit:    49660288 kB
Committed_AS:   41659052 kB
VmallocTotal:   34359738367 kB
VmallocUsed:      178616 kB
VmallocChunk:          0 kB
Percpu:            41216 kB
HardwareCorrupted:     0 kB
AnonHugePages:  11825152 kB
ShmemHugePages:        0 kB
ShmemPmdMapped:        0 kB
FileHugePages:    546816 kB
FilePmdMapped:     65536 kB
CmaTotal:              0 kB
CmaFree:               0 kB
Unaccepted:            0 kB
HugePages_Total:       0
HugePages_Free:        0
HugePages_Rsvd:        0
HugePages_Surp:        0
Hugepagesize:       2048 kB
Hugetlb:               0 kB
DirectMap4k:     1456048 kB
DirectMap2M:    35166208 kB
DirectMap1G:    30408704 kB

/sys/kernel/mm/transparent_hugepage/enabled: [always] madvise never
/sys/kernel/mm/transparent_hugepage/defrag (defrag/compaction efforts parameter): always defer defer+madvise [madvise] never

Process Memory:
Virtual Size: 20089000K (peak: 20089000K)
Resident Set Size: 59048K (peak: 59048K) (anon: 28492K, file: 30556K, shmem: 0K)
Swapped out: 0K
C-Heap outstanding allocations: 37943K, retained: 2424K
glibc malloc tunables: (default)

/proc/sys/kernel/threads-max (system-wide limit on the number of threads): 513344
/proc/sys/vm/max_map_count (maximum number of memory map areas a process may have): 65530
/proc/sys/kernel/pid_max (system-wide limit on number of process identifiers): 4194304

container (cgroup) information:
container_type: cgroupv2
cpu_cpuset_cpus: not supported
cpu_memory_nodes: not supported
active_processor_count: 16
cpu_quota: no quota
cpu_period: 100000
cpu_shares: no shares
memory_limit_in_bytes: unlimited
memory_and_swap_limit_in_bytes: unlimited
memory_soft_limit_in_bytes: unlimited
memory_usage_in_bytes: 31054520 k
memory_max_usage_in_bytes: not supported
maximum number of tasks: unlimited
current number of tasks: 1624

Steal ticks since vm start: 0
Steal ticks percentage since vm start:  0.000

CPU: total 32 (initial active 16) (16 cores per cpu, 2 threads per core) family 25 model 33 stepping 0 microcode 0xa201016, cx8, cmov, fxsr, ht, mmx, 3dnowpref, sse, sse2, sse3, ssse3, sse4a, sse4.1, sse4.2, popcnt, lzcnt, tsc, tscinvbit, avx, avx2, aes, erms, clmul, bmi1, bmi2, adx, sha, fma, vzeroupper, clflush, clflushopt
CPU Model and flags from /proc/cpuinfo:
model name	: AMD Ryzen 7 5800X 8-Core Processor
flags		: fpu vme de pse tsc msr pae mce cx8 apic sep mtrr pge mca cmov pat pse36 clflush mmx fxsr sse sse2 ht syscall nx mmxext fxsr_opt pdpe1gb rdtscp lm constant_tsc rep_good nopl nonstop_tsc cpuid extd_apicid aperfmperf rapl pni pclmulqdq monitor ssse3 fma cx16 sse4_1 sse4_2 x2apic movbe popcnt aes xsave avx f16c rdrand lahf_lm cmp_legacy svm extapic cr8_legacy abm sse4a misalignsse 3dnowprefetch osvw ibs skinit wdt tce topoext perfctr_core perfctr_nb bpext perfctr_llc mwaitx cpb cat_l3 cdp_l3 hw_pstate ssbd mba ibrs ibpb stibp vmmcall fsgsbase bmi1 avx2 smep bmi2 erms invpcid cqm rdt_a rdseed adx smap clflushopt clwb sha_ni xsaveopt xsavec xgetbv1 xsaves cqm_llc cqm_occup_llc cqm_mbm_total cqm_mbm_local user_shstk clzero irperf xsaveerptr rdpru wbnoinvd arat npt lbrv svm_lock nrip_save tsc_scale vmcb_clean flushbyasid decodeassists pausefilter pfthreshold avic v_vmsave_vmload vgif v_spec_ctrl umip pku ospke vaes vpclmulqdq rdpid overflow_recov succor smca fsrm debug_swap

Online cpus: 0-15
Offline cpus: 16-31
BIOS frequency limitation: 3800000
Frequency switch latency (ns): 0
Available cpu frequencies: 3800000 2800000 2200000 
Current governor: schedutil
Core performance/turbo boost: 1

Memory: 4k page, physical 65766156k(30286860k free), swap 16777212k(16777212k free)
Page Sizes: 4k

vm_info: OpenJDK 64-Bit Server VM (17.0.5+8-LTS) for linux-amd64 JRE (17.0.5+8-LTS), built on Oct 13 2022 05:01:28 by "jenkins" with gcc 7.3.1 20180303 (Red Hat 7.3.1-5)

END.
