#
# A fatal error has been detected by the Java Runtime Environment:
#
#  SIGSEGV (0xb) at pc=0x000078e7cb149e45, pid=113264, tid=113265
#
# JRE version: OpenJDK Runtime Environment (17.0.10+7) (build 17.0.10+7)
# Java VM: OpenJDK 64-Bit Server VM (17.0.10+7, mixed mode, tiered, compressed oops, compressed class ptrs, g1 gc, linux-amd64)
# Problematic frame:
# C  [libc.so.6+0x84e45]  _IO_default_xsputn+0xe5
#
# Core dump will be written. Default location: Core dumps may be processed with "/usr/lib/systemd/systemd-coredump %P %u %g %s %t %c %h" (or dumping to /home/rowan/IdeaProjects/LexerLearning/jni-runner/core.113264)
#
# If you would like to submit a bug report, please visit:
#   https://bugreport.java.com/bugreport/crash.jsp
# The crash happened outside the Java Virtual Machine in native code.
# See problematic frame for where to report the bug.
#

---------------  S U M M A R Y ------------

Command Line: -Dfile.encoding=UTF-8 -Duser.country=US -Duser.language=en -Duser.variant jni.Runner

Host: AMD Ryzen 7 5800X 8-Core Processor, 32 cores, 62G, Arch Linux
Time: Tue Mar 26 17:51:11 2024 CET elapsed time: 0.075331 seconds (0d 0h 0m 0s)

---------------  T H R E A D  ---------------

Current thread (0x000078e7c40143e0):  JavaThread "main" [_thread_in_native, id=113265, stack(0x000078e7c9b00000,0x000078e7c9c00000)]

Stack: [0x000078e7c9b00000,0x000078e7c9c00000],  sp=0x000078e7c9bfe830,  free space=1018k
Native frames: (J=compiled Java code, j=interpreted, Vv=VM code, C=native code)
C  [libc.so.6+0x84e45]  _IO_default_xsputn+0xe5

Java frames: (J=compiled Java code, j=interpreted, Vv=VM code)
j  jni.Lexer.lex(Ljava/lang/String;Z)Ljni/Token;+0
j  jni.Runner.main([Ljava/lang/String;)V+32
v  ~StubRoutines::call_stub

siginfo: si_signo: 11 (SIGSEGV), si_code: 1 (SEGV_MAPERR), si_addr: 0x0000000000000000

Registers:
RAX=0x0000000000000000, RBX=0x0000000000000001, RCX=0x0000000000002000, RDX=0x0000000000000020
RSP=0x000078e7c9bfe830, RBP=0x0000000000000001, RSI=0x000078e7c43f0550, RDI=0x0000000000000000
R8 =0x0000000000000a90, R9 =0x0000000000000001, R10=0x0000000000000004, R11=0x0000000000000101
R12=0x000078e7cb29bf00, R13=0x0000000000000001, R14=0x000078e7c43f0550, R15=0x000078e710000fb0
RIP=0x000078e7cb149e45, EFLAGS=0x0000000000010246, CSGSFS=0x002b000000000033, ERR=0x0000000000000006
  TRAPNO=0x000000000000000e


Register to memory mapping:

RAX=0x0 is NULL
RBX=0x0000000000000001 is an unknown value
RCX=8192 is a compressed pointer to class: 0x0000000800002000
java.lang.invoke.LambdaForm$MH/0x0000000800002000 {0x0000000800002000}
 - instance size:     2
 - klass size:        65
 - access:            final synchronized 
 - state:             fully_initialized
 - name:              'java/lang/invoke/LambdaForm$MH+0x0000000800002000'
 - super:             'java/lang/Object'
 - sub:               
 - arrays:            NULL
 - methods:           Array<T>(0x000078e764404b10)
 - method ordering:   Array<T>(0x000078e764000018)
 - default_methods:   Array<T>(0x0000000000000000)
 - local interfaces:  Array<T>(0x000078e764000058)
 - trans. interfaces: Array<T>(0x000078e764000058)
 - constants:         constant pool [68] {0x000078e764404850} for 'java/lang/invoke/LambdaForm$MH+0x0000000800002000' cache=0x000078e764404cd8
 - class loader data:  loader data: 0x000078e7c435fd10 of 'bootstrap' has a class holder
 - source file:       'LambdaForm$MH'
 - class annotations:       Array<T>(0x0000000000000000)
 - class type annotations:  Array<T>(0x0000000000000000)
 - field annotations:       Array<T>(0x0000000000000000)
 - field type annotations:  Array<T>(0x0000000000000000)
 - inner classes:     Array<T>(0x000078e764000028)
 - nest members:     Array<T>(0x000078e764000028)
 - permitted subclasses:     Array<T>(0x000078e764000028)
 - java mirror:       a 'java/lang/Class'{0x00000004528cc5f0} = 'java/lang/invoke/LambdaForm$MH+0x0000000800002000'
 - vtable length      5  (start addr: 0x00000008000021d0)
 - itable length      2 (start addr: 0x00000008000021f8)
 - ---- static fields (1 words):
 - static final '_D_0' 'Ljava/lang/invoke/LambdaForm;' @112 
 - ---- non-static fields (0 words):
 - non-static oop maps: 
RDX=0x0000000000000020 is an unknown value
RSP=0x000078e7c9bfe830 is pointing into the stack for thread: 0x000078e7c40143e0
RBP=0x0000000000000001 is an unknown value
RSI=0x000078e7c43f0550 points into unknown readable memory: 0x65666675625f0020 | 20 00 5f 62 75 66 66 65
RDI=0x0 is NULL
R8 =0x0000000000000a90 is an unknown value
R9 =0x0000000000000001 is an unknown value
R10=0x0000000000000004 is an unknown value
R11=0x0000000000000101 is an unknown value
R12=0x000078e7cb29bf00: <offset 0x00000000001d6f00> in /usr/lib/libc.so.6 at 0x000078e7cb0c5000
R13=0x0000000000000001 is an unknown value
R14=0x000078e7c43f0550 points into unknown readable memory: 0x65666675625f0020 | 20 00 5f 62 75 66 66 65
R15=0x000078e710000fb0 points into unknown readable memory: 0x000078e710005840 | 40 58 00 10 e7 78 00 00


Top of Stack: (sp=0x000078e7c9bfe830)
0x000078e7c9bfe830:   000078e7c43f0550 000078e710000fb0
0x000078e7c9bfe840:   00000000ffffffff 000078e710000fb0
0x000078e7c9bfe850:   0000000000000001 000078e7c43f0550
0x000078e7c9bfe860:   0000000000000000 0000000000000001
0x000078e7c9bfe870:   000078e7c40143e0 000078e7cb148912
0x000078e7c9bfe880:   000078e7c9bfe8a0 000078e710000fb0
0x000078e7c9bfe890:   000078e7c43f0550 0000000000000001
0x000078e7c9bfe8a0:   000078e7cb29c440 000078e7c9bfe9a8
0x000078e7c9bfe8b0:   000078e7c40143e0 000078e7cb13be7b
0x000078e7c9bfe8c0:   0000000000000000 000078e7c4014690
0x000078e7c9bfe8d0:   000078e7c9bfe978 0000000000000000
0x000078e7c9bfe8e0:   000078e764400920 000078e7caf90f9a
0x000078e7c9bfe8f0:   000078e7644003a0 000078e764400920
0x000078e7c9bfe900:   000078e7c9bfe978 000078e7b466c53a
0x000078e7c9bfe910:   000078e7b4667b10 000078e700000000
0x000078e7c9bfe920:   000078e7c9bfea00 000078e7c9bfe9a8
0x000078e7c9bfe930:   000078e7c9bfe930 0000000000000000
0x000078e7c9bfe940:   000078e7c9bfe9a8 000078e764400b70
0x000078e7c9bfe950:   0000000000000000 0000000452894df0
0x000078e7c9bfe960:   000078e764400920 0000000000000000
0x000078e7c9bfe970:   000078e7c9bfe998 000078e7c9bfea00
0x000078e7c9bfe980:   000078e7b4668397 0000000000000000
0x000078e7c9bfe990:   000078e7b4669f7b 0000000000000001
0x000078e7c9bfe9a0:   00000004528c4c20 0000000452c478d0
0x000078e7c9bfe9b0:   00000004528142c8 000078e7c9bfe9b8
0x000078e7c9bfe9c0:   000078e764400378 000078e7c9bfea18
0x000078e7c9bfe9d0:   000078e7644003f8 0000000000000000
0x000078e7c9bfe9e0:   00000004528851d8 000078e7644003a0
0x000078e7c9bfe9f0:   000078e7c9bfe998 000078e7c9bfea18
0x000078e7c9bfea00:   000078e7c9bfea80 000078e7b465fcc9
0x000078e7c9bfea10:   0000000452c478d0 0000000452885b90
0x000078e7c9bfea20:   0000000000001fa0 000078e7c9bfeac0 

Instructions: (pc=0x000078e7cb149e45)
0x000078e7cb149d45:   c4 08 5b 5d c3 66 0f 1f 44 00 00 e8 0b c7 ff ff
0x000078e7cb149d55:   eb d2 66 0f 1f 84 00 00 00 00 00 f3 0f 1e fa 48
0x000078e7cb149d65:   85 d2 0f 84 f3 00 00 00 41 57 49 89 ff 41 56 49
0x000078e7cb149d75:   89 f6 41 55 49 89 d5 41 54 4c 8d 25 7b 21 15 00
0x000078e7cb149d85:   55 48 89 d5 53 48 83 ec 18 eb 41 48 85 db 0f 85
0x000078e7cb149d95:   9f 00 00 00 48 29 dd 48 85 ed 74 6a 49 8b 87 d8
0x000078e7cb149da5:   00 00 00 48 89 c2 4c 29 e2 48 81 fa 2f 09 00 00
0x000078e7cb149db5:   77 69 41 0f b6 36 49 8d 5e 01 4c 89 ff ff 50 18
0x000078e7cb149dc5:   83 f8 ff 74 3e 48 83 ed 01 49 89 de 49 8b 7f 28
0x000078e7cb149dd5:   49 8b 5f 30 48 39 df 73 be 48 29 fb 48 39 eb 48
0x000078e7cb149de5:   0f 47 dd 48 83 fb 14 76 a2 4c 89 f6 48 89 da 49
0x000078e7cb149df5:   01 de ff 15 1b 2f 15 00 49 89 47 28 eb 96 0f 1f
0x000078e7cb149e05:   44 00 00 49 29 ed 48 83 c4 18 4c 89 e8 5b 5d 41
0x000078e7cb149e15:   5c 41 5d 41 5e 41 5f c3 0f 1f 00 48 89 44 24 08
0x000078e7cb149e25:   e8 36 c6 ff ff 48 8b 44 24 08 eb 86 0f 1f 80 00
0x000078e7cb149e35:   00 00 00 31 c0 66 0f 1f 44 00 00 41 0f b6 14 06
0x000078e7cb149e45:   88 14 07 48 83 c0 01 48 39 c3 75 ef 48 01 df 49
0x000078e7cb149e55:   01 de 49 89 7f 28 e9 39 ff ff ff 31 c0 c3 66 66
0x000078e7cb149e65:   2e 0f 1f 84 00 00 00 00 00 66 90 f3 0f 1e fa 53
0x000078e7cb149e75:   48 8d 0d 84 20 15 00 48 83 ec 20 48 8b 9f d8 00
0x000078e7cb149e85:   00 00 48 89 d8 48 29 c8 48 3d 2f 09 00 00 77 0b
0x000078e7cb149e95:   48 8b 43 40 48 83 c4 20 5b ff e0 48 89 54 24 18
0x000078e7cb149ea5:   48 89 74 24 10 48 89 7c 24 08 e8 ac c5 ff ff 48
0x000078e7cb149eb5:   8b 43 40 48 8b 54 24 18 48 8b 74 24 10 48 8b 7c
0x000078e7cb149ec5:   24 08 48 83 c4 20 5b ff e0 66 90 f3 0f 1e fa 41
0x000078e7cb149ed5:   56 49 89 d6 41 55 49 89 fd 41 54 49 89 d4 55 48
0x000078e7cb149ee5:   89 f5 53 48 8b 77 08 48 8b 47 10 48 39 c6 73 13
0x000078e7cb149ef5:   eb 30 66 0f 1f 84 00 00 00 00 00 48 85 c0 75 5b
0x000078e7cb149f05:   49 29 de 4d 85 f6 74 46 4c 89 ef e8 3b fa ff ff
0x000078e7cb149f15:   83 f8 ff 74 36 49 8b 75 08 49 8b 45 10 48 39 c6
0x000078e7cb149f25:   73 e6 48 29 f0 4c 39 f0 49 0f 47 c6 48 89 c3 48
0x000078e7cb149f35:   83 f8 14 76 c6 48 89 ef 48 89 c2 ff 15 d2 2d 15 


Stack slot to memory mapping:
stack at sp + 0 slots: 0x000078e7c43f0550 points into unknown readable memory: 0x65666675625f0020 | 20 00 5f 62 75 66 66 65
stack at sp + 1 slots: 0x000078e710000fb0 points into unknown readable memory: 0x000078e710005840 | 40 58 00 10 e7 78 00 00
stack at sp + 2 slots: 0x00000000ffffffff is an unknown value
stack at sp + 3 slots: 0x000078e710000fb0 points into unknown readable memory: 0x000078e710005840 | 40 58 00 10 e7 78 00 00
stack at sp + 4 slots: 0x0000000000000001 is an unknown value
stack at sp + 5 slots: 0x000078e7c43f0550 points into unknown readable memory: 0x65666675625f0020 | 20 00 5f 62 75 66 66 65
stack at sp + 6 slots: 0x0 is NULL
stack at sp + 7 slots: 0x0000000000000001 is an unknown value


---------------  P R O C E S S  ---------------

Threads class SMR info:
_java_thread_list=0x000078e7c43146a0, length=12, elements={
0x000078e7c40143e0, 0x000078e7c4234f80, 0x000078e7c42365a0, 0x000078e7c425ba50,
0x000078e7c425ce10, 0x000078e7c425e230, 0x000078e7c425fc20, 0x000078e7c4261160,
0x000078e7c4262600, 0x000078e73403d330, 0x000078e7c430b950, 0x000078e7c4313710
}

Java Threads: ( => current thread )
=>0x000078e7c40143e0 JavaThread "main" [_thread_in_native, id=113265, stack(0x000078e7c9b00000,0x000078e7c9c00000)]
  0x000078e7c4234f80 JavaThread "Reference Handler" daemon [_thread_blocked, id=113272, stack(0x000078e784cf4000,0x000078e784df4000)]
  0x000078e7c42365a0 JavaThread "Finalizer" daemon [_thread_blocked, id=113273, stack(0x000078e784bf3000,0x000078e784cf3000)]
  0x000078e7c425ba50 JavaThread "Signal Dispatcher" daemon [_thread_blocked, id=113274, stack(0x000078e784af2000,0x000078e784bf2000)]
  0x000078e7c425ce10 JavaThread "Service Thread" daemon [_thread_blocked, id=113275, stack(0x000078e784700000,0x000078e784800000)]
  0x000078e7c425e230 JavaThread "Monitor Deflation Thread" daemon [_thread_blocked, id=113276, stack(0x000078e7845ff000,0x000078e7846ff000)]
  0x000078e7c425fc20 JavaThread "C2 CompilerThread0" daemon [_thread_blocked, id=113277, stack(0x000078e7844fe000,0x000078e7845fe000)]
  0x000078e7c4261160 JavaThread "C1 CompilerThread0" daemon [_thread_blocked, id=113278, stack(0x000078e7843fd000,0x000078e7844fd000)]
  0x000078e7c4262600 JavaThread "Sweeper thread" daemon [_thread_blocked, id=113279, stack(0x000078e7842fc000,0x000078e7843fc000)]
  0x000078e73403d330 JavaThread "C1 CompilerThread1" daemon [_thread_blocked, id=113280, stack(0x000078e7841fb000,0x000078e7842fb000)]
  0x000078e7c430b950 JavaThread "Notification Thread" daemon [_thread_blocked, id=113281, stack(0x000078e7840fa000,0x000078e7841fa000)]
  0x000078e7c4313710 JavaThread "Common-Cleaner" daemon [_thread_blocked, id=113283, stack(0x000078e77fdff000,0x000078e77feff000)]

Other Threads:
  0x000078e7c4225ae0 VMThread "VM Thread" [stack: 0x000078e784df5000,0x000078e784ef5000] [id=113271]
  0x000078e7c430d350 WatcherThread [stack: 0x000078e77ff00000,0x000078e780000000] [id=113282]
  0x000078e7c4045cf0 GCTaskThread "GC Thread#0" [stack: 0x000078e7c86e2000,0x000078e7c87e2000] [id=113266]
  0x000078e7c4056e20 ConcurrentGCThread "G1 Main Marker" [stack: 0x000078e7c85e1000,0x000078e7c86e1000] [id=113267]
  0x000078e7c4057d90 ConcurrentGCThread "G1 Conc#0" [stack: 0x000078e7c84e0000,0x000078e7c85e0000] [id=113268]
  0x000078e7c41a13a0 ConcurrentGCThread "G1 Refine#0" [stack: 0x000078e784ff7000,0x000078e7850f7000] [id=113269]
  0x000078e7c41a22a0 ConcurrentGCThread "G1 Service" [stack: 0x000078e784ef6000,0x000078e784ff6000] [id=113270]

Threads with active compile tasks:

VM state: not at safepoint (normal execution)

VM Mutex/Monitor currently owned by a thread: None

Heap address: 0x0000000414000000, size: 16064 MB, Compressed Oops mode: Zero based, Oop shift amount: 3

CDS archive(s) not mapped
Compressed class space mapped at: 0x0000000800000000-0x0000000840000000, reserved size: 1073741824
Narrow klass base: 0x0000000800000000, Narrow klass shift: 0, Narrow klass range: 0x40000000

GC Precious Log:
 CPUs: 32 total, 16 available
 Memory: 64224M
 Large Page Support: Disabled
 NUMA Support: Disabled
 Compressed Oops: Enabled (Zero based)
 Heap Region Size: 8M
 Heap Min Capacity: 8M
 Heap Initial Capacity: 1008M
 Heap Max Capacity: 16064M
 Pre-touch: Disabled
 Parallel Workers: 13
 Concurrent Workers: 3
 Concurrent Refinement Workers: 13
 Periodic GC: Disabled

Heap:
 garbage-first heap   total 1032192K, used 0K [0x0000000414000000, 0x0000000800000000)
  region size 8192K, 1 young (8192K), 0 survivors (0K)
 Metaspace       used 7157K, committed 7296K, reserved 1114112K
  class space    used 615K, committed 704K, reserved 1048576K

Heap Regions: E=young(eden), S=young(survivor), O=old, HS=humongous(starts), HC=humongous(continues), CS=collection set, F=free, OA=open archive, CA=closed archive, TAMS=top-at-mark-start (previous, next)
|   0|0x0000000414000000, 0x0000000414000000, 0x0000000414800000|  0%| F|  |TAMS 0x0000000414000000, 0x0000000414000000| Untracked 
|   1|0x0000000414800000, 0x0000000414800000, 0x0000000415000000|  0%| F|  |TAMS 0x0000000414800000, 0x0000000414800000| Untracked 
|   2|0x0000000415000000, 0x0000000415000000, 0x0000000415800000|  0%| F|  |TAMS 0x0000000415000000, 0x0000000415000000| Untracked 
|   3|0x0000000415800000, 0x0000000415800000, 0x0000000416000000|  0%| F|  |TAMS 0x0000000415800000, 0x0000000415800000| Untracked 
|   4|0x0000000416000000, 0x0000000416000000, 0x0000000416800000|  0%| F|  |TAMS 0x0000000416000000, 0x0000000416000000| Untracked 
|   5|0x0000000416800000, 0x0000000416800000, 0x0000000417000000|  0%| F|  |TAMS 0x0000000416800000, 0x0000000416800000| Untracked 
|   6|0x0000000417000000, 0x0000000417000000, 0x0000000417800000|  0%| F|  |TAMS 0x0000000417000000, 0x0000000417000000| Untracked 
|   7|0x0000000417800000, 0x0000000417800000, 0x0000000418000000|  0%| F|  |TAMS 0x0000000417800000, 0x0000000417800000| Untracked 
|   8|0x0000000418000000, 0x0000000418000000, 0x0000000418800000|  0%| F|  |TAMS 0x0000000418000000, 0x0000000418000000| Untracked 
|   9|0x0000000418800000, 0x0000000418800000, 0x0000000419000000|  0%| F|  |TAMS 0x0000000418800000, 0x0000000418800000| Untracked 
|  10|0x0000000419000000, 0x0000000419000000, 0x0000000419800000|  0%| F|  |TAMS 0x0000000419000000, 0x0000000419000000| Untracked 
|  11|0x0000000419800000, 0x0000000419800000, 0x000000041a000000|  0%| F|  |TAMS 0x0000000419800000, 0x0000000419800000| Untracked 
|  12|0x000000041a000000, 0x000000041a000000, 0x000000041a800000|  0%| F|  |TAMS 0x000000041a000000, 0x000000041a000000| Untracked 
|  13|0x000000041a800000, 0x000000041a800000, 0x000000041b000000|  0%| F|  |TAMS 0x000000041a800000, 0x000000041a800000| Untracked 
|  14|0x000000041b000000, 0x000000041b000000, 0x000000041b800000|  0%| F|  |TAMS 0x000000041b000000, 0x000000041b000000| Untracked 
|  15|0x000000041b800000, 0x000000041b800000, 0x000000041c000000|  0%| F|  |TAMS 0x000000041b800000, 0x000000041b800000| Untracked 
|  16|0x000000041c000000, 0x000000041c000000, 0x000000041c800000|  0%| F|  |TAMS 0x000000041c000000, 0x000000041c000000| Untracked 
|  17|0x000000041c800000, 0x000000041c800000, 0x000000041d000000|  0%| F|  |TAMS 0x000000041c800000, 0x000000041c800000| Untracked 
|  18|0x000000041d000000, 0x000000041d000000, 0x000000041d800000|  0%| F|  |TAMS 0x000000041d000000, 0x000000041d000000| Untracked 
|  19|0x000000041d800000, 0x000000041d800000, 0x000000041e000000|  0%| F|  |TAMS 0x000000041d800000, 0x000000041d800000| Untracked 
|  20|0x000000041e000000, 0x000000041e000000, 0x000000041e800000|  0%| F|  |TAMS 0x000000041e000000, 0x000000041e000000| Untracked 
|  21|0x000000041e800000, 0x000000041e800000, 0x000000041f000000|  0%| F|  |TAMS 0x000000041e800000, 0x000000041e800000| Untracked 
|  22|0x000000041f000000, 0x000000041f000000, 0x000000041f800000|  0%| F|  |TAMS 0x000000041f000000, 0x000000041f000000| Untracked 
|  23|0x000000041f800000, 0x000000041f800000, 0x0000000420000000|  0%| F|  |TAMS 0x000000041f800000, 0x000000041f800000| Untracked 
|  24|0x0000000420000000, 0x0000000420000000, 0x0000000420800000|  0%| F|  |TAMS 0x0000000420000000, 0x0000000420000000| Untracked 
|  25|0x0000000420800000, 0x0000000420800000, 0x0000000421000000|  0%| F|  |TAMS 0x0000000420800000, 0x0000000420800000| Untracked 
|  26|0x0000000421000000, 0x0000000421000000, 0x0000000421800000|  0%| F|  |TAMS 0x0000000421000000, 0x0000000421000000| Untracked 
|  27|0x0000000421800000, 0x0000000421800000, 0x0000000422000000|  0%| F|  |TAMS 0x0000000421800000, 0x0000000421800000| Untracked 
|  28|0x0000000422000000, 0x0000000422000000, 0x0000000422800000|  0%| F|  |TAMS 0x0000000422000000, 0x0000000422000000| Untracked 
|  29|0x0000000422800000, 0x0000000422800000, 0x0000000423000000|  0%| F|  |TAMS 0x0000000422800000, 0x0000000422800000| Untracked 
|  30|0x0000000423000000, 0x0000000423000000, 0x0000000423800000|  0%| F|  |TAMS 0x0000000423000000, 0x0000000423000000| Untracked 
|  31|0x0000000423800000, 0x0000000423800000, 0x0000000424000000|  0%| F|  |TAMS 0x0000000423800000, 0x0000000423800000| Untracked 
|  32|0x0000000424000000, 0x0000000424000000, 0x0000000424800000|  0%| F|  |TAMS 0x0000000424000000, 0x0000000424000000| Untracked 
|  33|0x0000000424800000, 0x0000000424800000, 0x0000000425000000|  0%| F|  |TAMS 0x0000000424800000, 0x0000000424800000| Untracked 
|  34|0x0000000425000000, 0x0000000425000000, 0x0000000425800000|  0%| F|  |TAMS 0x0000000425000000, 0x0000000425000000| Untracked 
|  35|0x0000000425800000, 0x0000000425800000, 0x0000000426000000|  0%| F|  |TAMS 0x0000000425800000, 0x0000000425800000| Untracked 
|  36|0x0000000426000000, 0x0000000426000000, 0x0000000426800000|  0%| F|  |TAMS 0x0000000426000000, 0x0000000426000000| Untracked 
|  37|0x0000000426800000, 0x0000000426800000, 0x0000000427000000|  0%| F|  |TAMS 0x0000000426800000, 0x0000000426800000| Untracked 
|  38|0x0000000427000000, 0x0000000427000000, 0x0000000427800000|  0%| F|  |TAMS 0x0000000427000000, 0x0000000427000000| Untracked 
|  39|0x0000000427800000, 0x0000000427800000, 0x0000000428000000|  0%| F|  |TAMS 0x0000000427800000, 0x0000000427800000| Untracked 
|  40|0x0000000428000000, 0x0000000428000000, 0x0000000428800000|  0%| F|  |TAMS 0x0000000428000000, 0x0000000428000000| Untracked 
|  41|0x0000000428800000, 0x0000000428800000, 0x0000000429000000|  0%| F|  |TAMS 0x0000000428800000, 0x0000000428800000| Untracked 
|  42|0x0000000429000000, 0x0000000429000000, 0x0000000429800000|  0%| F|  |TAMS 0x0000000429000000, 0x0000000429000000| Untracked 
|  43|0x0000000429800000, 0x0000000429800000, 0x000000042a000000|  0%| F|  |TAMS 0x0000000429800000, 0x0000000429800000| Untracked 
|  44|0x000000042a000000, 0x000000042a000000, 0x000000042a800000|  0%| F|  |TAMS 0x000000042a000000, 0x000000042a000000| Untracked 
|  45|0x000000042a800000, 0x000000042a800000, 0x000000042b000000|  0%| F|  |TAMS 0x000000042a800000, 0x000000042a800000| Untracked 
|  46|0x000000042b000000, 0x000000042b000000, 0x000000042b800000|  0%| F|  |TAMS 0x000000042b000000, 0x000000042b000000| Untracked 
|  47|0x000000042b800000, 0x000000042b800000, 0x000000042c000000|  0%| F|  |TAMS 0x000000042b800000, 0x000000042b800000| Untracked 
|  48|0x000000042c000000, 0x000000042c000000, 0x000000042c800000|  0%| F|  |TAMS 0x000000042c000000, 0x000000042c000000| Untracked 
|  49|0x000000042c800000, 0x000000042c800000, 0x000000042d000000|  0%| F|  |TAMS 0x000000042c800000, 0x000000042c800000| Untracked 
|  50|0x000000042d000000, 0x000000042d000000, 0x000000042d800000|  0%| F|  |TAMS 0x000000042d000000, 0x000000042d000000| Untracked 
|  51|0x000000042d800000, 0x000000042d800000, 0x000000042e000000|  0%| F|  |TAMS 0x000000042d800000, 0x000000042d800000| Untracked 
|  52|0x000000042e000000, 0x000000042e000000, 0x000000042e800000|  0%| F|  |TAMS 0x000000042e000000, 0x000000042e000000| Untracked 
|  53|0x000000042e800000, 0x000000042e800000, 0x000000042f000000|  0%| F|  |TAMS 0x000000042e800000, 0x000000042e800000| Untracked 
|  54|0x000000042f000000, 0x000000042f000000, 0x000000042f800000|  0%| F|  |TAMS 0x000000042f000000, 0x000000042f000000| Untracked 
|  55|0x000000042f800000, 0x000000042f800000, 0x0000000430000000|  0%| F|  |TAMS 0x000000042f800000, 0x000000042f800000| Untracked 
|  56|0x0000000430000000, 0x0000000430000000, 0x0000000430800000|  0%| F|  |TAMS 0x0000000430000000, 0x0000000430000000| Untracked 
|  57|0x0000000430800000, 0x0000000430800000, 0x0000000431000000|  0%| F|  |TAMS 0x0000000430800000, 0x0000000430800000| Untracked 
|  58|0x0000000431000000, 0x0000000431000000, 0x0000000431800000|  0%| F|  |TAMS 0x0000000431000000, 0x0000000431000000| Untracked 
|  59|0x0000000431800000, 0x0000000431800000, 0x0000000432000000|  0%| F|  |TAMS 0x0000000431800000, 0x0000000431800000| Untracked 
|  60|0x0000000432000000, 0x0000000432000000, 0x0000000432800000|  0%| F|  |TAMS 0x0000000432000000, 0x0000000432000000| Untracked 
|  61|0x0000000432800000, 0x0000000432800000, 0x0000000433000000|  0%| F|  |TAMS 0x0000000432800000, 0x0000000432800000| Untracked 
|  62|0x0000000433000000, 0x0000000433000000, 0x0000000433800000|  0%| F|  |TAMS 0x0000000433000000, 0x0000000433000000| Untracked 
|  63|0x0000000433800000, 0x0000000433800000, 0x0000000434000000|  0%| F|  |TAMS 0x0000000433800000, 0x0000000433800000| Untracked 
|  64|0x0000000434000000, 0x0000000434000000, 0x0000000434800000|  0%| F|  |TAMS 0x0000000434000000, 0x0000000434000000| Untracked 
|  65|0x0000000434800000, 0x0000000434800000, 0x0000000435000000|  0%| F|  |TAMS 0x0000000434800000, 0x0000000434800000| Untracked 
|  66|0x0000000435000000, 0x0000000435000000, 0x0000000435800000|  0%| F|  |TAMS 0x0000000435000000, 0x0000000435000000| Untracked 
|  67|0x0000000435800000, 0x0000000435800000, 0x0000000436000000|  0%| F|  |TAMS 0x0000000435800000, 0x0000000435800000| Untracked 
|  68|0x0000000436000000, 0x0000000436000000, 0x0000000436800000|  0%| F|  |TAMS 0x0000000436000000, 0x0000000436000000| Untracked 
|  69|0x0000000436800000, 0x0000000436800000, 0x0000000437000000|  0%| F|  |TAMS 0x0000000436800000, 0x0000000436800000| Untracked 
|  70|0x0000000437000000, 0x0000000437000000, 0x0000000437800000|  0%| F|  |TAMS 0x0000000437000000, 0x0000000437000000| Untracked 
|  71|0x0000000437800000, 0x0000000437800000, 0x0000000438000000|  0%| F|  |TAMS 0x0000000437800000, 0x0000000437800000| Untracked 
|  72|0x0000000438000000, 0x0000000438000000, 0x0000000438800000|  0%| F|  |TAMS 0x0000000438000000, 0x0000000438000000| Untracked 
|  73|0x0000000438800000, 0x0000000438800000, 0x0000000439000000|  0%| F|  |TAMS 0x0000000438800000, 0x0000000438800000| Untracked 
|  74|0x0000000439000000, 0x0000000439000000, 0x0000000439800000|  0%| F|  |TAMS 0x0000000439000000, 0x0000000439000000| Untracked 
|  75|0x0000000439800000, 0x0000000439800000, 0x000000043a000000|  0%| F|  |TAMS 0x0000000439800000, 0x0000000439800000| Untracked 
|  76|0x000000043a000000, 0x000000043a000000, 0x000000043a800000|  0%| F|  |TAMS 0x000000043a000000, 0x000000043a000000| Untracked 
|  77|0x000000043a800000, 0x000000043a800000, 0x000000043b000000|  0%| F|  |TAMS 0x000000043a800000, 0x000000043a800000| Untracked 
|  78|0x000000043b000000, 0x000000043b000000, 0x000000043b800000|  0%| F|  |TAMS 0x000000043b000000, 0x000000043b000000| Untracked 
|  79|0x000000043b800000, 0x000000043b800000, 0x000000043c000000|  0%| F|  |TAMS 0x000000043b800000, 0x000000043b800000| Untracked 
|  80|0x000000043c000000, 0x000000043c000000, 0x000000043c800000|  0%| F|  |TAMS 0x000000043c000000, 0x000000043c000000| Untracked 
|  81|0x000000043c800000, 0x000000043c800000, 0x000000043d000000|  0%| F|  |TAMS 0x000000043c800000, 0x000000043c800000| Untracked 
|  82|0x000000043d000000, 0x000000043d000000, 0x000000043d800000|  0%| F|  |TAMS 0x000000043d000000, 0x000000043d000000| Untracked 
|  83|0x000000043d800000, 0x000000043d800000, 0x000000043e000000|  0%| F|  |TAMS 0x000000043d800000, 0x000000043d800000| Untracked 
|  84|0x000000043e000000, 0x000000043e000000, 0x000000043e800000|  0%| F|  |TAMS 0x000000043e000000, 0x000000043e000000| Untracked 
|  85|0x000000043e800000, 0x000000043e800000, 0x000000043f000000|  0%| F|  |TAMS 0x000000043e800000, 0x000000043e800000| Untracked 
|  86|0x000000043f000000, 0x000000043f000000, 0x000000043f800000|  0%| F|  |TAMS 0x000000043f000000, 0x000000043f000000| Untracked 
|  87|0x000000043f800000, 0x000000043f800000, 0x0000000440000000|  0%| F|  |TAMS 0x000000043f800000, 0x000000043f800000| Untracked 
|  88|0x0000000440000000, 0x0000000440000000, 0x0000000440800000|  0%| F|  |TAMS 0x0000000440000000, 0x0000000440000000| Untracked 
|  89|0x0000000440800000, 0x0000000440800000, 0x0000000441000000|  0%| F|  |TAMS 0x0000000440800000, 0x0000000440800000| Untracked 
|  90|0x0000000441000000, 0x0000000441000000, 0x0000000441800000|  0%| F|  |TAMS 0x0000000441000000, 0x0000000441000000| Untracked 
|  91|0x0000000441800000, 0x0000000441800000, 0x0000000442000000|  0%| F|  |TAMS 0x0000000441800000, 0x0000000441800000| Untracked 
|  92|0x0000000442000000, 0x0000000442000000, 0x0000000442800000|  0%| F|  |TAMS 0x0000000442000000, 0x0000000442000000| Untracked 
|  93|0x0000000442800000, 0x0000000442800000, 0x0000000443000000|  0%| F|  |TAMS 0x0000000442800000, 0x0000000442800000| Untracked 
|  94|0x0000000443000000, 0x0000000443000000, 0x0000000443800000|  0%| F|  |TAMS 0x0000000443000000, 0x0000000443000000| Untracked 
|  95|0x0000000443800000, 0x0000000443800000, 0x0000000444000000|  0%| F|  |TAMS 0x0000000443800000, 0x0000000443800000| Untracked 
|  96|0x0000000444000000, 0x0000000444000000, 0x0000000444800000|  0%| F|  |TAMS 0x0000000444000000, 0x0000000444000000| Untracked 
|  97|0x0000000444800000, 0x0000000444800000, 0x0000000445000000|  0%| F|  |TAMS 0x0000000444800000, 0x0000000444800000| Untracked 
|  98|0x0000000445000000, 0x0000000445000000, 0x0000000445800000|  0%| F|  |TAMS 0x0000000445000000, 0x0000000445000000| Untracked 
|  99|0x0000000445800000, 0x0000000445800000, 0x0000000446000000|  0%| F|  |TAMS 0x0000000445800000, 0x0000000445800000| Untracked 
| 100|0x0000000446000000, 0x0000000446000000, 0x0000000446800000|  0%| F|  |TAMS 0x0000000446000000, 0x0000000446000000| Untracked 
| 101|0x0000000446800000, 0x0000000446800000, 0x0000000447000000|  0%| F|  |TAMS 0x0000000446800000, 0x0000000446800000| Untracked 
| 102|0x0000000447000000, 0x0000000447000000, 0x0000000447800000|  0%| F|  |TAMS 0x0000000447000000, 0x0000000447000000| Untracked 
| 103|0x0000000447800000, 0x0000000447800000, 0x0000000448000000|  0%| F|  |TAMS 0x0000000447800000, 0x0000000447800000| Untracked 
| 104|0x0000000448000000, 0x0000000448000000, 0x0000000448800000|  0%| F|  |TAMS 0x0000000448000000, 0x0000000448000000| Untracked 
| 105|0x0000000448800000, 0x0000000448800000, 0x0000000449000000|  0%| F|  |TAMS 0x0000000448800000, 0x0000000448800000| Untracked 
| 106|0x0000000449000000, 0x0000000449000000, 0x0000000449800000|  0%| F|  |TAMS 0x0000000449000000, 0x0000000449000000| Untracked 
| 107|0x0000000449800000, 0x0000000449800000, 0x000000044a000000|  0%| F|  |TAMS 0x0000000449800000, 0x0000000449800000| Untracked 
| 108|0x000000044a000000, 0x000000044a000000, 0x000000044a800000|  0%| F|  |TAMS 0x000000044a000000, 0x000000044a000000| Untracked 
| 109|0x000000044a800000, 0x000000044a800000, 0x000000044b000000|  0%| F|  |TAMS 0x000000044a800000, 0x000000044a800000| Untracked 
| 110|0x000000044b000000, 0x000000044b000000, 0x000000044b800000|  0%| F|  |TAMS 0x000000044b000000, 0x000000044b000000| Untracked 
| 111|0x000000044b800000, 0x000000044b800000, 0x000000044c000000|  0%| F|  |TAMS 0x000000044b800000, 0x000000044b800000| Untracked 
| 112|0x000000044c000000, 0x000000044c000000, 0x000000044c800000|  0%| F|  |TAMS 0x000000044c000000, 0x000000044c000000| Untracked 
| 113|0x000000044c800000, 0x000000044c800000, 0x000000044d000000|  0%| F|  |TAMS 0x000000044c800000, 0x000000044c800000| Untracked 
| 114|0x000000044d000000, 0x000000044d000000, 0x000000044d800000|  0%| F|  |TAMS 0x000000044d000000, 0x000000044d000000| Untracked 
| 115|0x000000044d800000, 0x000000044d800000, 0x000000044e000000|  0%| F|  |TAMS 0x000000044d800000, 0x000000044d800000| Untracked 
| 116|0x000000044e000000, 0x000000044e000000, 0x000000044e800000|  0%| F|  |TAMS 0x000000044e000000, 0x000000044e000000| Untracked 
| 117|0x000000044e800000, 0x000000044e800000, 0x000000044f000000|  0%| F|  |TAMS 0x000000044e800000, 0x000000044e800000| Untracked 
| 118|0x000000044f000000, 0x000000044f000000, 0x000000044f800000|  0%| F|  |TAMS 0x000000044f000000, 0x000000044f000000| Untracked 
| 119|0x000000044f800000, 0x000000044f800000, 0x0000000450000000|  0%| F|  |TAMS 0x000000044f800000, 0x000000044f800000| Untracked 
| 120|0x0000000450000000, 0x0000000450000000, 0x0000000450800000|  0%| F|  |TAMS 0x0000000450000000, 0x0000000450000000| Untracked 
| 121|0x0000000450800000, 0x0000000450800000, 0x0000000451000000|  0%| F|  |TAMS 0x0000000450800000, 0x0000000450800000| Untracked 
| 122|0x0000000451000000, 0x0000000451000000, 0x0000000451800000|  0%| F|  |TAMS 0x0000000451000000, 0x0000000451000000| Untracked 
| 123|0x0000000451800000, 0x0000000451800000, 0x0000000452000000|  0%| F|  |TAMS 0x0000000451800000, 0x0000000451800000| Untracked 
| 124|0x0000000452000000, 0x0000000452000000, 0x0000000452800000|  0%| F|  |TAMS 0x0000000452000000, 0x0000000452000000| Untracked 
| 125|0x0000000452800000, 0x0000000452ccceb8, 0x0000000453000000| 60%| E|  |TAMS 0x0000000452800000, 0x0000000452800000| Complete 

Card table byte_map: [0x000078e7a9200000,0x000078e7ab160000] _byte_map_base: 0x000078e7a7160000

Marking Bits (Prev, Next): (CMBitMap*) 0x000078e7c4046780, (CMBitMap*) 0x000078e7c40467c0
 Prev Bits: [0x000078e797600000, 0x000078e7a7100000)
 Next Bits: [0x000078e787a00000, 0x000078e797500000)

Polling page: 0x000078e7cb2c8000

Metaspace:

Usage:
  Non-class:      6.39 MB used.
      Class:    615.49 KB used.
       Both:      6.99 MB used.

Virtual space:
  Non-class space:       64.00 MB reserved,       6.44 MB ( 10%) committed,  1 nodes.
      Class space:        1.00 GB reserved,     704.00 KB ( <1%) committed,  1 nodes.
             Both:        1.06 GB reserved,       7.12 MB ( <1%) committed. 

Chunk freelists:
   Non-Class:  9.00 MB
       Class:  15.25 MB
        Both:  24.25 MB

MaxMetaspaceSize: unlimited
CompressedClassSpaceSize: 1.00 GB
Initial GC threshold: 21.00 MB
Current GC threshold: 21.00 MB
CDS: off
MetaspaceReclaimPolicy: balanced
 - commit_granule_bytes: 65536.
 - commit_granule_words: 8192.
 - virtual_space_node_default_size: 8388608.
 - enlarge_chunks_in_place: 1.
 - new_chunks_are_fully_committed: 0.
 - uncommit_free_chunks: 1.
 - use_allocation_guard: 0.
 - handle_deallocations: 1.


Internal statistics:

num_allocs_failed_limit: 0.
num_arena_births: 24.
num_arena_deaths: 0.
num_vsnodes_births: 2.
num_vsnodes_deaths: 0.
num_space_committed: 114.
num_space_uncommitted: 0.
num_chunks_returned_to_freelist: 0.
num_chunks_taken_from_freelist: 41.
num_chunk_merges: 0.
num_chunk_splits: 21.
num_chunks_enlarged: 10.
num_inconsistent_stats: 0.

CodeHeap 'non-profiled nmethods': size=119168Kb used=80Kb max_used=80Kb free=119087Kb
 bounds [0x000078e7b4da0000, 0x000078e7b5010000, 0x000078e7bc200000]
CodeHeap 'profiled nmethods': size=119164Kb used=349Kb max_used=349Kb free=118815Kb
 bounds [0x000078e7ad200000, 0x000078e7ad470000, 0x000078e7b465f000]
CodeHeap 'non-nmethods': size=7428Kb used=1678Kb max_used=1691Kb free=5749Kb
 bounds [0x000078e7b465f000, 0x000078e7b48cf000, 0x000078e7b4da0000]
 total_blobs=661 nmethods=263 adapters=311
 compilation: enabled
              stopped_count=0, restarted_count=0
 full_count=0

Compilation events (20 events):
Event: 0.069 Thread 0x000078e73403d330 nmethod 250 0x000078e7ad251d10 code [0x000078e7ad251ea0, 0x000078e7ad251fb0]
Event: 0.069 Thread 0x000078e7c4261160 nmethod 251 0x000078e7ad252090 code [0x000078e7ad252240, 0x000078e7ad252480]
Event: 0.069 Thread 0x000078e7c4261160  252       1       sun.invoke.util.Wrapper::basicTypeChar (5 bytes)
Event: 0.069 Thread 0x000078e7c4261160 nmethod 252 0x000078e7b4db2e90 code [0x000078e7b4db3020, 0x000078e7b4db30f0]
Event: 0.071 Thread 0x000078e7c4261160  254       3       java.lang.String::indexOf (7 bytes)
Event: 0.071 Thread 0x000078e73403d330  255   !   3       java.lang.invoke.MemberName::getMethodType (211 bytes)
Event: 0.071 Thread 0x000078e7c4261160 nmethod 254 0x000078e7ad252610 code [0x000078e7ad2527e0, 0x000078e7ad252af0]
Event: 0.071 Thread 0x000078e7c4261160  256       3       java.lang.StringBuilder::append (8 bytes)
Event: 0.071 Thread 0x000078e7c4261160 nmethod 256 0x000078e7ad252c10 code [0x000078e7ad252dc0, 0x000078e7ad252f00]
Event: 0.071 Thread 0x000078e7c4261160  257       3       java.lang.AbstractStringBuilder::append (77 bytes)
Event: 0.071 Thread 0x000078e7c4261160 nmethod 257 0x000078e7ad252f90 code [0x000078e7ad2531a0, 0x000078e7ad253840]
Event: 0.071 Thread 0x000078e73403d330 nmethod 255 0x000078e7ad253a90 code [0x000078e7ad253d80, 0x000078e7ad255390]
Event: 0.071 Thread 0x000078e7c4261160  258       3       java.lang.Class::getName (18 bytes)
Event: 0.071 Thread 0x000078e7c4261160 nmethod 258 0x000078e7ad255990 code [0x000078e7ad255b40, 0x000078e7ad255cc0]
Event: 0.072 Thread 0x000078e7c425fc20  259       4       java.lang.StringLatin1::canEncode (13 bytes)
Event: 0.072 Thread 0x000078e73403d330  261       3       java.lang.StringLatin1::replace (198 bytes)
Event: 0.072 Thread 0x000078e7c425fc20 nmethod 259 0x000078e7b4db3490 code [0x000078e7b4db3600, 0x000078e7b4db3678]
Event: 0.072 Thread 0x000078e7c425fc20  260       4       java.lang.String::length (11 bytes)
Event: 0.072 Thread 0x000078e7c425fc20 nmethod 260 0x000078e7b4db3790 code [0x000078e7b4db3920, 0x000078e7b4db39b8]
Event: 0.072 Thread 0x000078e73403d330 nmethod 261 0x000078e7ad255d90 code [0x000078e7ad256040, 0x000078e7ad256ef0]

GC Heap History (0 events):
No events

Dll operation events (6 events):
Event: 0.001 Loaded shared library /usr/lib/jvm/java-17-openjdk/lib/libjava.so
Event: 0.015 Loaded shared library /usr/lib/jvm/java-17-openjdk/lib/libjsvml.so
Event: 0.037 Loaded shared library /usr/lib/jvm/java-17-openjdk/lib/libnio.so
Event: 0.039 Loaded shared library /usr/lib/jvm/java-17-openjdk/lib/libzip.so
Event: 0.054 Loaded shared library /usr/lib/jvm/java-17-openjdk/lib/libjimage.so
Event: 0.074 Loaded shared library /tmp/lexer757428310494136806.lib

Deoptimization events (0 events):
No events

Classes unloaded (0 events):
No events

Classes redefined (0 events):
No events

Internal exceptions (0 events):
No events

VM Operations (2 events):
Event: 0.040 Executing VM operation: HandshakeAllThreads
Event: 0.040 Executing VM operation: HandshakeAllThreads done

Events (20 events):
Event: 0.073 loading class sun/net/www/MessageHeader
Event: 0.073 loading class sun/net/www/MessageHeader done
Event: 0.073 loading class sun/net/www/protocol/jar/URLJarFile
Event: 0.073 loading class sun/net/www/protocol/jar/URLJarFile done
Event: 0.073 loading class sun/nio/fs/UnixFileKey
Event: 0.073 loading class sun/nio/fs/UnixFileKey done
Event: 0.073 loading class sun/net/www/protocol/jar/URLJarFile$URLJarFileEntry
Event: 0.073 loading class sun/net/www/protocol/jar/URLJarFile$URLJarFileEntry done
Event: 0.073 loading class sun/net/www/protocol/jar/JarURLConnection$JarURLInputStream
Event: 0.073 loading class sun/net/www/protocol/jar/JarURLConnection$JarURLInputStream done
Event: 0.074 loading class java/io/FileOutputStream$1
Event: 0.074 loading class java/io/FileOutputStream$1 done
Event: 0.074 loading class java/nio/CharBuffer
Event: 0.074 loading class java/lang/Readable
Event: 0.074 loading class java/lang/Readable done
Event: 0.074 loading class java/nio/CharBuffer done
Event: 0.074 loading class java/nio/HeapCharBuffer
Event: 0.074 loading class java/nio/HeapCharBuffer done
Event: 0.074 loading class java/nio/charset/CoderResult
Event: 0.074 loading class java/nio/charset/CoderResult done


Dynamic libraries:
414000000-453000000 rw-p 00000000 00:00 0 
453000000-800000000 ---p 00000000 00:00 0 
800000000-800010000 rw-p 00000000 00:00 0 
800010000-800030000 rw-p 00000000 00:00 0 
800030000-8000a0000 rw-p 00000000 00:00 0 
8000a0000-8000c0000 ---p 00000000 00:00 0 
8000c0000-8000d0000 rw-p 00000000 00:00 0 
8000d0000-840000000 ---p 00000000 00:00 0 
573ae6b8f000-573ae6b90000 r--p 00000000 08:03 14026743                   /usr/lib/jvm/java-17-openjdk/bin/java
573ae6b90000-573ae6b91000 r-xp 00001000 08:03 14026743                   /usr/lib/jvm/java-17-openjdk/bin/java
573ae6b91000-573ae6b92000 r--p 00002000 08:03 14026743                   /usr/lib/jvm/java-17-openjdk/bin/java
573ae6b92000-573ae6b93000 r--p 00002000 08:03 14026743                   /usr/lib/jvm/java-17-openjdk/bin/java
573ae6b93000-573ae6b94000 rw-p 00003000 08:03 14026743                   /usr/lib/jvm/java-17-openjdk/bin/java
573ae73af000-573ae73f6000 rw-p 00000000 00:00 0                          [heap]
78e710000000-78e710021000 rw-p 00000000 00:00 0 
78e710021000-78e714000000 ---p 00000000 00:00 0 
78e714000000-78e714021000 rw-p 00000000 00:00 0 
78e714021000-78e718000000 ---p 00000000 00:00 0 
78e71c000000-78e71c021000 rw-p 00000000 00:00 0 
78e71c021000-78e720000000 ---p 00000000 00:00 0 
78e720000000-78e720021000 rw-p 00000000 00:00 0 
78e720021000-78e724000000 ---p 00000000 00:00 0 
78e728000000-78e7280b5000 rw-p 00000000 00:00 0 
78e7280b5000-78e72c000000 ---p 00000000 00:00 0 
78e72c000000-78e72c021000 rw-p 00000000 00:00 0 
78e72c021000-78e730000000 ---p 00000000 00:00 0 
78e734000000-78e7340dd000 rw-p 00000000 00:00 0 
78e7340dd000-78e738000000 ---p 00000000 00:00 0 
78e738000000-78e7380ef000 rw-p 00000000 00:00 0 
78e7380ef000-78e73c000000 ---p 00000000 00:00 0 
78e740000000-78e740021000 rw-p 00000000 00:00 0 
78e740021000-78e744000000 ---p 00000000 00:00 0 
78e744000000-78e744021000 rw-p 00000000 00:00 0 
78e744021000-78e748000000 ---p 00000000 00:00 0 
78e74c000000-78e74c021000 rw-p 00000000 00:00 0 
78e74c021000-78e750000000 ---p 00000000 00:00 0 
78e750000000-78e750021000 rw-p 00000000 00:00 0 
78e750021000-78e754000000 ---p 00000000 00:00 0 
78e758000000-78e758021000 rw-p 00000000 00:00 0 
78e758021000-78e75c000000 ---p 00000000 00:00 0 
78e75c000000-78e75c021000 rw-p 00000000 00:00 0 
78e75c021000-78e760000000 ---p 00000000 00:00 0 
78e764000000-78e7643f0000 rw-p 00000000 00:00 0 
78e7643f0000-78e764410000 rw-p 00000000 00:00 0 
78e764410000-78e764430000 rw-p 00000000 00:00 0 
78e764430000-78e764470000 rw-p 00000000 00:00 0 
78e764470000-78e7644f0000 rw-p 00000000 00:00 0 
78e7644f0000-78e764670000 rw-p 00000000 00:00 0 
78e764670000-78e768000000 ---p 00000000 00:00 0 
78e768000000-78e768021000 rw-p 00000000 00:00 0 
78e768021000-78e76c000000 ---p 00000000 00:00 0 
78e76c000000-78e76c021000 rw-p 00000000 00:00 0 
78e76c021000-78e770000000 ---p 00000000 00:00 0 
78e774000000-78e774021000 rw-p 00000000 00:00 0 
78e774021000-78e778000000 ---p 00000000 00:00 0 
78e778000000-78e778021000 rw-p 00000000 00:00 0 
78e778021000-78e77c000000 ---p 00000000 00:00 0 
78e77f400000-78e77f401000 ---p 00000000 00:00 0 
78e77f401000-78e77fc01000 rw-p 00000000 00:00 0 
78e77fdfe000-78e77fdff000 ---p 00000000 00:00 0 
78e77fdff000-78e77fe03000 ---p 00000000 00:00 0 
78e77fe03000-78e77feff000 rw-p 00000000 00:00 0 
78e77feff000-78e77ff00000 ---p 00000000 00:00 0 
78e77ff00000-78e780000000 rw-p 00000000 00:00 0 
78e780000000-78e780021000 rw-p 00000000 00:00 0 
78e780021000-78e784000000 ---p 00000000 00:00 0 
78e7840f9000-78e7840fa000 ---p 00000000 00:00 0 
78e7840fa000-78e7840fe000 ---p 00000000 00:00 0 
78e7840fe000-78e7841fa000 rw-p 00000000 00:00 0 
78e7841fa000-78e7841fb000 ---p 00000000 00:00 0 
78e7841fb000-78e7841ff000 ---p 00000000 00:00 0 
78e7841ff000-78e7842fb000 rw-p 00000000 00:00 0 
78e7842fb000-78e7842fc000 ---p 00000000 00:00 0 
78e7842fc000-78e784300000 ---p 00000000 00:00 0 
78e784300000-78e7843fc000 rw-p 00000000 00:00 0 
78e7843fc000-78e7843fd000 ---p 00000000 00:00 0 
78e7843fd000-78e784401000 ---p 00000000 00:00 0 
78e784401000-78e7844fd000 rw-p 00000000 00:00 0 
78e7844fd000-78e7844fe000 ---p 00000000 00:00 0 
78e7844fe000-78e784502000 ---p 00000000 00:00 0 
78e784502000-78e7845fe000 rw-p 00000000 00:00 0 
78e7845fe000-78e7845ff000 ---p 00000000 00:00 0 
78e7845ff000-78e784603000 ---p 00000000 00:00 0 
78e784603000-78e7846ff000 rw-p 00000000 00:00 0 
78e7846ff000-78e784700000 ---p 00000000 00:00 0 
78e784700000-78e784704000 ---p 00000000 00:00 0 
78e784704000-78e784800000 rw-p 00000000 00:00 0 
78e784800000-78e784aeb000 r--p 00000000 08:03 13299363                   /usr/lib/locale/locale-archive
78e784af1000-78e784af2000 ---p 00000000 00:00 0 
78e784af2000-78e784af6000 ---p 00000000 00:00 0 
78e784af6000-78e784bf2000 rw-p 00000000 00:00 0 
78e784bf2000-78e784bf3000 ---p 00000000 00:00 0 
78e784bf3000-78e784bf7000 ---p 00000000 00:00 0 
78e784bf7000-78e784cf3000 rw-p 00000000 00:00 0 
78e784cf3000-78e784cf4000 ---p 00000000 00:00 0 
78e784cf4000-78e784cf8000 ---p 00000000 00:00 0 
78e784cf8000-78e784df4000 rw-p 00000000 00:00 0 
78e784df4000-78e784df5000 ---p 00000000 00:00 0 
78e784df5000-78e784ef5000 rw-p 00000000 00:00 0 
78e784ef5000-78e784ef6000 ---p 00000000 00:00 0 
78e784ef6000-78e784ff6000 rw-p 00000000 00:00 0 
78e784ff6000-78e784ff7000 ---p 00000000 00:00 0 
78e784ff7000-78e7850f7000 rw-p 00000000 00:00 0 
78e7850f7000-78e7889c0000 rw-p 00000000 00:00 0 
78e7889c0000-78e797500000 ---p 00000000 00:00 0 
78e797600000-78e7985c0000 rw-p 00000000 00:00 0 
78e7985c0000-78e7a7100000 ---p 00000000 00:00 0 
78e7a712f000-78e7a7134000 r--p 00000000 08:03 14026789                   /usr/lib/jvm/java-17-openjdk/lib/libjsvml.so
78e7a7134000-78e7a7175000 r-xp 00005000 08:03 14026789                   /usr/lib/jvm/java-17-openjdk/lib/libjsvml.so
78e7a7175000-78e7a71fe000 r--p 00046000 08:03 14026789                   /usr/lib/jvm/java-17-openjdk/lib/libjsvml.so
78e7a71fe000-78e7a71ff000 r--p 000ce000 08:03 14026789                   /usr/lib/jvm/java-17-openjdk/lib/libjsvml.so
78e7a71ff000-78e7a7200000 rw-p 000cf000 08:03 14026789                   /usr/lib/jvm/java-17-openjdk/lib/libjsvml.so
78e7a7200000-78e7a73f8000 rw-p 00000000 00:00 0 
78e7a73f8000-78e7a9160000 ---p 00000000 00:00 0 
78e7a9200000-78e7a93f8000 rw-p 00000000 00:00 0 
78e7a93f8000-78e7ab160000 ---p 00000000 00:00 0 
78e7ab200000-78e7ab3f8000 rw-p 00000000 00:00 0 
78e7ab3f8000-78e7ad160000 ---p 00000000 00:00 0 
78e7ad17f000-78e7ad200000 rw-p 00000000 00:00 0 
78e7ad200000-78e7ad470000 rwxp 00000000 00:00 0 
78e7ad470000-78e7b465f000 ---p 00000000 00:00 0 
78e7b465f000-78e7b48cf000 rwxp 00000000 00:00 0 
78e7b48cf000-78e7b4da0000 ---p 00000000 00:00 0 
78e7b4da0000-78e7b5010000 rwxp 00000000 00:00 0 
78e7b5010000-78e7bc200000 ---p 00000000 00:00 0 
78e7bc200000-78e7c3fca000 r--s 00000000 08:03 14026804                   /usr/lib/jvm/java-17-openjdk/lib/modules
78e7c3fcf000-78e7c441c000 rw-p 00000000 00:00 0 
78e7c441c000-78e7c8000000 ---p 00000000 00:00 0 
78e7c8027000-78e7c802b000 r--p 00000000 08:03 14026795                   /usr/lib/jvm/java-17-openjdk/lib/libnet.so
78e7c802b000-78e7c8039000 r-xp 00004000 08:03 14026795                   /usr/lib/jvm/java-17-openjdk/lib/libnet.so
78e7c8039000-78e7c803d000 r--p 00012000 08:03 14026795                   /usr/lib/jvm/java-17-openjdk/lib/libnet.so
78e7c803d000-78e7c803e000 r--p 00015000 08:03 14026795                   /usr/lib/jvm/java-17-openjdk/lib/libnet.so
78e7c803e000-78e7c803f000 rw-p 00016000 08:03 14026795                   /usr/lib/jvm/java-17-openjdk/lib/libnet.so
78e7c803f000-78e7c84df000 rw-p 00000000 00:00 0 
78e7c84df000-78e7c84e0000 ---p 00000000 00:00 0 
78e7c84e0000-78e7c85e0000 rw-p 00000000 00:00 0 
78e7c85e0000-78e7c85e1000 ---p 00000000 00:00 0 
78e7c85e1000-78e7c86e1000 rw-p 00000000 00:00 0 
78e7c86e1000-78e7c86e2000 ---p 00000000 00:00 0 
78e7c86e2000-78e7c87e2000 rw-p 00000000 00:00 0 
78e7c87e2000-78e7c9633000 rw-p 00000000 00:00 0 
78e7c9633000-78e7c9717000 ---p 00000000 00:00 0 
78e7c9717000-78e7c971c000 rw-p 00000000 00:00 0 
78e7c971c000-78e7c9800000 ---p 00000000 00:00 0 
78e7c9800000-78e7c989c000 r--p 00000000 08:03 13261895                   /usr/lib/libstdc++.so.6.0.32
78e7c989c000-78e7c99d3000 r-xp 0009c000 08:03 13261895                   /usr/lib/libstdc++.so.6.0.32
78e7c99d3000-78e7c9a69000 r--p 001d3000 08:03 13261895                   /usr/lib/libstdc++.so.6.0.32
78e7c9a69000-78e7c9a76000 r--p 00269000 08:03 13261895                   /usr/lib/libstdc++.so.6.0.32
78e7c9a76000-78e7c9a77000 rw-p 00276000 08:03 13261895                   /usr/lib/libstdc++.so.6.0.32
78e7c9a77000-78e7c9a7b000 rw-p 00000000 00:00 0 
78e7c9a86000-78e7c9a8d000 r--p 00000000 08:03 14026797                   /usr/lib/jvm/java-17-openjdk/lib/libnio.so
78e7c9a8d000-78e7c9a95000 r-xp 00007000 08:03 14026797                   /usr/lib/jvm/java-17-openjdk/lib/libnio.so
78e7c9a95000-78e7c9a99000 r--p 0000f000 08:03 14026797                   /usr/lib/jvm/java-17-openjdk/lib/libnio.so
78e7c9a99000-78e7c9a9a000 r--p 00013000 08:03 14026797                   /usr/lib/jvm/java-17-openjdk/lib/libnio.so
78e7c9a9a000-78e7c9a9b000 rw-p 00014000 08:03 14026797                   /usr/lib/jvm/java-17-openjdk/lib/libnio.so
78e7c9a9b000-78e7c9ada000 rw-p 00000000 00:00 0 
78e7c9ada000-78e7c9ae6000 r--p 00000000 08:03 14026780                   /usr/lib/jvm/java-17-openjdk/lib/libjava.so
78e7c9ae6000-78e7c9af7000 r-xp 0000c000 08:03 14026780                   /usr/lib/jvm/java-17-openjdk/lib/libjava.so
78e7c9af7000-78e7c9afd000 r--p 0001d000 08:03 14026780                   /usr/lib/jvm/java-17-openjdk/lib/libjava.so
78e7c9afd000-78e7c9afe000 r--p 00022000 08:03 14026780                   /usr/lib/jvm/java-17-openjdk/lib/libjava.so
78e7c9afe000-78e7c9aff000 rw-p 00023000 08:03 14026780                   /usr/lib/jvm/java-17-openjdk/lib/libjava.so
78e7c9aff000-78e7c9b00000 rw-p 00000000 00:00 0 
78e7c9b00000-78e7c9b04000 ---p 00000000 00:00 0 
78e7c9b04000-78e7c9c00000 rw-p 00000000 00:00 0 
78e7c9c00000-78e7c9e52000 r--p 00000000 08:03 14026814                   /usr/lib/jvm/java-17-openjdk/lib/server/libjvm.so
78e7c9e52000-78e7cabbd000 r-xp 00252000 08:03 14026814                   /usr/lib/jvm/java-17-openjdk/lib/server/libjvm.so
78e7cabbd000-78e7cae43000 r--p 00fbd000 08:03 14026814                   /usr/lib/jvm/java-17-openjdk/lib/server/libjvm.so
78e7cae43000-78e7caefb000 r--p 01243000 08:03 14026814                   /usr/lib/jvm/java-17-openjdk/lib/server/libjvm.so
78e7caefb000-78e7caf30000 rw-p 012fb000 08:03 14026814                   /usr/lib/jvm/java-17-openjdk/lib/server/libjvm.so
78e7caf30000-78e7caf8a000 rw-p 00000000 00:00 0 
78e7caf8d000-78e7caf8f000 r--p 00000000 00:22 2052                       /tmp/lexer757428310494136806.lib
78e7caf8f000-78e7caf92000 r-xp 00002000 00:22 2052                       /tmp/lexer757428310494136806.lib
78e7caf92000-78e7caf93000 r--p 00005000 00:22 2052                       /tmp/lexer757428310494136806.lib
78e7caf93000-78e7caf94000 r--p 00005000 00:22 2052                       /tmp/lexer757428310494136806.lib
78e7caf94000-78e7caf95000 rw-p 00006000 00:22 2052                       /tmp/lexer757428310494136806.lib
78e7caf95000-78e7caf97000 rw-p 00000000 00:00 0 
78e7caf97000-78e7caf9b000 r--p 00000000 08:03 13242445                   /usr/lib/libgcc_s.so.1
78e7caf9b000-78e7cafb6000 r-xp 00004000 08:03 13242445                   /usr/lib/libgcc_s.so.1
78e7cafb6000-78e7cafba000 r--p 0001f000 08:03 13242445                   /usr/lib/libgcc_s.so.1
78e7cafba000-78e7cafbb000 r--p 00022000 08:03 13242445                   /usr/lib/libgcc_s.so.1
78e7cafbb000-78e7cafbc000 rw-p 00023000 08:03 13242445                   /usr/lib/libgcc_s.so.1
78e7cafbc000-78e7cafca000 r--p 00000000 08:03 13241698                   /usr/lib/libm.so.6
78e7cafca000-78e7cb04a000 r-xp 0000e000 08:03 13241698                   /usr/lib/libm.so.6
78e7cb04a000-78e7cb0a6000 r--p 0008e000 08:03 13241698                   /usr/lib/libm.so.6
78e7cb0a6000-78e7cb0a7000 r--p 000e9000 08:03 13241698                   /usr/lib/libm.so.6
78e7cb0a7000-78e7cb0a8000 rw-p 000ea000 08:03 13241698                   /usr/lib/libm.so.6
78e7cb0a8000-78e7cb0ab000 rw-p 00000000 00:00 0 
78e7cb0ab000-78e7cb0ae000 r--p 00000000 08:03 13250729                   /usr/lib/libz.so.1.3.1
78e7cb0ae000-78e7cb0bc000 r-xp 00003000 08:03 13250729                   /usr/lib/libz.so.1.3.1
78e7cb0bc000-78e7cb0c3000 r--p 00011000 08:03 13250729                   /usr/lib/libz.so.1.3.1
78e7cb0c3000-78e7cb0c4000 r--p 00017000 08:03 13250729                   /usr/lib/libz.so.1.3.1
78e7cb0c4000-78e7cb0c5000 rw-p 00018000 08:03 13250729                   /usr/lib/libz.so.1.3.1
78e7cb0c5000-78e7cb0e9000 r--p 00000000 08:03 13241673                   /usr/lib/libc.so.6
78e7cb0e9000-78e7cb244000 r-xp 00024000 08:03 13241673                   /usr/lib/libc.so.6
78e7cb244000-78e7cb299000 r--p 0017f000 08:03 13241673                   /usr/lib/libc.so.6
78e7cb299000-78e7cb29d000 r--p 001d3000 08:03 13241673                   /usr/lib/libc.so.6
78e7cb29d000-78e7cb29f000 rw-p 001d7000 08:03 13241673                   /usr/lib/libc.so.6
78e7cb29f000-78e7cb2a7000 rw-p 00000000 00:00 0 
78e7cb2a7000-78e7cb2a9000 r--p 00000000 08:03 14026803                   /usr/lib/jvm/java-17-openjdk/lib/libzip.so
78e7cb2a9000-78e7cb2ad000 r-xp 00002000 08:03 14026803                   /usr/lib/jvm/java-17-openjdk/lib/libzip.so
78e7cb2ad000-78e7cb2af000 r--p 00006000 08:03 14026803                   /usr/lib/jvm/java-17-openjdk/lib/libzip.so
78e7cb2af000-78e7cb2b0000 r--p 00007000 08:03 14026803                   /usr/lib/jvm/java-17-openjdk/lib/libzip.so
78e7cb2b0000-78e7cb2b1000 rw-p 00008000 08:03 14026803                   /usr/lib/jvm/java-17-openjdk/lib/libzip.so
78e7cb2b1000-78e7cb2b6000 rw-p 00000000 00:00 0 
78e7cb2b6000-78e7cb2c0000 ---p 00000000 00:00 0 
78e7cb2c0000-78e7cb2c8000 rw-s 00000000 00:22 2051                       /tmp/hsperfdata_rowan/113264
78e7cb2c8000-78e7cb2c9000 ---p 00000000 00:00 0 
78e7cb2c9000-78e7cb2ca000 r--p 00000000 00:00 0 
78e7cb2ca000-78e7cb2cb000 ---p 00000000 00:00 0 
78e7cb2cb000-78e7cb2cd000 r--p 00000000 08:03 14026783                   /usr/lib/jvm/java-17-openjdk/lib/libjimage.so
78e7cb2cd000-78e7cb2d0000 r-xp 00002000 08:03 14026783                   /usr/lib/jvm/java-17-openjdk/lib/libjimage.so
78e7cb2d0000-78e7cb2d1000 r--p 00005000 08:03 14026783                   /usr/lib/jvm/java-17-openjdk/lib/libjimage.so
78e7cb2d1000-78e7cb2d2000 r--p 00006000 08:03 14026783                   /usr/lib/jvm/java-17-openjdk/lib/libjimage.so
78e7cb2d2000-78e7cb2d3000 rw-p 00007000 08:03 14026783                   /usr/lib/jvm/java-17-openjdk/lib/libjimage.so
78e7cb2d3000-78e7cb2d5000 r--p 00000000 08:03 14026787                   /usr/lib/jvm/java-17-openjdk/lib/libjli.so
78e7cb2d5000-78e7cb2df000 r-xp 00002000 08:03 14026787                   /usr/lib/jvm/java-17-openjdk/lib/libjli.so
78e7cb2df000-78e7cb2e2000 r--p 0000c000 08:03 14026787                   /usr/lib/jvm/java-17-openjdk/lib/libjli.so
78e7cb2e2000-78e7cb2e3000 r--p 0000f000 08:03 14026787                   /usr/lib/jvm/java-17-openjdk/lib/libjli.so
78e7cb2e3000-78e7cb2e4000 rw-p 00010000 08:03 14026787                   /usr/lib/jvm/java-17-openjdk/lib/libjli.so
78e7cb2e4000-78e7cb2e6000 rw-p 00000000 00:00 0 
78e7cb2e6000-78e7cb2e7000 r--p 00000000 08:03 13241644                   /usr/lib/ld-linux-x86-64.so.2
78e7cb2e7000-78e7cb30e000 r-xp 00001000 08:03 13241644                   /usr/lib/ld-linux-x86-64.so.2
78e7cb30e000-78e7cb319000 r--p 00028000 08:03 13241644                   /usr/lib/ld-linux-x86-64.so.2
78e7cb319000-78e7cb31b000 r--p 00032000 08:03 13241644                   /usr/lib/ld-linux-x86-64.so.2
78e7cb31b000-78e7cb31d000 rw-p 00034000 08:03 13241644                   /usr/lib/ld-linux-x86-64.so.2
7fff8a48c000-7fff8a4ad000 rw-p 00000000 00:00 0                          [stack]
7fff8a4e3000-7fff8a4e7000 r--p 00000000 00:00 0                          [vvar]
7fff8a4e7000-7fff8a4e9000 r-xp 00000000 00:00 0                          [vdso]
ffffffffff600000-ffffffffff601000 --xp 00000000 00:00 0                  [vsyscall]


VM Arguments:
jvm_args: -Dfile.encoding=UTF-8 -Duser.country=US -Duser.language=en -Duser.variant 
java_command: jni.Runner
java_class_path (initial): /home/rowan/IdeaProjects/LexerLearning/jni-runner/build/classes/java/main:/home/rowan/IdeaProjects/LexerLearning/jni-runner/build/resources/main:/home/rowan/IdeaProjects/LexerLearning/jni-lib/build/libs/jni-lib.jar
Launcher Type: SUN_STANDARD

[Global flags]
     intx CICompilerCount                          = 12                                        {product} {ergonomic}
     uint ConcGCThreads                            = 3                                         {product} {ergonomic}
     uint G1ConcRefinementThreads                  = 13                                        {product} {ergonomic}
   size_t G1HeapRegionSize                         = 8388608                                   {product} {ergonomic}
    uintx GCDrainStackTargetSize                   = 64                                        {product} {ergonomic}
   size_t InitialHeapSize                          = 1056964608                                {product} {ergonomic}
   size_t MarkStackSize                            = 4194304                                   {product} {ergonomic}
   size_t MaxHeapSize                              = 16844324864                               {product} {ergonomic}
   size_t MaxNewSize                               = 10099884032                               {product} {ergonomic}
   size_t MinHeapDeltaBytes                        = 8388608                                   {product} {ergonomic}
   size_t MinHeapSize                              = 8388608                                   {product} {ergonomic}
    uintx NonNMethodCodeHeapSize                   = 7602480                                {pd product} {ergonomic}
    uintx NonProfiledCodeHeapSize                  = 122027880                              {pd product} {ergonomic}
    uintx ProfiledCodeHeapSize                     = 122027880                              {pd product} {ergonomic}
    uintx ReservedCodeCacheSize                    = 251658240                              {pd product} {ergonomic}
     bool SegmentedCodeCache                       = true                                      {product} {ergonomic}
   size_t SoftMaxHeapSize                          = 16844324864                            {manageable} {ergonomic}
     bool UseCompressedClassPointers               = true                           {product lp64_product} {ergonomic}
     bool UseCompressedOops                        = true                           {product lp64_product} {ergonomic}
     bool UseG1GC                                  = true                                      {product} {ergonomic}

Logging:
Log output configuration:
 #0: stdout all=warning uptime,level,tags
 #1: stderr all=off uptime,level,tags

Environment Variables:
JAVA_HOME=/usr/lib/jvm/java-17-openjdk
PATH=/home/rowan/.nvm/versions/node/v19.7.0/bin:/home/rowan/.config/bspwm/scripts:/usr/local/sbin:/usr/local/bin:/usr/bin:/opt/android-sdk/tools:/opt/android-sdk/tools/bin:/opt/cuda/bin:/opt/cuda/nsight_compute:/opt/cuda/nsight_systems/bin:/usr/lib/jvm/default/bin:/usr/bin/site_perl:/usr/bin/vendor_perl:/usr/bin/core_perl:/usr/lib/rustup/bin:/home/rowan/.local/share/JetBrains/Toolbox/scripts
SHELL=/bin/bash
DISPLAY=:0
LANG=en_US.UTF-8
TERM=xterm-256color

Active Locale:
LC_ALL=en_US.UTF-8
LC_COLLATE=en_US.UTF-8
LC_CTYPE=en_US.UTF-8
LC_MESSAGES=en_US.UTF-8
LC_MONETARY=en_US.UTF-8
LC_NUMERIC=en_US.UTF-8
LC_TIME=en_US.UTF-8

Signal Handlers:
   SIGSEGV: 0x000078e7cab38d90 in libjvm.so+15961488, mask=11100100010111111101111111111110, flags=SA_RESTART|SA_SIGINFO, unblocked
    SIGBUS: 0x000078e7cab38d90 in libjvm.so+15961488, mask=11100100010111111101111111111110, flags=SA_RESTART|SA_SIGINFO, unblocked
    SIGFPE: 0x000078e7cab38d90 in libjvm.so+15961488, mask=11100100010111111101111111111110, flags=SA_RESTART|SA_SIGINFO, unblocked
   SIGPIPE: 0x000078e7ca9cf990 in libjvm.so+14481808, mask=11100100010111111101111111111110, flags=SA_RESTART|SA_SIGINFO, blocked
   SIGXFSZ: 0x000078e7ca9cf990 in libjvm.so+14481808, mask=11100100010111111101111111111110, flags=SA_RESTART|SA_SIGINFO, blocked
    SIGILL: 0x000078e7cab38d90 in libjvm.so+15961488, mask=11100100010111111101111111111110, flags=SA_RESTART|SA_SIGINFO, unblocked
   SIGUSR2: 0x000078e7ca9cf020 in libjvm.so+14479392, mask=00100000000000000000000000000000, flags=SA_RESTART|SA_SIGINFO, blocked
    SIGHUP: 0x000078e7ca9cef30 in libjvm.so+14479152, mask=11100100010111111101111111111110, flags=SA_RESTART|SA_SIGINFO, blocked
    SIGINT: 0x000078e7ca9cef30 in libjvm.so+14479152, mask=11100100010111111101111111111110, flags=SA_RESTART|SA_SIGINFO, blocked
   SIGTERM: 0x000078e7ca9cef30 in libjvm.so+14479152, mask=11100100010111111101111111111110, flags=SA_RESTART|SA_SIGINFO, blocked
   SIGQUIT: 0x000078e7ca9cef30 in libjvm.so+14479152, mask=11100100010111111101111111111110, flags=SA_RESTART|SA_SIGINFO, blocked
   SIGTRAP: 0x000078e7cab38d90 in libjvm.so+15961488, mask=11100100010111111101111111111110, flags=SA_RESTART|SA_SIGINFO, unblocked


Periodic native trim disabled


---------------  S Y S T E M  ---------------

OS:
DISTRIB_ID="Arch"
DISTRIB_RELEASE="rolling"
DISTRIB_DESCRIPTION="Arch Linux"
uname: Linux 6.8.1-arch1-1 #1 SMP PREEMPT_DYNAMIC Sat, 16 Mar 2024 17:15:35 +0000 x86_64
OS uptime: 0 days 2:13 hours
libc: glibc 2.39 NPTL 2.39 
rlimit (soft/hard): STACK 8192k/infinity , CORE infinity/infinity , NPROC 256672/256672 , NOFILE 524288/524288 , AS infinity/infinity , CPU infinity/infinity , DATA infinity/infinity , FSIZE infinity/infinity , MEMLOCK 8192k/8192k
load average: 2.64 2.58 2.71

/proc/meminfo:
MemTotal:       65766160 kB
MemFree:        43258328 kB
MemAvailable:   50761392 kB
Buffers:          526932 kB
Cached:          7780688 kB
SwapCached:            0 kB
Active:         16672820 kB
Inactive:        4785836 kB
Active(anon):   13520764 kB
Inactive(anon):        0 kB
Active(file):    3152056 kB
Inactive(file):  4785836 kB
Unevictable:         720 kB
Mlocked:             720 kB
SwapTotal:      16777212 kB
SwapFree:       16777212 kB
Zswap:                 0 kB
Zswapped:              0 kB
Dirty:              1360 kB
Writeback:             0 kB
AnonPages:      12864996 kB
Mapped:          2609116 kB
Shmem:            370480 kB
KReclaimable:     291388 kB
Slab:             483716 kB
SReclaimable:     291388 kB
SUnreclaim:       192328 kB
KernelStack:       36480 kB
PageTables:       111472 kB
SecPageTables:         0 kB
NFS_Unstable:          0 kB
Bounce:                0 kB
WritebackTmp:          0 kB
CommitLimit:    49660292 kB
Committed_AS:   32151424 kB
VmallocTotal:   34359738367 kB
VmallocUsed:      172924 kB
VmallocChunk:          0 kB
Percpu:            40960 kB
HardwareCorrupted:     0 kB
AnonHugePages:   6320128 kB
ShmemHugePages:        0 kB
ShmemPmdMapped:        0 kB
FileHugePages:   1169408 kB
FilePmdMapped:     83968 kB
CmaTotal:              0 kB
CmaFree:               0 kB
Unaccepted:            0 kB
HugePages_Total:       0
HugePages_Free:        0
HugePages_Rsvd:        0
HugePages_Surp:        0
Hugepagesize:       2048 kB
Hugetlb:               0 kB
DirectMap4k:      966576 kB
DirectMap2M:    25169920 kB
DirectMap1G:    40894464 kB

/sys/kernel/mm/transparent_hugepage/enabled: [always] madvise never
/sys/kernel/mm/transparent_hugepage/defrag (defrag/compaction efforts parameter): always defer defer+madvise [madvise] never

Process Memory:
Virtual Size: 19982128K (peak: 19982128K)
Resident Set Size: 50928K (peak: 50928K) (anon: 28708K, file: 22220K, shmem: 0K)
Swapped out: 0K

[error occurred during error reporting (printing OS information), id 0xb, SIGSEGV (0xb) at pc=0x000078e7cb15c350]

CPU: total 32 (initial active 16) (16 cores per cpu, 2 threads per core) family 25 model 33 stepping 0 microcode 0xa201016, cx8, cmov, fxsr, ht, mmx, 3dnowpref, sse, sse2, sse3, ssse3, sse4a, sse4.1, sse4.2, popcnt, lzcnt, tsc, tscinvbit, avx, avx2, aes, erms, clmul, bmi1, bmi2, adx, sha, fma, vzeroupper, clflush, clflushopt
CPU Model and flags from /proc/cpuinfo:
model name	: AMD Ryzen 7 5800X 8-Core Processor
flags		: fpu vme de pse tsc msr pae mce cx8 apic sep mtrr pge mca cmov pat pse36 clflush mmx fxsr sse sse2 ht syscall nx mmxext fxsr_opt pdpe1gb rdtscp lm constant_tsc rep_good nopl nonstop_tsc cpuid extd_apicid aperfmperf rapl pni pclmulqdq monitor ssse3 fma cx16 sse4_1 sse4_2 x2apic movbe popcnt aes xsave avx f16c rdrand lahf_lm cmp_legacy svm extapic cr8_legacy abm sse4a misalignsse 3dnowprefetch osvw ibs skinit wdt tce topoext perfctr_core perfctr_nb bpext perfctr_llc mwaitx cpb cat_l3 cdp_l3 hw_pstate ssbd mba ibrs ibpb stibp vmmcall fsgsbase bmi1 avx2 smep bmi2 erms invpcid cqm rdt_a rdseed adx smap clflushopt clwb sha_ni xsaveopt xsavec xgetbv1 xsaves cqm_llc cqm_occup_llc cqm_mbm_total cqm_mbm_local user_shstk clzero irperf xsaveerptr rdpru wbnoinvd arat npt lbrv svm_lock nrip_save tsc_scale vmcb_clean flushbyasid decodeassists pausefilter pfthreshold avic v_vmsave_vmload vgif v_spec_ctrl umip pku ospke vaes vpclmulqdq rdpid overflow_recov succor smca fsrm debug_swap

Online cpus: 0-15
Offline cpus: 16-31
BIOS frequency limitation: 3800000
Frequency switch latency (ns): 0
Available cpu frequencies: 3800000 2800000 2200000 
Current governor: schedutil
Core performance/turbo boost: 1

Memory: 4k page, physical 65766160k(43258076k free), swap 16777212k(16777212k free)
Page Sizes: 4k

vm_info: OpenJDK 64-Bit Server VM (17.0.10+7) for linux-amd64 JRE (17.0.10+7), built on Jan 16 2024 22:32:35 by "builduser" with gcc 13.2.1 20230801

END.
