#
# A fatal error has been detected by the Java Runtime Environment:
#
#  SIGSEGV (0xb) at pc=0x0000726b0489566e, pid=50765, tid=50766
#
# JRE version: OpenJDK Runtime Environment (17.0.10+7) (build 17.0.10+7)
# Java VM: OpenJDK 64-Bit Server VM (17.0.10+7, mixed mode, sharing, tiered, compressed oops, compressed class ptrs, g1 gc, linux-amd64)
# Problematic frame:
# C  [lexer3175676534027860307.lib+0x266e]  lex_one_char+0x1e
#
# Core dump will be written. Default location: Core dumps may be processed with "/usr/lib/systemd/systemd-coredump %P %u %g %s %t %c %h" (or dumping to /home/rowan/IdeaProjects/LexerLearning/jni-runner/core.50765)
#
# If you would like to submit a bug report, please visit:
#   https://bugreport.java.com/bugreport/crash.jsp
# The crash happened outside the Java Virtual Machine in native code.
# See problematic frame for where to report the bug.
#

---------------  S U M M A R Y ------------

Command Line: -Dfile.encoding=UTF-8 -Duser.country=US -Duser.language=en -Duser.variant jni.Runner

Host: AMD Ryzen 7 5800X 8-Core Processor, 32 cores, 62G, Arch Linux
Time: Wed Apr 17 21:52:57 2024 CEST elapsed time: 0.101535 seconds (0d 0h 0m 0s)

---------------  T H R E A D  ---------------

Current thread (0x0000726b00017230):  JavaThread "main" [_thread_in_native, id=50766, stack(0x0000726b04500000,0x0000726b04600000)]

Stack: [0x0000726b04500000,0x0000726b04600000],  sp=0x0000726b045fe1b0,  free space=1016k
Native frames: (J=compiled Java code, j=interpreted, Vv=VM code, C=native code)
C  [lexer3175676534027860307.lib+0x266e]  lex_one_char+0x1e
C  0x0000726b00017230

Java frames: (J=compiled Java code, j=interpreted, Vv=VM code)
j  jni.Lexer.close()V+0
j  jni.Runner$LexerContextHandler.disposeContext(Ljni/Lexer;)V+1
j  jni.Runner$LexerContextHandler.disposeContext(Ljava/lang/Object;)V+5
j  de.learnlib.driver.ContextExecutableInputSUL.disposeContext(Ljava/lang/Object;)V+5
j  de.learnlib.driver.AbstractContextExecutableInputSUL.post()V+5
j  de.learnlib.filter.statistic.sul.ResetCounterSUL.post()V+4
j  de.learnlib.filter.cache.sul.AbstractSULCache$AbstractSULCacheImpl.post()V+23
j  de.learnlib.filter.cache.sul.AbstractSULCache.post()V+4
j  de.learnlib.filter.cache.sul.SULCache.post()V+1
j  de.learnlib.oracle.membership.SULOracle.answerQuery(Lnet/automatalib/word/Word;Lnet/automatalib/word/Word;)Lnet/automatalib/word/Word;+126
j  de.learnlib.oracle.membership.SULOracle.processQueries(Ljava/util/Collection;)V+35
j  de.learnlib.datastructure.observationtable.GenericObservationTable.initialize(Ljava/util/List;Ljava/util/List;Lde/learnlib/oracle/MembershipOracle;)Ljava/util/List;+357
j  de.learnlib.algorithm.lstar.AbstractLStar.startLearning()V+20
j  de.learnlib.algorithm.lstar.AbstractAutomatonLStar.startLearning()V+1
j  de.learnlib.util.Experiment$ExperimentImpl.run()Ljava/lang/Object;+62
j  de.learnlib.util.Experiment.run()Ljava/lang/Object;+22
j  jni.Runner.main([Ljava/lang/String;)V+215
v  ~StubRoutines::call_stub

siginfo: si_signo: 11 (SIGSEGV), si_code: 1 (SEGV_MAPERR), si_addr: 0x0000000000000019

Registers:
RAX=0xcb490771fa126300, RBX=0x0000000000000001, RCX=0x0000000000000000, RDX=0x0000000000000000
RSP=0x0000726b045fe1b0, RBP=0x0000726b045fe1f0, RSI=0x00000000ffffffff, RDI=0x0000000000000001
R8 =0x0000000000000008, R9 =0x0000000452fba530, R10=0x0000726b048939c0, R11=0x0000726b04895650
R12=0x0000000000000000, R13=0x0000726a5f4bdf28, R14=0x0000726b045fe2a8, R15=0x0000726b00017230
RIP=0x0000726b0489566e, EFLAGS=0x0000000000010202, CSGSFS=0x002b000000000033, ERR=0x0000000000000004
  TRAPNO=0x000000000000000e


Register to memory mapping:

RAX=0xcb490771fa126300 is an unknown value
RBX=0x0000000000000001 is an unknown value
RCX=0x0 is NULL
RDX=0x0 is NULL
RSP=0x0000726b045fe1b0 is pointing into the stack for thread: 0x0000726b00017230
RBP=0x0000726b045fe1f0 is pointing into the stack for thread: 0x0000726b00017230
RSI=0x00000000ffffffff is an unknown value
RDI=0x0000000000000001 is an unknown value
R8 =0x0000000000000008 is an unknown value
R9 =0x0000000452fba530 is an oop: jni.Lexer 
{0x0000000452fba530} - klass: 'jni/Lexer'
 - ---- fields (total size 3 words):
 - private 'input' 'Ljava/lang/StringBuffer;' @12  a 'java/lang/StringBuffer'{0x0000000452fba6c8} (8a5f74d9)
 - private 'cookiePtr' 'J' @16  125803893729072 (65a730 726b)
R10=0x0000726b048939c0: <offset 0x00000000000009c0> in /tmp/lexer3175676534027860307.lib at 0x0000726b04893000
R11=0x0000726b04895650: lex_one_char+0x0000000000000000 in /tmp/lexer3175676534027860307.lib at 0x0000726b04893000
R12=0x0 is NULL
R13={method} {0x0000726a5f4bdf28} 'close' '()V' in 'jni/Lexer'
R14=0x0000726b045fe2a8 is pointing into the stack for thread: 0x0000726b00017230
R15=0x0000726b00017230 is a thread


Top of Stack: (sp=0x0000726b045fe1b0)
0x0000726b045fe1b0:   0000726b00017230 0000000000000000
0x0000726b045fe1c0:   0000000000000001 cb490771fa126300
0x0000726b045fe1d0:   0000000000000001 0000726b04895828
0x0000726b045fe1e0:   0000000000000000 0000726a5f4bdf28
0x0000726b045fe1f0:   0000726b045fe2a8 0000726b00017230
0x0000726b045fe200:   0000726b045fe2a8 cb490771fa126300
0x0000726b045fe210:   0000726a5f4bdf28 0000726a5f4bdf28
0x0000726b045fe220:   0000726b045fe288 0000726af066c53a
0x0000726b045fe230:   0000726b00017230 0000726af066c276
0x0000726b045fe240:   0000726b045fe240 0000726a5f4bdf28
0x0000726b045fe250:   0000726b045fe2a8 0000726a5f4be240
0x0000726b045fe260:   0000000000000000 0000000452f1ccb0
0x0000726b045fe270:   0000726a5f4bdf28 0000000000000000
0x0000726b045fe280:   0000726b045fe2a8 0000726b045fe2f8
0x0000726b045fe290:   0000726af066823e 0000000000000000
0x0000726b045fe2a0:   0000726af0669f78 0000000452fba530
0x0000726b045fe2b0:   0000726b045fe2b0 0000726a5f408469
0x0000726b045fe2c0:   0000726b045fe310 0000726a5f408670
0x0000726b045fe2d0:   0000000000000000 00000004528de008
0x0000726b045fe2e0:   0000726a5f408490 0000726b045fe2a8
0x0000726b045fe2f0:   0000726b045fe308 0000726b045fe360
0x0000726b045fe300:   0000726af066823e 0000000452fba530
0x0000726b045fe310:   00000004528de100 0000726b045fe318
0x0000726b045fe320:   0000726a5f40851d 0000726b045fe378
0x0000726b045fe330:   0000726a5f408670 0000000000000000
0x0000726b045fe340:   00000004528de008 0000726a5f408538
0x0000726b045fe350:   0000726b045fe308 0000726b045fe370
0x0000726b045fe360:   0000726b045fe3c8 0000726af06686a2
0x0000726b045fe370:   0000000452fba530 00000004528de100
0x0000726b045fe380:   0000726b045fe380 0000726a5f4071ad
0x0000726b045fe390:   0000726b045fe3e0 0000726a5f407c48
0x0000726b045fe3a0:   0000000000000000 00000004528db370 

Instructions: (pc=0x0000726b0489566e)
0x0000726b0489556e:   48 89 c1 48 89 d6 eb 30 66 2e 0f 1f 84 00 00 00
0x0000726b0489557e:   00 00 66 0f 6f 05 18 30 00 00 31 f6 48 89 e7 0f
0x0000726b0489558e:   29 04 24 e8 7a fb ff ff 85 c0 0f 85 42 fd ff ff
0x0000726b0489559e:   48 8b 73 18 48 8b 4b 10 48 89 c8 48 89 f2 48 39
0x0000726b048955ae:   f1 74 cf 31 c9 eb 21 0f 1f 00 48 83 c0 01 48 83
0x0000726b048955be:   c1 01 48 89 43 10 40 88 74 0d ff 48 8b 43 10 48
0x0000726b048955ce:   8b 53 18 48 39 d0 74 12 48 89 c6 81 e6 ff 03 00
0x0000726b048955de:   00 8b 74 b3 20 83 fe ff 75 d0 81 e2 ff 03 00 00
0x0000726b048955ee:   25 ff 03 00 00 48 89 53 18 48 89 43 10 48 8b 44
0x0000726b048955fe:   24 18 64 48 2b 04 25 28 00 00 00 75 0a 48 83 c4
0x0000726b0489560e:   28 48 89 c8 5b 5d c3 e8 b6 fa ff ff 66 0f 1f 44
0x0000726b0489561e:   00 00 48 83 ec 08 48 8b 05 b5 49 00 00 48 89 fa
0x0000726b0489562e:   48 8d 35 d5 29 00 00 48 8b 38 31 c0 e8 41 fb ff
0x0000726b0489563e:   ff bf 02 00 00 00 e8 47 fc ff ff 0f 1f 80 00 00
0x0000726b0489564e:   00 00 53 48 89 fb 48 83 ec 20 66 0f 6f 05 50 2f
0x0000726b0489565e:   00 00 64 48 8b 04 25 28 00 00 00 48 89 44 24 18
0x0000726b0489566e:   48 8b 47 18 0f 29 04 24 48 8d 50 01 25 ff 03 00
0x0000726b0489567e:   00 48 89 57 18 89 74 87 20 31 f6 48 89 e7 e8 7f
0x0000726b0489568e:   fa ff ff 85 c0 0f 85 5c fc ff ff 48 8b 93 20 10
0x0000726b0489569e:   00 00 48 8b 83 28 10 00 00 48 29 d0 48 83 f8 01
0x0000726b048956ae:   74 78 48 83 f8 02 74 4a ba 01 00 00 00 48 85 c0
0x0000726b048956be:   74 25 48 8b 05 19 49 00 00 ba 23 00 00 00 be 01
0x0000726b048956ce:   00 00 00 48 8d 3d 58 2a 00 00 48 8b 08 e8 c0 fb
0x0000726b048956de:   ff ff ba ff ff ff ff 48 8b 44 24 18 64 48 2b 04
0x0000726b048956ee:   25 28 00 00 00 75 47 48 83 c4 20 89 d0 5b c3 0f
0x0000726b048956fe:   1f 00 48 8d 42 02 8b 8c 93 30 10 00 00 48 89 83
0x0000726b0489570e:   20 10 00 00 8b 84 93 34 10 00 00 8d 04 80 8d 14
0x0000726b0489571e:   41 eb c4 0f 1f 80 00 00 00 00 48 8d 42 01 8b 94
0x0000726b0489572e:   93 30 10 00 00 48 89 83 20 10 00 00 eb a9 e8 8f
0x0000726b0489573e:   f9 ff ff 66 66 2e 0f 1f 84 00 00 00 00 00 0f 1f
0x0000726b0489574e:   40 00 55 be 30 20 00 00 bf 01 00 00 00 53 48 83
0x0000726b0489575e:   ec 28 e8 eb f9 ff ff 48 85 c0 0f 84 98 fb ff ff 


Stack slot to memory mapping:
stack at sp + 0 slots: 0x0000726b00017230 is a thread
stack at sp + 1 slots: 0x0 is NULL
stack at sp + 2 slots: 0x0000000000000001 is an unknown value
stack at sp + 3 slots: 0xcb490771fa126300 is an unknown value
stack at sp + 4 slots: 0x0000000000000001 is an unknown value
stack at sp + 5 slots: 0x0000726b04895828: lexer_destroy+0x0000000000000028 in /tmp/lexer3175676534027860307.lib at 0x0000726b04893000
stack at sp + 6 slots: 0x0 is NULL
stack at sp + 7 slots: {method} {0x0000726a5f4bdf28} 'close' '()V' in 'jni/Lexer'


---------------  P R O C E S S  ---------------

Threads class SMR info:
_java_thread_list=0x0000726a1001fba0, length=14, elements={
0x0000726b00017230, 0x0000726b001db1e0, 0x0000726b001dc5d0, 0x0000726b001e1b70,
0x0000726b001e2f30, 0x0000726b001e4350, 0x0000726b001e5d90, 0x0000726b001e72d0,
0x0000726b001e8750, 0x0000726b001f0860, 0x0000726b001f3f50, 0x0000726a2c086c20,
0x0000726a1001da60, 0x0000726a1001ec20
}

Java Threads: ( => current thread )
=>0x0000726b00017230 JavaThread "main" [_thread_in_native, id=50766, stack(0x0000726b04500000,0x0000726b04600000)]
  0x0000726b001db1e0 JavaThread "Reference Handler" daemon [_thread_blocked, id=50773, stack(0x0000726abb9fb000,0x0000726abbafb000)]
  0x0000726b001dc5d0 JavaThread "Finalizer" daemon [_thread_blocked, id=50774, stack(0x0000726abb8fa000,0x0000726abb9fa000)]
  0x0000726b001e1b70 JavaThread "Signal Dispatcher" daemon [_thread_blocked, id=50775, stack(0x0000726abb500000,0x0000726abb600000)]
  0x0000726b001e2f30 JavaThread "Service Thread" daemon [_thread_blocked, id=50776, stack(0x0000726abb3ff000,0x0000726abb4ff000)]
  0x0000726b001e4350 JavaThread "Monitor Deflation Thread" daemon [_thread_blocked, id=50777, stack(0x0000726abb2fe000,0x0000726abb3fe000)]
  0x0000726b001e5d90 JavaThread "C2 CompilerThread0" daemon [_thread_blocked, id=50778, stack(0x0000726abb1fd000,0x0000726abb2fd000)]
  0x0000726b001e72d0 JavaThread "C1 CompilerThread0" daemon [_thread_blocked, id=50779, stack(0x0000726abb0fc000,0x0000726abb1fc000)]
  0x0000726b001e8750 JavaThread "Sweeper thread" daemon [_thread_blocked, id=50780, stack(0x0000726abaffb000,0x0000726abb0fb000)]
  0x0000726b001f0860 JavaThread "Notification Thread" daemon [_thread_blocked, id=50781, stack(0x0000726abaefa000,0x0000726abaffa000)]
  0x0000726b001f3f50 JavaThread "Common-Cleaner" daemon [_thread_blocked, id=50783, stack(0x0000726abacf8000,0x0000726abadf8000)]
  0x0000726a2c086c20 JavaThread "C1 CompilerThread1" daemon [_thread_blocked, id=50784, stack(0x0000726ababf7000,0x0000726abacf7000)]
  0x0000726a1001da60 JavaThread "C2 CompilerThread1" daemon [_thread_blocked, id=50785, stack(0x0000726abaaf6000,0x0000726ababf6000)]
  0x0000726a1001ec20 JavaThread "C2 CompilerThread2" daemon [_thread_blocked, id=50786, stack(0x0000726aba9f5000,0x0000726abaaf5000)]

Other Threads:
  0x0000726b001d7250 VMThread "VM Thread" [stack: 0x0000726abbafc000,0x0000726abbbfc000] [id=50772]
  0x0000726b001f20c0 WatcherThread [stack: 0x0000726abadf9000,0x0000726abaef9000] [id=50782]
  0x0000726b00048b50 GCTaskThread "GC Thread#0" [stack: 0x0000726ac2f00000,0x0000726ac3000000] [id=50767]
  0x0000726b00059c80 ConcurrentGCThread "G1 Main Marker" [stack: 0x0000726ac2dff000,0x0000726ac2eff000] [id=50768]
  0x0000726b0005abf0 ConcurrentGCThread "G1 Conc#0" [stack: 0x0000726ac2cfe000,0x0000726ac2dfe000] [id=50769]
  0x0000726b001a4200 ConcurrentGCThread "G1 Refine#0" [stack: 0x0000726abbcfe000,0x0000726abbdfe000] [id=50770]
  0x0000726b001a5100 ConcurrentGCThread "G1 Service" [stack: 0x0000726abbbfd000,0x0000726abbcfd000] [id=50771]

Threads with active compile tasks:

VM state: not at safepoint (normal execution)

VM Mutex/Monitor currently owned by a thread: None

Heap address: 0x0000000414000000, size: 16064 MB, Compressed Oops mode: Zero based, Oop shift amount: 3

CDS archive(s) mapped at: [0x0000726a63000000-0x0000726a63bc6000-0x0000726a63bc6000), size 12345344, SharedBaseAddress: 0x0000726a63000000, ArchiveRelocationMode: 1.
Compressed class space mapped at: 0x0000726a64000000-0x0000726aa4000000, reserved size: 1073741824
Narrow klass base: 0x0000726a63000000, Narrow klass shift: 0, Narrow klass range: 0x100000000

GC Precious Log:
 CPUs: 32 total, 16 available
 Memory: 64224M
 Large Page Support: Disabled
 NUMA Support: Disabled
 Compressed Oops: Enabled (Zero based)
 Heap Region Size: 8M
 Heap Min Capacity: 8M
 Heap Initial Capacity: 1008M
 Heap Max Capacity: 16064M
 Pre-touch: Disabled
 Parallel Workers: 13
 Concurrent Workers: 3
 Concurrent Refinement Workers: 13
 Periodic GC: Disabled

Heap:
 garbage-first heap   total 1048576K, used 8112K [0x0000000414000000, 0x0000000800000000)
  region size 8192K, 1 young (8192K), 0 survivors (0K)
 Metaspace       used 2311K, committed 2432K, reserved 1114112K
  class space    used 264K, committed 320K, reserved 1048576K

Heap Regions: E=young(eden), S=young(survivor), O=old, HS=humongous(starts), HC=humongous(continues), CS=collection set, F=free, OA=open archive, CA=closed archive, TAMS=top-at-mark-start (previous, next)
|   0|0x0000000414000000, 0x0000000414000000, 0x0000000414800000|  0%| F|  |TAMS 0x0000000414000000, 0x0000000414000000| Untracked 
|   1|0x0000000414800000, 0x0000000414800000, 0x0000000415000000|  0%| F|  |TAMS 0x0000000414800000, 0x0000000414800000| Untracked 
|   2|0x0000000415000000, 0x0000000415000000, 0x0000000415800000|  0%| F|  |TAMS 0x0000000415000000, 0x0000000415000000| Untracked 
|   3|0x0000000415800000, 0x0000000415800000, 0x0000000416000000|  0%| F|  |TAMS 0x0000000415800000, 0x0000000415800000| Untracked 
|   4|0x0000000416000000, 0x0000000416000000, 0x0000000416800000|  0%| F|  |TAMS 0x0000000416000000, 0x0000000416000000| Untracked 
|   5|0x0000000416800000, 0x0000000416800000, 0x0000000417000000|  0%| F|  |TAMS 0x0000000416800000, 0x0000000416800000| Untracked 
|   6|0x0000000417000000, 0x0000000417000000, 0x0000000417800000|  0%| F|  |TAMS 0x0000000417000000, 0x0000000417000000| Untracked 
|   7|0x0000000417800000, 0x0000000417800000, 0x0000000418000000|  0%| F|  |TAMS 0x0000000417800000, 0x0000000417800000| Untracked 
|   8|0x0000000418000000, 0x0000000418000000, 0x0000000418800000|  0%| F|  |TAMS 0x0000000418000000, 0x0000000418000000| Untracked 
|   9|0x0000000418800000, 0x0000000418800000, 0x0000000419000000|  0%| F|  |TAMS 0x0000000418800000, 0x0000000418800000| Untracked 
|  10|0x0000000419000000, 0x0000000419000000, 0x0000000419800000|  0%| F|  |TAMS 0x0000000419000000, 0x0000000419000000| Untracked 
|  11|0x0000000419800000, 0x0000000419800000, 0x000000041a000000|  0%| F|  |TAMS 0x0000000419800000, 0x0000000419800000| Untracked 
|  12|0x000000041a000000, 0x000000041a000000, 0x000000041a800000|  0%| F|  |TAMS 0x000000041a000000, 0x000000041a000000| Untracked 
|  13|0x000000041a800000, 0x000000041a800000, 0x000000041b000000|  0%| F|  |TAMS 0x000000041a800000, 0x000000041a800000| Untracked 
|  14|0x000000041b000000, 0x000000041b000000, 0x000000041b800000|  0%| F|  |TAMS 0x000000041b000000, 0x000000041b000000| Untracked 
|  15|0x000000041b800000, 0x000000041b800000, 0x000000041c000000|  0%| F|  |TAMS 0x000000041b800000, 0x000000041b800000| Untracked 
|  16|0x000000041c000000, 0x000000041c000000, 0x000000041c800000|  0%| F|  |TAMS 0x000000041c000000, 0x000000041c000000| Untracked 
|  17|0x000000041c800000, 0x000000041c800000, 0x000000041d000000|  0%| F|  |TAMS 0x000000041c800000, 0x000000041c800000| Untracked 
|  18|0x000000041d000000, 0x000000041d000000, 0x000000041d800000|  0%| F|  |TAMS 0x000000041d000000, 0x000000041d000000| Untracked 
|  19|0x000000041d800000, 0x000000041d800000, 0x000000041e000000|  0%| F|  |TAMS 0x000000041d800000, 0x000000041d800000| Untracked 
|  20|0x000000041e000000, 0x000000041e000000, 0x000000041e800000|  0%| F|  |TAMS 0x000000041e000000, 0x000000041e000000| Untracked 
|  21|0x000000041e800000, 0x000000041e800000, 0x000000041f000000|  0%| F|  |TAMS 0x000000041e800000, 0x000000041e800000| Untracked 
|  22|0x000000041f000000, 0x000000041f000000, 0x000000041f800000|  0%| F|  |TAMS 0x000000041f000000, 0x000000041f000000| Untracked 
|  23|0x000000041f800000, 0x000000041f800000, 0x0000000420000000|  0%| F|  |TAMS 0x000000041f800000, 0x000000041f800000| Untracked 
|  24|0x0000000420000000, 0x0000000420000000, 0x0000000420800000|  0%| F|  |TAMS 0x0000000420000000, 0x0000000420000000| Untracked 
|  25|0x0000000420800000, 0x0000000420800000, 0x0000000421000000|  0%| F|  |TAMS 0x0000000420800000, 0x0000000420800000| Untracked 
|  26|0x0000000421000000, 0x0000000421000000, 0x0000000421800000|  0%| F|  |TAMS 0x0000000421000000, 0x0000000421000000| Untracked 
|  27|0x0000000421800000, 0x0000000421800000, 0x0000000422000000|  0%| F|  |TAMS 0x0000000421800000, 0x0000000421800000| Untracked 
|  28|0x0000000422000000, 0x0000000422000000, 0x0000000422800000|  0%| F|  |TAMS 0x0000000422000000, 0x0000000422000000| Untracked 
|  29|0x0000000422800000, 0x0000000422800000, 0x0000000423000000|  0%| F|  |TAMS 0x0000000422800000, 0x0000000422800000| Untracked 
|  30|0x0000000423000000, 0x0000000423000000, 0x0000000423800000|  0%| F|  |TAMS 0x0000000423000000, 0x0000000423000000| Untracked 
|  31|0x0000000423800000, 0x0000000423800000, 0x0000000424000000|  0%| F|  |TAMS 0x0000000423800000, 0x0000000423800000| Untracked 
|  32|0x0000000424000000, 0x0000000424000000, 0x0000000424800000|  0%| F|  |TAMS 0x0000000424000000, 0x0000000424000000| Untracked 
|  33|0x0000000424800000, 0x0000000424800000, 0x0000000425000000|  0%| F|  |TAMS 0x0000000424800000, 0x0000000424800000| Untracked 
|  34|0x0000000425000000, 0x0000000425000000, 0x0000000425800000|  0%| F|  |TAMS 0x0000000425000000, 0x0000000425000000| Untracked 
|  35|0x0000000425800000, 0x0000000425800000, 0x0000000426000000|  0%| F|  |TAMS 0x0000000425800000, 0x0000000425800000| Untracked 
|  36|0x0000000426000000, 0x0000000426000000, 0x0000000426800000|  0%| F|  |TAMS 0x0000000426000000, 0x0000000426000000| Untracked 
|  37|0x0000000426800000, 0x0000000426800000, 0x0000000427000000|  0%| F|  |TAMS 0x0000000426800000, 0x0000000426800000| Untracked 
|  38|0x0000000427000000, 0x0000000427000000, 0x0000000427800000|  0%| F|  |TAMS 0x0000000427000000, 0x0000000427000000| Untracked 
|  39|0x0000000427800000, 0x0000000427800000, 0x0000000428000000|  0%| F|  |TAMS 0x0000000427800000, 0x0000000427800000| Untracked 
|  40|0x0000000428000000, 0x0000000428000000, 0x0000000428800000|  0%| F|  |TAMS 0x0000000428000000, 0x0000000428000000| Untracked 
|  41|0x0000000428800000, 0x0000000428800000, 0x0000000429000000|  0%| F|  |TAMS 0x0000000428800000, 0x0000000428800000| Untracked 
|  42|0x0000000429000000, 0x0000000429000000, 0x0000000429800000|  0%| F|  |TAMS 0x0000000429000000, 0x0000000429000000| Untracked 
|  43|0x0000000429800000, 0x0000000429800000, 0x000000042a000000|  0%| F|  |TAMS 0x0000000429800000, 0x0000000429800000| Untracked 
|  44|0x000000042a000000, 0x000000042a000000, 0x000000042a800000|  0%| F|  |TAMS 0x000000042a000000, 0x000000042a000000| Untracked 
|  45|0x000000042a800000, 0x000000042a800000, 0x000000042b000000|  0%| F|  |TAMS 0x000000042a800000, 0x000000042a800000| Untracked 
|  46|0x000000042b000000, 0x000000042b000000, 0x000000042b800000|  0%| F|  |TAMS 0x000000042b000000, 0x000000042b000000| Untracked 
|  47|0x000000042b800000, 0x000000042b800000, 0x000000042c000000|  0%| F|  |TAMS 0x000000042b800000, 0x000000042b800000| Untracked 
|  48|0x000000042c000000, 0x000000042c000000, 0x000000042c800000|  0%| F|  |TAMS 0x000000042c000000, 0x000000042c000000| Untracked 
|  49|0x000000042c800000, 0x000000042c800000, 0x000000042d000000|  0%| F|  |TAMS 0x000000042c800000, 0x000000042c800000| Untracked 
|  50|0x000000042d000000, 0x000000042d000000, 0x000000042d800000|  0%| F|  |TAMS 0x000000042d000000, 0x000000042d000000| Untracked 
|  51|0x000000042d800000, 0x000000042d800000, 0x000000042e000000|  0%| F|  |TAMS 0x000000042d800000, 0x000000042d800000| Untracked 
|  52|0x000000042e000000, 0x000000042e000000, 0x000000042e800000|  0%| F|  |TAMS 0x000000042e000000, 0x000000042e000000| Untracked 
|  53|0x000000042e800000, 0x000000042e800000, 0x000000042f000000|  0%| F|  |TAMS 0x000000042e800000, 0x000000042e800000| Untracked 
|  54|0x000000042f000000, 0x000000042f000000, 0x000000042f800000|  0%| F|  |TAMS 0x000000042f000000, 0x000000042f000000| Untracked 
|  55|0x000000042f800000, 0x000000042f800000, 0x0000000430000000|  0%| F|  |TAMS 0x000000042f800000, 0x000000042f800000| Untracked 
|  56|0x0000000430000000, 0x0000000430000000, 0x0000000430800000|  0%| F|  |TAMS 0x0000000430000000, 0x0000000430000000| Untracked 
|  57|0x0000000430800000, 0x0000000430800000, 0x0000000431000000|  0%| F|  |TAMS 0x0000000430800000, 0x0000000430800000| Untracked 
|  58|0x0000000431000000, 0x0000000431000000, 0x0000000431800000|  0%| F|  |TAMS 0x0000000431000000, 0x0000000431000000| Untracked 
|  59|0x0000000431800000, 0x0000000431800000, 0x0000000432000000|  0%| F|  |TAMS 0x0000000431800000, 0x0000000431800000| Untracked 
|  60|0x0000000432000000, 0x0000000432000000, 0x0000000432800000|  0%| F|  |TAMS 0x0000000432000000, 0x0000000432000000| Untracked 
|  61|0x0000000432800000, 0x0000000432800000, 0x0000000433000000|  0%| F|  |TAMS 0x0000000432800000, 0x0000000432800000| Untracked 
|  62|0x0000000433000000, 0x0000000433000000, 0x0000000433800000|  0%| F|  |TAMS 0x0000000433000000, 0x0000000433000000| Untracked 
|  63|0x0000000433800000, 0x0000000433800000, 0x0000000434000000|  0%| F|  |TAMS 0x0000000433800000, 0x0000000433800000| Untracked 
|  64|0x0000000434000000, 0x0000000434000000, 0x0000000434800000|  0%| F|  |TAMS 0x0000000434000000, 0x0000000434000000| Untracked 
|  65|0x0000000434800000, 0x0000000434800000, 0x0000000435000000|  0%| F|  |TAMS 0x0000000434800000, 0x0000000434800000| Untracked 
|  66|0x0000000435000000, 0x0000000435000000, 0x0000000435800000|  0%| F|  |TAMS 0x0000000435000000, 0x0000000435000000| Untracked 
|  67|0x0000000435800000, 0x0000000435800000, 0x0000000436000000|  0%| F|  |TAMS 0x0000000435800000, 0x0000000435800000| Untracked 
|  68|0x0000000436000000, 0x0000000436000000, 0x0000000436800000|  0%| F|  |TAMS 0x0000000436000000, 0x0000000436000000| Untracked 
|  69|0x0000000436800000, 0x0000000436800000, 0x0000000437000000|  0%| F|  |TAMS 0x0000000436800000, 0x0000000436800000| Untracked 
|  70|0x0000000437000000, 0x0000000437000000, 0x0000000437800000|  0%| F|  |TAMS 0x0000000437000000, 0x0000000437000000| Untracked 
|  71|0x0000000437800000, 0x0000000437800000, 0x0000000438000000|  0%| F|  |TAMS 0x0000000437800000, 0x0000000437800000| Untracked 
|  72|0x0000000438000000, 0x0000000438000000, 0x0000000438800000|  0%| F|  |TAMS 0x0000000438000000, 0x0000000438000000| Untracked 
|  73|0x0000000438800000, 0x0000000438800000, 0x0000000439000000|  0%| F|  |TAMS 0x0000000438800000, 0x0000000438800000| Untracked 
|  74|0x0000000439000000, 0x0000000439000000, 0x0000000439800000|  0%| F|  |TAMS 0x0000000439000000, 0x0000000439000000| Untracked 
|  75|0x0000000439800000, 0x0000000439800000, 0x000000043a000000|  0%| F|  |TAMS 0x0000000439800000, 0x0000000439800000| Untracked 
|  76|0x000000043a000000, 0x000000043a000000, 0x000000043a800000|  0%| F|  |TAMS 0x000000043a000000, 0x000000043a000000| Untracked 
|  77|0x000000043a800000, 0x000000043a800000, 0x000000043b000000|  0%| F|  |TAMS 0x000000043a800000, 0x000000043a800000| Untracked 
|  78|0x000000043b000000, 0x000000043b000000, 0x000000043b800000|  0%| F|  |TAMS 0x000000043b000000, 0x000000043b000000| Untracked 
|  79|0x000000043b800000, 0x000000043b800000, 0x000000043c000000|  0%| F|  |TAMS 0x000000043b800000, 0x000000043b800000| Untracked 
|  80|0x000000043c000000, 0x000000043c000000, 0x000000043c800000|  0%| F|  |TAMS 0x000000043c000000, 0x000000043c000000| Untracked 
|  81|0x000000043c800000, 0x000000043c800000, 0x000000043d000000|  0%| F|  |TAMS 0x000000043c800000, 0x000000043c800000| Untracked 
|  82|0x000000043d000000, 0x000000043d000000, 0x000000043d800000|  0%| F|  |TAMS 0x000000043d000000, 0x000000043d000000| Untracked 
|  83|0x000000043d800000, 0x000000043d800000, 0x000000043e000000|  0%| F|  |TAMS 0x000000043d800000, 0x000000043d800000| Untracked 
|  84|0x000000043e000000, 0x000000043e000000, 0x000000043e800000|  0%| F|  |TAMS 0x000000043e000000, 0x000000043e000000| Untracked 
|  85|0x000000043e800000, 0x000000043e800000, 0x000000043f000000|  0%| F|  |TAMS 0x000000043e800000, 0x000000043e800000| Untracked 
|  86|0x000000043f000000, 0x000000043f000000, 0x000000043f800000|  0%| F|  |TAMS 0x000000043f000000, 0x000000043f000000| Untracked 
|  87|0x000000043f800000, 0x000000043f800000, 0x0000000440000000|  0%| F|  |TAMS 0x000000043f800000, 0x000000043f800000| Untracked 
|  88|0x0000000440000000, 0x0000000440000000, 0x0000000440800000|  0%| F|  |TAMS 0x0000000440000000, 0x0000000440000000| Untracked 
|  89|0x0000000440800000, 0x0000000440800000, 0x0000000441000000|  0%| F|  |TAMS 0x0000000440800000, 0x0000000440800000| Untracked 
|  90|0x0000000441000000, 0x0000000441000000, 0x0000000441800000|  0%| F|  |TAMS 0x0000000441000000, 0x0000000441000000| Untracked 
|  91|0x0000000441800000, 0x0000000441800000, 0x0000000442000000|  0%| F|  |TAMS 0x0000000441800000, 0x0000000441800000| Untracked 
|  92|0x0000000442000000, 0x0000000442000000, 0x0000000442800000|  0%| F|  |TAMS 0x0000000442000000, 0x0000000442000000| Untracked 
|  93|0x0000000442800000, 0x0000000442800000, 0x0000000443000000|  0%| F|  |TAMS 0x0000000442800000, 0x0000000442800000| Untracked 
|  94|0x0000000443000000, 0x0000000443000000, 0x0000000443800000|  0%| F|  |TAMS 0x0000000443000000, 0x0000000443000000| Untracked 
|  95|0x0000000443800000, 0x0000000443800000, 0x0000000444000000|  0%| F|  |TAMS 0x0000000443800000, 0x0000000443800000| Untracked 
|  96|0x0000000444000000, 0x0000000444000000, 0x0000000444800000|  0%| F|  |TAMS 0x0000000444000000, 0x0000000444000000| Untracked 
|  97|0x0000000444800000, 0x0000000444800000, 0x0000000445000000|  0%| F|  |TAMS 0x0000000444800000, 0x0000000444800000| Untracked 
|  98|0x0000000445000000, 0x0000000445000000, 0x0000000445800000|  0%| F|  |TAMS 0x0000000445000000, 0x0000000445000000| Untracked 
|  99|0x0000000445800000, 0x0000000445800000, 0x0000000446000000|  0%| F|  |TAMS 0x0000000445800000, 0x0000000445800000| Untracked 
| 100|0x0000000446000000, 0x0000000446000000, 0x0000000446800000|  0%| F|  |TAMS 0x0000000446000000, 0x0000000446000000| Untracked 
| 101|0x0000000446800000, 0x0000000446800000, 0x0000000447000000|  0%| F|  |TAMS 0x0000000446800000, 0x0000000446800000| Untracked 
| 102|0x0000000447000000, 0x0000000447000000, 0x0000000447800000|  0%| F|  |TAMS 0x0000000447000000, 0x0000000447000000| Untracked 
| 103|0x0000000447800000, 0x0000000447800000, 0x0000000448000000|  0%| F|  |TAMS 0x0000000447800000, 0x0000000447800000| Untracked 
| 104|0x0000000448000000, 0x0000000448000000, 0x0000000448800000|  0%| F|  |TAMS 0x0000000448000000, 0x0000000448000000| Untracked 
| 105|0x0000000448800000, 0x0000000448800000, 0x0000000449000000|  0%| F|  |TAMS 0x0000000448800000, 0x0000000448800000| Untracked 
| 106|0x0000000449000000, 0x0000000449000000, 0x0000000449800000|  0%| F|  |TAMS 0x0000000449000000, 0x0000000449000000| Untracked 
| 107|0x0000000449800000, 0x0000000449800000, 0x000000044a000000|  0%| F|  |TAMS 0x0000000449800000, 0x0000000449800000| Untracked 
| 108|0x000000044a000000, 0x000000044a000000, 0x000000044a800000|  0%| F|  |TAMS 0x000000044a000000, 0x000000044a000000| Untracked 
| 109|0x000000044a800000, 0x000000044a800000, 0x000000044b000000|  0%| F|  |TAMS 0x000000044a800000, 0x000000044a800000| Untracked 
| 110|0x000000044b000000, 0x000000044b000000, 0x000000044b800000|  0%| F|  |TAMS 0x000000044b000000, 0x000000044b000000| Untracked 
| 111|0x000000044b800000, 0x000000044b800000, 0x000000044c000000|  0%| F|  |TAMS 0x000000044b800000, 0x000000044b800000| Untracked 
| 112|0x000000044c000000, 0x000000044c000000, 0x000000044c800000|  0%| F|  |TAMS 0x000000044c000000, 0x000000044c000000| Untracked 
| 113|0x000000044c800000, 0x000000044c800000, 0x000000044d000000|  0%| F|  |TAMS 0x000000044c800000, 0x000000044c800000| Untracked 
| 114|0x000000044d000000, 0x000000044d000000, 0x000000044d800000|  0%| F|  |TAMS 0x000000044d000000, 0x000000044d000000| Untracked 
| 115|0x000000044d800000, 0x000000044d800000, 0x000000044e000000|  0%| F|  |TAMS 0x000000044d800000, 0x000000044d800000| Untracked 
| 116|0x000000044e000000, 0x000000044e000000, 0x000000044e800000|  0%| F|  |TAMS 0x000000044e000000, 0x000000044e000000| Untracked 
| 117|0x000000044e800000, 0x000000044e800000, 0x000000044f000000|  0%| F|  |TAMS 0x000000044e800000, 0x000000044e800000| Untracked 
| 118|0x000000044f000000, 0x000000044f000000, 0x000000044f800000|  0%| F|  |TAMS 0x000000044f000000, 0x000000044f000000| Untracked 
| 119|0x000000044f800000, 0x000000044f800000, 0x0000000450000000|  0%| F|  |TAMS 0x000000044f800000, 0x000000044f800000| Untracked 
| 120|0x0000000450000000, 0x0000000450000000, 0x0000000450800000|  0%| F|  |TAMS 0x0000000450000000, 0x0000000450000000| Untracked 
| 121|0x0000000450800000, 0x0000000450800000, 0x0000000451000000|  0%| F|  |TAMS 0x0000000450800000, 0x0000000450800000| Untracked 
| 122|0x0000000451000000, 0x0000000451000000, 0x0000000451800000|  0%| F|  |TAMS 0x0000000451000000, 0x0000000451000000| Untracked 
| 123|0x0000000451800000, 0x0000000451800000, 0x0000000452000000|  0%| F|  |TAMS 0x0000000451800000, 0x0000000451800000| Untracked 
| 124|0x0000000452000000, 0x0000000452000000, 0x0000000452800000|  0%| F|  |TAMS 0x0000000452000000, 0x0000000452000000| Untracked 
| 125|0x0000000452800000, 0x0000000453000000, 0x0000000453000000|100%| E|  |TAMS 0x0000000452800000, 0x0000000452800000| Complete 
|2006|0x00000007ff000000, 0x00000007ff775000, 0x00000007ff800000| 93%|OA|  |TAMS 0x00000007ff000000, 0x00000007ff000000| Untracked 
|2007|0x00000007ff800000, 0x00000007ff877000, 0x0000000800000000|  5%|CA|  |TAMS 0x00000007ff800000, 0x00000007ff800000| Untracked 

Card table byte_map: [0x0000726ae4800000,0x0000726ae6760000] _byte_map_base: 0x0000726ae2760000

Marking Bits (Prev, Next): (CMBitMap*) 0x0000726b000495e0, (CMBitMap*) 0x0000726b00049620
 Prev Bits: [0x0000726ad2c00000, 0x0000726ae2700000)
 Next Bits: [0x0000726ac3000000, 0x0000726ad2b00000)

Polling page: 0x0000726b05afc000

Metaspace:

Usage:
  Non-class:      2.00 MB used.
      Class:    264.11 KB used.
       Both:      2.26 MB used.

Virtual space:
  Non-class space:       64.00 MB reserved,       2.06 MB (  3%) committed,  1 nodes.
      Class space:        1.00 GB reserved,     320.00 KB ( <1%) committed,  1 nodes.
             Both:        1.06 GB reserved,       2.38 MB ( <1%) committed. 

Chunk freelists:
   Non-Class:  11.23 MB
       Class:  15.58 MB
        Both:  26.82 MB

MaxMetaspaceSize: unlimited
CompressedClassSpaceSize: 1.00 GB
Initial GC threshold: 21.00 MB
Current GC threshold: 21.00 MB
CDS: on
MetaspaceReclaimPolicy: balanced
 - commit_granule_bytes: 65536.
 - commit_granule_words: 8192.
 - virtual_space_node_default_size: 8388608.
 - enlarge_chunks_in_place: 1.
 - new_chunks_are_fully_committed: 0.
 - uncommit_free_chunks: 1.
 - use_allocation_guard: 0.
 - handle_deallocations: 1.


Internal statistics:

num_allocs_failed_limit: 0.
num_arena_births: 32.
num_arena_deaths: 0.
num_vsnodes_births: 2.
num_vsnodes_deaths: 0.
num_space_committed: 38.
num_space_uncommitted: 0.
num_chunks_returned_to_freelist: 0.
num_chunks_taken_from_freelist: 77.
num_chunk_merges: 0.
num_chunk_splits: 54.
num_chunks_enlarged: 42.
num_inconsistent_stats: 0.

CodeHeap 'non-profiled nmethods': size=119168Kb used=206Kb max_used=206Kb free=118962Kb
 bounds [0x0000726af0da0000, 0x0000726af1010000, 0x0000726af8200000]
CodeHeap 'profiled nmethods': size=119164Kb used=937Kb max_used=937Kb free=118226Kb
 bounds [0x0000726ae9200000, 0x0000726ae9470000, 0x0000726af065f000]
CodeHeap 'non-nmethods': size=7428Kb used=1684Kb max_used=1691Kb free=5743Kb
 bounds [0x0000726af065f000, 0x0000726af08cf000, 0x0000726af0da0000]
 total_blobs=963 nmethods=555 adapters=321
 compilation: enabled
              stopped_count=0, restarted_count=0
 full_count=0

Compilation events (20 events):
Event: 0.096 Thread 0x0000726a1001ec20  540       4       java.lang.CharacterDataLatin1::toUpperCaseEx (71 bytes)
Event: 0.096 Thread 0x0000726a2c086c20  541       3       java.util.concurrent.ConcurrentHashMap$Node::<init> (14 bytes)
Event: 0.096 Thread 0x0000726a2c086c20 nmethod 541 0x0000726ae92dc410 code [0x0000726ae92dc5c0, 0x0000726ae92dc8b0]
Event: 0.096 Thread 0x0000726a2c086c20  542  s    3       java.util.Properties::put (10 bytes)
Event: 0.096 Thread 0x0000726a2c086c20 nmethod 542 0x0000726ae92dc990 code [0x0000726ae92dcb40, 0x0000726ae92dcda0]
Event: 0.096 Thread 0x0000726a2c086c20  543       3       java.util.HashMap$HashIterator::nextNode (100 bytes)
Event: 0.096 Thread 0x0000726a1001ec20 nmethod 540 0x0000726af0dd2110 code [0x0000726af0dd22a0, 0x0000726af0dd2398]
Event: 0.096 Thread 0x0000726a2c086c20 nmethod 543 0x0000726ae92dce90 code [0x0000726ae92dd080, 0x0000726ae92dd630]
Event: 0.096 Thread 0x0000726a2c086c20  544       3       jdk.internal.org.objectweb.asm.SymbolTable::addConstantClass (8 bytes)
Event: 0.096 Thread 0x0000726a2c086c20 nmethod 544 0x0000726ae92dd810 code [0x0000726ae92dd9c0, 0x0000726ae92ddb00]
Event: 0.096 Thread 0x0000726b001e72d0 nmethod 535 0x0000726ae92ddb90 code [0x0000726ae92de4a0, 0x0000726ae92e29b0]
Event: 0.097 Thread 0x0000726a2c086c20  548       3       java.lang.invoke.LambdaForm::parameter (38 bytes)
Event: 0.097 Thread 0x0000726b001e72d0  549       3       java.lang.invoke.MemberName::getMethodOrFieldType (72 bytes)
Event: 0.097 Thread 0x0000726a2c086c20 nmethod 548 0x0000726ae92e4210 code [0x0000726ae92e43a0, 0x0000726ae92e44f0]
Event: 0.097 Thread 0x0000726b001e72d0 nmethod 549 0x0000726ae92e4590 code [0x0000726ae92e48c0, 0x0000726ae92e5780]
Event: 0.099 Thread 0x0000726a2c086c20  551       3       java.lang.String::startsWith (138 bytes)
Event: 0.099 Thread 0x0000726b001e72d0  553       3       java.lang.invoke.MethodType::parameterCount (6 bytes)
Event: 0.099 Thread 0x0000726b001e72d0 nmethod 553 0x0000726ae92e5c90 code [0x0000726ae92e5e20, 0x0000726ae92e5f30]
Event: 0.099 Thread 0x0000726a2c086c20 nmethod 551 0x0000726ae92e6010 code [0x0000726ae92e6240, 0x0000726ae92e6ad0]
Event: 0.100 Thread 0x0000726b001e72d0  555       3       java.util.zip.ZipFile::getZipEntry (322 bytes)

GC Heap History (0 events):
No events

Dll operation events (6 events):
Event: 0.001 Loaded shared library /usr/lib/jvm/java-17-openjdk/lib/libjava.so
Event: 0.011 Loaded shared library /usr/lib/jvm/java-17-openjdk/lib/libjsvml.so
Event: 0.021 Loaded shared library /usr/lib/jvm/java-17-openjdk/lib/libnio.so
Event: 0.022 Loaded shared library /usr/lib/jvm/java-17-openjdk/lib/libzip.so
Event: 0.047 Loaded shared library /usr/lib/jvm/java-17-openjdk/lib/libjimage.so
Event: 0.100 Loaded shared library /tmp/lexer3175676534027860307.lib

Deoptimization events (18 events):
Event: 0.030 Thread 0x0000726b00017230 DEOPT PACKING pc=0x0000726ae920545a sp=0x0000726b045f92f0
Event: 0.030 Thread 0x0000726b00017230 DEOPT UNPACKING pc=0x0000726af06b5e2f sp=0x0000726b045f8730 mode 0
Event: 0.032 Thread 0x0000726b00017230 DEOPT PACKING pc=0x0000726ae9201d4e sp=0x0000726b045f9290
Event: 0.032 Thread 0x0000726b00017230 DEOPT UNPACKING pc=0x0000726af06b5e2f sp=0x0000726b045f8728 mode 0
Event: 0.038 Thread 0x0000726b00017230 DEOPT PACKING pc=0x0000726ae920366e sp=0x0000726b045fd8e0
Event: 0.038 Thread 0x0000726b00017230 DEOPT UNPACKING pc=0x0000726af06b5e2f sp=0x0000726b045fcd78 mode 0
Event: 0.040 Thread 0x0000726b00017230 DEOPT PACKING pc=0x0000726ae920366e sp=0x0000726b045fc9a0
Event: 0.040 Thread 0x0000726b00017230 DEOPT UNPACKING pc=0x0000726af06b5e2f sp=0x0000726b045fbe10 mode 0
Event: 0.047 Thread 0x0000726b00017230 Uncommon trap: trap_request=0xffffff6e fr.pc=0x0000726af0da8950 relative=0x0000000000000330
Event: 0.047 Thread 0x0000726b00017230 Uncommon trap: reason=loop_limit_check action=maybe_recompile pc=0x0000726af0da8950 method=java.lang.StringLatin1.indexOf([BI[BII)I @ 37 c2
Event: 0.047 Thread 0x0000726b00017230 DEOPT PACKING pc=0x0000726af0da8950 sp=0x0000726b045fb9e0
Event: 0.047 Thread 0x0000726b00017230 DEOPT UNPACKING pc=0x0000726af06b5699 sp=0x0000726b045fb960 mode 2
Event: 0.048 Thread 0x0000726b00017230 DEOPT PACKING pc=0x0000726ae9212874 sp=0x0000726b045fd710
Event: 0.049 Thread 0x0000726b00017230 DEOPT UNPACKING pc=0x0000726af06b5e2f sp=0x0000726b045fcba8 mode 0
Event: 0.092 Thread 0x0000726b00017230 Uncommon trap: trap_request=0xffffff45 fr.pc=0x0000726af0db1268 relative=0x0000000000000248
Event: 0.092 Thread 0x0000726b00017230 Uncommon trap: reason=unstable_if action=reinterpret pc=0x0000726af0db1268 method=java.lang.String.startsWith(Ljava/lang/String;I)Z @ 1 c2
Event: 0.092 Thread 0x0000726b00017230 DEOPT PACKING pc=0x0000726af0db1268 sp=0x0000726b045fc180
Event: 0.092 Thread 0x0000726b00017230 DEOPT UNPACKING pc=0x0000726af06b5699 sp=0x0000726b045fc108 mode 2

Classes unloaded (0 events):
No events

Classes redefined (0 events):
No events

Internal exceptions (6 events):
Event: 0.060 Thread 0x0000726b00017230 Exception <a 'java/lang/NoSuchMethodError'{0x0000000452ce1170}: 'void java.lang.invoke.DirectMethodHandle$Holder.invokeStatic(java.lang.Object, java.lang.Object, java.lang.Object)'> (0x0000000452ce1170) 
thrown [/usr/src/debug/java17-openjdk/jdk17u-jdk-17.0.10-7/src/hotspot/share/interpreter/linkResolver.cpp, line 758]
Event: 0.068 Thread 0x0000726b00017230 Exception <a 'java/lang/NoSuchMethodError'{0x0000000452d71048}: 'int java.lang.invoke.DirectMethodHandle$Holder.invokeInterface(java.lang.Object, java.lang.Object)'> (0x0000000452d71048) 
thrown [/usr/src/debug/java17-openjdk/jdk17u-jdk-17.0.10-7/src/hotspot/share/interpreter/linkResolver.cpp, line 758]
Event: 0.068 Thread 0x0000726b00017230 Exception <a 'java/lang/IncompatibleClassChangeError'{0x0000000452d74658}: Found class java.lang.Object, but interface was expected> (0x0000000452d74658) 
thrown [/usr/src/debug/java17-openjdk/jdk17u-jdk-17.0.10-7/src/hotspot/share/interpreter/linkResolver.cpp, line 826]
Event: 0.070 Thread 0x0000726b00017230 Exception <a 'java/lang/NoSuchMethodError'{0x0000000452d83278}: 'java.lang.Object java.lang.invoke.Invokers$Holder.invokeExact_MT(java.lang.Object, java.lang.Object, java.lang.Object, java.lang.Object, java.lang.Object, java.lang.Object)'> (0x0000000452d83278) 
thrown [/usr/src/debug/java17-openjdk/jdk17u-jdk-17.0.10-7/src/hotspot/share/interpreter/linkResolver.cpp, line 758]
Event: 0.100 Thread 0x0000726b00017230 Exception <a 'java/lang/UnsatisfiedLinkError'{0x0000000452fbaa60}: 'jni.Token jni.Lexer.internalLex(java.lang.String)'> (0x0000000452fbaa60) 
thrown [/usr/src/debug/java17-openjdk/jdk17u-jdk-17.0.10-7/src/hotspot/share/prims/nativeLookup.cpp, line 543]
Event: 0.100 Thread 0x0000726b00017230 Exception <a 'java/lang/NoSuchFieldError'{0x0000000452fbade0}: jni.Lexer.ptr J> (0x0000000452fbade0) 
thrown [/usr/src/debug/java17-openjdk/jdk17u-jdk-17.0.10-7/src/hotspot/share/prims/jni.cpp, line 1771]

VM Operations (2 events):
Event: 0.065 Executing VM operation: HandshakeAllThreads
Event: 0.065 Executing VM operation: HandshakeAllThreads done

Events (20 events):
Event: 0.099 loading class java/lang/constant/DirectMethodHandleDesc done
Event: 0.099 loading class java/lang/constant/DirectMethodHandleDescImpl done
Event: 0.099 loading class java/lang/constant/DirectMethodHandleDescImpl$1
Event: 0.099 loading class java/lang/constant/DirectMethodHandleDescImpl$1 done
Event: 0.099 loading class java/lang/constant/DirectMethodHandleDesc$1
Event: 0.099 loading class java/lang/constant/DirectMethodHandleDesc$1 done
Event: 0.099 loading class java/lang/constant/PrimitiveClassDescImpl
Event: 0.099 loading class java/lang/constant/DynamicConstantDesc
Event: 0.099 loading class java/lang/constant/DynamicConstantDesc done
Event: 0.099 loading class java/lang/constant/PrimitiveClassDescImpl done
Event: 0.099 loading class java/lang/constant/DynamicConstantDesc$AnonymousDynamicConstantDesc
Event: 0.099 loading class java/lang/constant/DynamicConstantDesc$AnonymousDynamicConstantDesc done
Event: 0.100 loading class java/io/DeleteOnExitHook
Event: 0.100 loading class java/io/DeleteOnExitHook done
Event: 0.100 loading class java/io/DeleteOnExitHook$1
Event: 0.100 loading class java/io/DeleteOnExitHook$1 done
Event: 0.100 loading class java/io/FileOutputStream$1
Event: 0.100 loading class java/io/FileOutputStream$1 done
Event: 0.100 loading class java/lang/UnsatisfiedLinkError
Event: 0.100 loading class java/lang/UnsatisfiedLinkError done


Dynamic libraries:
414000000-453000000 rw-p 00000000 00:00 0 
453000000-7ff000000 ---p 00000000 00:00 0 
7ff000000-7ff700000 rw-p 00000000 00:00 0 
7ff700000-7ff775000 rw-p 00c75000 08:03 14028458                         /usr/lib/jvm/java-17-openjdk/lib/server/classes.jsa
7ff775000-7ff800000 rw-p 00000000 00:00 0 
7ff800000-7ff877000 rw-p 00bfe000 08:03 14028458                         /usr/lib/jvm/java-17-openjdk/lib/server/classes.jsa
7ff877000-800000000 rw-p 00000000 00:00 0 
5e5086b36000-5e5086b37000 r--p 00000000 08:03 14026130                   /usr/lib/jvm/java-17-openjdk/bin/java
5e5086b37000-5e5086b38000 r-xp 00001000 08:03 14026130                   /usr/lib/jvm/java-17-openjdk/bin/java
5e5086b38000-5e5086b39000 r--p 00002000 08:03 14026130                   /usr/lib/jvm/java-17-openjdk/bin/java
5e5086b39000-5e5086b3a000 r--p 00002000 08:03 14026130                   /usr/lib/jvm/java-17-openjdk/bin/java
5e5086b3a000-5e5086b3b000 rw-p 00003000 08:03 14026130                   /usr/lib/jvm/java-17-openjdk/bin/java
5e5086ec8000-5e5086f12000 rw-p 00000000 00:00 0                          [heap]
7269fc000000-7269fc021000 rw-p 00000000 00:00 0 
7269fc021000-726a00000000 ---p 00000000 00:00 0 
726a04000000-726a04255000 rw-p 00000000 00:00 0 
726a04255000-726a08000000 ---p 00000000 00:00 0 
726a08000000-726a08209000 rw-p 00000000 00:00 0 
726a08209000-726a0c000000 ---p 00000000 00:00 0 
726a10000000-726a10173000 rw-p 00000000 00:00 0 
726a10173000-726a14000000 ---p 00000000 00:00 0 
726a14000000-726a14021000 rw-p 00000000 00:00 0 
726a14021000-726a18000000 ---p 00000000 00:00 0 
726a1c000000-726a1c021000 rw-p 00000000 00:00 0 
726a1c021000-726a20000000 ---p 00000000 00:00 0 
726a20000000-726a20021000 rw-p 00000000 00:00 0 
726a20021000-726a24000000 ---p 00000000 00:00 0 
726a28000000-726a28021000 rw-p 00000000 00:00 0 
726a28021000-726a2c000000 ---p 00000000 00:00 0 
726a2c000000-726a2c25b000 rw-p 00000000 00:00 0 
726a2c25b000-726a30000000 ---p 00000000 00:00 0 
726a34000000-726a342d7000 rw-p 00000000 00:00 0 
726a342d7000-726a38000000 ---p 00000000 00:00 0 
726a38000000-726a38021000 rw-p 00000000 00:00 0 
726a38021000-726a3c000000 ---p 00000000 00:00 0 
726a40000000-726a40021000 rw-p 00000000 00:00 0 
726a40021000-726a44000000 ---p 00000000 00:00 0 
726a44000000-726a44021000 rw-p 00000000 00:00 0 
726a44021000-726a48000000 ---p 00000000 00:00 0 
726a4c000000-726a4c021000 rw-p 00000000 00:00 0 
726a4c021000-726a50000000 ---p 00000000 00:00 0 
726a50000000-726a50021000 rw-p 00000000 00:00 0 
726a50021000-726a54000000 ---p 00000000 00:00 0 
726a58000000-726a58021000 rw-p 00000000 00:00 0 
726a58021000-726a5c000000 ---p 00000000 00:00 0 
726a5f000000-726a5f140000 rw-p 00000000 00:00 0 
726a5f140000-726a5f400000 ---p 00000000 00:00 0 
726a5f400000-726a5f4d0000 rw-p 00000000 00:00 0 
726a5f4d0000-726a63000000 ---p 00000000 00:00 0 
726a63000000-726a63bc6000 rw-p 00001000 08:03 14028458                   /usr/lib/jvm/java-17-openjdk/lib/server/classes.jsa
726a63bc6000-726a64000000 ---p 00000000 00:00 0 
726a64000000-726a64030000 rw-p 00000000 00:00 0 
726a64030000-726a64040000 ---p 00000000 00:00 0 
726a64040000-726a64060000 rw-p 00000000 00:00 0 
726a64060000-726aa4000000 ---p 00000000 00:00 0 
726aa4000000-726aa4021000 rw-p 00000000 00:00 0 
726aa4021000-726aa8000000 ---p 00000000 00:00 0 
726aa8000000-726aa8021000 rw-p 00000000 00:00 0 
726aa8021000-726aac000000 ---p 00000000 00:00 0 
726ab0000000-726ab0021000 rw-p 00000000 00:00 0 
726ab0021000-726ab4000000 ---p 00000000 00:00 0 
726ab4000000-726ab4021000 rw-p 00000000 00:00 0 
726ab4021000-726ab8000000 ---p 00000000 00:00 0 
726aba000000-726aba001000 ---p 00000000 00:00 0 
726aba001000-726aba801000 rw-p 00000000 00:00 0 
726aba9f4000-726aba9f5000 ---p 00000000 00:00 0 
726aba9f5000-726aba9f9000 ---p 00000000 00:00 0 
726aba9f9000-726abaaf5000 rw-p 00000000 00:00 0 
726abaaf5000-726abaaf6000 ---p 00000000 00:00 0 
726abaaf6000-726abaafa000 ---p 00000000 00:00 0 
726abaafa000-726ababf6000 rw-p 00000000 00:00 0 
726ababf6000-726ababf7000 ---p 00000000 00:00 0 
726ababf7000-726ababfb000 ---p 00000000 00:00 0 
726ababfb000-726abacf7000 rw-p 00000000 00:00 0 
726abacf7000-726abacf8000 ---p 00000000 00:00 0 
726abacf8000-726abacfc000 ---p 00000000 00:00 0 
726abacfc000-726abadf8000 rw-p 00000000 00:00 0 
726abadf8000-726abadf9000 ---p 00000000 00:00 0 
726abadf9000-726abaef9000 rw-p 00000000 00:00 0 
726abaef9000-726abaefa000 ---p 00000000 00:00 0 
726abaefa000-726abaefe000 ---p 00000000 00:00 0 
726abaefe000-726abaffa000 rw-p 00000000 00:00 0 
726abaffa000-726abaffb000 ---p 00000000 00:00 0 
726abaffb000-726abafff000 ---p 00000000 00:00 0 
726abafff000-726abb0fb000 rw-p 00000000 00:00 0 
726abb0fb000-726abb0fc000 ---p 00000000 00:00 0 
726abb0fc000-726abb100000 ---p 00000000 00:00 0 
726abb100000-726abb1fc000 rw-p 00000000 00:00 0 
726abb1fc000-726abb1fd000 ---p 00000000 00:00 0 
726abb1fd000-726abb201000 ---p 00000000 00:00 0 
726abb201000-726abb2fd000 rw-p 00000000 00:00 0 
726abb2fd000-726abb2fe000 ---p 00000000 00:00 0 
726abb2fe000-726abb302000 ---p 00000000 00:00 0 
726abb302000-726abb3fe000 rw-p 00000000 00:00 0 
726abb3fe000-726abb3ff000 ---p 00000000 00:00 0 
726abb3ff000-726abb403000 ---p 00000000 00:00 0 
726abb403000-726abb4ff000 rw-p 00000000 00:00 0 
726abb4ff000-726abb500000 ---p 00000000 00:00 0 
726abb500000-726abb504000 ---p 00000000 00:00 0 
726abb504000-726abb600000 rw-p 00000000 00:00 0 
726abb600000-726abb8eb000 r--p 00000000 08:03 13299363                   /usr/lib/locale/locale-archive
726abb8f9000-726abb8fa000 ---p 00000000 00:00 0 
726abb8fa000-726abb8fe000 ---p 00000000 00:00 0 
726abb8fe000-726abb9fa000 rw-p 00000000 00:00 0 
726abb9fa000-726abb9fb000 ---p 00000000 00:00 0 
726abb9fb000-726abb9ff000 ---p 00000000 00:00 0 
726abb9ff000-726abbafb000 rw-p 00000000 00:00 0 
726abbafb000-726abbafc000 ---p 00000000 00:00 0 
726abbafc000-726abbbfc000 rw-p 00000000 00:00 0 
726abbbfc000-726abbbfd000 ---p 00000000 00:00 0 
726abbbfd000-726abbcfd000 rw-p 00000000 00:00 0 
726abbcfd000-726abbcfe000 ---p 00000000 00:00 0 
726abbcfe000-726abbdfe000 rw-p 00000000 00:00 0 
726abbdfe000-726abc021000 rw-p 00000000 00:00 0 
726abc021000-726ac0000000 ---p 00000000 00:00 0 
726ac00f5000-726ac2c00000 rw-p 00000000 00:00 0 
726ac2cfd000-726ac2cfe000 ---p 00000000 00:00 0 
726ac2cfe000-726ac2dfe000 rw-p 00000000 00:00 0 
726ac2dfe000-726ac2dff000 ---p 00000000 00:00 0 
726ac2dff000-726ac2eff000 rw-p 00000000 00:00 0 
726ac2eff000-726ac2f00000 ---p 00000000 00:00 0 
726ac2f00000-726ac3000000 rw-p 00000000 00:00 0 
726ac3000000-726ac3fc0000 rw-p 00000000 00:00 0 
726ac3fc0000-726ad2ac0000 ---p 00000000 00:00 0 
726ad2ac0000-726ad2b00000 rw-p 00000000 00:00 0 
726ad2c00000-726ad3bc0000 rw-p 00000000 00:00 0 
726ad3bc0000-726ae26c0000 ---p 00000000 00:00 0 
726ae26c0000-726ae2700000 rw-p 00000000 00:00 0 
726ae272f000-726ae2734000 r--p 00000000 08:03 14028435                   /usr/lib/jvm/java-17-openjdk/lib/libjsvml.so
726ae2734000-726ae2775000 r-xp 00005000 08:03 14028435                   /usr/lib/jvm/java-17-openjdk/lib/libjsvml.so
726ae2775000-726ae27fe000 r--p 00046000 08:03 14028435                   /usr/lib/jvm/java-17-openjdk/lib/libjsvml.so
726ae27fe000-726ae27ff000 r--p 000ce000 08:03 14028435                   /usr/lib/jvm/java-17-openjdk/lib/libjsvml.so
726ae27ff000-726ae2800000 rw-p 000cf000 08:03 14028435                   /usr/lib/jvm/java-17-openjdk/lib/libjsvml.so
726ae2800000-726ae29f8000 rw-p 00000000 00:00 0 
726ae29f8000-726ae4758000 ---p 00000000 00:00 0 
726ae4758000-726ae4760000 rw-p 00000000 00:00 0 
726ae4800000-726ae49f8000 rw-p 00000000 00:00 0 
726ae49f8000-726ae6758000 ---p 00000000 00:00 0 
726ae6758000-726ae6760000 rw-p 00000000 00:00 0 
726ae677f000-726ae69f8000 rw-p 00000000 00:00 0 
726ae69f8000-726ae8758000 ---p 00000000 00:00 0 
726ae8758000-726ae8760000 rw-p 00000000 00:00 0 
726ae879a000-726ae9200000 rw-p 00000000 00:00 0 
726ae9200000-726ae9470000 rwxp 00000000 00:00 0 
726ae9470000-726af065f000 ---p 00000000 00:00 0 
726af065f000-726af08cf000 rwxp 00000000 00:00 0 
726af08cf000-726af0da0000 ---p 00000000 00:00 0 
726af0da0000-726af1010000 rwxp 00000000 00:00 0 
726af1010000-726af8200000 ---p 00000000 00:00 0 
726af8200000-726affe4e000 r--s 00000000 08:03 14028451                   /usr/lib/jvm/java-17-openjdk/lib/modules
726affe50000-726b00689000 rw-p 00000000 00:00 0 
726b00689000-726b04000000 ---p 00000000 00:00 0 
726b0402b000-726b04333000 rw-p 00000000 00:00 0 
726b04333000-726b04417000 ---p 00000000 00:00 0 
726b04417000-726b0441c000 rw-p 00000000 00:00 0 
726b0441c000-726b04500000 ---p 00000000 00:00 0 
726b04500000-726b04504000 ---p 00000000 00:00 0 
726b04504000-726b04600000 rw-p 00000000 00:00 0 
726b04600000-726b0469c000 r--p 00000000 08:03 13261895                   /usr/lib/libstdc++.so.6.0.32
726b0469c000-726b047d3000 r-xp 0009c000 08:03 13261895                   /usr/lib/libstdc++.so.6.0.32
726b047d3000-726b04869000 r--p 001d3000 08:03 13261895                   /usr/lib/libstdc++.so.6.0.32
726b04869000-726b04876000 r--p 00269000 08:03 13261895                   /usr/lib/libstdc++.so.6.0.32
726b04876000-726b04877000 rw-p 00276000 08:03 13261895                   /usr/lib/libstdc++.so.6.0.32
726b04877000-726b0487b000 rw-p 00000000 00:00 0 
726b04893000-726b04895000 r--p 00000000 00:21 5138                       /tmp/lexer3175676534027860307.lib
726b04895000-726b04898000 r-xp 00002000 00:21 5138                       /tmp/lexer3175676534027860307.lib
726b04898000-726b04899000 r--p 00005000 00:21 5138                       /tmp/lexer3175676534027860307.lib
726b04899000-726b0489a000 r--p 00006000 00:21 5138                       /tmp/lexer3175676534027860307.lib
726b0489a000-726b0489b000 rw-p 00007000 00:21 5138                       /tmp/lexer3175676534027860307.lib
726b0489b000-726b0489f000 r--p 00000000 08:03 14028441                   /usr/lib/jvm/java-17-openjdk/lib/libnet.so
726b0489f000-726b048ad000 r-xp 00004000 08:03 14028441                   /usr/lib/jvm/java-17-openjdk/lib/libnet.so
726b048ad000-726b048b0000 r--p 00012000 08:03 14028441                   /usr/lib/jvm/java-17-openjdk/lib/libnet.so
726b048b0000-726b048b1000 r--p 00015000 08:03 14028441                   /usr/lib/jvm/java-17-openjdk/lib/libnet.so
726b048b1000-726b048b2000 rw-p 00016000 08:03 14028441                   /usr/lib/jvm/java-17-openjdk/lib/libnet.so
726b048b2000-726b048f1000 rw-p 00000000 00:00 0 
726b048f1000-726b048fb000 r--p 00000000 08:03 14028427                   /usr/lib/jvm/java-17-openjdk/lib/libjava.so
726b048fb000-726b0490c000 r-xp 0000a000 08:03 14028427                   /usr/lib/jvm/java-17-openjdk/lib/libjava.so
726b0490c000-726b04911000 r--p 0001b000 08:03 14028427                   /usr/lib/jvm/java-17-openjdk/lib/libjava.so
726b04911000-726b04912000 r--p 00020000 08:03 14028427                   /usr/lib/jvm/java-17-openjdk/lib/libjava.so
726b04912000-726b04913000 rw-p 00021000 08:03 14028427                   /usr/lib/jvm/java-17-openjdk/lib/libjava.so
726b04913000-726b04914000 rw-p 00000000 00:00 0 
726b04914000-726b04922000 r--p 00000000 08:03 13241698                   /usr/lib/libm.so.6
726b04922000-726b049a2000 r-xp 0000e000 08:03 13241698                   /usr/lib/libm.so.6
726b049a2000-726b049fe000 r--p 0008e000 08:03 13241698                   /usr/lib/libm.so.6
726b049fe000-726b049ff000 r--p 000e9000 08:03 13241698                   /usr/lib/libm.so.6
726b049ff000-726b04a00000 rw-p 000ea000 08:03 13241698                   /usr/lib/libm.so.6
726b04a00000-726b04a0d000 r--p 00000000 08:03 14028461                   /usr/lib/jvm/java-17-openjdk/lib/server/libjvm.so
726b04a0d000-726b055b1000 r-xp 0000d000 08:03 14028461                   /usr/lib/jvm/java-17-openjdk/lib/server/libjvm.so
726b055b1000-726b05761000 r--p 00bb1000 08:03 14028461                   /usr/lib/jvm/java-17-openjdk/lib/server/libjvm.so
726b05761000-726b05815000 r--p 00d61000 08:03 14028461                   /usr/lib/jvm/java-17-openjdk/lib/server/libjvm.so
726b05815000-726b05845000 rw-p 00e15000 08:03 14028461                   /usr/lib/jvm/java-17-openjdk/lib/server/libjvm.so
726b05845000-726b0589e000 rw-p 00000000 00:00 0 
726b0589e000-726b058a5000 r--p 00000000 08:03 14028442                   /usr/lib/jvm/java-17-openjdk/lib/libnio.so
726b058a5000-726b058ad000 r-xp 00007000 08:03 14028442                   /usr/lib/jvm/java-17-openjdk/lib/libnio.so
726b058ad000-726b058b2000 r--p 0000f000 08:03 14028442                   /usr/lib/jvm/java-17-openjdk/lib/libnio.so
726b058b2000-726b058b3000 r--p 00013000 08:03 14028442                   /usr/lib/jvm/java-17-openjdk/lib/libnio.so
726b058b3000-726b058b4000 rw-p 00014000 08:03 14028442                   /usr/lib/jvm/java-17-openjdk/lib/libnio.so
726b058b4000-726b058b8000 r--p 00000000 08:03 13242445                   /usr/lib/libgcc_s.so.1
726b058b8000-726b058d3000 r-xp 00004000 08:03 13242445                   /usr/lib/libgcc_s.so.1
726b058d3000-726b058d7000 r--p 0001f000 08:03 13242445                   /usr/lib/libgcc_s.so.1
726b058d7000-726b058d8000 r--p 00022000 08:03 13242445                   /usr/lib/libgcc_s.so.1
726b058d8000-726b058d9000 rw-p 00023000 08:03 13242445                   /usr/lib/libgcc_s.so.1
726b058d9000-726b058dc000 rw-p 00000000 00:00 0 
726b058dc000-726b058df000 r--p 00000000 08:03 13250729                   /usr/lib/libz.so.1.3.1
726b058df000-726b058ed000 r-xp 00003000 08:03 13250729                   /usr/lib/libz.so.1.3.1
726b058ed000-726b058f4000 r--p 00011000 08:03 13250729                   /usr/lib/libz.so.1.3.1
726b058f4000-726b058f5000 r--p 00017000 08:03 13250729                   /usr/lib/libz.so.1.3.1
726b058f5000-726b058f6000 rw-p 00018000 08:03 13250729                   /usr/lib/libz.so.1.3.1
726b058f6000-726b0591a000 r--p 00000000 08:03 13241673                   /usr/lib/libc.so.6
726b0591a000-726b05a75000 r-xp 00024000 08:03 13241673                   /usr/lib/libc.so.6
726b05a75000-726b05aca000 r--p 0017f000 08:03 13241673                   /usr/lib/libc.so.6
726b05aca000-726b05ace000 r--p 001d3000 08:03 13241673                   /usr/lib/libc.so.6
726b05ace000-726b05ad0000 rw-p 001d7000 08:03 13241673                   /usr/lib/libc.so.6
726b05ad0000-726b05ad8000 rw-p 00000000 00:00 0 
726b05adb000-726b05add000 r--p 00000000 08:03 14028450                   /usr/lib/jvm/java-17-openjdk/lib/libzip.so
726b05add000-726b05ae1000 r-xp 00002000 08:03 14028450                   /usr/lib/jvm/java-17-openjdk/lib/libzip.so
726b05ae1000-726b05ae3000 r--p 00006000 08:03 14028450                   /usr/lib/jvm/java-17-openjdk/lib/libzip.so
726b05ae3000-726b05ae4000 r--p 00007000 08:03 14028450                   /usr/lib/jvm/java-17-openjdk/lib/libzip.so
726b05ae4000-726b05ae5000 rw-p 00008000 08:03 14028450                   /usr/lib/jvm/java-17-openjdk/lib/libzip.so
726b05ae5000-726b05aea000 rw-p 00000000 00:00 0 
726b05aea000-726b05af4000 ---p 00000000 00:00 0 
726b05af4000-726b05afc000 rw-s 00000000 00:21 5137                       /tmp/hsperfdata_rowan/50765
726b05afc000-726b05afd000 ---p 00000000 00:00 0 
726b05afd000-726b05afe000 r--p 00000000 00:00 0 
726b05afe000-726b05aff000 ---p 00000000 00:00 0 
726b05aff000-726b05b00000 r--p 00000000 08:03 14028431                   /usr/lib/jvm/java-17-openjdk/lib/libjimage.so
726b05b00000-726b05b02000 r-xp 00001000 08:03 14028431                   /usr/lib/jvm/java-17-openjdk/lib/libjimage.so
726b05b02000-726b05b03000 r--p 00003000 08:03 14028431                   /usr/lib/jvm/java-17-openjdk/lib/libjimage.so
726b05b03000-726b05b04000 r--p 00003000 08:03 14028431                   /usr/lib/jvm/java-17-openjdk/lib/libjimage.so
726b05b04000-726b05b05000 rw-p 00004000 08:03 14028431                   /usr/lib/jvm/java-17-openjdk/lib/libjimage.so
726b05b05000-726b05b07000 r--p 00000000 08:03 14028432                   /usr/lib/jvm/java-17-openjdk/lib/libjli.so
726b05b07000-726b05b10000 r-xp 00002000 08:03 14028432                   /usr/lib/jvm/java-17-openjdk/lib/libjli.so
726b05b10000-726b05b13000 r--p 0000b000 08:03 14028432                   /usr/lib/jvm/java-17-openjdk/lib/libjli.so
726b05b13000-726b05b14000 r--p 0000d000 08:03 14028432                   /usr/lib/jvm/java-17-openjdk/lib/libjli.so
726b05b14000-726b05b15000 rw-p 0000e000 08:03 14028432                   /usr/lib/jvm/java-17-openjdk/lib/libjli.so
726b05b15000-726b05b17000 rw-p 00000000 00:00 0 
726b05b17000-726b05b18000 r--p 00000000 08:03 13241644                   /usr/lib/ld-linux-x86-64.so.2
726b05b18000-726b05b3f000 r-xp 00001000 08:03 13241644                   /usr/lib/ld-linux-x86-64.so.2
726b05b3f000-726b05b4a000 r--p 00028000 08:03 13241644                   /usr/lib/ld-linux-x86-64.so.2
726b05b4a000-726b05b4c000 r--p 00032000 08:03 13241644                   /usr/lib/ld-linux-x86-64.so.2
726b05b4c000-726b05b4e000 rw-p 00034000 08:03 13241644                   /usr/lib/ld-linux-x86-64.so.2
7ffe4e5e9000-7ffe4e60d000 rw-p 00000000 00:00 0                          [stack]
7ffe4e6e7000-7ffe4e6eb000 r--p 00000000 00:00 0                          [vvar]
7ffe4e6eb000-7ffe4e6ed000 r-xp 00000000 00:00 0                          [vdso]
ffffffffff600000-ffffffffff601000 --xp 00000000 00:00 0                  [vsyscall]


VM Arguments:
jvm_args: -Dfile.encoding=UTF-8 -Duser.country=US -Duser.language=en -Duser.variant 
java_command: jni.Runner
java_class_path (initial): /home/rowan/IdeaProjects/LexerLearning/jni-runner/build/classes/java/main:/home/rowan/IdeaProjects/LexerLearning/jni-runner/build/resources/main:/home/rowan/IdeaProjects/LexerLearning/jni-lib/build/libs/jni-lib.jar:/home/rowan/.gradle/caches/modules-2/files-2.1/de.learnlib/learnlib-aaar/0.17.0/e0189d85b19795a262def7e140b319414d6ac804/learnlib-aaar-0.17.0.jar:/home/rowan/.gradle/caches/modules-2/files-2.1/de.learnlib/learnlib-adt/0.17.0/abb1cc7bbe827dc4eb466961132dbf4edf1ba574/learnlib-adt-0.17.0.jar:/home/rowan/.gradle/caches/modules-2/files-2.1/de.learnlib/learnlib-dhc/0.17.0/cccd00238a88cc8f41c2d40a362cdb09b6233cd6/learnlib-dhc-0.17.0.jar:/home/rowan/.gradle/caches/modules-2/files-2.1/de.learnlib/learnlib-procedural/0.17.0/f9513c284259cc197445d2aa2cf5f95bc14f9c64/learnlib-procedural-0.17.0.jar:/home/rowan/.gradle/caches/modules-2/files-2.1/de.learnlib/learnlib-kearns-vazirani/0.17.0/c09e83b1643d7558135368a13b4a6a6a223d8b2a/learnlib-kearns-vazirani-0.17.0.jar:/home/rowan/.gradle/caches/modules-2/files-2.1/de.learnlib/learnlib-lstar/0.17.0/d7ece5a39d307845d327c3b8b406954cdb47337f/learnlib-lstar-0.17.0.jar:/home/rowan/.gradle/caches/modules-2/files-2.1/de.learnlib/learnlib-nlstar/0.17.0/1392b226b110e635a8b38bf4c6a5035030d530e3/learnlib-nlstar-0.17.0.jar:/home/rowan/.gradle/caches/modules-2/files-2.1/de.learnlib/learnlib-observation-pack/0.17.0/1f017b96488e1879b9a89353f4792e1979a4b7ad/learnlib-observation-pack-0.17.0.jar:/home/rowan/.gradle/caches/modules-2/files-2.1/de.learnlib/learnlib-ttt-vpa/0.17.0/ed06fd22e5143dd3d678b123551e199cb06355fb/learnlib-ttt-vpa-0.17.0.jar:/home/rowan/.gradle/caches/modules-2/files-2.1/de.learnlib/learnlib-observation-pack-vpa/0.17.0/76e7355aeb6d5ff2a4f746dd9d11bdf909c584e7/learnlib-observation-pack-vpa-0.17.0.jar:/home/rowan/.gradle/caches/modules-2/files-2.1/de.learnlib/learnlib-oml/0.17.0/178a668140a006fd8b1c0e96092546de3fae4036/learnlib-oml-0.17.0.jar:/home/rowan/.gradle/caches/modules-2/files-2.1/de.lear
Launcher Type: SUN_STANDARD

[Global flags]
     intx CICompilerCount                          = 12                                        {product} {ergonomic}
     uint ConcGCThreads                            = 3                                         {product} {ergonomic}
     uint G1ConcRefinementThreads                  = 13                                        {product} {ergonomic}
   size_t G1HeapRegionSize                         = 8388608                                   {product} {ergonomic}
    uintx GCDrainStackTargetSize                   = 64                                        {product} {ergonomic}
   size_t InitialHeapSize                          = 1056964608                                {product} {ergonomic}
   size_t MarkStackSize                            = 4194304                                   {product} {ergonomic}
   size_t MaxHeapSize                              = 16844324864                               {product} {ergonomic}
   size_t MaxNewSize                               = 10099884032                               {product} {ergonomic}
   size_t MinHeapDeltaBytes                        = 8388608                                   {product} {ergonomic}
   size_t MinHeapSize                              = 8388608                                   {product} {ergonomic}
    uintx NonNMethodCodeHeapSize                   = 7602480                                {pd product} {ergonomic}
    uintx NonProfiledCodeHeapSize                  = 122027880                              {pd product} {ergonomic}
    uintx ProfiledCodeHeapSize                     = 122027880                              {pd product} {ergonomic}
    uintx ReservedCodeCacheSize                    = 251658240                              {pd product} {ergonomic}
     bool SegmentedCodeCache                       = true                                      {product} {ergonomic}
   size_t SoftMaxHeapSize                          = 16844324864                            {manageable} {ergonomic}
     bool UseCompressedClassPointers               = true                           {product lp64_product} {ergonomic}
     bool UseCompressedOops                        = true                           {product lp64_product} {ergonomic}
     bool UseG1GC                                  = true                                      {product} {ergonomic}

Logging:
Log output configuration:
 #0: stdout all=warning uptime,level,tags
 #1: stderr all=off uptime,level,tags

Environment Variables:
JAVA_HOME=/usr/lib/jvm/java-17-openjdk
PATH=/home/rowan/.nvm/versions/node/v19.7.0/bin:/home/rowan/.config/bspwm/scripts:/usr/local/sbin:/usr/local/bin:/usr/bin:/opt/android-sdk/tools:/opt/android-sdk/tools/bin:/opt/cuda/bin:/opt/cuda/nsight_compute:/opt/cuda/nsight_systems/bin:/usr/lib/jvm/default/bin:/usr/bin/site_perl:/usr/bin/vendor_perl:/usr/bin/core_perl:/usr/lib/rustup/bin:/home/rowan/.local/share/JetBrains/Toolbox/scripts
SHELL=/bin/bash
DISPLAY=:0
LANG=en_US.UTF-8
TERM=xterm-256color

Active Locale:
LC_ALL=en_US.UTF-8
LC_COLLATE=en_US.UTF-8
LC_CTYPE=en_US.UTF-8
LC_MESSAGES=en_US.UTF-8
LC_MONETARY=en_US.UTF-8
LC_NUMERIC=en_US.UTF-8
LC_TIME=en_US.UTF-8

Signal Handlers:
   SIGSEGV: 0x0000726b05400f50 in libjvm.so+10489680, mask=11100100010111111101111111111110, flags=SA_RESTART|SA_SIGINFO, unblocked
    SIGBUS: 0x0000726b05400f50 in libjvm.so+10489680, mask=11100100010111111101111111111110, flags=SA_RESTART|SA_SIGINFO, unblocked
    SIGFPE: 0x0000726b05400f50 in libjvm.so+10489680, mask=11100100010111111101111111111110, flags=SA_RESTART|SA_SIGINFO, unblocked
   SIGPIPE: 0x0000726b0531f3e0 in libjvm.so+9565152, mask=11100100010111111101111111111110, flags=SA_RESTART|SA_SIGINFO, blocked
   SIGXFSZ: 0x0000726b0531f3e0 in libjvm.so+9565152, mask=11100100010111111101111111111110, flags=SA_RESTART|SA_SIGINFO, blocked
    SIGILL: 0x0000726b05400f50 in libjvm.so+10489680, mask=11100100010111111101111111111110, flags=SA_RESTART|SA_SIGINFO, unblocked
   SIGUSR2: 0x0000726b0531e550 in libjvm.so+9561424, mask=00100000000000000000000000000000, flags=SA_RESTART|SA_SIGINFO, blocked
    SIGHUP: 0x0000726b0531e4d0 in libjvm.so+9561296, mask=11100100010111111101111111111110, flags=SA_RESTART|SA_SIGINFO, blocked
    SIGINT: 0x0000726b0531e4d0 in libjvm.so+9561296, mask=11100100010111111101111111111110, flags=SA_RESTART|SA_SIGINFO, blocked
   SIGTERM: 0x0000726b0531e4d0 in libjvm.so+9561296, mask=11100100010111111101111111111110, flags=SA_RESTART|SA_SIGINFO, blocked
   SIGQUIT: 0x0000726b0531e4d0 in libjvm.so+9561296, mask=11100100010111111101111111111110, flags=SA_RESTART|SA_SIGINFO, blocked
   SIGTRAP: 0x0000726b05400f50 in libjvm.so+10489680, mask=11100100010111111101111111111110, flags=SA_RESTART|SA_SIGINFO, unblocked


Periodic native trim disabled


---------------  S Y S T E M  ---------------

OS:
DISTRIB_ID="Arch"
DISTRIB_RELEASE="rolling"
DISTRIB_DESCRIPTION="Arch Linux"
uname: Linux 6.8.5-arch1-1 #1 SMP PREEMPT_DYNAMIC Thu, 11 Apr 2024 01:47:33 +0000 x86_64
OS uptime: 0 days 1:32 hours
libc: glibc 2.39 NPTL 2.39 
rlimit (soft/hard): STACK 8192k/infinity , CORE infinity/infinity , NPROC 256672/256672 , NOFILE 524288/524288 , AS infinity/infinity , CPU infinity/infinity , DATA infinity/infinity , FSIZE infinity/infinity , MEMLOCK 8192k/8192k
load average: 2.32 1.32 1.08

/proc/meminfo:
MemTotal:       65766152 kB
MemFree:        40378884 kB
MemAvailable:   48865960 kB
Buffers:          839900 kB
Cached:          8008868 kB
SwapCached:            0 kB
Active:         19735608 kB
Inactive:        4164188 kB
Active(anon):   15357712 kB
Inactive(anon):        0 kB
Active(file):    4377896 kB
Inactive(file):  4164188 kB
Unevictable:         588 kB
Mlocked:             588 kB
SwapTotal:      16777212 kB
SwapFree:       16777212 kB
Zswap:                 0 kB
Zswapped:              0 kB
Dirty:              3252 kB
Writeback:             0 kB
AnonPages:      14814528 kB
Mapped:          3043608 kB
Shmem:            307412 kB
KReclaimable:     671204 kB
Slab:             894692 kB
SReclaimable:     671204 kB
SUnreclaim:       223488 kB
KernelStack:       48464 kB
PageTables:       133172 kB
SecPageTables:         0 kB
NFS_Unstable:          0 kB
Bounce:                0 kB
WritebackTmp:          0 kB
CommitLimit:    49660288 kB
Committed_AS:   41110392 kB
VmallocTotal:   34359738367 kB
VmallocUsed:      186044 kB
VmallocChunk:          0 kB
Percpu:            34944 kB
HardwareCorrupted:     0 kB
AnonHugePages:   5875712 kB
ShmemHugePages:        0 kB
ShmemPmdMapped:        0 kB
FileHugePages:    528384 kB
FilePmdMapped:     57344 kB
CmaTotal:              0 kB
CmaFree:               0 kB
Unaccepted:            0 kB
HugePages_Total:       0
HugePages_Free:        0
HugePages_Rsvd:        0
HugePages_Surp:        0
Hugepagesize:       2048 kB
Hugetlb:               0 kB
DirectMap4k:     1130416 kB
DirectMap2M:    27103232 kB
DirectMap1G:    38797312 kB

/sys/kernel/mm/transparent_hugepage/enabled: [always] madvise never
/sys/kernel/mm/transparent_hugepage/defrag (defrag/compaction efforts parameter): always defer defer+madvise [madvise] never

Process Memory:
Virtual Size: 20125072K (peak: 20190608K)
Resident Set Size: 69128K (peak: 69128K) (anon: 49364K, file: 19764K, shmem: 0K)
Swapped out: 0K
C-Heap outstanding allocations: 44290K, retained: 4173K
glibc malloc tunables: (default)

/proc/sys/kernel/threads-max (system-wide limit on the number of threads): 513344
/proc/sys/vm/max_map_count (maximum number of memory map areas a process may have): 1048576
/proc/sys/kernel/pid_max (system-wide limit on number of process identifiers): 4194304

container (cgroup) information:
container_type: cgroupv2
cpu_cpuset_cpus: not supported
cpu_memory_nodes: not supported
active_processor_count: 16
cpu_quota: no quota
cpu_period: 100000
cpu_shares: no shares
memory_limit_in_bytes: unlimited
memory_and_swap_limit_in_bytes: unlimited
memory_soft_limit_in_bytes: unlimited
memory_usage_in_bytes: 21490856 k
memory_max_usage_in_bytes: not supported
memory_swap_current_in_bytes: unlimited
memory_swap_max_limit_in_bytes: unlimited
maximum number of tasks: unlimited
current number of tasks: 2077

Steal ticks since vm start: 0
Steal ticks percentage since vm start:  0.000

CPU: total 32 (initial active 16) (16 cores per cpu, 2 threads per core) family 25 model 33 stepping 0 microcode 0xa201016, cx8, cmov, fxsr, ht, mmx, 3dnowpref, sse, sse2, sse3, ssse3, sse4a, sse4.1, sse4.2, popcnt, lzcnt, tsc, tscinvbit, avx, avx2, aes, erms, clmul, bmi1, bmi2, adx, sha, fma, vzeroupper, clflush, clflushopt
CPU Model and flags from /proc/cpuinfo:
model name	: AMD Ryzen 7 5800X 8-Core Processor
flags		: fpu vme de pse tsc msr pae mce cx8 apic sep mtrr pge mca cmov pat pse36 clflush mmx fxsr sse sse2 ht syscall nx mmxext fxsr_opt pdpe1gb rdtscp lm constant_tsc rep_good nopl nonstop_tsc cpuid extd_apicid aperfmperf rapl pni pclmulqdq monitor ssse3 fma cx16 sse4_1 sse4_2 x2apic movbe popcnt aes xsave avx f16c rdrand lahf_lm cmp_legacy svm extapic cr8_legacy abm sse4a misalignsse 3dnowprefetch osvw ibs skinit wdt tce topoext perfctr_core perfctr_nb bpext perfctr_llc mwaitx cpb cat_l3 cdp_l3 hw_pstate ssbd mba ibrs ibpb stibp vmmcall fsgsbase bmi1 avx2 smep bmi2 erms invpcid cqm rdt_a rdseed adx smap clflushopt clwb sha_ni xsaveopt xsavec xgetbv1 xsaves cqm_llc cqm_occup_llc cqm_mbm_total cqm_mbm_local user_shstk clzero irperf xsaveerptr rdpru wbnoinvd arat npt lbrv svm_lock nrip_save tsc_scale vmcb_clean flushbyasid decodeassists pausefilter pfthreshold avic v_vmsave_vmload vgif v_spec_ctrl umip pku ospke vaes vpclmulqdq rdpid overflow_recov succor smca fsrm debug_swap

Online cpus: 0-15
Offline cpus: 16-31
BIOS frequency limitation: 3800000
Frequency switch latency (ns): 0
Available cpu frequencies: 3800000 2800000 2200000 
Current governor: schedutil
Core performance/turbo boost: 1

Memory: 4k page, physical 65766152k(40378884k free), swap 16777212k(16777212k free)
Page Sizes: 4k

vm_info: OpenJDK 64-Bit Server VM (17.0.10+7) for linux-amd64 JRE (17.0.10+7), built on Mar 28 2024 10:02:28 by "builduser" with gcc 13.2.1 20230801

END.
