#
# A fatal error has been detected by the Java Runtime Environment:
#
#  SIGSEGV (0xb) at pc=0x000077630d0b8dec, pid=110403, tid=110404
#
# JRE version: OpenJDK Runtime Environment (17.0.10+7) (build 17.0.10+7)
# Java VM: OpenJDK 64-Bit Server VM (17.0.10+7, mixed mode, tiered, compressed oops, compressed class ptrs, g1 gc, linux-amd64)
# Problematic frame:
# C  [libc.so.6+0x76dec]  fputs+0x1c
#
# Core dump will be written. Default location: Core dumps may be processed with "/usr/lib/systemd/systemd-coredump %P %u %g %s %t %c %h" (or dumping to /home/rowan/IdeaProjects/LexerLearning/jni-runner/core.110403)
#
# If you would like to submit a bug report, please visit:
#   https://bugreport.java.com/bugreport/crash.jsp
# The crash happened outside the Java Virtual Machine in native code.
# See problematic frame for where to report the bug.
#

---------------  S U M M A R Y ------------

Command Line: -Dfile.encoding=UTF-8 -Duser.country=US -Duser.language=en -Duser.variant jni.Runner

Host: AMD Ryzen 7 5800X 8-Core Processor, 32 cores, 62G, Arch Linux
Time: Thu Apr  4 17:40:43 2024 CEST elapsed time: 0.159965 seconds (0d 0h 0m 0s)

---------------  T H R E A D  ---------------

Current thread (0x0000776304017230):  JavaThread "main" [_thread_in_native, id=110404, stack(0x000077630b700000,0x000077630b800000)]

Stack: [0x000077630b700000,0x000077630b800000],  sp=0x000077630b7fdf40,  free space=1015k
Native frames: (J=compiled Java code, j=interpreted, Vv=VM code, C=native code)
C  [libc.so.6+0x76dec]  fputs+0x1c

Java frames: (J=compiled Java code, j=interpreted, Vv=VM code)
j  jni.Lexer.lex(Ljava/lang/String;)Ljava/lang/Integer;+0
j  jni.Runner$LexerInput.execute(Ljni/Lexer;)Ljava/lang/String;+5
j  jni.Runner$LexerInput.execute(Ljava/lang/Object;)Ljava/lang/Object;+5
j  de.learnlib.driver.AbstractContextExecutableInputSUL.step(Lde/learnlib/sul/ContextExecutableInput;)Ljava/lang/Object;+5
j  de.learnlib.driver.AbstractContextExecutableInputSUL.step(Ljava/lang/Object;)Ljava/lang/Object;+5
j  de.learnlib.filter.statistic.sul.ResetCounterSUL.step(Ljava/lang/Object;)Ljava/lang/Object;+5
j  de.learnlib.filter.cache.sul.AbstractSULCache$AbstractSULCacheImpl.step(Ljava/lang/Object;)Ljava/lang/Object;+154
j  de.learnlib.filter.cache.sul.AbstractSULCache.step(Ljava/lang/Object;)Ljava/lang/Object;+5
j  de.learnlib.filter.cache.sul.SULCache.step(Ljava/lang/Object;)Ljava/lang/Object;+2
j  de.learnlib.oracle.membership.SULOracle.answerQuery(Lnet/automatalib/word/Word;Lnet/automatalib/word/Word;)Lnet/automatalib/word/Word;+90
j  de.learnlib.oracle.membership.SULOracle.processQueries(Ljava/util/Collection;)V+35
j  de.learnlib.datastructure.observationtable.GenericObservationTable.initialize(Ljava/util/List;Ljava/util/List;Lde/learnlib/oracle/MembershipOracle;)Ljava/util/List;+357
j  de.learnlib.algorithm.lstar.AbstractLStar.startLearning()V+20
j  de.learnlib.algorithm.lstar.AbstractAutomatonLStar.startLearning()V+1
j  de.learnlib.util.Experiment$ExperimentImpl.run()Ljava/lang/Object;+62
j  de.learnlib.util.Experiment.run()Ljava/lang/Object;+22
j  jni.Runner.main([Ljava/lang/String;)V+252
v  ~StubRoutines::call_stub

siginfo: si_signo: 11 (SIGSEGV), si_code: 1 (SEGV_MAPERR), si_addr: 0x0000000000000000

Registers:
RAX=0x0000000000000001, RBX=0x0000000000000000, RCX=0x0000000000000000, RDX=0x0000776304824080
RSP=0x000077630b7fdf40, RBP=0x0000776304824080, RSI=0x0000000000000000, RDI=0x0000776304824080
R8 =0x0000000452c31639, R9 =0x0000000000000000, R10=0x000077630d056c50, R11=0x000077630d0b8dd0
R12=0x0000000000000001, R13=0x00007762a87470d8, R14=0x000077630b7fe248, R15=0x0000776304017230
RIP=0x000077630d0b8dec, EFLAGS=0x0000000000010202, CSGSFS=0x002b000000000033, ERR=0x0000000000000004
  TRAPNO=0x000000000000000e


Register to memory mapping:

RAX=0x0000000000000001 is an unknown value
RBX=0x0 is NULL
RCX=0x0 is NULL
RDX=0x0000776304824080 points into unknown readable memory: 0x0000000776300061 | 61 00 30 76 07 00 00 00
RSP=0x000077630b7fdf40 is pointing into the stack for thread: 0x0000776304017230
RBP=0x0000776304824080 points into unknown readable memory: 0x0000000776300061 | 61 00 30 76 07 00 00 00
RSI=0x0 is NULL
RDI=0x0000776304824080 points into unknown readable memory: 0x0000000776300061 | 61 00 30 76 07 00 00 00
R8 =0x0000000452c31639 points into unknown readable memory: 00 00 00 00 00 00 00
R9 =0x0 is NULL
R10=0x000077630d056c50: <offset 0x0000000000014c50> in /usr/lib/libc.so.6 at 0x000077630d042000
R11=0x000077630d0b8dd0: fputs+0x0000000000000000 in /usr/lib/libc.so.6 at 0x000077630d042000
R12=0x0000000000000001 is an unknown value
R13={method} {0x00007762a87470d8} 'lex' '(Ljava/lang/String;)Ljava/lang/Integer;' in 'jni/Lexer'
R14=0x000077630b7fe248 is pointing into the stack for thread: 0x0000776304017230
R15=0x0000776304017230 is a thread


Top of Stack: (sp=0x000077630b7fdf40)
0x000077630b7fdf40:   0000000000000000 00007763040174e0
0x000077630b7fdf50:   0000776304824080 000077630cf98200
0x000077630b7fdf60:   00007762a87470d8 000077630cf95237
0x000077630b7fdf70:   0000776304017c30 0000776304017820
0x000077630b7fdf80:   0000776304017230 0000000800042d68
0x000077630b7fdf90:   000077630b7fdff0 000077630c81fbc3
0x000077630b7fdfa0:   00007763080a6d30 000077630000000c
0x000077630b7fdfb0:   0000000000000198 000077630cf951e0
0x000077630b7fdfc0:   00007762a87470d8 00007762a87470d8
0x000077630b7fdfd0:   000077630b7fe170 00007763040177f0
0x000077630b7fdfe0:   0000776304017800 00007763040177b0
0x000077630b7fdff0:   000077630b7fe100 000077630c820280
0x000077630b7fe000:   000077630b7fe090 000000080009a8b0
0x000077630b7fe010:   0000776300000003 00000000000003d8
0x000077630b7fe020:   00007763040177f0 0000776304017800
0x000077630b7fe030:   0000776304017bd8 0000776304017800
0x000077630b7fe040:   00007763080a6d30 0000002700000014
0x000077630b7fe050:   00007763043032a0 0000000000000007
0x000077630b7fe060:   0000000000000007 00007763042c14d0
0x000077630b7fe070:   000077630b7fe0d0 000077630c7d9bbe
0x000077630b7fe080:   000000080009a8b0 0000000800002ff0
0x000077630b7fe090:   0000000000000000 0000000000000000
0x000077630b7fe0a0:   000077630b0a0101 0000000000000007
0x000077630b7fe0b0:   0000776304017230 000000000000000d
0x000077630b7fe0c0:   0000000000000001 3ebc5914897d0600
0x000077630b7fe0d0:   00007762a8748578 000077630b7fe170
0x000077630b7fe0e0:   0000776304017230 0000776304016f20
0x000077630b7fe0f0:   000077630b7fe248 000077630cf951e0
0x000077630b7fe100:   000077630b7fe160 000077630c8204e6
0x000077630b7fe110:   00007762a8748578 000077630b7fe150
0x000077630b7fe120:   000077630b7fe140 000077630c7f1c0f
0x000077630b7fe130:   0000776304017230 0000776304017230 

Instructions: (pc=0x000077630d0b8dec)
0x000077630d0b8cec:   0f 1f 40 00 f3 0f 1e fa 41 54 49 89 fc 55 53 0f
0x000077630d0b8cfc:   b6 06 3c 72 0f 84 aa 00 00 00 3c 77 74 26 3c 61
0x000077630d0b8d0c:   0f 84 ae 00 00 00 48 8b 05 f7 0f 16 00 31 db 64
0x000077630d0b8d1c:   c7 00 16 00 00 00 48 89 d8 5b 5d 41 5c c3 66 0f
0x000077630d0b8d2c:   1f 44 00 00 bd 04 00 00 00 0f b6 46 01 3c 2b 74
0x000077630d0b8d3c:   63 3c 62 74 57 bf 18 01 00 00 ff 15 94 12 16 00
0x000077630d0b8d4c:   48 89 c3 48 85 c0 74 ce 48 83 ec 20 48 8d 80 08
0x000077630d0b8d5c:   01 00 00 4c 89 e2 89 ee f3 0f 6f 44 24 40 f3 0f
0x000077630d0b8d6c:   6f 4c 24 50 48 89 83 88 00 00 00 48 89 df 0f 11
0x000077630d0b8d7c:   04 24 0f 11 4c 24 10 67 e8 a7 fe ff ff 48 83 c4
0x000077630d0b8d8c:   20 48 89 d8 5b 5d 41 5c c3 0f 1f 00 80 7e 02 2b
0x000077630d0b8d9c:   75 a3 66 90 81 e5 00 10 00 00 eb 99 0f 1f 84 00
0x000077630d0b8dac:   00 00 00 00 bd 08 00 00 00 e9 7b ff ff ff 66 0f
0x000077630d0b8dbc:   1f 44 00 00 bd 04 10 00 00 e9 6b ff ff ff 66 0f
0x000077630d0b8dcc:   1f 44 00 00 f3 0f 1e fa 41 55 41 54 55 48 89 fd
0x000077630d0b8ddc:   53 48 89 f3 48 83 ec 08 e8 57 d4 fa ff 49 89 c4
0x000077630d0b8dec:   f7 03 00 80 00 00 75 46 48 8b bb 88 00 00 00 80
0x000077630d0b8dfc:   3d 3e 92 16 00 00 64 4c 8b 2c 25 10 00 00 00 48
0x000077630d0b8e0c:   8b 47 08 0f 85 d3 00 00 00 49 39 c5 0f 84 22 01
0x000077630d0b8e1c:   00 00 31 c0 ba 01 00 00 00 f0 0f b1 17 0f 85 31
0x000077630d0b8e2c:   01 00 00 48 8b 83 88 00 00 00 4c 89 68 08 8b 83
0x000077630d0b8e3c:   c0 00 00 00 85 c0 75 5c c7 83 c0 00 00 00 ff ff
0x000077630d0b8e4c:   ff ff 4c 8b ab d8 00 00 00 48 8d 15 a4 00 16 00
0x000077630d0b8e5c:   4c 89 e8 48 29 d0 48 3d 2f 09 00 00 0f 87 e2 00
0x000077630d0b8e6c:   00 00 4c 89 e2 48 89 ee 48 89 df 41 ff 55 38 49
0x000077630d0b8e7c:   39 c4 75 25 bd 01 00 00 00 f7 03 00 80 00 00 74
0x000077630d0b8e8c:   25 48 83 c4 08 89 e8 5b 5d 41 5c 41 5d c3 66 0f
0x000077630d0b8e9c:   1f 44 00 00 83 f8 ff 74 a9 bd ff ff ff ff f7 03
0x000077630d0b8eac:   00 80 00 00 75 db 48 8b bb 88 00 00 00 80 3d 80
0x000077630d0b8ebc:   91 16 00 00 8b 47 04 74 3b 85 c0 75 3b 48 c7 47
0x000077630d0b8ecc:   08 00 00 00 00 89 e8 c7 07 00 00 00 00 48 83 c4
0x000077630d0b8edc:   08 5b 5d 41 5c 41 5d c3 0f 1f 40 00 48 85 c0 0f 


Stack slot to memory mapping:
stack at sp + 0 slots: 0x0 is NULL
stack at sp + 1 slots: 0x00007763040174e0 points into unknown readable memory: 0x000077630cf01500 | 00 15 f0 0c 63 77 00 00
stack at sp + 2 slots: 0x0000776304824080 points into unknown readable memory: 0x0000000776300061 | 61 00 30 76 07 00 00 00
stack at sp + 3 slots: 0x000077630cf98200: mutex+0x0000000000000000 in /tmp/lexer17208243253635883854.lib at 0x000077630cf90000
stack at sp + 4 slots: {method} {0x00007762a87470d8} 'lex' '(Ljava/lang/String;)Ljava/lang/Integer;' in 'jni/Lexer'
stack at sp + 5 slots: 0x000077630cf95237: Java_jni_Lexer_lex+0x0000000000000057 in /tmp/lexer17208243253635883854.lib at 0x000077630cf90000
stack at sp + 6 slots: 0x0000776304017c30 points into unknown readable memory: 0x0000000452862498 | 98 24 86 52 04 00 00 00
stack at sp + 7 slots: 0x0000776304017820 points into unknown readable memory: 0x696e6a5f6176614a | 4a 61 76 61 5f 6a 6e 69


---------------  P R O C E S S  ---------------

Threads class SMR info:
_java_thread_list=0x000077626c10a440, length=14, elements={
0x0000776304017230, 0x0000776304237dd0, 0x00007763042393f0, 0x000077630425e8a0,
0x000077630425fc60, 0x0000776304261080, 0x0000776304262a70, 0x0000776304263fb0,
0x0000776304265450, 0x000077627806ce30, 0x00007763042f6f10, 0x00007763042febe0,
0x000077627c09e600, 0x000077626c109440
}

Java Threads: ( => current thread )
=>0x0000776304017230 JavaThread "main" [_thread_in_native, id=110404, stack(0x000077630b700000,0x000077630b800000)]
  0x0000776304237dd0 JavaThread "Reference Handler" daemon [_thread_blocked, id=110411, stack(0x00007762c8cf4000,0x00007762c8df4000)]
  0x00007763042393f0 JavaThread "Finalizer" daemon [_thread_blocked, id=110412, stack(0x00007762c8bf3000,0x00007762c8cf3000)]
  0x000077630425e8a0 JavaThread "Signal Dispatcher" daemon [_thread_blocked, id=110413, stack(0x00007762c8af2000,0x00007762c8bf2000)]
  0x000077630425fc60 JavaThread "Service Thread" daemon [_thread_blocked, id=110414, stack(0x00007762c8700000,0x00007762c8800000)]
  0x0000776304261080 JavaThread "Monitor Deflation Thread" daemon [_thread_blocked, id=110415, stack(0x00007762c85ff000,0x00007762c86ff000)]
  0x0000776304262a70 JavaThread "C2 CompilerThread0" daemon [_thread_blocked, id=110416, stack(0x00007762c84fe000,0x00007762c85fe000)]
  0x0000776304263fb0 JavaThread "C1 CompilerThread0" daemon [_thread_blocked, id=110417, stack(0x00007762c83fd000,0x00007762c84fd000)]
  0x0000776304265450 JavaThread "Sweeper thread" daemon [_thread_blocked, id=110418, stack(0x00007762c82fc000,0x00007762c83fc000)]
  0x000077627806ce30 JavaThread "C1 CompilerThread1" daemon [_thread_blocked, id=110419, stack(0x00007762c81fb000,0x00007762c82fb000)]
  0x00007763042f6f10 JavaThread "Notification Thread" daemon [_thread_blocked, id=110420, stack(0x00007762c80fa000,0x00007762c81fa000)]
  0x00007763042febe0 JavaThread "Common-Cleaner" daemon [_thread_blocked, id=110422, stack(0x00007762c1dff000,0x00007762c1eff000)]
  0x000077627c09e600 JavaThread "C2 CompilerThread1" daemon [_thread_blocked, id=110423, stack(0x00007762c1cfe000,0x00007762c1dfe000)]
  0x000077626c109440 JavaThread "C2 CompilerThread2" daemon [_thread_blocked, id=110424, stack(0x00007762c1bfd000,0x00007762c1cfd000)]

Other Threads:
  0x0000776304228930 VMThread "VM Thread" [stack: 0x00007762c8df5000,0x00007762c8ef5000] [id=110410]
  0x00007763042f8820 WatcherThread [stack: 0x00007762c1f00000,0x00007762c2000000] [id=110421]
  0x0000776304048b40 GCTaskThread "GC Thread#0" [stack: 0x0000776308700000,0x0000776308800000] [id=110405]
  0x0000776304059c70 ConcurrentGCThread "G1 Main Marker" [stack: 0x00007763085ff000,0x00007763086ff000] [id=110406]
  0x000077630405abe0 ConcurrentGCThread "G1 Conc#0" [stack: 0x00007763084fe000,0x00007763085fe000] [id=110407]
  0x00007763041a41f0 ConcurrentGCThread "G1 Refine#0" [stack: 0x00007762c8ff7000,0x00007762c90f7000] [id=110408]
  0x00007763041a50f0 ConcurrentGCThread "G1 Service" [stack: 0x00007762c8ef6000,0x00007762c8ff6000] [id=110409]

Threads with active compile tasks:

VM state: not at safepoint (normal execution)

VM Mutex/Monitor currently owned by a thread: None

Heap address: 0x0000000414000000, size: 16064 MB, Compressed Oops mode: Zero based, Oop shift amount: 3

CDS archive(s) not mapped
Compressed class space mapped at: 0x0000000800000000-0x0000000840000000, reserved size: 1073741824
Narrow klass base: 0x0000000800000000, Narrow klass shift: 0, Narrow klass range: 0x40000000

GC Precious Log:
 CPUs: 32 total, 16 available
 Memory: 64224M
 Large Page Support: Disabled
 NUMA Support: Disabled
 Compressed Oops: Enabled (Zero based)
 Heap Region Size: 8M
 Heap Min Capacity: 8M
 Heap Initial Capacity: 1008M
 Heap Max Capacity: 16064M
 Pre-touch: Disabled
 Parallel Workers: 13
 Concurrent Workers: 3
 Concurrent Refinement Workers: 13
 Periodic GC: Disabled

Heap:
 garbage-first heap   total 1032192K, used 8192K [0x0000000414000000, 0x0000000800000000)
  region size 8192K, 2 young (16384K), 0 survivors (0K)
 Metaspace       used 8641K, committed 8768K, reserved 1114112K
  class space    used 810K, committed 832K, reserved 1048576K

Heap Regions: E=young(eden), S=young(survivor), O=old, HS=humongous(starts), HC=humongous(continues), CS=collection set, F=free, OA=open archive, CA=closed archive, TAMS=top-at-mark-start (previous, next)
|   0|0x0000000414000000, 0x0000000414000000, 0x0000000414800000|  0%| F|  |TAMS 0x0000000414000000, 0x0000000414000000| Untracked 
|   1|0x0000000414800000, 0x0000000414800000, 0x0000000415000000|  0%| F|  |TAMS 0x0000000414800000, 0x0000000414800000| Untracked 
|   2|0x0000000415000000, 0x0000000415000000, 0x0000000415800000|  0%| F|  |TAMS 0x0000000415000000, 0x0000000415000000| Untracked 
|   3|0x0000000415800000, 0x0000000415800000, 0x0000000416000000|  0%| F|  |TAMS 0x0000000415800000, 0x0000000415800000| Untracked 
|   4|0x0000000416000000, 0x0000000416000000, 0x0000000416800000|  0%| F|  |TAMS 0x0000000416000000, 0x0000000416000000| Untracked 
|   5|0x0000000416800000, 0x0000000416800000, 0x0000000417000000|  0%| F|  |TAMS 0x0000000416800000, 0x0000000416800000| Untracked 
|   6|0x0000000417000000, 0x0000000417000000, 0x0000000417800000|  0%| F|  |TAMS 0x0000000417000000, 0x0000000417000000| Untracked 
|   7|0x0000000417800000, 0x0000000417800000, 0x0000000418000000|  0%| F|  |TAMS 0x0000000417800000, 0x0000000417800000| Untracked 
|   8|0x0000000418000000, 0x0000000418000000, 0x0000000418800000|  0%| F|  |TAMS 0x0000000418000000, 0x0000000418000000| Untracked 
|   9|0x0000000418800000, 0x0000000418800000, 0x0000000419000000|  0%| F|  |TAMS 0x0000000418800000, 0x0000000418800000| Untracked 
|  10|0x0000000419000000, 0x0000000419000000, 0x0000000419800000|  0%| F|  |TAMS 0x0000000419000000, 0x0000000419000000| Untracked 
|  11|0x0000000419800000, 0x0000000419800000, 0x000000041a000000|  0%| F|  |TAMS 0x0000000419800000, 0x0000000419800000| Untracked 
|  12|0x000000041a000000, 0x000000041a000000, 0x000000041a800000|  0%| F|  |TAMS 0x000000041a000000, 0x000000041a000000| Untracked 
|  13|0x000000041a800000, 0x000000041a800000, 0x000000041b000000|  0%| F|  |TAMS 0x000000041a800000, 0x000000041a800000| Untracked 
|  14|0x000000041b000000, 0x000000041b000000, 0x000000041b800000|  0%| F|  |TAMS 0x000000041b000000, 0x000000041b000000| Untracked 
|  15|0x000000041b800000, 0x000000041b800000, 0x000000041c000000|  0%| F|  |TAMS 0x000000041b800000, 0x000000041b800000| Untracked 
|  16|0x000000041c000000, 0x000000041c000000, 0x000000041c800000|  0%| F|  |TAMS 0x000000041c000000, 0x000000041c000000| Untracked 
|  17|0x000000041c800000, 0x000000041c800000, 0x000000041d000000|  0%| F|  |TAMS 0x000000041c800000, 0x000000041c800000| Untracked 
|  18|0x000000041d000000, 0x000000041d000000, 0x000000041d800000|  0%| F|  |TAMS 0x000000041d000000, 0x000000041d000000| Untracked 
|  19|0x000000041d800000, 0x000000041d800000, 0x000000041e000000|  0%| F|  |TAMS 0x000000041d800000, 0x000000041d800000| Untracked 
|  20|0x000000041e000000, 0x000000041e000000, 0x000000041e800000|  0%| F|  |TAMS 0x000000041e000000, 0x000000041e000000| Untracked 
|  21|0x000000041e800000, 0x000000041e800000, 0x000000041f000000|  0%| F|  |TAMS 0x000000041e800000, 0x000000041e800000| Untracked 
|  22|0x000000041f000000, 0x000000041f000000, 0x000000041f800000|  0%| F|  |TAMS 0x000000041f000000, 0x000000041f000000| Untracked 
|  23|0x000000041f800000, 0x000000041f800000, 0x0000000420000000|  0%| F|  |TAMS 0x000000041f800000, 0x000000041f800000| Untracked 
|  24|0x0000000420000000, 0x0000000420000000, 0x0000000420800000|  0%| F|  |TAMS 0x0000000420000000, 0x0000000420000000| Untracked 
|  25|0x0000000420800000, 0x0000000420800000, 0x0000000421000000|  0%| F|  |TAMS 0x0000000420800000, 0x0000000420800000| Untracked 
|  26|0x0000000421000000, 0x0000000421000000, 0x0000000421800000|  0%| F|  |TAMS 0x0000000421000000, 0x0000000421000000| Untracked 
|  27|0x0000000421800000, 0x0000000421800000, 0x0000000422000000|  0%| F|  |TAMS 0x0000000421800000, 0x0000000421800000| Untracked 
|  28|0x0000000422000000, 0x0000000422000000, 0x0000000422800000|  0%| F|  |TAMS 0x0000000422000000, 0x0000000422000000| Untracked 
|  29|0x0000000422800000, 0x0000000422800000, 0x0000000423000000|  0%| F|  |TAMS 0x0000000422800000, 0x0000000422800000| Untracked 
|  30|0x0000000423000000, 0x0000000423000000, 0x0000000423800000|  0%| F|  |TAMS 0x0000000423000000, 0x0000000423000000| Untracked 
|  31|0x0000000423800000, 0x0000000423800000, 0x0000000424000000|  0%| F|  |TAMS 0x0000000423800000, 0x0000000423800000| Untracked 
|  32|0x0000000424000000, 0x0000000424000000, 0x0000000424800000|  0%| F|  |TAMS 0x0000000424000000, 0x0000000424000000| Untracked 
|  33|0x0000000424800000, 0x0000000424800000, 0x0000000425000000|  0%| F|  |TAMS 0x0000000424800000, 0x0000000424800000| Untracked 
|  34|0x0000000425000000, 0x0000000425000000, 0x0000000425800000|  0%| F|  |TAMS 0x0000000425000000, 0x0000000425000000| Untracked 
|  35|0x0000000425800000, 0x0000000425800000, 0x0000000426000000|  0%| F|  |TAMS 0x0000000425800000, 0x0000000425800000| Untracked 
|  36|0x0000000426000000, 0x0000000426000000, 0x0000000426800000|  0%| F|  |TAMS 0x0000000426000000, 0x0000000426000000| Untracked 
|  37|0x0000000426800000, 0x0000000426800000, 0x0000000427000000|  0%| F|  |TAMS 0x0000000426800000, 0x0000000426800000| Untracked 
|  38|0x0000000427000000, 0x0000000427000000, 0x0000000427800000|  0%| F|  |TAMS 0x0000000427000000, 0x0000000427000000| Untracked 
|  39|0x0000000427800000, 0x0000000427800000, 0x0000000428000000|  0%| F|  |TAMS 0x0000000427800000, 0x0000000427800000| Untracked 
|  40|0x0000000428000000, 0x0000000428000000, 0x0000000428800000|  0%| F|  |TAMS 0x0000000428000000, 0x0000000428000000| Untracked 
|  41|0x0000000428800000, 0x0000000428800000, 0x0000000429000000|  0%| F|  |TAMS 0x0000000428800000, 0x0000000428800000| Untracked 
|  42|0x0000000429000000, 0x0000000429000000, 0x0000000429800000|  0%| F|  |TAMS 0x0000000429000000, 0x0000000429000000| Untracked 
|  43|0x0000000429800000, 0x0000000429800000, 0x000000042a000000|  0%| F|  |TAMS 0x0000000429800000, 0x0000000429800000| Untracked 
|  44|0x000000042a000000, 0x000000042a000000, 0x000000042a800000|  0%| F|  |TAMS 0x000000042a000000, 0x000000042a000000| Untracked 
|  45|0x000000042a800000, 0x000000042a800000, 0x000000042b000000|  0%| F|  |TAMS 0x000000042a800000, 0x000000042a800000| Untracked 
|  46|0x000000042b000000, 0x000000042b000000, 0x000000042b800000|  0%| F|  |TAMS 0x000000042b000000, 0x000000042b000000| Untracked 
|  47|0x000000042b800000, 0x000000042b800000, 0x000000042c000000|  0%| F|  |TAMS 0x000000042b800000, 0x000000042b800000| Untracked 
|  48|0x000000042c000000, 0x000000042c000000, 0x000000042c800000|  0%| F|  |TAMS 0x000000042c000000, 0x000000042c000000| Untracked 
|  49|0x000000042c800000, 0x000000042c800000, 0x000000042d000000|  0%| F|  |TAMS 0x000000042c800000, 0x000000042c800000| Untracked 
|  50|0x000000042d000000, 0x000000042d000000, 0x000000042d800000|  0%| F|  |TAMS 0x000000042d000000, 0x000000042d000000| Untracked 
|  51|0x000000042d800000, 0x000000042d800000, 0x000000042e000000|  0%| F|  |TAMS 0x000000042d800000, 0x000000042d800000| Untracked 
|  52|0x000000042e000000, 0x000000042e000000, 0x000000042e800000|  0%| F|  |TAMS 0x000000042e000000, 0x000000042e000000| Untracked 
|  53|0x000000042e800000, 0x000000042e800000, 0x000000042f000000|  0%| F|  |TAMS 0x000000042e800000, 0x000000042e800000| Untracked 
|  54|0x000000042f000000, 0x000000042f000000, 0x000000042f800000|  0%| F|  |TAMS 0x000000042f000000, 0x000000042f000000| Untracked 
|  55|0x000000042f800000, 0x000000042f800000, 0x0000000430000000|  0%| F|  |TAMS 0x000000042f800000, 0x000000042f800000| Untracked 
|  56|0x0000000430000000, 0x0000000430000000, 0x0000000430800000|  0%| F|  |TAMS 0x0000000430000000, 0x0000000430000000| Untracked 
|  57|0x0000000430800000, 0x0000000430800000, 0x0000000431000000|  0%| F|  |TAMS 0x0000000430800000, 0x0000000430800000| Untracked 
|  58|0x0000000431000000, 0x0000000431000000, 0x0000000431800000|  0%| F|  |TAMS 0x0000000431000000, 0x0000000431000000| Untracked 
|  59|0x0000000431800000, 0x0000000431800000, 0x0000000432000000|  0%| F|  |TAMS 0x0000000431800000, 0x0000000431800000| Untracked 
|  60|0x0000000432000000, 0x0000000432000000, 0x0000000432800000|  0%| F|  |TAMS 0x0000000432000000, 0x0000000432000000| Untracked 
|  61|0x0000000432800000, 0x0000000432800000, 0x0000000433000000|  0%| F|  |TAMS 0x0000000432800000, 0x0000000432800000| Untracked 
|  62|0x0000000433000000, 0x0000000433000000, 0x0000000433800000|  0%| F|  |TAMS 0x0000000433000000, 0x0000000433000000| Untracked 
|  63|0x0000000433800000, 0x0000000433800000, 0x0000000434000000|  0%| F|  |TAMS 0x0000000433800000, 0x0000000433800000| Untracked 
|  64|0x0000000434000000, 0x0000000434000000, 0x0000000434800000|  0%| F|  |TAMS 0x0000000434000000, 0x0000000434000000| Untracked 
|  65|0x0000000434800000, 0x0000000434800000, 0x0000000435000000|  0%| F|  |TAMS 0x0000000434800000, 0x0000000434800000| Untracked 
|  66|0x0000000435000000, 0x0000000435000000, 0x0000000435800000|  0%| F|  |TAMS 0x0000000435000000, 0x0000000435000000| Untracked 
|  67|0x0000000435800000, 0x0000000435800000, 0x0000000436000000|  0%| F|  |TAMS 0x0000000435800000, 0x0000000435800000| Untracked 
|  68|0x0000000436000000, 0x0000000436000000, 0x0000000436800000|  0%| F|  |TAMS 0x0000000436000000, 0x0000000436000000| Untracked 
|  69|0x0000000436800000, 0x0000000436800000, 0x0000000437000000|  0%| F|  |TAMS 0x0000000436800000, 0x0000000436800000| Untracked 
|  70|0x0000000437000000, 0x0000000437000000, 0x0000000437800000|  0%| F|  |TAMS 0x0000000437000000, 0x0000000437000000| Untracked 
|  71|0x0000000437800000, 0x0000000437800000, 0x0000000438000000|  0%| F|  |TAMS 0x0000000437800000, 0x0000000437800000| Untracked 
|  72|0x0000000438000000, 0x0000000438000000, 0x0000000438800000|  0%| F|  |TAMS 0x0000000438000000, 0x0000000438000000| Untracked 
|  73|0x0000000438800000, 0x0000000438800000, 0x0000000439000000|  0%| F|  |TAMS 0x0000000438800000, 0x0000000438800000| Untracked 
|  74|0x0000000439000000, 0x0000000439000000, 0x0000000439800000|  0%| F|  |TAMS 0x0000000439000000, 0x0000000439000000| Untracked 
|  75|0x0000000439800000, 0x0000000439800000, 0x000000043a000000|  0%| F|  |TAMS 0x0000000439800000, 0x0000000439800000| Untracked 
|  76|0x000000043a000000, 0x000000043a000000, 0x000000043a800000|  0%| F|  |TAMS 0x000000043a000000, 0x000000043a000000| Untracked 
|  77|0x000000043a800000, 0x000000043a800000, 0x000000043b000000|  0%| F|  |TAMS 0x000000043a800000, 0x000000043a800000| Untracked 
|  78|0x000000043b000000, 0x000000043b000000, 0x000000043b800000|  0%| F|  |TAMS 0x000000043b000000, 0x000000043b000000| Untracked 
|  79|0x000000043b800000, 0x000000043b800000, 0x000000043c000000|  0%| F|  |TAMS 0x000000043b800000, 0x000000043b800000| Untracked 
|  80|0x000000043c000000, 0x000000043c000000, 0x000000043c800000|  0%| F|  |TAMS 0x000000043c000000, 0x000000043c000000| Untracked 
|  81|0x000000043c800000, 0x000000043c800000, 0x000000043d000000|  0%| F|  |TAMS 0x000000043c800000, 0x000000043c800000| Untracked 
|  82|0x000000043d000000, 0x000000043d000000, 0x000000043d800000|  0%| F|  |TAMS 0x000000043d000000, 0x000000043d000000| Untracked 
|  83|0x000000043d800000, 0x000000043d800000, 0x000000043e000000|  0%| F|  |TAMS 0x000000043d800000, 0x000000043d800000| Untracked 
|  84|0x000000043e000000, 0x000000043e000000, 0x000000043e800000|  0%| F|  |TAMS 0x000000043e000000, 0x000000043e000000| Untracked 
|  85|0x000000043e800000, 0x000000043e800000, 0x000000043f000000|  0%| F|  |TAMS 0x000000043e800000, 0x000000043e800000| Untracked 
|  86|0x000000043f000000, 0x000000043f000000, 0x000000043f800000|  0%| F|  |TAMS 0x000000043f000000, 0x000000043f000000| Untracked 
|  87|0x000000043f800000, 0x000000043f800000, 0x0000000440000000|  0%| F|  |TAMS 0x000000043f800000, 0x000000043f800000| Untracked 
|  88|0x0000000440000000, 0x0000000440000000, 0x0000000440800000|  0%| F|  |TAMS 0x0000000440000000, 0x0000000440000000| Untracked 
|  89|0x0000000440800000, 0x0000000440800000, 0x0000000441000000|  0%| F|  |TAMS 0x0000000440800000, 0x0000000440800000| Untracked 
|  90|0x0000000441000000, 0x0000000441000000, 0x0000000441800000|  0%| F|  |TAMS 0x0000000441000000, 0x0000000441000000| Untracked 
|  91|0x0000000441800000, 0x0000000441800000, 0x0000000442000000|  0%| F|  |TAMS 0x0000000441800000, 0x0000000441800000| Untracked 
|  92|0x0000000442000000, 0x0000000442000000, 0x0000000442800000|  0%| F|  |TAMS 0x0000000442000000, 0x0000000442000000| Untracked 
|  93|0x0000000442800000, 0x0000000442800000, 0x0000000443000000|  0%| F|  |TAMS 0x0000000442800000, 0x0000000442800000| Untracked 
|  94|0x0000000443000000, 0x0000000443000000, 0x0000000443800000|  0%| F|  |TAMS 0x0000000443000000, 0x0000000443000000| Untracked 
|  95|0x0000000443800000, 0x0000000443800000, 0x0000000444000000|  0%| F|  |TAMS 0x0000000443800000, 0x0000000443800000| Untracked 
|  96|0x0000000444000000, 0x0000000444000000, 0x0000000444800000|  0%| F|  |TAMS 0x0000000444000000, 0x0000000444000000| Untracked 
|  97|0x0000000444800000, 0x0000000444800000, 0x0000000445000000|  0%| F|  |TAMS 0x0000000444800000, 0x0000000444800000| Untracked 
|  98|0x0000000445000000, 0x0000000445000000, 0x0000000445800000|  0%| F|  |TAMS 0x0000000445000000, 0x0000000445000000| Untracked 
|  99|0x0000000445800000, 0x0000000445800000, 0x0000000446000000|  0%| F|  |TAMS 0x0000000445800000, 0x0000000445800000| Untracked 
| 100|0x0000000446000000, 0x0000000446000000, 0x0000000446800000|  0%| F|  |TAMS 0x0000000446000000, 0x0000000446000000| Untracked 
| 101|0x0000000446800000, 0x0000000446800000, 0x0000000447000000|  0%| F|  |TAMS 0x0000000446800000, 0x0000000446800000| Untracked 
| 102|0x0000000447000000, 0x0000000447000000, 0x0000000447800000|  0%| F|  |TAMS 0x0000000447000000, 0x0000000447000000| Untracked 
| 103|0x0000000447800000, 0x0000000447800000, 0x0000000448000000|  0%| F|  |TAMS 0x0000000447800000, 0x0000000447800000| Untracked 
| 104|0x0000000448000000, 0x0000000448000000, 0x0000000448800000|  0%| F|  |TAMS 0x0000000448000000, 0x0000000448000000| Untracked 
| 105|0x0000000448800000, 0x0000000448800000, 0x0000000449000000|  0%| F|  |TAMS 0x0000000448800000, 0x0000000448800000| Untracked 
| 106|0x0000000449000000, 0x0000000449000000, 0x0000000449800000|  0%| F|  |TAMS 0x0000000449000000, 0x0000000449000000| Untracked 
| 107|0x0000000449800000, 0x0000000449800000, 0x000000044a000000|  0%| F|  |TAMS 0x0000000449800000, 0x0000000449800000| Untracked 
| 108|0x000000044a000000, 0x000000044a000000, 0x000000044a800000|  0%| F|  |TAMS 0x000000044a000000, 0x000000044a000000| Untracked 
| 109|0x000000044a800000, 0x000000044a800000, 0x000000044b000000|  0%| F|  |TAMS 0x000000044a800000, 0x000000044a800000| Untracked 
| 110|0x000000044b000000, 0x000000044b000000, 0x000000044b800000|  0%| F|  |TAMS 0x000000044b000000, 0x000000044b000000| Untracked 
| 111|0x000000044b800000, 0x000000044b800000, 0x000000044c000000|  0%| F|  |TAMS 0x000000044b800000, 0x000000044b800000| Untracked 
| 112|0x000000044c000000, 0x000000044c000000, 0x000000044c800000|  0%| F|  |TAMS 0x000000044c000000, 0x000000044c000000| Untracked 
| 113|0x000000044c800000, 0x000000044c800000, 0x000000044d000000|  0%| F|  |TAMS 0x000000044c800000, 0x000000044c800000| Untracked 
| 114|0x000000044d000000, 0x000000044d000000, 0x000000044d800000|  0%| F|  |TAMS 0x000000044d000000, 0x000000044d000000| Untracked 
| 115|0x000000044d800000, 0x000000044d800000, 0x000000044e000000|  0%| F|  |TAMS 0x000000044d800000, 0x000000044d800000| Untracked 
| 116|0x000000044e000000, 0x000000044e000000, 0x000000044e800000|  0%| F|  |TAMS 0x000000044e000000, 0x000000044e000000| Untracked 
| 117|0x000000044e800000, 0x000000044e800000, 0x000000044f000000|  0%| F|  |TAMS 0x000000044e800000, 0x000000044e800000| Untracked 
| 118|0x000000044f000000, 0x000000044f000000, 0x000000044f800000|  0%| F|  |TAMS 0x000000044f000000, 0x000000044f000000| Untracked 
| 119|0x000000044f800000, 0x000000044f800000, 0x0000000450000000|  0%| F|  |TAMS 0x000000044f800000, 0x000000044f800000| Untracked 
| 120|0x0000000450000000, 0x0000000450000000, 0x0000000450800000|  0%| F|  |TAMS 0x0000000450000000, 0x0000000450000000| Untracked 
| 121|0x0000000450800000, 0x0000000450800000, 0x0000000451000000|  0%| F|  |TAMS 0x0000000450800000, 0x0000000450800000| Untracked 
| 122|0x0000000451000000, 0x0000000451000000, 0x0000000451800000|  0%| F|  |TAMS 0x0000000451000000, 0x0000000451000000| Untracked 
| 123|0x0000000451800000, 0x0000000451800000, 0x0000000452000000|  0%| F|  |TAMS 0x0000000451800000, 0x0000000451800000| Untracked 
| 124|0x0000000452000000, 0x00000004520f7e48, 0x0000000452800000| 12%| E|  |TAMS 0x0000000452000000, 0x0000000452000000| Complete 
| 125|0x0000000452800000, 0x0000000453000000, 0x0000000453000000|100%| E|CS|TAMS 0x0000000452800000, 0x0000000452800000| Complete 

Card table byte_map: [0x00007762eb200000,0x00007762ed160000] _byte_map_base: 0x00007762e9160000

Marking Bits (Prev, Next): (CMBitMap*) 0x00007763040495d0, (CMBitMap*) 0x0000776304049610
 Prev Bits: [0x00007762d9600000, 0x00007762e9100000)
 Next Bits: [0x00007762c9a00000, 0x00007762d9500000)

Polling page: 0x000077630d245000

Metaspace:

Usage:
  Non-class:      7.65 MB used.
      Class:    810.84 KB used.
       Both:      8.44 MB used.

Virtual space:
  Non-class space:       64.00 MB reserved,       7.75 MB ( 12%) committed,  1 nodes.
      Class space:        1.00 GB reserved,     832.00 KB ( <1%) committed,  1 nodes.
             Both:        1.06 GB reserved,       8.56 MB ( <1%) committed. 

Chunk freelists:
   Non-Class:  8.18 MB
       Class:  15.13 MB
        Both:  23.32 MB

MaxMetaspaceSize: unlimited
CompressedClassSpaceSize: 1.00 GB
Initial GC threshold: 21.00 MB
Current GC threshold: 21.00 MB
CDS: off
MetaspaceReclaimPolicy: balanced
 - commit_granule_bytes: 65536.
 - commit_granule_words: 8192.
 - virtual_space_node_default_size: 8388608.
 - enlarge_chunks_in_place: 1.
 - new_chunks_are_fully_committed: 0.
 - uncommit_free_chunks: 1.
 - use_allocation_guard: 0.
 - handle_deallocations: 1.


Internal statistics:

num_allocs_failed_limit: 0.
num_arena_births: 30.
num_arena_deaths: 0.
num_vsnodes_births: 2.
num_vsnodes_deaths: 0.
num_space_committed: 137.
num_space_uncommitted: 0.
num_chunks_returned_to_freelist: 0.
num_chunks_taken_from_freelist: 82.
num_chunk_merges: 0.
num_chunk_splits: 55.
num_chunks_enlarged: 41.
num_inconsistent_stats: 0.

CodeHeap 'non-profiled nmethods': size=119168Kb used=208Kb max_used=208Kb free=118959Kb
 bounds [0x00007762f4da0000, 0x00007762f5010000, 0x00007762fc200000]
CodeHeap 'profiled nmethods': size=119164Kb used=967Kb max_used=967Kb free=118196Kb
 bounds [0x00007762ed200000, 0x00007762ed470000, 0x00007762f465f000]
CodeHeap 'non-nmethods': size=7428Kb used=1687Kb max_used=1694Kb free=5740Kb
 bounds [0x00007762f465f000, 0x00007762f48cf000, 0x00007762f4da0000]
 total_blobs=991 nmethods=583 adapters=321
 compilation: enabled
              stopped_count=0, restarted_count=0
 full_count=0

Compilation events (20 events):
Event: 0.150 Thread 0x000077627806ce30 nmethod 568 0x00007762ed2e5190 code [0x00007762ed2e5340, 0x00007762ed2e55a0]
Event: 0.150 Thread 0x0000776304263fb0 nmethod 561 0x00007762ed2e5690 code [0x00007762ed2e5fa0, 0x00007762ed2ea4b0]
Event: 0.151 Thread 0x0000776304263fb0  569       3       java.lang.invoke.MethodType::parameterCount (6 bytes)
Event: 0.151 Thread 0x0000776304263fb0 nmethod 569 0x00007762ed2ebd10 code [0x00007762ed2ebea0, 0x00007762ed2ebfb0]
Event: 0.152 Thread 0x0000776304263fb0  570   !   3       java.lang.invoke.MemberName::getMethodType (211 bytes)
Event: 0.152 Thread 0x0000776304262a70  571       4       jdk.internal.org.objectweb.asm.SymbolTable::get (13 bytes)
Event: 0.152 Thread 0x000077627806ce30  572       3       jdk.internal.org.objectweb.asm.MethodWriter::visitVarInsn (302 bytes)
Event: 0.152 Thread 0x0000776304262a70 nmethod 571 0x00007762f4dd3590 code [0x00007762f4dd3720, 0x00007762f4dd37f8]
Event: 0.153 Thread 0x0000776304263fb0 nmethod 570 0x00007762ed2ec090 code [0x00007762ed2ec380, 0x00007762ed2ed990]
Event: 0.153 Thread 0x000077627806ce30 nmethod 572 0x00007762ed2edf90 code [0x00007762ed2ee1e0, 0x00007762ed2eeb60]
Event: 0.153 Thread 0x0000776304263fb0  577       3       jdk.internal.org.objectweb.asm.SymbolTable::addConstantUtf8Reference (101 bytes)
Event: 0.153 Thread 0x000077627806ce30  576       3       java.lang.invoke.LambdaForm::parameter (38 bytes)
Event: 0.153 Thread 0x000077627806ce30 nmethod 576 0x00007762ed2eee10 code [0x00007762ed2eefa0, 0x00007762ed2ef0f0]
Event: 0.153 Thread 0x000077627806ce30  578       3       jdk.internal.org.objectweb.asm.SymbolTable::addConstantClass (8 bytes)
Event: 0.153 Thread 0x0000776304263fb0 nmethod 577 0x00007762ed2ef190 code [0x00007762ed2ef3c0, 0x00007762ed2ef9b0]
Event: 0.153 Thread 0x000077627806ce30 nmethod 578 0x00007762ed2efd10 code [0x00007762ed2efec0, 0x00007762ed2f0000]
Event: 0.155 Thread 0x000077627806ce30  580       3       java.lang.invoke.MemberName::getMethodOrFieldType (72 bytes)
Event: 0.156 Thread 0x000077627806ce30 nmethod 580 0x00007762ed2f0090 code [0x00007762ed2f03c0, 0x00007762ed2f1280]
Event: 0.156 Thread 0x000077627806ce30  581       3       jdk.internal.org.objectweb.asm.ByteVector::put122 (93 bytes)
Event: 0.156 Thread 0x000077627806ce30 nmethod 581 0x00007762ed2f1790 code [0x00007762ed2f1940, 0x00007762ed2f1bc0]

GC Heap History (0 events):
No events

Dll operation events (6 events):
Event: 0.001 Loaded shared library /usr/lib/jvm/java-17-openjdk/lib/libjava.so
Event: 0.016 Loaded shared library /usr/lib/jvm/java-17-openjdk/lib/libjsvml.so
Event: 0.044 Loaded shared library /usr/lib/jvm/java-17-openjdk/lib/libnio.so
Event: 0.048 Loaded shared library /usr/lib/jvm/java-17-openjdk/lib/libzip.so
Event: 0.078 Loaded shared library /usr/lib/jvm/java-17-openjdk/lib/libjimage.so
Event: 0.158 Loaded shared library /tmp/lexer17208243253635883854.lib

Deoptimization events (18 events):
Event: 0.054 Thread 0x0000776304017230 DEOPT PACKING pc=0x00007762ed20b7da sp=0x000077630b7f9cc0
Event: 0.054 Thread 0x0000776304017230 DEOPT UNPACKING pc=0x00007762f46b5e2f sp=0x000077630b7f9100 mode 0
Event: 0.057 Thread 0x0000776304017230 DEOPT PACKING pc=0x00007762ed208a4e sp=0x000077630b7fa010
Event: 0.057 Thread 0x0000776304017230 DEOPT UNPACKING pc=0x00007762f46b5e2f sp=0x000077630b7f94a8 mode 0
Event: 0.059 Thread 0x0000776304017230 DEOPT PACKING pc=0x00007762ed208a4e sp=0x000077630b7f9c40
Event: 0.059 Thread 0x0000776304017230 DEOPT UNPACKING pc=0x00007762f46b5e2f sp=0x000077630b7f90d8 mode 0
Event: 0.067 Thread 0x0000776304017230 DEOPT PACKING pc=0x00007762ed20aeee sp=0x000077630b7f9250
Event: 0.067 Thread 0x0000776304017230 DEOPT UNPACKING pc=0x00007762f46b5e2f sp=0x000077630b7f86e8 mode 0
Event: 0.070 Thread 0x0000776304017230 DEOPT PACKING pc=0x00007762ed20aeee sp=0x000077630b7fcde0
Event: 0.070 Thread 0x0000776304017230 DEOPT UNPACKING pc=0x00007762f46b5e2f sp=0x000077630b7fc250 mode 0
Event: 0.078 Thread 0x0000776304017230 Uncommon trap: trap_request=0xffffff6e fr.pc=0x00007762f4dabf50 relative=0x0000000000000330
Event: 0.078 Thread 0x0000776304017230 Uncommon trap: reason=loop_limit_check action=maybe_recompile pc=0x00007762f4dabf50 method=java.lang.StringLatin1.indexOf([BI[BII)I @ 37 c2
Event: 0.078 Thread 0x0000776304017230 DEOPT PACKING pc=0x00007762f4dabf50 sp=0x000077630b7fbd30
Event: 0.078 Thread 0x0000776304017230 DEOPT UNPACKING pc=0x00007762f46b5699 sp=0x000077630b7fbcb0 mode 2
Event: 0.143 Thread 0x0000776304017230 Uncommon trap: trap_request=0xffffff45 fr.pc=0x00007762f4db37e8 relative=0x0000000000000248
Event: 0.143 Thread 0x0000776304017230 Uncommon trap: reason=unstable_if action=reinterpret pc=0x00007762f4db37e8 method=java.lang.String.startsWith(Ljava/lang/String;I)Z @ 1 c2
Event: 0.143 Thread 0x0000776304017230 DEOPT PACKING pc=0x00007762f4db37e8 sp=0x000077630b7fc420
Event: 0.143 Thread 0x0000776304017230 DEOPT UNPACKING pc=0x00007762f46b5699 sp=0x000077630b7fc3a8 mode 2

Classes unloaded (0 events):
No events

Classes redefined (0 events):
No events

Internal exceptions (3 events):
Event: 0.104 Thread 0x0000776304017230 Exception <a 'java/lang/NoSuchMethodError'{0x0000000452ed5070}: 'int java.lang.invoke.DirectMethodHandle$Holder.invokeInterface(java.lang.Object, java.lang.Object)'> (0x0000000452ed5070) 
thrown [/usr/src/debug/java17-openjdk/jdk17u-jdk-17.0.10-7/src/hotspot/share/interpreter/linkResolver.cpp, line 758]
Event: 0.107 Thread 0x0000776304017230 Exception <a 'java/lang/IncompatibleClassChangeError'{0x0000000452eda4a0}: Found class java.lang.Object, but interface was expected> (0x0000000452eda4a0) 
thrown [/usr/src/debug/java17-openjdk/jdk17u-jdk-17.0.10-7/src/hotspot/share/interpreter/linkResolver.cpp, line 826]
Event: 0.113 Thread 0x0000776304017230 Exception <a 'java/lang/NoSuchMethodError'{0x0000000452eefbb0}: 'java.lang.Object java.lang.invoke.Invokers$Holder.invokeExact_MT(java.lang.Object, java.lang.Object, java.lang.Object, java.lang.Object, java.lang.Object, java.lang.Object)'> (0x0000000452eefbb0) 
thrown [/usr/src/debug/java17-openjdk/jdk17u-jdk-17.0.10-7/src/hotspot/share/interpreter/linkResolver.cpp, line 758]

VM Operations (4 events):
Event: 0.055 Executing VM operation: HandshakeAllThreads
Event: 0.055 Executing VM operation: HandshakeAllThreads done
Event: 0.097 Executing VM operation: HandshakeAllThreads
Event: 0.097 Executing VM operation: HandshakeAllThreads done

Events (20 events):
Event: 0.157 loading class java/lang/constant/DirectMethodHandleDescImpl$1
Event: 0.157 loading class java/lang/constant/DirectMethodHandleDescImpl$1 done
Event: 0.157 loading class java/lang/constant/DirectMethodHandleDesc$1
Event: 0.157 loading class java/lang/constant/DirectMethodHandleDesc$1 done
Event: 0.157 loading class java/lang/constant/PrimitiveClassDescImpl
Event: 0.157 loading class java/lang/constant/DynamicConstantDesc
Event: 0.157 loading class java/lang/constant/DynamicConstantDesc done
Event: 0.157 loading class java/lang/constant/PrimitiveClassDescImpl done
Event: 0.157 loading class java/lang/constant/DynamicConstantDesc$AnonymousDynamicConstantDesc
Event: 0.157 loading class java/lang/constant/DynamicConstantDesc$AnonymousDynamicConstantDesc done
Event: 0.158 loading class java/io/DeleteOnExitHook
Event: 0.158 loading class java/io/DeleteOnExitHook done
Event: 0.158 loading class java/io/DeleteOnExitHook$1
Event: 0.158 loading class java/io/DeleteOnExitHook$1 done
Event: 0.158 loading class java/lang/Shutdown
Event: 0.158 loading class java/lang/Shutdown done
Event: 0.158 loading class java/lang/Shutdown$Lock
Event: 0.158 loading class java/lang/Shutdown$Lock done
Event: 0.158 loading class java/io/FileOutputStream$1
Event: 0.158 loading class java/io/FileOutputStream$1 done


Dynamic libraries:
414000000-453000000 rw-p 00000000 00:00 0 
453000000-800000000 ---p 00000000 00:00 0 
800000000-800010000 rw-p 00000000 00:00 0 
800010000-800030000 rw-p 00000000 00:00 0 
800030000-8000a0000 rw-p 00000000 00:00 0 
8000a0000-8000c0000 ---p 00000000 00:00 0 
8000c0000-8000f0000 rw-p 00000000 00:00 0 
8000f0000-840000000 ---p 00000000 00:00 0 
6108f4ea1000-6108f4ea2000 r--p 00000000 08:03 14026743                   /usr/lib/jvm/java-17-openjdk/bin/java
6108f4ea2000-6108f4ea3000 r-xp 00001000 08:03 14026743                   /usr/lib/jvm/java-17-openjdk/bin/java
6108f4ea3000-6108f4ea4000 r--p 00002000 08:03 14026743                   /usr/lib/jvm/java-17-openjdk/bin/java
6108f4ea4000-6108f4ea5000 r--p 00002000 08:03 14026743                   /usr/lib/jvm/java-17-openjdk/bin/java
6108f4ea5000-6108f4ea6000 rw-p 00003000 08:03 14026743                   /usr/lib/jvm/java-17-openjdk/bin/java
6108f5624000-6108f566e000 rw-p 00000000 00:00 0                          [heap]
776248000000-776248021000 rw-p 00000000 00:00 0 
776248021000-77624c000000 ---p 00000000 00:00 0 
77624c000000-77624c154000 rw-p 00000000 00:00 0 
77624c154000-776250000000 ---p 00000000 00:00 0 
776254000000-7762541ee000 rw-p 00000000 00:00 0 
7762541ee000-776258000000 ---p 00000000 00:00 0 
776258000000-776258021000 rw-p 00000000 00:00 0 
776258021000-77625c000000 ---p 00000000 00:00 0 
776260000000-776260021000 rw-p 00000000 00:00 0 
776260021000-776264000000 ---p 00000000 00:00 0 
776264000000-776264021000 rw-p 00000000 00:00 0 
776264021000-776268000000 ---p 00000000 00:00 0 
77626c000000-77626c119000 rw-p 00000000 00:00 0 
77626c119000-776270000000 ---p 00000000 00:00 0 
776270000000-776270021000 rw-p 00000000 00:00 0 
776270021000-776274000000 ---p 00000000 00:00 0 
776278000000-77627826b000 rw-p 00000000 00:00 0 
77627826b000-77627c000000 ---p 00000000 00:00 0 
77627c000000-77627c2c7000 rw-p 00000000 00:00 0 
77627c2c7000-776280000000 ---p 00000000 00:00 0 
776284000000-776284021000 rw-p 00000000 00:00 0 
776284021000-776288000000 ---p 00000000 00:00 0 
776288000000-776288021000 rw-p 00000000 00:00 0 
776288021000-77628c000000 ---p 00000000 00:00 0 
776290000000-776290021000 rw-p 00000000 00:00 0 
776290021000-776294000000 ---p 00000000 00:00 0 
776294000000-776294021000 rw-p 00000000 00:00 0 
776294021000-776298000000 ---p 00000000 00:00 0 
77629c000000-77629c021000 rw-p 00000000 00:00 0 
77629c021000-7762a0000000 ---p 00000000 00:00 0 
7762a0000000-7762a0021000 rw-p 00000000 00:00 0 
7762a0021000-7762a4000000 ---p 00000000 00:00 0 
7762a8000000-7762a83f0000 rw-p 00000000 00:00 0 
7762a83f0000-7762a84f0000 rw-p 00000000 00:00 0 
7762a84f0000-7762a86f0000 rw-p 00000000 00:00 0 
7762a86f0000-7762a8760000 rw-p 00000000 00:00 0 
7762a8760000-7762a8780000 ---p 00000000 00:00 0 
7762a8780000-7762a87e0000 rw-p 00000000 00:00 0 
7762a87e0000-7762ac000000 ---p 00000000 00:00 0 
7762ac000000-7762ac021000 rw-p 00000000 00:00 0 
7762ac021000-7762b0000000 ---p 00000000 00:00 0 
7762b0000000-7762b0021000 rw-p 00000000 00:00 0 
7762b0021000-7762b4000000 ---p 00000000 00:00 0 
7762b8000000-7762b8021000 rw-p 00000000 00:00 0 
7762b8021000-7762bc000000 ---p 00000000 00:00 0 
7762bc000000-7762bc021000 rw-p 00000000 00:00 0 
7762bc021000-7762c0000000 ---p 00000000 00:00 0 
7762c1200000-7762c1201000 ---p 00000000 00:00 0 
7762c1201000-7762c1a01000 rw-p 00000000 00:00 0 
7762c1bfc000-7762c1bfd000 ---p 00000000 00:00 0 
7762c1bfd000-7762c1c01000 ---p 00000000 00:00 0 
7762c1c01000-7762c1cfd000 rw-p 00000000 00:00 0 
7762c1cfd000-7762c1cfe000 ---p 00000000 00:00 0 
7762c1cfe000-7762c1d02000 ---p 00000000 00:00 0 
7762c1d02000-7762c1dfe000 rw-p 00000000 00:00 0 
7762c1dfe000-7762c1dff000 ---p 00000000 00:00 0 
7762c1dff000-7762c1e03000 ---p 00000000 00:00 0 
7762c1e03000-7762c1eff000 rw-p 00000000 00:00 0 
7762c1eff000-7762c1f00000 ---p 00000000 00:00 0 
7762c1f00000-7762c2000000 rw-p 00000000 00:00 0 
7762c2000000-7762c4021000 rw-p 00000000 00:00 0 
7762c4021000-7762c8000000 ---p 00000000 00:00 0 
7762c80f9000-7762c80fa000 ---p 00000000 00:00 0 
7762c80fa000-7762c80fe000 ---p 00000000 00:00 0 
7762c80fe000-7762c81fa000 rw-p 00000000 00:00 0 
7762c81fa000-7762c81fb000 ---p 00000000 00:00 0 
7762c81fb000-7762c81ff000 ---p 00000000 00:00 0 
7762c81ff000-7762c82fb000 rw-p 00000000 00:00 0 
7762c82fb000-7762c82fc000 ---p 00000000 00:00 0 
7762c82fc000-7762c8300000 ---p 00000000 00:00 0 
7762c8300000-7762c83fc000 rw-p 00000000 00:00 0 
7762c83fc000-7762c83fd000 ---p 00000000 00:00 0 
7762c83fd000-7762c8401000 ---p 00000000 00:00 0 
7762c8401000-7762c84fd000 rw-p 00000000 00:00 0 
7762c84fd000-7762c84fe000 ---p 00000000 00:00 0 
7762c84fe000-7762c8502000 ---p 00000000 00:00 0 
7762c8502000-7762c85fe000 rw-p 00000000 00:00 0 
7762c85fe000-7762c85ff000 ---p 00000000 00:00 0 
7762c85ff000-7762c8603000 ---p 00000000 00:00 0 
7762c8603000-7762c86ff000 rw-p 00000000 00:00 0 
7762c86ff000-7762c8700000 ---p 00000000 00:00 0 
7762c8700000-7762c8704000 ---p 00000000 00:00 0 
7762c8704000-7762c8800000 rw-p 00000000 00:00 0 
7762c8800000-7762c8aeb000 r--p 00000000 08:03 13299363                   /usr/lib/locale/locale-archive
7762c8af1000-7762c8af2000 ---p 00000000 00:00 0 
7762c8af2000-7762c8af6000 ---p 00000000 00:00 0 
7762c8af6000-7762c8bf2000 rw-p 00000000 00:00 0 
7762c8bf2000-7762c8bf3000 ---p 00000000 00:00 0 
7762c8bf3000-7762c8bf7000 ---p 00000000 00:00 0 
7762c8bf7000-7762c8cf3000 rw-p 00000000 00:00 0 
7762c8cf3000-7762c8cf4000 ---p 00000000 00:00 0 
7762c8cf4000-7762c8cf8000 ---p 00000000 00:00 0 
7762c8cf8000-7762c8df4000 rw-p 00000000 00:00 0 
7762c8df4000-7762c8df5000 ---p 00000000 00:00 0 
7762c8df5000-7762c8ef5000 rw-p 00000000 00:00 0 
7762c8ef5000-7762c8ef6000 ---p 00000000 00:00 0 
7762c8ef6000-7762c8ff6000 rw-p 00000000 00:00 0 
7762c8ff6000-7762c8ff7000 ---p 00000000 00:00 0 
7762c8ff7000-7762c90f7000 rw-p 00000000 00:00 0 
7762c90f7000-7762ca9c0000 rw-p 00000000 00:00 0 
7762ca9c0000-7762d9500000 ---p 00000000 00:00 0 
7762d9600000-7762da5c0000 rw-p 00000000 00:00 0 
7762da5c0000-7762e9100000 ---p 00000000 00:00 0 
7762e912f000-7762e9134000 r--p 00000000 08:03 14026789                   /usr/lib/jvm/java-17-openjdk/lib/libjsvml.so
7762e9134000-7762e9175000 r-xp 00005000 08:03 14026789                   /usr/lib/jvm/java-17-openjdk/lib/libjsvml.so
7762e9175000-7762e91fe000 r--p 00046000 08:03 14026789                   /usr/lib/jvm/java-17-openjdk/lib/libjsvml.so
7762e91fe000-7762e91ff000 r--p 000ce000 08:03 14026789                   /usr/lib/jvm/java-17-openjdk/lib/libjsvml.so
7762e91ff000-7762e9200000 rw-p 000cf000 08:03 14026789                   /usr/lib/jvm/java-17-openjdk/lib/libjsvml.so
7762e9200000-7762e93f8000 rw-p 00000000 00:00 0 
7762e93f8000-7762eb160000 ---p 00000000 00:00 0 
7762eb200000-7762eb3f8000 rw-p 00000000 00:00 0 
7762eb3f8000-7762ed160000 ---p 00000000 00:00 0 
7762ed17f000-7762ed200000 rw-p 00000000 00:00 0 
7762ed200000-7762ed470000 rwxp 00000000 00:00 0 
7762ed470000-7762f465f000 ---p 00000000 00:00 0 
7762f465f000-7762f48cf000 rwxp 00000000 00:00 0 
7762f48cf000-7762f4da0000 ---p 00000000 00:00 0 
7762f4da0000-7762f5010000 rwxp 00000000 00:00 0 
7762f5010000-7762fc200000 ---p 00000000 00:00 0 
7762fc200000-776303fca000 r--s 00000000 08:03 14026804                   /usr/lib/jvm/java-17-openjdk/lib/modules
776304000000-77630484f000 rw-p 00000000 00:00 0 
77630484f000-776308000000 ---p 00000000 00:00 0 
776308014000-776308045000 rw-p 00000000 00:00 0 
776308045000-776308049000 r--p 00000000 08:03 14026795                   /usr/lib/jvm/java-17-openjdk/lib/libnet.so
776308049000-776308057000 r-xp 00004000 08:03 14026795                   /usr/lib/jvm/java-17-openjdk/lib/libnet.so
776308057000-77630805b000 r--p 00012000 08:03 14026795                   /usr/lib/jvm/java-17-openjdk/lib/libnet.so
77630805b000-77630805c000 r--p 00015000 08:03 14026795                   /usr/lib/jvm/java-17-openjdk/lib/libnet.so
77630805c000-77630805d000 rw-p 00016000 08:03 14026795                   /usr/lib/jvm/java-17-openjdk/lib/libnet.so
77630805d000-7763084fd000 rw-p 00000000 00:00 0 
7763084fd000-7763084fe000 ---p 00000000 00:00 0 
7763084fe000-7763085fe000 rw-p 00000000 00:00 0 
7763085fe000-7763085ff000 ---p 00000000 00:00 0 
7763085ff000-7763086ff000 rw-p 00000000 00:00 0 
7763086ff000-776308700000 ---p 00000000 00:00 0 
776308700000-776308800000 rw-p 00000000 00:00 0 
776308800000-7763089f8000 rw-p 00000000 00:00 0 
7763089f8000-77630a760000 ---p 00000000 00:00 0 
77630a760000-77630b533000 rw-p 00000000 00:00 0 
77630b533000-77630b617000 ---p 00000000 00:00 0 
77630b617000-77630b61c000 rw-p 00000000 00:00 0 
77630b61c000-77630b700000 ---p 00000000 00:00 0 
77630b700000-77630b704000 ---p 00000000 00:00 0 
77630b704000-77630b800000 rw-p 00000000 00:00 0 
77630b800000-77630b89c000 r--p 00000000 08:03 13261895                   /usr/lib/libstdc++.so.6.0.32
77630b89c000-77630b9d3000 r-xp 0009c000 08:03 13261895                   /usr/lib/libstdc++.so.6.0.32
77630b9d3000-77630ba69000 r--p 001d3000 08:03 13261895                   /usr/lib/libstdc++.so.6.0.32
77630ba69000-77630ba76000 r--p 00269000 08:03 13261895                   /usr/lib/libstdc++.so.6.0.32
77630ba76000-77630ba77000 rw-p 00276000 08:03 13261895                   /usr/lib/libstdc++.so.6.0.32
77630ba77000-77630ba7b000 rw-p 00000000 00:00 0 
77630ba81000-77630ba88000 r--p 00000000 08:03 14026797                   /usr/lib/jvm/java-17-openjdk/lib/libnio.so
77630ba88000-77630ba90000 r-xp 00007000 08:03 14026797                   /usr/lib/jvm/java-17-openjdk/lib/libnio.so
77630ba90000-77630ba94000 r--p 0000f000 08:03 14026797                   /usr/lib/jvm/java-17-openjdk/lib/libnio.so
77630ba94000-77630ba95000 r--p 00013000 08:03 14026797                   /usr/lib/jvm/java-17-openjdk/lib/libnio.so
77630ba95000-77630ba96000 rw-p 00014000 08:03 14026797                   /usr/lib/jvm/java-17-openjdk/lib/libnio.so
77630ba96000-77630bb14000 rw-p 00000000 00:00 0 
77630bb14000-77630bb22000 r--p 00000000 08:03 13241698                   /usr/lib/libm.so.6
77630bb22000-77630bba2000 r-xp 0000e000 08:03 13241698                   /usr/lib/libm.so.6
77630bba2000-77630bbfe000 r--p 0008e000 08:03 13241698                   /usr/lib/libm.so.6
77630bbfe000-77630bbff000 r--p 000e9000 08:03 13241698                   /usr/lib/libm.so.6
77630bbff000-77630bc00000 rw-p 000ea000 08:03 13241698                   /usr/lib/libm.so.6
77630bc00000-77630be52000 r--p 00000000 08:03 14026814                   /usr/lib/jvm/java-17-openjdk/lib/server/libjvm.so
77630be52000-77630cbbd000 r-xp 00252000 08:03 14026814                   /usr/lib/jvm/java-17-openjdk/lib/server/libjvm.so
77630cbbd000-77630ce43000 r--p 00fbd000 08:03 14026814                   /usr/lib/jvm/java-17-openjdk/lib/server/libjvm.so
77630ce43000-77630cefb000 r--p 01243000 08:03 14026814                   /usr/lib/jvm/java-17-openjdk/lib/server/libjvm.so
77630cefb000-77630cf30000 rw-p 012fb000 08:03 14026814                   /usr/lib/jvm/java-17-openjdk/lib/server/libjvm.so
77630cf30000-77630cf8a000 rw-p 00000000 00:00 0 
77630cf90000-77630cf93000 r--p 00000000 00:21 18149                      /tmp/lexer17208243253635883854.lib
77630cf93000-77630cf96000 r-xp 00003000 00:21 18149                      /tmp/lexer17208243253635883854.lib
77630cf96000-77630cf97000 r--p 00006000 00:21 18149                      /tmp/lexer17208243253635883854.lib
77630cf97000-77630cf98000 r--p 00007000 00:21 18149                      /tmp/lexer17208243253635883854.lib
77630cf98000-77630cf99000 rw-p 00008000 00:21 18149                      /tmp/lexer17208243253635883854.lib
77630cf99000-77630cfda000 rw-p 00000000 00:00 0 
77630cfda000-77630cfe6000 r--p 00000000 08:03 14026780                   /usr/lib/jvm/java-17-openjdk/lib/libjava.so
77630cfe6000-77630cff7000 r-xp 0000c000 08:03 14026780                   /usr/lib/jvm/java-17-openjdk/lib/libjava.so
77630cff7000-77630cffd000 r--p 0001d000 08:03 14026780                   /usr/lib/jvm/java-17-openjdk/lib/libjava.so
77630cffd000-77630cffe000 r--p 00022000 08:03 14026780                   /usr/lib/jvm/java-17-openjdk/lib/libjava.so
77630cffe000-77630cfff000 rw-p 00023000 08:03 14026780                   /usr/lib/jvm/java-17-openjdk/lib/libjava.so
77630cfff000-77630d000000 rw-p 00000000 00:00 0 
77630d000000-77630d004000 r--p 00000000 08:03 13242445                   /usr/lib/libgcc_s.so.1
77630d004000-77630d01f000 r-xp 00004000 08:03 13242445                   /usr/lib/libgcc_s.so.1
77630d01f000-77630d023000 r--p 0001f000 08:03 13242445                   /usr/lib/libgcc_s.so.1
77630d023000-77630d024000 r--p 00022000 08:03 13242445                   /usr/lib/libgcc_s.so.1
77630d024000-77630d025000 rw-p 00023000 08:03 13242445                   /usr/lib/libgcc_s.so.1
77630d025000-77630d028000 rw-p 00000000 00:00 0 
77630d028000-77630d02b000 r--p 00000000 08:03 13250729                   /usr/lib/libz.so.1.3.1
77630d02b000-77630d039000 r-xp 00003000 08:03 13250729                   /usr/lib/libz.so.1.3.1
77630d039000-77630d040000 r--p 00011000 08:03 13250729                   /usr/lib/libz.so.1.3.1
77630d040000-77630d041000 r--p 00017000 08:03 13250729                   /usr/lib/libz.so.1.3.1
77630d041000-77630d042000 rw-p 00018000 08:03 13250729                   /usr/lib/libz.so.1.3.1
77630d042000-77630d066000 r--p 00000000 08:03 13241673                   /usr/lib/libc.so.6
77630d066000-77630d1c1000 r-xp 00024000 08:03 13241673                   /usr/lib/libc.so.6
77630d1c1000-77630d216000 r--p 0017f000 08:03 13241673                   /usr/lib/libc.so.6
77630d216000-77630d21a000 r--p 001d3000 08:03 13241673                   /usr/lib/libc.so.6
77630d21a000-77630d21c000 rw-p 001d7000 08:03 13241673                   /usr/lib/libc.so.6
77630d21c000-77630d224000 rw-p 00000000 00:00 0 
77630d224000-77630d226000 r--p 00000000 08:03 14026803                   /usr/lib/jvm/java-17-openjdk/lib/libzip.so
77630d226000-77630d22a000 r-xp 00002000 08:03 14026803                   /usr/lib/jvm/java-17-openjdk/lib/libzip.so
77630d22a000-77630d22c000 r--p 00006000 08:03 14026803                   /usr/lib/jvm/java-17-openjdk/lib/libzip.so
77630d22c000-77630d22d000 r--p 00007000 08:03 14026803                   /usr/lib/jvm/java-17-openjdk/lib/libzip.so
77630d22d000-77630d22e000 rw-p 00008000 08:03 14026803                   /usr/lib/jvm/java-17-openjdk/lib/libzip.so
77630d22e000-77630d233000 rw-p 00000000 00:00 0 
77630d233000-77630d23d000 ---p 00000000 00:00 0 
77630d23d000-77630d245000 rw-s 00000000 00:21 18148                      /tmp/hsperfdata_rowan/110403
77630d245000-77630d246000 ---p 00000000 00:00 0 
77630d246000-77630d247000 r--p 00000000 00:00 0 
77630d247000-77630d248000 ---p 00000000 00:00 0 
77630d248000-77630d24a000 r--p 00000000 08:03 14026783                   /usr/lib/jvm/java-17-openjdk/lib/libjimage.so
77630d24a000-77630d24d000 r-xp 00002000 08:03 14026783                   /usr/lib/jvm/java-17-openjdk/lib/libjimage.so
77630d24d000-77630d24e000 r--p 00005000 08:03 14026783                   /usr/lib/jvm/java-17-openjdk/lib/libjimage.so
77630d24e000-77630d24f000 r--p 00006000 08:03 14026783                   /usr/lib/jvm/java-17-openjdk/lib/libjimage.so
77630d24f000-77630d250000 rw-p 00007000 08:03 14026783                   /usr/lib/jvm/java-17-openjdk/lib/libjimage.so
77630d250000-77630d252000 r--p 00000000 08:03 14026787                   /usr/lib/jvm/java-17-openjdk/lib/libjli.so
77630d252000-77630d25c000 r-xp 00002000 08:03 14026787                   /usr/lib/jvm/java-17-openjdk/lib/libjli.so
77630d25c000-77630d25f000 r--p 0000c000 08:03 14026787                   /usr/lib/jvm/java-17-openjdk/lib/libjli.so
77630d25f000-77630d260000 r--p 0000f000 08:03 14026787                   /usr/lib/jvm/java-17-openjdk/lib/libjli.so
77630d260000-77630d261000 rw-p 00010000 08:03 14026787                   /usr/lib/jvm/java-17-openjdk/lib/libjli.so
77630d261000-77630d263000 rw-p 00000000 00:00 0 
77630d263000-77630d264000 r--p 00000000 08:03 13241644                   /usr/lib/ld-linux-x86-64.so.2
77630d264000-77630d28b000 r-xp 00001000 08:03 13241644                   /usr/lib/ld-linux-x86-64.so.2
77630d28b000-77630d296000 r--p 00028000 08:03 13241644                   /usr/lib/ld-linux-x86-64.so.2
77630d296000-77630d298000 r--p 00032000 08:03 13241644                   /usr/lib/ld-linux-x86-64.so.2
77630d298000-77630d29a000 rw-p 00034000 08:03 13241644                   /usr/lib/ld-linux-x86-64.so.2
7fffcc426000-7fffcc44a000 rw-p 00000000 00:00 0                          [stack]
7fffcc452000-7fffcc456000 r--p 00000000 00:00 0                          [vvar]
7fffcc456000-7fffcc458000 r-xp 00000000 00:00 0                          [vdso]
ffffffffff600000-ffffffffff601000 --xp 00000000 00:00 0                  [vsyscall]


VM Arguments:
jvm_args: -Dfile.encoding=UTF-8 -Duser.country=US -Duser.language=en -Duser.variant 
java_command: jni.Runner
java_class_path (initial): /home/rowan/IdeaProjects/LexerLearning/jni-runner/build/classes/java/main:/home/rowan/IdeaProjects/LexerLearning/jni-runner/build/resources/main:/home/rowan/IdeaProjects/LexerLearning/jni-lib/build/libs/jni-lib.jar:/home/rowan/.gradle/caches/modules-2/files-2.1/de.learnlib/learnlib-aaar/0.17.0/e0189d85b19795a262def7e140b319414d6ac804/learnlib-aaar-0.17.0.jar:/home/rowan/.gradle/caches/modules-2/files-2.1/de.learnlib/learnlib-adt/0.17.0/abb1cc7bbe827dc4eb466961132dbf4edf1ba574/learnlib-adt-0.17.0.jar:/home/rowan/.gradle/caches/modules-2/files-2.1/de.learnlib/learnlib-dhc/0.17.0/cccd00238a88cc8f41c2d40a362cdb09b6233cd6/learnlib-dhc-0.17.0.jar:/home/rowan/.gradle/caches/modules-2/files-2.1/de.learnlib/learnlib-procedural/0.17.0/f9513c284259cc197445d2aa2cf5f95bc14f9c64/learnlib-procedural-0.17.0.jar:/home/rowan/.gradle/caches/modules-2/files-2.1/de.learnlib/learnlib-kearns-vazirani/0.17.0/c09e83b1643d7558135368a13b4a6a6a223d8b2a/learnlib-kearns-vazirani-0.17.0.jar:/home/rowan/.gradle/caches/modules-2/files-2.1/de.learnlib/learnlib-lstar/0.17.0/d7ece5a39d307845d327c3b8b406954cdb47337f/learnlib-lstar-0.17.0.jar:/home/rowan/.gradle/caches/modules-2/files-2.1/de.learnlib/learnlib-nlstar/0.17.0/1392b226b110e635a8b38bf4c6a5035030d530e3/learnlib-nlstar-0.17.0.jar:/home/rowan/.gradle/caches/modules-2/files-2.1/de.learnlib/learnlib-observation-pack/0.17.0/1f017b96488e1879b9a89353f4792e1979a4b7ad/learnlib-observation-pack-0.17.0.jar:/home/rowan/.gradle/caches/modules-2/files-2.1/de.learnlib/learnlib-ttt-vpa/0.17.0/ed06fd22e5143dd3d678b123551e199cb06355fb/learnlib-ttt-vpa-0.17.0.jar:/home/rowan/.gradle/caches/modules-2/files-2.1/de.learnlib/learnlib-observation-pack-vpa/0.17.0/76e7355aeb6d5ff2a4f746dd9d11bdf909c584e7/learnlib-observation-pack-vpa-0.17.0.jar:/home/rowan/.gradle/caches/modules-2/files-2.1/de.learnlib/learnlib-oml/0.17.0/178a668140a006fd8b1c0e96092546de3fae4036/learnlib-oml-0.17.0.jar:/home/rowan/.gradle/caches/modules-2/files-2.1/de.lear
Launcher Type: SUN_STANDARD

[Global flags]
     intx CICompilerCount                          = 12                                        {product} {ergonomic}
     uint ConcGCThreads                            = 3                                         {product} {ergonomic}
     uint G1ConcRefinementThreads                  = 13                                        {product} {ergonomic}
   size_t G1HeapRegionSize                         = 8388608                                   {product} {ergonomic}
    uintx GCDrainStackTargetSize                   = 64                                        {product} {ergonomic}
   size_t InitialHeapSize                          = 1056964608                                {product} {ergonomic}
   size_t MarkStackSize                            = 4194304                                   {product} {ergonomic}
   size_t MaxHeapSize                              = 16844324864                               {product} {ergonomic}
   size_t MaxNewSize                               = 10099884032                               {product} {ergonomic}
   size_t MinHeapDeltaBytes                        = 8388608                                   {product} {ergonomic}
   size_t MinHeapSize                              = 8388608                                   {product} {ergonomic}
    uintx NonNMethodCodeHeapSize                   = 7602480                                {pd product} {ergonomic}
    uintx NonProfiledCodeHeapSize                  = 122027880                              {pd product} {ergonomic}
    uintx ProfiledCodeHeapSize                     = 122027880                              {pd product} {ergonomic}
    uintx ReservedCodeCacheSize                    = 251658240                              {pd product} {ergonomic}
     bool SegmentedCodeCache                       = true                                      {product} {ergonomic}
   size_t SoftMaxHeapSize                          = 16844324864                            {manageable} {ergonomic}
     bool UseCompressedClassPointers               = true                           {product lp64_product} {ergonomic}
     bool UseCompressedOops                        = true                           {product lp64_product} {ergonomic}
     bool UseG1GC                                  = true                                      {product} {ergonomic}

Logging:
Log output configuration:
 #0: stdout all=warning uptime,level,tags
 #1: stderr all=off uptime,level,tags

Environment Variables:
JAVA_HOME=/usr/lib/jvm/java-17-openjdk
PATH=/home/rowan/.nvm/versions/node/v19.7.0/bin:/home/rowan/.config/bspwm/scripts:/usr/local/sbin:/usr/local/bin:/usr/bin:/opt/android-sdk/tools:/opt/android-sdk/tools/bin:/opt/cuda/bin:/opt/cuda/nsight_compute:/opt/cuda/nsight_systems/bin:/usr/lib/jvm/default/bin:/usr/bin/site_perl:/usr/bin/vendor_perl:/usr/bin/core_perl:/usr/lib/rustup/bin:/home/rowan/.local/share/JetBrains/Toolbox/scripts
SHELL=/bin/bash
DISPLAY=:0
LANG=en_US.UTF-8
TERM=xterm-256color

Active Locale:
LC_ALL=en_US.UTF-8
LC_COLLATE=en_US.UTF-8
LC_CTYPE=en_US.UTF-8
LC_MESSAGES=en_US.UTF-8
LC_MONETARY=en_US.UTF-8
LC_NUMERIC=en_US.UTF-8
LC_TIME=en_US.UTF-8

Signal Handlers:
   SIGSEGV: 0x000077630cb38d90 in libjvm.so+15961488, mask=11100100010111111101111111111110, flags=SA_RESTART|SA_SIGINFO, unblocked
    SIGBUS: 0x000077630cb38d90 in libjvm.so+15961488, mask=11100100010111111101111111111110, flags=SA_RESTART|SA_SIGINFO, unblocked
    SIGFPE: 0x000077630cb38d90 in libjvm.so+15961488, mask=11100100010111111101111111111110, flags=SA_RESTART|SA_SIGINFO, unblocked
   SIGPIPE: 0x000077630c9cf990 in libjvm.so+14481808, mask=11100100010111111101111111111110, flags=SA_RESTART|SA_SIGINFO, blocked
   SIGXFSZ: 0x000077630c9cf990 in libjvm.so+14481808, mask=11100100010111111101111111111110, flags=SA_RESTART|SA_SIGINFO, blocked
    SIGILL: 0x000077630cb38d90 in libjvm.so+15961488, mask=11100100010111111101111111111110, flags=SA_RESTART|SA_SIGINFO, unblocked
   SIGUSR2: 0x000077630c9cf020 in libjvm.so+14479392, mask=00100000000000000000000000000000, flags=SA_RESTART|SA_SIGINFO, blocked
    SIGHUP: 0x000077630c9cef30 in libjvm.so+14479152, mask=11100100010111111101111111111110, flags=SA_RESTART|SA_SIGINFO, blocked
    SIGINT: 0x000077630c9cef30 in libjvm.so+14479152, mask=11100100010111111101111111111110, flags=SA_RESTART|SA_SIGINFO, blocked
   SIGTERM: 0x000077630c9cef30 in libjvm.so+14479152, mask=11100100010111111101111111111110, flags=SA_RESTART|SA_SIGINFO, blocked
   SIGQUIT: 0x000077630c9cef30 in libjvm.so+14479152, mask=11100100010111111101111111111110, flags=SA_RESTART|SA_SIGINFO, blocked
   SIGTRAP: 0x000077630cb38d90 in libjvm.so+15961488, mask=11100100010111111101111111111110, flags=SA_RESTART|SA_SIGINFO, unblocked


Periodic native trim disabled


---------------  S Y S T E M  ---------------

OS:
DISTRIB_ID="Arch"
DISTRIB_RELEASE="rolling"
DISTRIB_DESCRIPTION="Arch Linux"
uname: Linux 6.8.2-arch2-1 #1 SMP PREEMPT_DYNAMIC Thu, 28 Mar 2024 17:06:35 +0000 x86_64
OS uptime: 0 days 1:26 hours
libc: glibc 2.39 NPTL 2.39 
rlimit (soft/hard): STACK 8192k/infinity , CORE infinity/infinity , NPROC 256672/256672 , NOFILE 524288/524288 , AS infinity/infinity , CPU infinity/infinity , DATA infinity/infinity , FSIZE infinity/infinity , MEMLOCK 8192k/8192k
load average: 6.52 6.09 5.54

/proc/meminfo:
MemTotal:       65766156 kB
MemFree:        31337252 kB
MemAvailable:   41244264 kB
Buffers:          887872 kB
Cached:          9436596 kB
SwapCached:            0 kB
Active:         27291768 kB
Inactive:        5553112 kB
Active(anon):   22883896 kB
Inactive(anon):        0 kB
Active(file):    4407872 kB
Inactive(file):  5553112 kB
Unevictable:         588 kB
Mlocked:             588 kB
SwapTotal:      16777212 kB
SwapFree:       16777212 kB
Zswap:                 0 kB
Zswapped:              0 kB
Dirty:              1268 kB
Writeback:             0 kB
AnonPages:      21635132 kB
Mapped:          3253168 kB
Shmem:            364240 kB
KReclaimable:     672240 kB
Slab:             886084 kB
SReclaimable:     672240 kB
SUnreclaim:       213844 kB
KernelStack:       38688 kB
PageTables:       127576 kB
SecPageTables:         0 kB
NFS_Unstable:          0 kB
Bounce:                0 kB
WritebackTmp:          0 kB
CommitLimit:    49660288 kB
Committed_AS:   39842560 kB
VmallocTotal:   34359738367 kB
VmallocUsed:      174136 kB
VmallocChunk:          0 kB
Percpu:            40064 kB
HardwareCorrupted:     0 kB
AnonHugePages:  11884544 kB
ShmemHugePages:        0 kB
ShmemPmdMapped:        0 kB
FileHugePages:    546816 kB
FilePmdMapped:     59392 kB
CmaTotal:              0 kB
CmaFree:               0 kB
Unaccepted:            0 kB
HugePages_Total:       0
HugePages_Free:        0
HugePages_Rsvd:        0
HugePages_Surp:        0
Hugepagesize:       2048 kB
Hugetlb:               0 kB
DirectMap4k:     1324976 kB
DirectMap2M:    33200128 kB
DirectMap1G:    32505856 kB

/sys/kernel/mm/transparent_hugepage/enabled: [always] madvise never
/sys/kernel/mm/transparent_hugepage/defrag (defrag/compaction efforts parameter): always defer defer+madvise [madvise] never

Process Memory:
Virtual Size: 20115284K (peak: 20115284K)
Resident Set Size: 65692K (peak: 65692K) (anon: 43612K, file: 22080K, shmem: 0K)
Swapped out: 0K
C-Heap outstanding allocations: 44994K, retained: 3777K
glibc malloc tunables: (default)

/proc/sys/kernel/threads-max (system-wide limit on the number of threads): 513344
/proc/sys/vm/max_map_count (maximum number of memory map areas a process may have): 65530
/proc/sys/kernel/pid_max (system-wide limit on number of process identifiers): 4194304

container (cgroup) information:
container_type: cgroupv2
cpu_cpuset_cpus: not supported
cpu_memory_nodes: not supported
active_processor_count: 16
cpu_quota: no quota
cpu_period: 100000
cpu_shares: no shares
memory_limit_in_bytes: unlimited
memory_and_swap_limit_in_bytes: unlimited
memory_soft_limit_in_bytes: unlimited
memory_usage_in_bytes: 30218916 k
memory_max_usage_in_bytes: not supported
memory_swap_current_in_bytes: unlimited
memory_swap_max_limit_in_bytes: unlimited
maximum number of tasks: unlimited
current number of tasks: 1532

Steal ticks since vm start: 0
Steal ticks percentage since vm start:  0.000

CPU: total 32 (initial active 16) (16 cores per cpu, 2 threads per core) family 25 model 33 stepping 0 microcode 0xa201016, cx8, cmov, fxsr, ht, mmx, 3dnowpref, sse, sse2, sse3, ssse3, sse4a, sse4.1, sse4.2, popcnt, lzcnt, tsc, tscinvbit, avx, avx2, aes, erms, clmul, bmi1, bmi2, adx, sha, fma, vzeroupper, clflush, clflushopt
CPU Model and flags from /proc/cpuinfo:
model name	: AMD Ryzen 7 5800X 8-Core Processor
flags		: fpu vme de pse tsc msr pae mce cx8 apic sep mtrr pge mca cmov pat pse36 clflush mmx fxsr sse sse2 ht syscall nx mmxext fxsr_opt pdpe1gb rdtscp lm constant_tsc rep_good nopl nonstop_tsc cpuid extd_apicid aperfmperf rapl pni pclmulqdq monitor ssse3 fma cx16 sse4_1 sse4_2 x2apic movbe popcnt aes xsave avx f16c rdrand lahf_lm cmp_legacy svm extapic cr8_legacy abm sse4a misalignsse 3dnowprefetch osvw ibs skinit wdt tce topoext perfctr_core perfctr_nb bpext perfctr_llc mwaitx cpb cat_l3 cdp_l3 hw_pstate ssbd mba ibrs ibpb stibp vmmcall fsgsbase bmi1 avx2 smep bmi2 erms invpcid cqm rdt_a rdseed adx smap clflushopt clwb sha_ni xsaveopt xsavec xgetbv1 xsaves cqm_llc cqm_occup_llc cqm_mbm_total cqm_mbm_local user_shstk clzero irperf xsaveerptr rdpru wbnoinvd arat npt lbrv svm_lock nrip_save tsc_scale vmcb_clean flushbyasid decodeassists pausefilter pfthreshold avic v_vmsave_vmload vgif v_spec_ctrl umip pku ospke vaes vpclmulqdq rdpid overflow_recov succor smca fsrm debug_swap

Online cpus: 0-15
Offline cpus: 16-31
BIOS frequency limitation: 3800000
Frequency switch latency (ns): 0
Available cpu frequencies: 3800000 2800000 2200000 
Current governor: schedutil
Core performance/turbo boost: 1

Memory: 4k page, physical 65766156k(31337252k free), swap 16777212k(16777212k free)
Page Sizes: 4k

vm_info: OpenJDK 64-Bit Server VM (17.0.10+7) for linux-amd64 JRE (17.0.10+7), built on Jan 16 2024 22:32:35 by "builduser" with gcc 13.2.1 20230801

END.
