#
# A fatal error has been detected by the Java Runtime Environment:
#
#  SIGSEGV (0xb) at pc=0x0000769b1b8a266e, pid=50082, tid=50083
#
# JRE version: OpenJDK Runtime Environment (17.0.10+7) (build 17.0.10+7)
# Java VM: OpenJDK 64-Bit Server VM (17.0.10+7, mixed mode, sharing, tiered, compressed oops, compressed class ptrs, g1 gc, linux-amd64)
# Problematic frame:
# C  [lexer6936236069480040960.lib+0x266e]  lex_one_char+0x1e
#
# Core dump will be written. Default location: Core dumps may be processed with "/usr/lib/systemd/systemd-coredump %P %u %g %s %t %c %h" (or dumping to /home/rowan/IdeaProjects/LexerLearning/jni-runner/core.50082)
#
# If you would like to submit a bug report, please visit:
#   https://bugreport.java.com/bugreport/crash.jsp
# The crash happened outside the Java Virtual Machine in native code.
# See problematic frame for where to report the bug.
#

---------------  S U M M A R Y ------------

Command Line: -Dfile.encoding=UTF-8 -Duser.country=US -Duser.language=en -Duser.variant jni.Runner

Host: AMD Ryzen 7 5800X 8-Core Processor, 32 cores, 62G, Arch Linux
Time: Wed Apr 17 21:52:21 2024 CEST elapsed time: 0.113905 seconds (0d 0h 0m 0s)

---------------  T H R E A D  ---------------

Current thread (0x0000769b14017230):  JavaThread "main" [_thread_in_native, id=50083, stack(0x0000769b1a500000,0x0000769b1a600000)]

Stack: [0x0000769b1a500000,0x0000769b1a600000],  sp=0x0000769b1a5fe1b0,  free space=1016k
Native frames: (J=compiled Java code, j=interpreted, Vv=VM code, C=native code)
C  [lexer6936236069480040960.lib+0x266e]  lex_one_char+0x1e
C  0x0000769b14017230

Java frames: (J=compiled Java code, j=interpreted, Vv=VM code)
j  jni.Lexer.close()V+0
j  jni.Runner$LexerContextHandler.disposeContext(Ljni/Lexer;)V+1
j  jni.Runner$LexerContextHandler.disposeContext(Ljava/lang/Object;)V+5
j  de.learnlib.driver.ContextExecutableInputSUL.disposeContext(Ljava/lang/Object;)V+5
j  de.learnlib.driver.AbstractContextExecutableInputSUL.post()V+5
j  de.learnlib.filter.statistic.sul.ResetCounterSUL.post()V+4
j  de.learnlib.filter.cache.sul.AbstractSULCache$AbstractSULCacheImpl.post()V+23
j  de.learnlib.filter.cache.sul.AbstractSULCache.post()V+4
j  de.learnlib.filter.cache.sul.SULCache.post()V+1
j  de.learnlib.oracle.membership.SULOracle.answerQuery(Lnet/automatalib/word/Word;Lnet/automatalib/word/Word;)Lnet/automatalib/word/Word;+126
j  de.learnlib.oracle.membership.SULOracle.processQueries(Ljava/util/Collection;)V+35
j  de.learnlib.datastructure.observationtable.GenericObservationTable.initialize(Ljava/util/List;Ljava/util/List;Lde/learnlib/oracle/MembershipOracle;)Ljava/util/List;+357
j  de.learnlib.algorithm.lstar.AbstractLStar.startLearning()V+20
j  de.learnlib.algorithm.lstar.AbstractAutomatonLStar.startLearning()V+1
j  de.learnlib.util.Experiment$ExperimentImpl.run()Ljava/lang/Object;+62
j  de.learnlib.util.Experiment.run()Ljava/lang/Object;+22
j  jni.Runner.main([Ljava/lang/String;)V+215
v  ~StubRoutines::call_stub

siginfo: si_signo: 11 (SIGSEGV), si_code: 1 (SEGV_MAPERR), si_addr: 0x0000000000000019

Registers:
RAX=0x33eb4d1f9bb3c700, RBX=0x0000000000000001, RCX=0x0000769b1a5fdf30, RDX=0x0000000000000000
RSP=0x0000769b1a5fe1b0, RBP=0x0000769b1a5fe1f0, RSI=0x00000000ffffffff, RDI=0x0000000000000001
R8 =0x0000000000000008, R9 =0x0000000452fba530, R10=0x0000769b1b8a09c0, R11=0x0000769b1b8a2650
R12=0x0000000000000000, R13=0x0000769a734bdf28, R14=0x0000769b1a5fe2a8, R15=0x0000769b14017230
RIP=0x0000769b1b8a266e, EFLAGS=0x0000000000010202, CSGSFS=0x002b000000000033, ERR=0x0000000000000004
  TRAPNO=0x000000000000000e


Register to memory mapping:

RAX=0x33eb4d1f9bb3c700 is an unknown value
RBX=0x0000000000000001 is an unknown value
RCX=0x0000769b1a5fdf30 is pointing into the stack for thread: 0x0000769b14017230
RDX=0x0 is NULL
RSP=0x0000769b1a5fe1b0 is pointing into the stack for thread: 0x0000769b14017230
RBP=0x0000769b1a5fe1f0 is pointing into the stack for thread: 0x0000769b14017230
RSI=0x00000000ffffffff is an unknown value
RDI=0x0000000000000001 is an unknown value
R8 =0x0000000000000008 is an unknown value
R9 =0x0000000452fba530 is an oop: jni.Lexer 
{0x0000000452fba530} - klass: 'jni/Lexer'
 - ---- fields (total size 3 words):
 - private 'input' 'Ljava/lang/StringBuffer;' @12  a 'java/lang/StringBuffer'{0x0000000452fba6c8} (8a5f74d9)
 - private 'cookiePtr' 'J' @16  130408433952432 (1461a6b0 769b)
R10=0x0000769b1b8a09c0: <offset 0x00000000000009c0> in /tmp/lexer6936236069480040960.lib at 0x0000769b1b8a0000
R11=0x0000769b1b8a2650: lex_one_char+0x0000000000000000 in /tmp/lexer6936236069480040960.lib at 0x0000769b1b8a0000
R12=0x0 is NULL
R13={method} {0x0000769a734bdf28} 'close' '()V' in 'jni/Lexer'
R14=0x0000769b1a5fe2a8 is pointing into the stack for thread: 0x0000769b14017230
R15=0x0000769b14017230 is a thread


Top of Stack: (sp=0x0000769b1a5fe1b0)
0x0000769b1a5fe1b0:   0000769b14017230 0000000000000000
0x0000769b1a5fe1c0:   0000000000000001 33eb4d1f9bb3c700
0x0000769b1a5fe1d0:   0000000000000001 0000769b1b8a2828
0x0000769b1a5fe1e0:   0000000000000000 0000769a734bdf28
0x0000769b1a5fe1f0:   0000769b1a5fe2a8 0000769b14017230
0x0000769b1a5fe200:   0000769b1a5fe2a8 33eb4d1f9bb3c700
0x0000769b1a5fe210:   0000769a734bdf28 0000769a734bdf28
0x0000769b1a5fe220:   0000769b1a5fe288 0000769b0466c53a
0x0000769b1a5fe230:   0000769b14017230 0000769b0466c276
0x0000769b1a5fe240:   0000769b1a5fe240 0000769a734bdf28
0x0000769b1a5fe250:   0000769b1a5fe2a8 0000769a734be240
0x0000769b1a5fe260:   0000000000000000 0000000452f1ccb0
0x0000769b1a5fe270:   0000769a734bdf28 0000000000000000
0x0000769b1a5fe280:   0000769b1a5fe2a8 0000769b1a5fe2f8
0x0000769b1a5fe290:   0000769b0466823e 0000000000000000
0x0000769b1a5fe2a0:   0000769b04669f78 0000000452fba530
0x0000769b1a5fe2b0:   0000769b1a5fe2b0 0000769a73408469
0x0000769b1a5fe2c0:   0000769b1a5fe310 0000769a73408670
0x0000769b1a5fe2d0:   0000000000000000 00000004528de008
0x0000769b1a5fe2e0:   0000769a73408490 0000769b1a5fe2a8
0x0000769b1a5fe2f0:   0000769b1a5fe308 0000769b1a5fe360
0x0000769b1a5fe300:   0000769b0466823e 0000000452fba530
0x0000769b1a5fe310:   00000004528de100 0000769b1a5fe318
0x0000769b1a5fe320:   0000769a7340851d 0000769b1a5fe378
0x0000769b1a5fe330:   0000769a73408670 0000000000000000
0x0000769b1a5fe340:   00000004528de008 0000769a73408538
0x0000769b1a5fe350:   0000769b1a5fe308 0000769b1a5fe370
0x0000769b1a5fe360:   0000769b1a5fe3c8 0000769b046686a2
0x0000769b1a5fe370:   0000000452fba530 00000004528de100
0x0000769b1a5fe380:   0000769b1a5fe380 0000769a734071ad
0x0000769b1a5fe390:   0000769b1a5fe3e0 0000769a73407c48
0x0000769b1a5fe3a0:   0000000000000000 00000004528db370 

Instructions: (pc=0x0000769b1b8a266e)
0x0000769b1b8a256e:   48 89 c1 48 89 d6 eb 30 66 2e 0f 1f 84 00 00 00
0x0000769b1b8a257e:   00 00 66 0f 6f 05 f8 2f 00 00 31 f6 48 89 e7 0f
0x0000769b1b8a258e:   29 04 24 e8 7a fb ff ff 85 c0 0f 85 42 fd ff ff
0x0000769b1b8a259e:   48 8b 73 18 48 8b 4b 10 48 89 c8 48 89 f2 48 39
0x0000769b1b8a25ae:   f1 74 cf 31 c9 eb 21 0f 1f 00 48 83 c0 01 48 83
0x0000769b1b8a25be:   c1 01 48 89 43 10 40 88 74 0d ff 48 8b 43 10 48
0x0000769b1b8a25ce:   8b 53 18 48 39 d0 74 12 48 89 c6 81 e6 ff 03 00
0x0000769b1b8a25de:   00 8b 74 b3 20 83 fe ff 75 d0 81 e2 ff 03 00 00
0x0000769b1b8a25ee:   25 ff 03 00 00 48 89 53 18 48 89 43 10 48 8b 44
0x0000769b1b8a25fe:   24 18 64 48 2b 04 25 28 00 00 00 75 0a 48 83 c4
0x0000769b1b8a260e:   28 48 89 c8 5b 5d c3 e8 b6 fa ff ff 66 0f 1f 44
0x0000769b1b8a261e:   00 00 48 83 ec 08 48 8b 05 b5 49 00 00 48 89 fa
0x0000769b1b8a262e:   48 8d 35 d5 29 00 00 48 8b 38 31 c0 e8 41 fb ff
0x0000769b1b8a263e:   ff bf 02 00 00 00 e8 47 fc ff ff 0f 1f 80 00 00
0x0000769b1b8a264e:   00 00 53 48 89 fb 48 83 ec 20 66 0f 6f 05 30 2f
0x0000769b1b8a265e:   00 00 64 48 8b 04 25 28 00 00 00 48 89 44 24 18
0x0000769b1b8a266e:   48 8b 47 18 0f 29 04 24 48 8d 50 01 25 ff 03 00
0x0000769b1b8a267e:   00 48 89 57 18 89 74 87 20 31 f6 48 89 e7 e8 7f
0x0000769b1b8a268e:   fa ff ff 85 c0 0f 85 5c fc ff ff 48 8b 93 20 10
0x0000769b1b8a269e:   00 00 48 8b 83 28 10 00 00 48 29 d0 48 83 f8 01
0x0000769b1b8a26ae:   74 78 48 83 f8 02 74 4a ba 01 00 00 00 48 85 c0
0x0000769b1b8a26be:   74 25 48 8b 05 19 49 00 00 ba 23 00 00 00 be 01
0x0000769b1b8a26ce:   00 00 00 48 8d 3d 38 2a 00 00 48 8b 08 e8 c0 fb
0x0000769b1b8a26de:   ff ff ba ff ff ff ff 48 8b 44 24 18 64 48 2b 04
0x0000769b1b8a26ee:   25 28 00 00 00 75 47 48 83 c4 20 89 d0 5b c3 0f
0x0000769b1b8a26fe:   1f 00 48 8d 42 02 8b 8c 93 30 10 00 00 48 89 83
0x0000769b1b8a270e:   20 10 00 00 8b 84 93 34 10 00 00 8d 04 80 8d 14
0x0000769b1b8a271e:   41 eb c4 0f 1f 80 00 00 00 00 48 8d 42 01 8b 94
0x0000769b1b8a272e:   93 30 10 00 00 48 89 83 20 10 00 00 eb a9 e8 8f
0x0000769b1b8a273e:   f9 ff ff 66 66 2e 0f 1f 84 00 00 00 00 00 0f 1f
0x0000769b1b8a274e:   40 00 55 be 30 20 00 00 bf 01 00 00 00 53 48 83
0x0000769b1b8a275e:   ec 28 e8 eb f9 ff ff 48 85 c0 0f 84 98 fb ff ff 


Stack slot to memory mapping:
stack at sp + 0 slots: 0x0000769b14017230 is a thread
stack at sp + 1 slots: 0x0 is NULL
stack at sp + 2 slots: 0x0000000000000001 is an unknown value
stack at sp + 3 slots: 0x33eb4d1f9bb3c700 is an unknown value
stack at sp + 4 slots: 0x0000000000000001 is an unknown value
stack at sp + 5 slots: 0x0000769b1b8a2828: lexer_destroy+0x0000000000000028 in /tmp/lexer6936236069480040960.lib at 0x0000769b1b8a0000
stack at sp + 6 slots: 0x0 is NULL
stack at sp + 7 slots: {method} {0x0000769a734bdf28} 'close' '()V' in 'jni/Lexer'


---------------  P R O C E S S  ---------------

Threads class SMR info:
_java_thread_list=0x0000769a400c1bf0, length=13, elements={
0x0000769b14017230, 0x0000769b141db1e0, 0x0000769b141dc5d0, 0x0000769b141e1b70,
0x0000769b141e2f30, 0x0000769b141e4350, 0x0000769b141e5d90, 0x0000769b141e72d0,
0x0000769b141e8750, 0x0000769b141f0730, 0x0000769b141f3e20, 0x0000769a400ad9b0,
0x0000769a400c0bf0
}

Java Threads: ( => current thread )
=>0x0000769b14017230 JavaThread "main" [_thread_in_native, id=50083, stack(0x0000769b1a500000,0x0000769b1a600000)]
  0x0000769b141db1e0 JavaThread "Reference Handler" daemon [_thread_blocked, id=50090, stack(0x0000769b13f00000,0x0000769b14000000)]
  0x0000769b141dc5d0 JavaThread "Finalizer" daemon [_thread_blocked, id=50091, stack(0x0000769ad5900000,0x0000769ad5a00000)]
  0x0000769b141e1b70 JavaThread "Signal Dispatcher" daemon [_thread_blocked, id=50092, stack(0x0000769ad5500000,0x0000769ad5600000)]
  0x0000769b141e2f30 JavaThread "Service Thread" daemon [_thread_blocked, id=50093, stack(0x0000769ad53ff000,0x0000769ad54ff000)]
  0x0000769b141e4350 JavaThread "Monitor Deflation Thread" daemon [_thread_blocked, id=50094, stack(0x0000769ad52fe000,0x0000769ad53fe000)]
  0x0000769b141e5d90 JavaThread "C2 CompilerThread0" daemon [_thread_blocked, id=50095, stack(0x0000769ad51fd000,0x0000769ad52fd000)]
  0x0000769b141e72d0 JavaThread "C1 CompilerThread0" daemon [_thread_blocked, id=50096, stack(0x0000769ad50fc000,0x0000769ad51fc000)]
  0x0000769b141e8750 JavaThread "Sweeper thread" daemon [_thread_blocked, id=50097, stack(0x0000769ad4ffb000,0x0000769ad50fb000)]
  0x0000769b141f0730 JavaThread "Notification Thread" daemon [_thread_blocked, id=50098, stack(0x0000769ad4efa000,0x0000769ad4ffa000)]
  0x0000769b141f3e20 JavaThread "Common-Cleaner" daemon [_thread_blocked, id=50100, stack(0x0000769ad4cf8000,0x0000769ad4df8000)]
  0x0000769a400ad9b0 JavaThread "C2 CompilerThread1" daemon [_thread_blocked, id=50101, stack(0x0000769ad4bf7000,0x0000769ad4cf7000)]
  0x0000769a400c0bf0 JavaThread "C1 CompilerThread1" daemon [_thread_blocked, id=50102, stack(0x0000769ad4af6000,0x0000769ad4bf6000)]

Other Threads:
  0x0000769b141d7250 VMThread "VM Thread" [stack: 0x0000769b18021000,0x0000769b18121000] [id=50089]
  0x0000769b141f1f90 WatcherThread [stack: 0x0000769ad4df9000,0x0000769ad4ef9000] [id=50099]
  0x0000769b14048b50 GCTaskThread "GC Thread#0" [stack: 0x0000769b19421000,0x0000769b19521000] [id=50084]
  0x0000769b14059c80 ConcurrentGCThread "G1 Main Marker" [stack: 0x0000769b19320000,0x0000769b19420000] [id=50085]
  0x0000769b1405abf0 ConcurrentGCThread "G1 Conc#0" [stack: 0x0000769b1921f000,0x0000769b1931f000] [id=50086]
  0x0000769b141a4200 ConcurrentGCThread "G1 Refine#0" [stack: 0x0000769b18411000,0x0000769b18511000] [id=50087]
  0x0000769b141a5100 ConcurrentGCThread "G1 Service" [stack: 0x0000769b18310000,0x0000769b18410000] [id=50088]

Threads with active compile tasks:

VM state: not at safepoint (normal execution)

VM Mutex/Monitor currently owned by a thread: None

Heap address: 0x0000000414000000, size: 16064 MB, Compressed Oops mode: Zero based, Oop shift amount: 3

CDS archive(s) mapped at: [0x0000769a77000000-0x0000769a77bc6000-0x0000769a77bc6000), size 12345344, SharedBaseAddress: 0x0000769a77000000, ArchiveRelocationMode: 1.
Compressed class space mapped at: 0x0000769a78000000-0x0000769ab8000000, reserved size: 1073741824
Narrow klass base: 0x0000769a77000000, Narrow klass shift: 0, Narrow klass range: 0x100000000

GC Precious Log:
 CPUs: 32 total, 16 available
 Memory: 64224M
 Large Page Support: Disabled
 NUMA Support: Disabled
 Compressed Oops: Enabled (Zero based)
 Heap Region Size: 8M
 Heap Min Capacity: 8M
 Heap Initial Capacity: 1008M
 Heap Max Capacity: 16064M
 Pre-touch: Disabled
 Parallel Workers: 13
 Concurrent Workers: 3
 Concurrent Refinement Workers: 13
 Periodic GC: Disabled

Heap:
 garbage-first heap   total 1048576K, used 8112K [0x0000000414000000, 0x0000000800000000)
  region size 8192K, 1 young (8192K), 0 survivors (0K)
 Metaspace       used 2301K, committed 2432K, reserved 1114112K
  class space    used 264K, committed 320K, reserved 1048576K

Heap Regions: E=young(eden), S=young(survivor), O=old, HS=humongous(starts), HC=humongous(continues), CS=collection set, F=free, OA=open archive, CA=closed archive, TAMS=top-at-mark-start (previous, next)
|   0|0x0000000414000000, 0x0000000414000000, 0x0000000414800000|  0%| F|  |TAMS 0x0000000414000000, 0x0000000414000000| Untracked 
|   1|0x0000000414800000, 0x0000000414800000, 0x0000000415000000|  0%| F|  |TAMS 0x0000000414800000, 0x0000000414800000| Untracked 
|   2|0x0000000415000000, 0x0000000415000000, 0x0000000415800000|  0%| F|  |TAMS 0x0000000415000000, 0x0000000415000000| Untracked 
|   3|0x0000000415800000, 0x0000000415800000, 0x0000000416000000|  0%| F|  |TAMS 0x0000000415800000, 0x0000000415800000| Untracked 
|   4|0x0000000416000000, 0x0000000416000000, 0x0000000416800000|  0%| F|  |TAMS 0x0000000416000000, 0x0000000416000000| Untracked 
|   5|0x0000000416800000, 0x0000000416800000, 0x0000000417000000|  0%| F|  |TAMS 0x0000000416800000, 0x0000000416800000| Untracked 
|   6|0x0000000417000000, 0x0000000417000000, 0x0000000417800000|  0%| F|  |TAMS 0x0000000417000000, 0x0000000417000000| Untracked 
|   7|0x0000000417800000, 0x0000000417800000, 0x0000000418000000|  0%| F|  |TAMS 0x0000000417800000, 0x0000000417800000| Untracked 
|   8|0x0000000418000000, 0x0000000418000000, 0x0000000418800000|  0%| F|  |TAMS 0x0000000418000000, 0x0000000418000000| Untracked 
|   9|0x0000000418800000, 0x0000000418800000, 0x0000000419000000|  0%| F|  |TAMS 0x0000000418800000, 0x0000000418800000| Untracked 
|  10|0x0000000419000000, 0x0000000419000000, 0x0000000419800000|  0%| F|  |TAMS 0x0000000419000000, 0x0000000419000000| Untracked 
|  11|0x0000000419800000, 0x0000000419800000, 0x000000041a000000|  0%| F|  |TAMS 0x0000000419800000, 0x0000000419800000| Untracked 
|  12|0x000000041a000000, 0x000000041a000000, 0x000000041a800000|  0%| F|  |TAMS 0x000000041a000000, 0x000000041a000000| Untracked 
|  13|0x000000041a800000, 0x000000041a800000, 0x000000041b000000|  0%| F|  |TAMS 0x000000041a800000, 0x000000041a800000| Untracked 
|  14|0x000000041b000000, 0x000000041b000000, 0x000000041b800000|  0%| F|  |TAMS 0x000000041b000000, 0x000000041b000000| Untracked 
|  15|0x000000041b800000, 0x000000041b800000, 0x000000041c000000|  0%| F|  |TAMS 0x000000041b800000, 0x000000041b800000| Untracked 
|  16|0x000000041c000000, 0x000000041c000000, 0x000000041c800000|  0%| F|  |TAMS 0x000000041c000000, 0x000000041c000000| Untracked 
|  17|0x000000041c800000, 0x000000041c800000, 0x000000041d000000|  0%| F|  |TAMS 0x000000041c800000, 0x000000041c800000| Untracked 
|  18|0x000000041d000000, 0x000000041d000000, 0x000000041d800000|  0%| F|  |TAMS 0x000000041d000000, 0x000000041d000000| Untracked 
|  19|0x000000041d800000, 0x000000041d800000, 0x000000041e000000|  0%| F|  |TAMS 0x000000041d800000, 0x000000041d800000| Untracked 
|  20|0x000000041e000000, 0x000000041e000000, 0x000000041e800000|  0%| F|  |TAMS 0x000000041e000000, 0x000000041e000000| Untracked 
|  21|0x000000041e800000, 0x000000041e800000, 0x000000041f000000|  0%| F|  |TAMS 0x000000041e800000, 0x000000041e800000| Untracked 
|  22|0x000000041f000000, 0x000000041f000000, 0x000000041f800000|  0%| F|  |TAMS 0x000000041f000000, 0x000000041f000000| Untracked 
|  23|0x000000041f800000, 0x000000041f800000, 0x0000000420000000|  0%| F|  |TAMS 0x000000041f800000, 0x000000041f800000| Untracked 
|  24|0x0000000420000000, 0x0000000420000000, 0x0000000420800000|  0%| F|  |TAMS 0x0000000420000000, 0x0000000420000000| Untracked 
|  25|0x0000000420800000, 0x0000000420800000, 0x0000000421000000|  0%| F|  |TAMS 0x0000000420800000, 0x0000000420800000| Untracked 
|  26|0x0000000421000000, 0x0000000421000000, 0x0000000421800000|  0%| F|  |TAMS 0x0000000421000000, 0x0000000421000000| Untracked 
|  27|0x0000000421800000, 0x0000000421800000, 0x0000000422000000|  0%| F|  |TAMS 0x0000000421800000, 0x0000000421800000| Untracked 
|  28|0x0000000422000000, 0x0000000422000000, 0x0000000422800000|  0%| F|  |TAMS 0x0000000422000000, 0x0000000422000000| Untracked 
|  29|0x0000000422800000, 0x0000000422800000, 0x0000000423000000|  0%| F|  |TAMS 0x0000000422800000, 0x0000000422800000| Untracked 
|  30|0x0000000423000000, 0x0000000423000000, 0x0000000423800000|  0%| F|  |TAMS 0x0000000423000000, 0x0000000423000000| Untracked 
|  31|0x0000000423800000, 0x0000000423800000, 0x0000000424000000|  0%| F|  |TAMS 0x0000000423800000, 0x0000000423800000| Untracked 
|  32|0x0000000424000000, 0x0000000424000000, 0x0000000424800000|  0%| F|  |TAMS 0x0000000424000000, 0x0000000424000000| Untracked 
|  33|0x0000000424800000, 0x0000000424800000, 0x0000000425000000|  0%| F|  |TAMS 0x0000000424800000, 0x0000000424800000| Untracked 
|  34|0x0000000425000000, 0x0000000425000000, 0x0000000425800000|  0%| F|  |TAMS 0x0000000425000000, 0x0000000425000000| Untracked 
|  35|0x0000000425800000, 0x0000000425800000, 0x0000000426000000|  0%| F|  |TAMS 0x0000000425800000, 0x0000000425800000| Untracked 
|  36|0x0000000426000000, 0x0000000426000000, 0x0000000426800000|  0%| F|  |TAMS 0x0000000426000000, 0x0000000426000000| Untracked 
|  37|0x0000000426800000, 0x0000000426800000, 0x0000000427000000|  0%| F|  |TAMS 0x0000000426800000, 0x0000000426800000| Untracked 
|  38|0x0000000427000000, 0x0000000427000000, 0x0000000427800000|  0%| F|  |TAMS 0x0000000427000000, 0x0000000427000000| Untracked 
|  39|0x0000000427800000, 0x0000000427800000, 0x0000000428000000|  0%| F|  |TAMS 0x0000000427800000, 0x0000000427800000| Untracked 
|  40|0x0000000428000000, 0x0000000428000000, 0x0000000428800000|  0%| F|  |TAMS 0x0000000428000000, 0x0000000428000000| Untracked 
|  41|0x0000000428800000, 0x0000000428800000, 0x0000000429000000|  0%| F|  |TAMS 0x0000000428800000, 0x0000000428800000| Untracked 
|  42|0x0000000429000000, 0x0000000429000000, 0x0000000429800000|  0%| F|  |TAMS 0x0000000429000000, 0x0000000429000000| Untracked 
|  43|0x0000000429800000, 0x0000000429800000, 0x000000042a000000|  0%| F|  |TAMS 0x0000000429800000, 0x0000000429800000| Untracked 
|  44|0x000000042a000000, 0x000000042a000000, 0x000000042a800000|  0%| F|  |TAMS 0x000000042a000000, 0x000000042a000000| Untracked 
|  45|0x000000042a800000, 0x000000042a800000, 0x000000042b000000|  0%| F|  |TAMS 0x000000042a800000, 0x000000042a800000| Untracked 
|  46|0x000000042b000000, 0x000000042b000000, 0x000000042b800000|  0%| F|  |TAMS 0x000000042b000000, 0x000000042b000000| Untracked 
|  47|0x000000042b800000, 0x000000042b800000, 0x000000042c000000|  0%| F|  |TAMS 0x000000042b800000, 0x000000042b800000| Untracked 
|  48|0x000000042c000000, 0x000000042c000000, 0x000000042c800000|  0%| F|  |TAMS 0x000000042c000000, 0x000000042c000000| Untracked 
|  49|0x000000042c800000, 0x000000042c800000, 0x000000042d000000|  0%| F|  |TAMS 0x000000042c800000, 0x000000042c800000| Untracked 
|  50|0x000000042d000000, 0x000000042d000000, 0x000000042d800000|  0%| F|  |TAMS 0x000000042d000000, 0x000000042d000000| Untracked 
|  51|0x000000042d800000, 0x000000042d800000, 0x000000042e000000|  0%| F|  |TAMS 0x000000042d800000, 0x000000042d800000| Untracked 
|  52|0x000000042e000000, 0x000000042e000000, 0x000000042e800000|  0%| F|  |TAMS 0x000000042e000000, 0x000000042e000000| Untracked 
|  53|0x000000042e800000, 0x000000042e800000, 0x000000042f000000|  0%| F|  |TAMS 0x000000042e800000, 0x000000042e800000| Untracked 
|  54|0x000000042f000000, 0x000000042f000000, 0x000000042f800000|  0%| F|  |TAMS 0x000000042f000000, 0x000000042f000000| Untracked 
|  55|0x000000042f800000, 0x000000042f800000, 0x0000000430000000|  0%| F|  |TAMS 0x000000042f800000, 0x000000042f800000| Untracked 
|  56|0x0000000430000000, 0x0000000430000000, 0x0000000430800000|  0%| F|  |TAMS 0x0000000430000000, 0x0000000430000000| Untracked 
|  57|0x0000000430800000, 0x0000000430800000, 0x0000000431000000|  0%| F|  |TAMS 0x0000000430800000, 0x0000000430800000| Untracked 
|  58|0x0000000431000000, 0x0000000431000000, 0x0000000431800000|  0%| F|  |TAMS 0x0000000431000000, 0x0000000431000000| Untracked 
|  59|0x0000000431800000, 0x0000000431800000, 0x0000000432000000|  0%| F|  |TAMS 0x0000000431800000, 0x0000000431800000| Untracked 
|  60|0x0000000432000000, 0x0000000432000000, 0x0000000432800000|  0%| F|  |TAMS 0x0000000432000000, 0x0000000432000000| Untracked 
|  61|0x0000000432800000, 0x0000000432800000, 0x0000000433000000|  0%| F|  |TAMS 0x0000000432800000, 0x0000000432800000| Untracked 
|  62|0x0000000433000000, 0x0000000433000000, 0x0000000433800000|  0%| F|  |TAMS 0x0000000433000000, 0x0000000433000000| Untracked 
|  63|0x0000000433800000, 0x0000000433800000, 0x0000000434000000|  0%| F|  |TAMS 0x0000000433800000, 0x0000000433800000| Untracked 
|  64|0x0000000434000000, 0x0000000434000000, 0x0000000434800000|  0%| F|  |TAMS 0x0000000434000000, 0x0000000434000000| Untracked 
|  65|0x0000000434800000, 0x0000000434800000, 0x0000000435000000|  0%| F|  |TAMS 0x0000000434800000, 0x0000000434800000| Untracked 
|  66|0x0000000435000000, 0x0000000435000000, 0x0000000435800000|  0%| F|  |TAMS 0x0000000435000000, 0x0000000435000000| Untracked 
|  67|0x0000000435800000, 0x0000000435800000, 0x0000000436000000|  0%| F|  |TAMS 0x0000000435800000, 0x0000000435800000| Untracked 
|  68|0x0000000436000000, 0x0000000436000000, 0x0000000436800000|  0%| F|  |TAMS 0x0000000436000000, 0x0000000436000000| Untracked 
|  69|0x0000000436800000, 0x0000000436800000, 0x0000000437000000|  0%| F|  |TAMS 0x0000000436800000, 0x0000000436800000| Untracked 
|  70|0x0000000437000000, 0x0000000437000000, 0x0000000437800000|  0%| F|  |TAMS 0x0000000437000000, 0x0000000437000000| Untracked 
|  71|0x0000000437800000, 0x0000000437800000, 0x0000000438000000|  0%| F|  |TAMS 0x0000000437800000, 0x0000000437800000| Untracked 
|  72|0x0000000438000000, 0x0000000438000000, 0x0000000438800000|  0%| F|  |TAMS 0x0000000438000000, 0x0000000438000000| Untracked 
|  73|0x0000000438800000, 0x0000000438800000, 0x0000000439000000|  0%| F|  |TAMS 0x0000000438800000, 0x0000000438800000| Untracked 
|  74|0x0000000439000000, 0x0000000439000000, 0x0000000439800000|  0%| F|  |TAMS 0x0000000439000000, 0x0000000439000000| Untracked 
|  75|0x0000000439800000, 0x0000000439800000, 0x000000043a000000|  0%| F|  |TAMS 0x0000000439800000, 0x0000000439800000| Untracked 
|  76|0x000000043a000000, 0x000000043a000000, 0x000000043a800000|  0%| F|  |TAMS 0x000000043a000000, 0x000000043a000000| Untracked 
|  77|0x000000043a800000, 0x000000043a800000, 0x000000043b000000|  0%| F|  |TAMS 0x000000043a800000, 0x000000043a800000| Untracked 
|  78|0x000000043b000000, 0x000000043b000000, 0x000000043b800000|  0%| F|  |TAMS 0x000000043b000000, 0x000000043b000000| Untracked 
|  79|0x000000043b800000, 0x000000043b800000, 0x000000043c000000|  0%| F|  |TAMS 0x000000043b800000, 0x000000043b800000| Untracked 
|  80|0x000000043c000000, 0x000000043c000000, 0x000000043c800000|  0%| F|  |TAMS 0x000000043c000000, 0x000000043c000000| Untracked 
|  81|0x000000043c800000, 0x000000043c800000, 0x000000043d000000|  0%| F|  |TAMS 0x000000043c800000, 0x000000043c800000| Untracked 
|  82|0x000000043d000000, 0x000000043d000000, 0x000000043d800000|  0%| F|  |TAMS 0x000000043d000000, 0x000000043d000000| Untracked 
|  83|0x000000043d800000, 0x000000043d800000, 0x000000043e000000|  0%| F|  |TAMS 0x000000043d800000, 0x000000043d800000| Untracked 
|  84|0x000000043e000000, 0x000000043e000000, 0x000000043e800000|  0%| F|  |TAMS 0x000000043e000000, 0x000000043e000000| Untracked 
|  85|0x000000043e800000, 0x000000043e800000, 0x000000043f000000|  0%| F|  |TAMS 0x000000043e800000, 0x000000043e800000| Untracked 
|  86|0x000000043f000000, 0x000000043f000000, 0x000000043f800000|  0%| F|  |TAMS 0x000000043f000000, 0x000000043f000000| Untracked 
|  87|0x000000043f800000, 0x000000043f800000, 0x0000000440000000|  0%| F|  |TAMS 0x000000043f800000, 0x000000043f800000| Untracked 
|  88|0x0000000440000000, 0x0000000440000000, 0x0000000440800000|  0%| F|  |TAMS 0x0000000440000000, 0x0000000440000000| Untracked 
|  89|0x0000000440800000, 0x0000000440800000, 0x0000000441000000|  0%| F|  |TAMS 0x0000000440800000, 0x0000000440800000| Untracked 
|  90|0x0000000441000000, 0x0000000441000000, 0x0000000441800000|  0%| F|  |TAMS 0x0000000441000000, 0x0000000441000000| Untracked 
|  91|0x0000000441800000, 0x0000000441800000, 0x0000000442000000|  0%| F|  |TAMS 0x0000000441800000, 0x0000000441800000| Untracked 
|  92|0x0000000442000000, 0x0000000442000000, 0x0000000442800000|  0%| F|  |TAMS 0x0000000442000000, 0x0000000442000000| Untracked 
|  93|0x0000000442800000, 0x0000000442800000, 0x0000000443000000|  0%| F|  |TAMS 0x0000000442800000, 0x0000000442800000| Untracked 
|  94|0x0000000443000000, 0x0000000443000000, 0x0000000443800000|  0%| F|  |TAMS 0x0000000443000000, 0x0000000443000000| Untracked 
|  95|0x0000000443800000, 0x0000000443800000, 0x0000000444000000|  0%| F|  |TAMS 0x0000000443800000, 0x0000000443800000| Untracked 
|  96|0x0000000444000000, 0x0000000444000000, 0x0000000444800000|  0%| F|  |TAMS 0x0000000444000000, 0x0000000444000000| Untracked 
|  97|0x0000000444800000, 0x0000000444800000, 0x0000000445000000|  0%| F|  |TAMS 0x0000000444800000, 0x0000000444800000| Untracked 
|  98|0x0000000445000000, 0x0000000445000000, 0x0000000445800000|  0%| F|  |TAMS 0x0000000445000000, 0x0000000445000000| Untracked 
|  99|0x0000000445800000, 0x0000000445800000, 0x0000000446000000|  0%| F|  |TAMS 0x0000000445800000, 0x0000000445800000| Untracked 
| 100|0x0000000446000000, 0x0000000446000000, 0x0000000446800000|  0%| F|  |TAMS 0x0000000446000000, 0x0000000446000000| Untracked 
| 101|0x0000000446800000, 0x0000000446800000, 0x0000000447000000|  0%| F|  |TAMS 0x0000000446800000, 0x0000000446800000| Untracked 
| 102|0x0000000447000000, 0x0000000447000000, 0x0000000447800000|  0%| F|  |TAMS 0x0000000447000000, 0x0000000447000000| Untracked 
| 103|0x0000000447800000, 0x0000000447800000, 0x0000000448000000|  0%| F|  |TAMS 0x0000000447800000, 0x0000000447800000| Untracked 
| 104|0x0000000448000000, 0x0000000448000000, 0x0000000448800000|  0%| F|  |TAMS 0x0000000448000000, 0x0000000448000000| Untracked 
| 105|0x0000000448800000, 0x0000000448800000, 0x0000000449000000|  0%| F|  |TAMS 0x0000000448800000, 0x0000000448800000| Untracked 
| 106|0x0000000449000000, 0x0000000449000000, 0x0000000449800000|  0%| F|  |TAMS 0x0000000449000000, 0x0000000449000000| Untracked 
| 107|0x0000000449800000, 0x0000000449800000, 0x000000044a000000|  0%| F|  |TAMS 0x0000000449800000, 0x0000000449800000| Untracked 
| 108|0x000000044a000000, 0x000000044a000000, 0x000000044a800000|  0%| F|  |TAMS 0x000000044a000000, 0x000000044a000000| Untracked 
| 109|0x000000044a800000, 0x000000044a800000, 0x000000044b000000|  0%| F|  |TAMS 0x000000044a800000, 0x000000044a800000| Untracked 
| 110|0x000000044b000000, 0x000000044b000000, 0x000000044b800000|  0%| F|  |TAMS 0x000000044b000000, 0x000000044b000000| Untracked 
| 111|0x000000044b800000, 0x000000044b800000, 0x000000044c000000|  0%| F|  |TAMS 0x000000044b800000, 0x000000044b800000| Untracked 
| 112|0x000000044c000000, 0x000000044c000000, 0x000000044c800000|  0%| F|  |TAMS 0x000000044c000000, 0x000000044c000000| Untracked 
| 113|0x000000044c800000, 0x000000044c800000, 0x000000044d000000|  0%| F|  |TAMS 0x000000044c800000, 0x000000044c800000| Untracked 
| 114|0x000000044d000000, 0x000000044d000000, 0x000000044d800000|  0%| F|  |TAMS 0x000000044d000000, 0x000000044d000000| Untracked 
| 115|0x000000044d800000, 0x000000044d800000, 0x000000044e000000|  0%| F|  |TAMS 0x000000044d800000, 0x000000044d800000| Untracked 
| 116|0x000000044e000000, 0x000000044e000000, 0x000000044e800000|  0%| F|  |TAMS 0x000000044e000000, 0x000000044e000000| Untracked 
| 117|0x000000044e800000, 0x000000044e800000, 0x000000044f000000|  0%| F|  |TAMS 0x000000044e800000, 0x000000044e800000| Untracked 
| 118|0x000000044f000000, 0x000000044f000000, 0x000000044f800000|  0%| F|  |TAMS 0x000000044f000000, 0x000000044f000000| Untracked 
| 119|0x000000044f800000, 0x000000044f800000, 0x0000000450000000|  0%| F|  |TAMS 0x000000044f800000, 0x000000044f800000| Untracked 
| 120|0x0000000450000000, 0x0000000450000000, 0x0000000450800000|  0%| F|  |TAMS 0x0000000450000000, 0x0000000450000000| Untracked 
| 121|0x0000000450800000, 0x0000000450800000, 0x0000000451000000|  0%| F|  |TAMS 0x0000000450800000, 0x0000000450800000| Untracked 
| 122|0x0000000451000000, 0x0000000451000000, 0x0000000451800000|  0%| F|  |TAMS 0x0000000451000000, 0x0000000451000000| Untracked 
| 123|0x0000000451800000, 0x0000000451800000, 0x0000000452000000|  0%| F|  |TAMS 0x0000000451800000, 0x0000000451800000| Untracked 
| 124|0x0000000452000000, 0x0000000452000000, 0x0000000452800000|  0%| F|  |TAMS 0x0000000452000000, 0x0000000452000000| Untracked 
| 125|0x0000000452800000, 0x0000000453000000, 0x0000000453000000|100%| E|  |TAMS 0x0000000452800000, 0x0000000452800000| Complete 
|2006|0x00000007ff000000, 0x00000007ff775000, 0x00000007ff800000| 93%|OA|  |TAMS 0x00000007ff000000, 0x00000007ff000000| Untracked 
|2007|0x00000007ff800000, 0x00000007ff877000, 0x0000000800000000|  5%|CA|  |TAMS 0x00000007ff800000, 0x00000007ff800000| Untracked 

Card table byte_map: [0x0000769af9200000,0x0000769afb160000] _byte_map_base: 0x0000769af7160000

Marking Bits (Prev, Next): (CMBitMap*) 0x0000769b140495e0, (CMBitMap*) 0x0000769b14049620
 Prev Bits: [0x0000769ae7600000, 0x0000769af7100000)
 Next Bits: [0x0000769ad7a00000, 0x0000769ae7500000)

Polling page: 0x0000769b1bb40000

Metaspace:

Usage:
  Non-class:      1.99 MB used.
      Class:    264.11 KB used.
       Both:      2.25 MB used.

Virtual space:
  Non-class space:       64.00 MB reserved,       2.06 MB (  3%) committed,  1 nodes.
      Class space:        1.00 GB reserved,     320.00 KB ( <1%) committed,  1 nodes.
             Both:        1.06 GB reserved,       2.38 MB ( <1%) committed. 

Chunk freelists:
   Non-Class:  11.23 MB
       Class:  15.58 MB
        Both:  26.82 MB

MaxMetaspaceSize: unlimited
CompressedClassSpaceSize: 1.00 GB
Initial GC threshold: 21.00 MB
Current GC threshold: 21.00 MB
CDS: on
MetaspaceReclaimPolicy: balanced
 - commit_granule_bytes: 65536.
 - commit_granule_words: 8192.
 - virtual_space_node_default_size: 8388608.
 - enlarge_chunks_in_place: 1.
 - new_chunks_are_fully_committed: 0.
 - uncommit_free_chunks: 1.
 - use_allocation_guard: 0.
 - handle_deallocations: 1.


Internal statistics:

num_allocs_failed_limit: 0.
num_arena_births: 32.
num_arena_deaths: 0.
num_vsnodes_births: 2.
num_vsnodes_deaths: 0.
num_space_committed: 38.
num_space_uncommitted: 0.
num_chunks_returned_to_freelist: 0.
num_chunks_taken_from_freelist: 77.
num_chunk_merges: 0.
num_chunk_splits: 54.
num_chunks_enlarged: 42.
num_inconsistent_stats: 0.

CodeHeap 'non-profiled nmethods': size=119168Kb used=192Kb max_used=192Kb free=118975Kb
 bounds [0x0000769b04da0000, 0x0000769b05010000, 0x0000769b0c200000]
CodeHeap 'profiled nmethods': size=119164Kb used=907Kb max_used=907Kb free=118256Kb
 bounds [0x0000769afd200000, 0x0000769afd470000, 0x0000769b0465f000]
CodeHeap 'non-nmethods': size=7428Kb used=1684Kb max_used=1688Kb free=5743Kb
 bounds [0x0000769b0465f000, 0x0000769b048cf000, 0x0000769b04da0000]
 total_blobs=957 nmethods=549 adapters=321
 compilation: enabled
              stopped_count=0, restarted_count=0
 full_count=0

Compilation events (20 events):
Event: 0.108 Thread 0x0000769a400c0bf0 nmethod 534 0x0000769b04dce410 code [0x0000769b04dce5a0, 0x0000769b04dce670]
Event: 0.108 Thread 0x0000769a400c0bf0  535       1       java.util.HashMap$Node::getValue (5 bytes)
Event: 0.108 Thread 0x0000769a400c0bf0 nmethod 535 0x0000769b04dce710 code [0x0000769b04dce8a0, 0x0000769b04dce970]
Event: 0.108 Thread 0x0000769a400c0bf0  536       3       java.util.HashMap$HashIterator::hasNext (13 bytes)
Event: 0.108 Thread 0x0000769a400c0bf0 nmethod 536 0x0000769afd2d9310 code [0x0000769afd2d94a0, 0x0000769afd2d9610]
Event: 0.108 Thread 0x0000769a400ad9b0  537       4       java.lang.CharacterDataLatin1::toUpperCaseEx (71 bytes)
Event: 0.108 Thread 0x0000769a400c0bf0  538       3       java.util.concurrent.ConcurrentHashMap$Node::<init> (14 bytes)
Event: 0.108 Thread 0x0000769a400c0bf0 nmethod 538 0x0000769afd2d9690 code [0x0000769afd2d9840, 0x0000769afd2d9b30]
Event: 0.108 Thread 0x0000769a400c0bf0  539  s    3       java.util.Properties::put (10 bytes)
Event: 0.108 Thread 0x0000769a400c0bf0 nmethod 539 0x0000769afd2d9c10 code [0x0000769afd2d9dc0, 0x0000769afd2da020]
Event: 0.108 Thread 0x0000769a400c0bf0  540       3       java.util.HashMap$HashIterator::nextNode (100 bytes)
Event: 0.108 Thread 0x0000769a400ad9b0 nmethod 537 0x0000769b04dcea10 code [0x0000769b04dceba0, 0x0000769b04dcec98]
Event: 0.108 Thread 0x0000769a400c0bf0 nmethod 540 0x0000769afd2da110 code [0x0000769afd2da300, 0x0000769afd2da8b0]
Event: 0.108 Thread 0x0000769a400c0bf0  541       3       jdk.internal.org.objectweb.asm.SymbolTable::addConstantClass (8 bytes)
Event: 0.108 Thread 0x0000769a400c0bf0 nmethod 541 0x0000769afd2daa90 code [0x0000769afd2dac40, 0x0000769afd2dad80]
Event: 0.109 Thread 0x0000769a400c0bf0  545       3       java.lang.invoke.LambdaForm::parameter (38 bytes)
Event: 0.109 Thread 0x0000769a400c0bf0 nmethod 545 0x0000769afd2dae10 code [0x0000769afd2dafa0, 0x0000769afd2db0f0]
Event: 0.109 Thread 0x0000769a400c0bf0  546       3       java.lang.invoke.MemberName::getMethodOrFieldType (72 bytes)
Event: 0.109 Thread 0x0000769b141e72d0 nmethod 532 0x0000769afd2db190 code [0x0000769afd2dbaa0, 0x0000769afd2dffb0]
Event: 0.109 Thread 0x0000769a400c0bf0 nmethod 546 0x0000769afd2e1810 code [0x0000769afd2e1b40, 0x0000769afd2e2a00]

GC Heap History (0 events):
No events

Dll operation events (6 events):
Event: 0.001 Loaded shared library /usr/lib/jvm/java-17-openjdk/lib/libjava.so
Event: 0.012 Loaded shared library /usr/lib/jvm/java-17-openjdk/lib/libjsvml.so
Event: 0.022 Loaded shared library /usr/lib/jvm/java-17-openjdk/lib/libnio.so
Event: 0.023 Loaded shared library /usr/lib/jvm/java-17-openjdk/lib/libzip.so
Event: 0.050 Loaded shared library /usr/lib/jvm/java-17-openjdk/lib/libjimage.so
Event: 0.113 Loaded shared library /tmp/lexer6936236069480040960.lib

Deoptimization events (18 events):
Event: 0.032 Thread 0x0000769b14017230 DEOPT PACKING pc=0x0000769afd20545a sp=0x0000769b1a5f9350
Event: 0.032 Thread 0x0000769b14017230 DEOPT UNPACKING pc=0x0000769b046b5e2f sp=0x0000769b1a5f8790 mode 0
Event: 0.034 Thread 0x0000769b14017230 DEOPT PACKING pc=0x0000769afd201d4e sp=0x0000769b1a5f9390
Event: 0.034 Thread 0x0000769b14017230 DEOPT UNPACKING pc=0x0000769b046b5e2f sp=0x0000769b1a5f8828 mode 0
Event: 0.040 Thread 0x0000769b14017230 DEOPT PACKING pc=0x0000769afd20366e sp=0x0000769b1a5f6360
Event: 0.040 Thread 0x0000769b14017230 DEOPT UNPACKING pc=0x0000769b046b5e2f sp=0x0000769b1a5f57f8 mode 0
Event: 0.043 Thread 0x0000769b14017230 DEOPT PACKING pc=0x0000769afd20366e sp=0x0000769b1a5fc9c0
Event: 0.043 Thread 0x0000769b14017230 DEOPT UNPACKING pc=0x0000769b046b5e2f sp=0x0000769b1a5fbe30 mode 0
Event: 0.050 Thread 0x0000769b14017230 Uncommon trap: trap_request=0xffffff6e fr.pc=0x0000769b04da7c50 relative=0x0000000000000330
Event: 0.050 Thread 0x0000769b14017230 Uncommon trap: reason=loop_limit_check action=maybe_recompile pc=0x0000769b04da7c50 method=java.lang.StringLatin1.indexOf([BI[BII)I @ 37 c2
Event: 0.050 Thread 0x0000769b14017230 DEOPT PACKING pc=0x0000769b04da7c50 sp=0x0000769b1a5fb9e0
Event: 0.050 Thread 0x0000769b14017230 DEOPT UNPACKING pc=0x0000769b046b5699 sp=0x0000769b1a5fb960 mode 2
Event: 0.052 Thread 0x0000769b14017230 DEOPT PACKING pc=0x0000769afd212874 sp=0x0000769b1a5fd710
Event: 0.052 Thread 0x0000769b14017230 DEOPT UNPACKING pc=0x0000769b046b5e2f sp=0x0000769b1a5fcba8 mode 0
Event: 0.104 Thread 0x0000769b14017230 Uncommon trap: trap_request=0xffffff45 fr.pc=0x0000769b04db1468 relative=0x0000000000000248
Event: 0.104 Thread 0x0000769b14017230 Uncommon trap: reason=unstable_if action=reinterpret pc=0x0000769b04db1468 method=java.lang.String.startsWith(Ljava/lang/String;I)Z @ 1 c2
Event: 0.104 Thread 0x0000769b14017230 DEOPT PACKING pc=0x0000769b04db1468 sp=0x0000769b1a5fc180
Event: 0.104 Thread 0x0000769b14017230 DEOPT UNPACKING pc=0x0000769b046b5699 sp=0x0000769b1a5fc108 mode 2

Classes unloaded (0 events):
No events

Classes redefined (0 events):
No events

Internal exceptions (6 events):
Event: 0.064 Thread 0x0000769b14017230 Exception <a 'java/lang/NoSuchMethodError'{0x0000000452ce1170}: 'void java.lang.invoke.DirectMethodHandle$Holder.invokeStatic(java.lang.Object, java.lang.Object, java.lang.Object)'> (0x0000000452ce1170) 
thrown [/usr/src/debug/java17-openjdk/jdk17u-jdk-17.0.10-7/src/hotspot/share/interpreter/linkResolver.cpp, line 758]
Event: 0.074 Thread 0x0000769b14017230 Exception <a 'java/lang/NoSuchMethodError'{0x0000000452d71048}: 'int java.lang.invoke.DirectMethodHandle$Holder.invokeInterface(java.lang.Object, java.lang.Object)'> (0x0000000452d71048) 
thrown [/usr/src/debug/java17-openjdk/jdk17u-jdk-17.0.10-7/src/hotspot/share/interpreter/linkResolver.cpp, line 758]
Event: 0.075 Thread 0x0000769b14017230 Exception <a 'java/lang/IncompatibleClassChangeError'{0x0000000452d74658}: Found class java.lang.Object, but interface was expected> (0x0000000452d74658) 
thrown [/usr/src/debug/java17-openjdk/jdk17u-jdk-17.0.10-7/src/hotspot/share/interpreter/linkResolver.cpp, line 826]
Event: 0.077 Thread 0x0000769b14017230 Exception <a 'java/lang/NoSuchMethodError'{0x0000000452d83278}: 'java.lang.Object java.lang.invoke.Invokers$Holder.invokeExact_MT(java.lang.Object, java.lang.Object, java.lang.Object, java.lang.Object, java.lang.Object, java.lang.Object)'> (0x0000000452d83278) 
thrown [/usr/src/debug/java17-openjdk/jdk17u-jdk-17.0.10-7/src/hotspot/share/interpreter/linkResolver.cpp, line 758]
Event: 0.113 Thread 0x0000769b14017230 Exception <a 'java/lang/UnsatisfiedLinkError'{0x0000000452fbaa60}: 'jni.Token jni.Lexer.internalLex(java.lang.String)'> (0x0000000452fbaa60) 
thrown [/usr/src/debug/java17-openjdk/jdk17u-jdk-17.0.10-7/src/hotspot/share/prims/nativeLookup.cpp, line 543]
Event: 0.113 Thread 0x0000769b14017230 Exception <a 'java/lang/NoSuchFieldError'{0x0000000452fbade0}: jni.Lexer.ptr J> (0x0000000452fbade0) 
thrown [/usr/src/debug/java17-openjdk/jdk17u-jdk-17.0.10-7/src/hotspot/share/prims/jni.cpp, line 1771]

VM Operations (2 events):
Event: 0.070 Executing VM operation: HandshakeAllThreads
Event: 0.071 Executing VM operation: HandshakeAllThreads done

Events (20 events):
Event: 0.111 loading class java/lang/constant/DirectMethodHandleDesc done
Event: 0.111 loading class java/lang/constant/DirectMethodHandleDescImpl done
Event: 0.111 loading class java/lang/constant/DirectMethodHandleDescImpl$1
Event: 0.111 loading class java/lang/constant/DirectMethodHandleDescImpl$1 done
Event: 0.111 loading class java/lang/constant/DirectMethodHandleDesc$1
Event: 0.111 loading class java/lang/constant/DirectMethodHandleDesc$1 done
Event: 0.111 loading class java/lang/constant/PrimitiveClassDescImpl
Event: 0.111 loading class java/lang/constant/DynamicConstantDesc
Event: 0.112 loading class java/lang/constant/DynamicConstantDesc done
Event: 0.112 loading class java/lang/constant/PrimitiveClassDescImpl done
Event: 0.112 loading class java/lang/constant/DynamicConstantDesc$AnonymousDynamicConstantDesc
Event: 0.112 loading class java/lang/constant/DynamicConstantDesc$AnonymousDynamicConstantDesc done
Event: 0.112 loading class java/io/DeleteOnExitHook
Event: 0.112 loading class java/io/DeleteOnExitHook done
Event: 0.112 loading class java/io/DeleteOnExitHook$1
Event: 0.112 loading class java/io/DeleteOnExitHook$1 done
Event: 0.112 loading class java/io/FileOutputStream$1
Event: 0.112 loading class java/io/FileOutputStream$1 done
Event: 0.113 loading class java/lang/UnsatisfiedLinkError
Event: 0.113 loading class java/lang/UnsatisfiedLinkError done


Dynamic libraries:
414000000-453000000 rw-p 00000000 00:00 0 
453000000-7ff000000 ---p 00000000 00:00 0 
7ff000000-7ff700000 rw-p 00000000 00:00 0 
7ff700000-7ff775000 rw-p 00c75000 08:03 14028458                         /usr/lib/jvm/java-17-openjdk/lib/server/classes.jsa
7ff775000-7ff800000 rw-p 00000000 00:00 0 
7ff800000-7ff877000 rw-p 00bfe000 08:03 14028458                         /usr/lib/jvm/java-17-openjdk/lib/server/classes.jsa
7ff877000-800000000 rw-p 00000000 00:00 0 
6341c749d000-6341c749e000 r--p 00000000 08:03 14026130                   /usr/lib/jvm/java-17-openjdk/bin/java
6341c749e000-6341c749f000 r-xp 00001000 08:03 14026130                   /usr/lib/jvm/java-17-openjdk/bin/java
6341c749f000-6341c74a0000 r--p 00002000 08:03 14026130                   /usr/lib/jvm/java-17-openjdk/bin/java
6341c74a0000-6341c74a1000 r--p 00002000 08:03 14026130                   /usr/lib/jvm/java-17-openjdk/bin/java
6341c74a1000-6341c74a2000 rw-p 00003000 08:03 14026130                   /usr/lib/jvm/java-17-openjdk/bin/java
6341c8a94000-6341c8ade000 rw-p 00000000 00:00 0                          [heap]
769a18000000-769a18021000 rw-p 00000000 00:00 0 
769a18021000-769a1c000000 ---p 00000000 00:00 0 
769a1c000000-769a1c0b3000 rw-p 00000000 00:00 0 
769a1c0b3000-769a20000000 ---p 00000000 00:00 0 
769a24000000-769a24217000 rw-p 00000000 00:00 0 
769a24217000-769a28000000 ---p 00000000 00:00 0 
769a28000000-769a28021000 rw-p 00000000 00:00 0 
769a28021000-769a2c000000 ---p 00000000 00:00 0 
769a30000000-769a30021000 rw-p 00000000 00:00 0 
769a30021000-769a34000000 ---p 00000000 00:00 0 
769a34000000-769a34021000 rw-p 00000000 00:00 0 
769a34021000-769a38000000 ---p 00000000 00:00 0 
769a3c000000-769a3c021000 rw-p 00000000 00:00 0 
769a3c021000-769a40000000 ---p 00000000 00:00 0 
769a40000000-769a401f9000 rw-p 00000000 00:00 0 
769a401f9000-769a44000000 ---p 00000000 00:00 0 
769a48000000-769a48315000 rw-p 00000000 00:00 0 
769a48315000-769a4c000000 ---p 00000000 00:00 0 
769a4c000000-769a4c021000 rw-p 00000000 00:00 0 
769a4c021000-769a50000000 ---p 00000000 00:00 0 
769a54000000-769a54021000 rw-p 00000000 00:00 0 
769a54021000-769a58000000 ---p 00000000 00:00 0 
769a58000000-769a58021000 rw-p 00000000 00:00 0 
769a58021000-769a5c000000 ---p 00000000 00:00 0 
769a60000000-769a60021000 rw-p 00000000 00:00 0 
769a60021000-769a64000000 ---p 00000000 00:00 0 
769a64000000-769a64021000 rw-p 00000000 00:00 0 
769a64021000-769a68000000 ---p 00000000 00:00 0 
769a6c000000-769a6c021000 rw-p 00000000 00:00 0 
769a6c021000-769a70000000 ---p 00000000 00:00 0 
769a73000000-769a73140000 rw-p 00000000 00:00 0 
769a73140000-769a73400000 ---p 00000000 00:00 0 
769a73400000-769a734d0000 rw-p 00000000 00:00 0 
769a734d0000-769a77000000 ---p 00000000 00:00 0 
769a77000000-769a77bc6000 rw-p 00001000 08:03 14028458                   /usr/lib/jvm/java-17-openjdk/lib/server/classes.jsa
769a77bc6000-769a78000000 ---p 00000000 00:00 0 
769a78000000-769a78030000 rw-p 00000000 00:00 0 
769a78030000-769a78040000 ---p 00000000 00:00 0 
769a78040000-769a78060000 rw-p 00000000 00:00 0 
769a78060000-769ab8000000 ---p 00000000 00:00 0 
769ab8000000-769ab8021000 rw-p 00000000 00:00 0 
769ab8021000-769abc000000 ---p 00000000 00:00 0 
769abc000000-769abc021000 rw-p 00000000 00:00 0 
769abc021000-769ac0000000 ---p 00000000 00:00 0 
769ac4000000-769ac4021000 rw-p 00000000 00:00 0 
769ac4021000-769ac8000000 ---p 00000000 00:00 0 
769ac8000000-769ac8021000 rw-p 00000000 00:00 0 
769ac8021000-769acc000000 ---p 00000000 00:00 0 
769ad0000000-769ad0021000 rw-p 00000000 00:00 0 
769ad0021000-769ad4000000 ---p 00000000 00:00 0 
769ad4200000-769ad4201000 ---p 00000000 00:00 0 
769ad4201000-769ad4a01000 rw-p 00000000 00:00 0 
769ad4af5000-769ad4af6000 ---p 00000000 00:00 0 
769ad4af6000-769ad4afa000 ---p 00000000 00:00 0 
769ad4afa000-769ad4bf6000 rw-p 00000000 00:00 0 
769ad4bf6000-769ad4bf7000 ---p 00000000 00:00 0 
769ad4bf7000-769ad4bfb000 ---p 00000000 00:00 0 
769ad4bfb000-769ad4cf7000 rw-p 00000000 00:00 0 
769ad4cf7000-769ad4cf8000 ---p 00000000 00:00 0 
769ad4cf8000-769ad4cfc000 ---p 00000000 00:00 0 
769ad4cfc000-769ad4df8000 rw-p 00000000 00:00 0 
769ad4df8000-769ad4df9000 ---p 00000000 00:00 0 
769ad4df9000-769ad4ef9000 rw-p 00000000 00:00 0 
769ad4ef9000-769ad4efa000 ---p 00000000 00:00 0 
769ad4efa000-769ad4efe000 ---p 00000000 00:00 0 
769ad4efe000-769ad4ffa000 rw-p 00000000 00:00 0 
769ad4ffa000-769ad4ffb000 ---p 00000000 00:00 0 
769ad4ffb000-769ad4fff000 ---p 00000000 00:00 0 
769ad4fff000-769ad50fb000 rw-p 00000000 00:00 0 
769ad50fb000-769ad50fc000 ---p 00000000 00:00 0 
769ad50fc000-769ad5100000 ---p 00000000 00:00 0 
769ad5100000-769ad51fc000 rw-p 00000000 00:00 0 
769ad51fc000-769ad51fd000 ---p 00000000 00:00 0 
769ad51fd000-769ad5201000 ---p 00000000 00:00 0 
769ad5201000-769ad52fd000 rw-p 00000000 00:00 0 
769ad52fd000-769ad52fe000 ---p 00000000 00:00 0 
769ad52fe000-769ad5302000 ---p 00000000 00:00 0 
769ad5302000-769ad53fe000 rw-p 00000000 00:00 0 
769ad53fe000-769ad53ff000 ---p 00000000 00:00 0 
769ad53ff000-769ad5403000 ---p 00000000 00:00 0 
769ad5403000-769ad54ff000 rw-p 00000000 00:00 0 
769ad54ff000-769ad5500000 ---p 00000000 00:00 0 
769ad5500000-769ad5504000 ---p 00000000 00:00 0 
769ad5504000-769ad5600000 rw-p 00000000 00:00 0 
769ad5600000-769ad58eb000 r--p 00000000 08:03 13299363                   /usr/lib/locale/locale-archive
769ad58ff000-769ad5900000 ---p 00000000 00:00 0 
769ad5900000-769ad5904000 ---p 00000000 00:00 0 
769ad5904000-769ad5a00000 rw-p 00000000 00:00 0 
769ad5a00000-769ad89c0000 rw-p 00000000 00:00 0 
769ad89c0000-769ae74c0000 ---p 00000000 00:00 0 
769ae74c0000-769ae7500000 rw-p 00000000 00:00 0 
769ae7600000-769ae85c0000 rw-p 00000000 00:00 0 
769ae85c0000-769af70c0000 ---p 00000000 00:00 0 
769af70c0000-769af7100000 rw-p 00000000 00:00 0 
769af7200000-769af73f8000 rw-p 00000000 00:00 0 
769af73f8000-769af9158000 ---p 00000000 00:00 0 
769af9158000-769af9160000 rw-p 00000000 00:00 0 
769af9200000-769af93f8000 rw-p 00000000 00:00 0 
769af93f8000-769afb158000 ---p 00000000 00:00 0 
769afb158000-769afb160000 rw-p 00000000 00:00 0 
769afb200000-769afb3f8000 rw-p 00000000 00:00 0 
769afb3f8000-769afd158000 ---p 00000000 00:00 0 
769afd158000-769afd160000 rw-p 00000000 00:00 0 
769afd200000-769afd470000 rwxp 00000000 00:00 0 
769afd470000-769b0465f000 ---p 00000000 00:00 0 
769b0465f000-769b048cf000 rwxp 00000000 00:00 0 
769b048cf000-769b04da0000 ---p 00000000 00:00 0 
769b04da0000-769b05010000 rwxp 00000000 00:00 0 
769b05010000-769b0c200000 ---p 00000000 00:00 0 
769b0c200000-769b13e4e000 r--s 00000000 08:03 14028451                   /usr/lib/jvm/java-17-openjdk/lib/modules
769b13ece000-769b13eff000 rw-p 00000000 00:00 0 
769b13eff000-769b13f00000 ---p 00000000 00:00 0 
769b13f00000-769b13f04000 ---p 00000000 00:00 0 
769b13f04000-769b14000000 rw-p 00000000 00:00 0 
769b14000000-769b14648000 rw-p 00000000 00:00 0 
769b14648000-769b18000000 ---p 00000000 00:00 0 
769b18020000-769b18021000 ---p 00000000 00:00 0 
769b18021000-769b18121000 rw-p 00000000 00:00 0 
769b18121000-769b18126000 r--p 00000000 08:03 14028435                   /usr/lib/jvm/java-17-openjdk/lib/libjsvml.so
769b18126000-769b18167000 r-xp 00005000 08:03 14028435                   /usr/lib/jvm/java-17-openjdk/lib/libjsvml.so
769b18167000-769b181f0000 r--p 00046000 08:03 14028435                   /usr/lib/jvm/java-17-openjdk/lib/libjsvml.so
769b181f0000-769b181f1000 r--p 000ce000 08:03 14028435                   /usr/lib/jvm/java-17-openjdk/lib/libjsvml.so
769b181f1000-769b181f2000 rw-p 000cf000 08:03 14028435                   /usr/lib/jvm/java-17-openjdk/lib/libjsvml.so
769b181f2000-769b1830f000 rw-p 00000000 00:00 0 
769b1830f000-769b18310000 ---p 00000000 00:00 0 
769b18310000-769b18410000 rw-p 00000000 00:00 0 
769b18410000-769b18411000 ---p 00000000 00:00 0 
769b18411000-769b18511000 rw-p 00000000 00:00 0 
769b18511000-769b1921e000 rw-p 00000000 00:00 0 
769b1921e000-769b1921f000 ---p 00000000 00:00 0 
769b1921f000-769b1931f000 rw-p 00000000 00:00 0 
769b1931f000-769b19320000 ---p 00000000 00:00 0 
769b19320000-769b19420000 rw-p 00000000 00:00 0 
769b19420000-769b19421000 ---p 00000000 00:00 0 
769b19421000-769b19521000 rw-p 00000000 00:00 0 
769b19521000-769b1a333000 rw-p 00000000 00:00 0 
769b1a333000-769b1a417000 ---p 00000000 00:00 0 
769b1a417000-769b1a41c000 rw-p 00000000 00:00 0 
769b1a41c000-769b1a500000 ---p 00000000 00:00 0 
769b1a500000-769b1a504000 ---p 00000000 00:00 0 
769b1a504000-769b1a600000 rw-p 00000000 00:00 0 
769b1a600000-769b1a69c000 r--p 00000000 08:03 13261895                   /usr/lib/libstdc++.so.6.0.32
769b1a69c000-769b1a7d3000 r-xp 0009c000 08:03 13261895                   /usr/lib/libstdc++.so.6.0.32
769b1a7d3000-769b1a869000 r--p 001d3000 08:03 13261895                   /usr/lib/libstdc++.so.6.0.32
769b1a869000-769b1a876000 r--p 00269000 08:03 13261895                   /usr/lib/libstdc++.so.6.0.32
769b1a876000-769b1a877000 rw-p 00276000 08:03 13261895                   /usr/lib/libstdc++.so.6.0.32
769b1a877000-769b1a87b000 rw-p 00000000 00:00 0 
769b1a896000-769b1a914000 rw-p 00000000 00:00 0 
769b1a914000-769b1a922000 r--p 00000000 08:03 13241698                   /usr/lib/libm.so.6
769b1a922000-769b1a9a2000 r-xp 0000e000 08:03 13241698                   /usr/lib/libm.so.6
769b1a9a2000-769b1a9fe000 r--p 0008e000 08:03 13241698                   /usr/lib/libm.so.6
769b1a9fe000-769b1a9ff000 r--p 000e9000 08:03 13241698                   /usr/lib/libm.so.6
769b1a9ff000-769b1aa00000 rw-p 000ea000 08:03 13241698                   /usr/lib/libm.so.6
769b1aa00000-769b1aa0d000 r--p 00000000 08:03 14028461                   /usr/lib/jvm/java-17-openjdk/lib/server/libjvm.so
769b1aa0d000-769b1b5b1000 r-xp 0000d000 08:03 14028461                   /usr/lib/jvm/java-17-openjdk/lib/server/libjvm.so
769b1b5b1000-769b1b761000 r--p 00bb1000 08:03 14028461                   /usr/lib/jvm/java-17-openjdk/lib/server/libjvm.so
769b1b761000-769b1b815000 r--p 00d61000 08:03 14028461                   /usr/lib/jvm/java-17-openjdk/lib/server/libjvm.so
769b1b815000-769b1b845000 rw-p 00e15000 08:03 14028461                   /usr/lib/jvm/java-17-openjdk/lib/server/libjvm.so
769b1b845000-769b1b89e000 rw-p 00000000 00:00 0 
769b1b8a0000-769b1b8a2000 r--p 00000000 00:21 5097                       /tmp/lexer6936236069480040960.lib
769b1b8a2000-769b1b8a5000 r-xp 00002000 00:21 5097                       /tmp/lexer6936236069480040960.lib
769b1b8a5000-769b1b8a6000 r--p 00005000 00:21 5097                       /tmp/lexer6936236069480040960.lib
769b1b8a6000-769b1b8a7000 r--p 00006000 00:21 5097                       /tmp/lexer6936236069480040960.lib
769b1b8a7000-769b1b8a8000 rw-p 00007000 00:21 5097                       /tmp/lexer6936236069480040960.lib
769b1b8a8000-769b1b8ac000 r--p 00000000 08:03 14028441                   /usr/lib/jvm/java-17-openjdk/lib/libnet.so
769b1b8ac000-769b1b8ba000 r-xp 00004000 08:03 14028441                   /usr/lib/jvm/java-17-openjdk/lib/libnet.so
769b1b8ba000-769b1b8bd000 r--p 00012000 08:03 14028441                   /usr/lib/jvm/java-17-openjdk/lib/libnet.so
769b1b8bd000-769b1b8be000 r--p 00015000 08:03 14028441                   /usr/lib/jvm/java-17-openjdk/lib/libnet.so
769b1b8be000-769b1b8bf000 rw-p 00016000 08:03 14028441                   /usr/lib/jvm/java-17-openjdk/lib/libnet.so
769b1b8bf000-769b1b8c6000 r--p 00000000 08:03 14028442                   /usr/lib/jvm/java-17-openjdk/lib/libnio.so
769b1b8c6000-769b1b8ce000 r-xp 00007000 08:03 14028442                   /usr/lib/jvm/java-17-openjdk/lib/libnio.so
769b1b8ce000-769b1b8d3000 r--p 0000f000 08:03 14028442                   /usr/lib/jvm/java-17-openjdk/lib/libnio.so
769b1b8d3000-769b1b8d4000 r--p 00013000 08:03 14028442                   /usr/lib/jvm/java-17-openjdk/lib/libnio.so
769b1b8d4000-769b1b8d5000 rw-p 00014000 08:03 14028442                   /usr/lib/jvm/java-17-openjdk/lib/libnio.so
769b1b8d5000-769b1b8df000 r--p 00000000 08:03 14028427                   /usr/lib/jvm/java-17-openjdk/lib/libjava.so
769b1b8df000-769b1b8f0000 r-xp 0000a000 08:03 14028427                   /usr/lib/jvm/java-17-openjdk/lib/libjava.so
769b1b8f0000-769b1b8f5000 r--p 0001b000 08:03 14028427                   /usr/lib/jvm/java-17-openjdk/lib/libjava.so
769b1b8f5000-769b1b8f6000 r--p 00020000 08:03 14028427                   /usr/lib/jvm/java-17-openjdk/lib/libjava.so
769b1b8f6000-769b1b8f7000 rw-p 00021000 08:03 14028427                   /usr/lib/jvm/java-17-openjdk/lib/libjava.so
769b1b8f7000-769b1b8f8000 rw-p 00000000 00:00 0 
769b1b8f8000-769b1b8fc000 r--p 00000000 08:03 13242445                   /usr/lib/libgcc_s.so.1
769b1b8fc000-769b1b917000 r-xp 00004000 08:03 13242445                   /usr/lib/libgcc_s.so.1
769b1b917000-769b1b91b000 r--p 0001f000 08:03 13242445                   /usr/lib/libgcc_s.so.1
769b1b91b000-769b1b91c000 r--p 00022000 08:03 13242445                   /usr/lib/libgcc_s.so.1
769b1b91c000-769b1b91d000 rw-p 00023000 08:03 13242445                   /usr/lib/libgcc_s.so.1
769b1b91d000-769b1b920000 rw-p 00000000 00:00 0 
769b1b920000-769b1b923000 r--p 00000000 08:03 13250729                   /usr/lib/libz.so.1.3.1
769b1b923000-769b1b931000 r-xp 00003000 08:03 13250729                   /usr/lib/libz.so.1.3.1
769b1b931000-769b1b938000 r--p 00011000 08:03 13250729                   /usr/lib/libz.so.1.3.1
769b1b938000-769b1b939000 r--p 00017000 08:03 13250729                   /usr/lib/libz.so.1.3.1
769b1b939000-769b1b93a000 rw-p 00018000 08:03 13250729                   /usr/lib/libz.so.1.3.1
769b1b93a000-769b1b95e000 r--p 00000000 08:03 13241673                   /usr/lib/libc.so.6
769b1b95e000-769b1bab9000 r-xp 00024000 08:03 13241673                   /usr/lib/libc.so.6
769b1bab9000-769b1bb0e000 r--p 0017f000 08:03 13241673                   /usr/lib/libc.so.6
769b1bb0e000-769b1bb12000 r--p 001d3000 08:03 13241673                   /usr/lib/libc.so.6
769b1bb12000-769b1bb14000 rw-p 001d7000 08:03 13241673                   /usr/lib/libc.so.6
769b1bb14000-769b1bb1c000 rw-p 00000000 00:00 0 
769b1bb1f000-769b1bb21000 r--p 00000000 08:03 14028450                   /usr/lib/jvm/java-17-openjdk/lib/libzip.so
769b1bb21000-769b1bb25000 r-xp 00002000 08:03 14028450                   /usr/lib/jvm/java-17-openjdk/lib/libzip.so
769b1bb25000-769b1bb27000 r--p 00006000 08:03 14028450                   /usr/lib/jvm/java-17-openjdk/lib/libzip.so
769b1bb27000-769b1bb28000 r--p 00007000 08:03 14028450                   /usr/lib/jvm/java-17-openjdk/lib/libzip.so
769b1bb28000-769b1bb29000 rw-p 00008000 08:03 14028450                   /usr/lib/jvm/java-17-openjdk/lib/libzip.so
769b1bb29000-769b1bb2e000 rw-p 00000000 00:00 0 
769b1bb2e000-769b1bb38000 ---p 00000000 00:00 0 
769b1bb38000-769b1bb40000 rw-s 00000000 00:21 5096                       /tmp/hsperfdata_rowan/50082
769b1bb40000-769b1bb41000 ---p 00000000 00:00 0 
769b1bb41000-769b1bb42000 r--p 00000000 00:00 0 
769b1bb42000-769b1bb43000 ---p 00000000 00:00 0 
769b1bb43000-769b1bb44000 r--p 00000000 08:03 14028431                   /usr/lib/jvm/java-17-openjdk/lib/libjimage.so
769b1bb44000-769b1bb46000 r-xp 00001000 08:03 14028431                   /usr/lib/jvm/java-17-openjdk/lib/libjimage.so
769b1bb46000-769b1bb47000 r--p 00003000 08:03 14028431                   /usr/lib/jvm/java-17-openjdk/lib/libjimage.so
769b1bb47000-769b1bb48000 r--p 00003000 08:03 14028431                   /usr/lib/jvm/java-17-openjdk/lib/libjimage.so
769b1bb48000-769b1bb49000 rw-p 00004000 08:03 14028431                   /usr/lib/jvm/java-17-openjdk/lib/libjimage.so
769b1bb49000-769b1bb4b000 r--p 00000000 08:03 14028432                   /usr/lib/jvm/java-17-openjdk/lib/libjli.so
769b1bb4b000-769b1bb54000 r-xp 00002000 08:03 14028432                   /usr/lib/jvm/java-17-openjdk/lib/libjli.so
769b1bb54000-769b1bb57000 r--p 0000b000 08:03 14028432                   /usr/lib/jvm/java-17-openjdk/lib/libjli.so
769b1bb57000-769b1bb58000 r--p 0000d000 08:03 14028432                   /usr/lib/jvm/java-17-openjdk/lib/libjli.so
769b1bb58000-769b1bb59000 rw-p 0000e000 08:03 14028432                   /usr/lib/jvm/java-17-openjdk/lib/libjli.so
769b1bb59000-769b1bb5b000 rw-p 00000000 00:00 0 
769b1bb5b000-769b1bb5c000 r--p 00000000 08:03 13241644                   /usr/lib/ld-linux-x86-64.so.2
769b1bb5c000-769b1bb83000 r-xp 00001000 08:03 13241644                   /usr/lib/ld-linux-x86-64.so.2
769b1bb83000-769b1bb8e000 r--p 00028000 08:03 13241644                   /usr/lib/ld-linux-x86-64.so.2
769b1bb8e000-769b1bb90000 r--p 00032000 08:03 13241644                   /usr/lib/ld-linux-x86-64.so.2
769b1bb90000-769b1bb92000 rw-p 00034000 08:03 13241644                   /usr/lib/ld-linux-x86-64.so.2
7ffd8093c000-7ffd80960000 rw-p 00000000 00:00 0                          [stack]
7ffd809a7000-7ffd809ab000 r--p 00000000 00:00 0                          [vvar]
7ffd809ab000-7ffd809ad000 r-xp 00000000 00:00 0                          [vdso]
ffffffffff600000-ffffffffff601000 --xp 00000000 00:00 0                  [vsyscall]


VM Arguments:
jvm_args: -Dfile.encoding=UTF-8 -Duser.country=US -Duser.language=en -Duser.variant 
java_command: jni.Runner
java_class_path (initial): /home/rowan/IdeaProjects/LexerLearning/jni-runner/build/classes/java/main:/home/rowan/IdeaProjects/LexerLearning/jni-runner/build/resources/main:/home/rowan/IdeaProjects/LexerLearning/jni-lib/build/libs/jni-lib.jar:/home/rowan/.gradle/caches/modules-2/files-2.1/de.learnlib/learnlib-aaar/0.17.0/e0189d85b19795a262def7e140b319414d6ac804/learnlib-aaar-0.17.0.jar:/home/rowan/.gradle/caches/modules-2/files-2.1/de.learnlib/learnlib-adt/0.17.0/abb1cc7bbe827dc4eb466961132dbf4edf1ba574/learnlib-adt-0.17.0.jar:/home/rowan/.gradle/caches/modules-2/files-2.1/de.learnlib/learnlib-dhc/0.17.0/cccd00238a88cc8f41c2d40a362cdb09b6233cd6/learnlib-dhc-0.17.0.jar:/home/rowan/.gradle/caches/modules-2/files-2.1/de.learnlib/learnlib-procedural/0.17.0/f9513c284259cc197445d2aa2cf5f95bc14f9c64/learnlib-procedural-0.17.0.jar:/home/rowan/.gradle/caches/modules-2/files-2.1/de.learnlib/learnlib-kearns-vazirani/0.17.0/c09e83b1643d7558135368a13b4a6a6a223d8b2a/learnlib-kearns-vazirani-0.17.0.jar:/home/rowan/.gradle/caches/modules-2/files-2.1/de.learnlib/learnlib-lstar/0.17.0/d7ece5a39d307845d327c3b8b406954cdb47337f/learnlib-lstar-0.17.0.jar:/home/rowan/.gradle/caches/modules-2/files-2.1/de.learnlib/learnlib-nlstar/0.17.0/1392b226b110e635a8b38bf4c6a5035030d530e3/learnlib-nlstar-0.17.0.jar:/home/rowan/.gradle/caches/modules-2/files-2.1/de.learnlib/learnlib-observation-pack/0.17.0/1f017b96488e1879b9a89353f4792e1979a4b7ad/learnlib-observation-pack-0.17.0.jar:/home/rowan/.gradle/caches/modules-2/files-2.1/de.learnlib/learnlib-ttt-vpa/0.17.0/ed06fd22e5143dd3d678b123551e199cb06355fb/learnlib-ttt-vpa-0.17.0.jar:/home/rowan/.gradle/caches/modules-2/files-2.1/de.learnlib/learnlib-observation-pack-vpa/0.17.0/76e7355aeb6d5ff2a4f746dd9d11bdf909c584e7/learnlib-observation-pack-vpa-0.17.0.jar:/home/rowan/.gradle/caches/modules-2/files-2.1/de.learnlib/learnlib-oml/0.17.0/178a668140a006fd8b1c0e96092546de3fae4036/learnlib-oml-0.17.0.jar:/home/rowan/.gradle/caches/modules-2/files-2.1/de.lear
Launcher Type: SUN_STANDARD

[Global flags]
     intx CICompilerCount                          = 12                                        {product} {ergonomic}
     uint ConcGCThreads                            = 3                                         {product} {ergonomic}
     uint G1ConcRefinementThreads                  = 13                                        {product} {ergonomic}
   size_t G1HeapRegionSize                         = 8388608                                   {product} {ergonomic}
    uintx GCDrainStackTargetSize                   = 64                                        {product} {ergonomic}
   size_t InitialHeapSize                          = 1056964608                                {product} {ergonomic}
   size_t MarkStackSize                            = 4194304                                   {product} {ergonomic}
   size_t MaxHeapSize                              = 16844324864                               {product} {ergonomic}
   size_t MaxNewSize                               = 10099884032                               {product} {ergonomic}
   size_t MinHeapDeltaBytes                        = 8388608                                   {product} {ergonomic}
   size_t MinHeapSize                              = 8388608                                   {product} {ergonomic}
    uintx NonNMethodCodeHeapSize                   = 7602480                                {pd product} {ergonomic}
    uintx NonProfiledCodeHeapSize                  = 122027880                              {pd product} {ergonomic}
    uintx ProfiledCodeHeapSize                     = 122027880                              {pd product} {ergonomic}
    uintx ReservedCodeCacheSize                    = 251658240                              {pd product} {ergonomic}
     bool SegmentedCodeCache                       = true                                      {product} {ergonomic}
   size_t SoftMaxHeapSize                          = 16844324864                            {manageable} {ergonomic}
     bool UseCompressedClassPointers               = true                           {product lp64_product} {ergonomic}
     bool UseCompressedOops                        = true                           {product lp64_product} {ergonomic}
     bool UseG1GC                                  = true                                      {product} {ergonomic}

Logging:
Log output configuration:
 #0: stdout all=warning uptime,level,tags
 #1: stderr all=off uptime,level,tags

Environment Variables:
JAVA_HOME=/usr/lib/jvm/java-17-openjdk
PATH=/home/rowan/.nvm/versions/node/v19.7.0/bin:/home/rowan/.config/bspwm/scripts:/usr/local/sbin:/usr/local/bin:/usr/bin:/opt/android-sdk/tools:/opt/android-sdk/tools/bin:/opt/cuda/bin:/opt/cuda/nsight_compute:/opt/cuda/nsight_systems/bin:/usr/lib/jvm/default/bin:/usr/bin/site_perl:/usr/bin/vendor_perl:/usr/bin/core_perl:/usr/lib/rustup/bin:/home/rowan/.local/share/JetBrains/Toolbox/scripts
SHELL=/bin/bash
DISPLAY=:0
LANG=en_US.UTF-8
TERM=xterm-256color

Active Locale:
LC_ALL=en_US.UTF-8
LC_COLLATE=en_US.UTF-8
LC_CTYPE=en_US.UTF-8
LC_MESSAGES=en_US.UTF-8
LC_MONETARY=en_US.UTF-8
LC_NUMERIC=en_US.UTF-8
LC_TIME=en_US.UTF-8

Signal Handlers:
   SIGSEGV: 0x0000769b1b400f50 in libjvm.so+10489680, mask=11100100010111111101111111111110, flags=SA_RESTART|SA_SIGINFO, unblocked
    SIGBUS: 0x0000769b1b400f50 in libjvm.so+10489680, mask=11100100010111111101111111111110, flags=SA_RESTART|SA_SIGINFO, unblocked
    SIGFPE: 0x0000769b1b400f50 in libjvm.so+10489680, mask=11100100010111111101111111111110, flags=SA_RESTART|SA_SIGINFO, unblocked
   SIGPIPE: 0x0000769b1b31f3e0 in libjvm.so+9565152, mask=11100100010111111101111111111110, flags=SA_RESTART|SA_SIGINFO, blocked
   SIGXFSZ: 0x0000769b1b31f3e0 in libjvm.so+9565152, mask=11100100010111111101111111111110, flags=SA_RESTART|SA_SIGINFO, blocked
    SIGILL: 0x0000769b1b400f50 in libjvm.so+10489680, mask=11100100010111111101111111111110, flags=SA_RESTART|SA_SIGINFO, unblocked
   SIGUSR2: 0x0000769b1b31e550 in libjvm.so+9561424, mask=00100000000000000000000000000000, flags=SA_RESTART|SA_SIGINFO, blocked
    SIGHUP: 0x0000769b1b31e4d0 in libjvm.so+9561296, mask=11100100010111111101111111111110, flags=SA_RESTART|SA_SIGINFO, blocked
    SIGINT: 0x0000769b1b31e4d0 in libjvm.so+9561296, mask=11100100010111111101111111111110, flags=SA_RESTART|SA_SIGINFO, blocked
   SIGTERM: 0x0000769b1b31e4d0 in libjvm.so+9561296, mask=11100100010111111101111111111110, flags=SA_RESTART|SA_SIGINFO, blocked
   SIGQUIT: 0x0000769b1b31e4d0 in libjvm.so+9561296, mask=11100100010111111101111111111110, flags=SA_RESTART|SA_SIGINFO, blocked
   SIGTRAP: 0x0000769b1b400f50 in libjvm.so+10489680, mask=11100100010111111101111111111110, flags=SA_RESTART|SA_SIGINFO, unblocked


Periodic native trim disabled


---------------  S Y S T E M  ---------------

OS:
DISTRIB_ID="Arch"
DISTRIB_RELEASE="rolling"
DISTRIB_DESCRIPTION="Arch Linux"
uname: Linux 6.8.5-arch1-1 #1 SMP PREEMPT_DYNAMIC Thu, 11 Apr 2024 01:47:33 +0000 x86_64
OS uptime: 0 days 1:31 hours
libc: glibc 2.39 NPTL 2.39 
rlimit (soft/hard): STACK 8192k/infinity , CORE infinity/infinity , NPROC 256672/256672 , NOFILE 524288/524288 , AS infinity/infinity , CPU infinity/infinity , DATA infinity/infinity , FSIZE infinity/infinity , MEMLOCK 8192k/8192k
load average: 0.54 0.86 0.92

/proc/meminfo:
MemTotal:       65766152 kB
MemFree:        40500756 kB
MemAvailable:   48821888 kB
Buffers:          839340 kB
Cached:          7845524 kB
SwapCached:            0 kB
Active:         19622632 kB
Inactive:        4094232 kB
Active(anon):   15338556 kB
Inactive(anon):        0 kB
Active(file):    4284076 kB
Inactive(file):  4094232 kB
Unevictable:         588 kB
Mlocked:             588 kB
SwapTotal:      16777212 kB
SwapFree:       16777212 kB
Zswap:                 0 kB
Zswapped:              0 kB
Dirty:             22400 kB
Writeback:             4 kB
AnonPages:      14795564 kB
Mapped:          3041168 kB
Shmem:            307288 kB
KReclaimable:     669036 kB
Slab:             891708 kB
SReclaimable:     669036 kB
SUnreclaim:       222672 kB
KernelStack:       48368 kB
PageTables:       132768 kB
SecPageTables:         0 kB
NFS_Unstable:          0 kB
Bounce:                0 kB
WritebackTmp:          0 kB
CommitLimit:    49660288 kB
Committed_AS:   41111192 kB
VmallocTotal:   34359738367 kB
VmallocUsed:      185868 kB
VmallocChunk:          0 kB
Percpu:            34560 kB
HardwareCorrupted:     0 kB
AnonHugePages:   5873664 kB
ShmemHugePages:        0 kB
ShmemPmdMapped:        0 kB
FileHugePages:    528384 kB
FilePmdMapped:     57344 kB
CmaTotal:              0 kB
CmaFree:               0 kB
Unaccepted:            0 kB
HugePages_Total:       0
HugePages_Free:        0
HugePages_Rsvd:        0
HugePages_Surp:        0
Hugepagesize:       2048 kB
Hugetlb:               0 kB
DirectMap4k:     1126320 kB
DirectMap2M:    26058752 kB
DirectMap1G:    39845888 kB

/sys/kernel/mm/transparent_hugepage/enabled: [always] madvise never
/sys/kernel/mm/transparent_hugepage/defrag (defrag/compaction efforts parameter): always defer defer+madvise [madvise] never

Process Memory:
Virtual Size: 20058508K (peak: 20058508K)
Resident Set Size: 66208K (peak: 66208K) (anon: 46652K, file: 19556K, shmem: 0K)
Swapped out: 0K
C-Heap outstanding allocations: 42305K, retained: 3386K
glibc malloc tunables: (default)

/proc/sys/kernel/threads-max (system-wide limit on the number of threads): 513344
/proc/sys/vm/max_map_count (maximum number of memory map areas a process may have): 1048576
/proc/sys/kernel/pid_max (system-wide limit on number of process identifiers): 4194304

container (cgroup) information:
container_type: cgroupv2
cpu_cpuset_cpus: not supported
cpu_memory_nodes: not supported
active_processor_count: 16
cpu_quota: no quota
cpu_period: 100000
cpu_shares: no shares
memory_limit_in_bytes: unlimited
memory_and_swap_limit_in_bytes: unlimited
memory_soft_limit_in_bytes: unlimited
memory_usage_in_bytes: 21376780 k
memory_max_usage_in_bytes: not supported
memory_swap_current_in_bytes: unlimited
memory_swap_max_limit_in_bytes: unlimited
maximum number of tasks: unlimited
current number of tasks: 2080

Steal ticks since vm start: 0
Steal ticks percentage since vm start:  0.000

CPU: total 32 (initial active 16) (16 cores per cpu, 2 threads per core) family 25 model 33 stepping 0 microcode 0xa201016, cx8, cmov, fxsr, ht, mmx, 3dnowpref, sse, sse2, sse3, ssse3, sse4a, sse4.1, sse4.2, popcnt, lzcnt, tsc, tscinvbit, avx, avx2, aes, erms, clmul, bmi1, bmi2, adx, sha, fma, vzeroupper, clflush, clflushopt
CPU Model and flags from /proc/cpuinfo:
model name	: AMD Ryzen 7 5800X 8-Core Processor
flags		: fpu vme de pse tsc msr pae mce cx8 apic sep mtrr pge mca cmov pat pse36 clflush mmx fxsr sse sse2 ht syscall nx mmxext fxsr_opt pdpe1gb rdtscp lm constant_tsc rep_good nopl nonstop_tsc cpuid extd_apicid aperfmperf rapl pni pclmulqdq monitor ssse3 fma cx16 sse4_1 sse4_2 x2apic movbe popcnt aes xsave avx f16c rdrand lahf_lm cmp_legacy svm extapic cr8_legacy abm sse4a misalignsse 3dnowprefetch osvw ibs skinit wdt tce topoext perfctr_core perfctr_nb bpext perfctr_llc mwaitx cpb cat_l3 cdp_l3 hw_pstate ssbd mba ibrs ibpb stibp vmmcall fsgsbase bmi1 avx2 smep bmi2 erms invpcid cqm rdt_a rdseed adx smap clflushopt clwb sha_ni xsaveopt xsavec xgetbv1 xsaves cqm_llc cqm_occup_llc cqm_mbm_total cqm_mbm_local user_shstk clzero irperf xsaveerptr rdpru wbnoinvd arat npt lbrv svm_lock nrip_save tsc_scale vmcb_clean flushbyasid decodeassists pausefilter pfthreshold avic v_vmsave_vmload vgif v_spec_ctrl umip pku ospke vaes vpclmulqdq rdpid overflow_recov succor smca fsrm debug_swap

Online cpus: 0-15
Offline cpus: 16-31
BIOS frequency limitation: 3800000
Frequency switch latency (ns): 0
Available cpu frequencies: 3800000 2800000 2200000 
Current governor: schedutil
Core performance/turbo boost: 1

Memory: 4k page, physical 65766152k(40500756k free), swap 16777212k(16777212k free)
Page Sizes: 4k

vm_info: OpenJDK 64-Bit Server VM (17.0.10+7) for linux-amd64 JRE (17.0.10+7), built on Mar 28 2024 10:02:28 by "builduser" with gcc 13.2.1 20230801

END.
